
Scores of benchmark [pass 1]:
Scores:
Tests	15	15	
Threads	1	1	
Med	15.761	15.761	
Pct95	15.857	15.857	
FPS	257.450	257.450	

Results of benchmark [pass 1]:
Test                                         	Threads	Ops	Med	Pct95	Avg	StdDev	Min	Max	FPS(med)	TotalOps	Scale	[ms/op]
CircleTests.ser                              	1	1025	10.257	10.376	10.276	0.179	10.143	12.037	97.492	1025	2.000
EllipseTests-fill-false.ser                  	1	2417	4.316	4.370	4.320	0.027	4.272	4.553	231.680	2417	0.500
EllipseTests-fill-true.ser                   	1	3645	2.883	2.975	2.900	0.101	2.832	4.644	346.913	3645	0.286
LineWidthColorGridTest.ser                   	1	2794	3.648	3.730	3.656	0.028	3.636	3.893	274.105	2794	1.000
dc_boulder_2013-13-30-06-13-17.ser           	1	469	22.368	22.514	22.389	0.054	22.327	22.731	44.708	469	1.000
dc_boulder_2013-13-30-06-13-20.ser           	1	1170	8.729	8.787	8.736	0.027	8.706	8.935	114.559	1170	2.000
dc_shp_alllayers_2013-00-30-07-00-43.ser     	1	1946	5.307	5.414	5.341	0.125	5.283	7.015	188.440	1946	2.000
dc_shp_alllayers_2013-00-30-07-00-47.ser     	1	50	221.839	221.908	221.830	0.061	221.685	222.002	4.508	50	0.125
dc_spearfish_2013-11-30-06-11-15.ser         	1	4070	2.573	2.579	2.574	0.007	2.564	2.733	388.626	4070	10.000
dc_spearfish_2013-11-30-06-11-19.ser         	1	10046	1.019	1.025	1.020	0.005	1.014	1.195	981.011	10046	20.000
dc_topp:states_2013-11-30-06-11-06.ser       	1	5438	1.918	1.924	1.918	0.007	1.908	2.108	521.406	5438	10.000
dc_topp:states_2013-11-30-06-11-07.ser       	1	6389	1.626	1.631	1.626	0.007	1.617	1.811	615.008	6389	10.000
spiralTest-dash-false.ser                    	1	56	187.063	189.127	187.081	1.199	185.078	192.170	5.346	56	0.100
spiralTest-fill.ser                          	1	94	109.271	109.525	109.229	0.297	108.647	111.117	9.152	94	0.125
test_z_625k.ser                              	1	407	25.771	25.868	25.773	0.060	25.646	26.065	38.804	407	0.667

Scores of benchmark [pass 2]:
Scores:
Tests	15	15	
Threads	1	1	
Med	15.777	15.777	
Pct95	15.905	15.905	
FPS	257.007	257.007	

Results of benchmark [pass 2]:
Test                                         	Threads	Ops	Med	Pct95	Avg	StdDev	Min	Max	FPS(med)	TotalOps	Scale	[ms/op]
CircleTests.ser                              	1	957	10.219	10.330	10.238	0.179	10.111	12.039	97.861	957	2.000
EllipseTests-fill-false.ser                  	1	2382	4.305	4.406	4.327	0.122	4.245	6.132	232.278	2382	0.500
EllipseTests-fill-true.ser                   	1	3655	2.864	2.918	2.870	0.027	2.826	3.179	349.119	3655	0.286
LineWidthColorGridTest.ser                   	1	2878	3.609	3.725	3.640	0.105	3.588	5.405	277.058	2878	1.000
dc_boulder_2013-13-30-06-13-17.ser           	1	467	22.525	22.676	22.548	0.054	22.477	22.749	44.395	467	1.000
dc_boulder_2013-13-30-06-13-20.ser           	1	1194	8.867	8.957	8.873	0.171	8.778	10.598	112.782	1194	2.000
dc_shp_alllayers_2013-00-30-07-00-43.ser     	1	1971	5.336	5.365	5.339	0.020	5.315	5.542	187.419	1971	2.000
dc_shp_alllayers_2013-00-30-07-00-47.ser     	1	50	223.983	224.137	223.983	0.085	223.829	224.205	4.465	50	0.125
dc_spearfish_2013-11-30-06-11-15.ser         	1	4039	2.575	2.581	2.576	0.008	2.565	2.741	388.298	4039	10.000
dc_spearfish_2013-11-30-06-11-19.ser         	1	10098	1.016	1.021	1.016	0.005	1.011	1.191	984.489	10098	20.000
dc_topp:states_2013-11-30-06-11-06.ser       	1	5436	1.917	1.988	1.930	0.071	1.906	3.621	521.537	5436	10.000
dc_topp:states_2013-11-30-06-11-07.ser       	1	6255	1.662	1.668	1.663	0.004	1.652	1.791	601.564	6255	10.000
spiralTest-dash-false.ser                    	1	57	182.288	182.541	182.385	0.686	182.171	187.479	5.486	57	0.100
spiralTest-fill.ser                          	1	96	108.725	109.138	108.828	0.486	108.658	112.992	9.198	96	0.125
test_z_625k.ser                              	1	411	25.539	25.687	25.550	0.072	25.412	25.983	39.156	411	0.667

Scores of benchmark [pass 3]:
Scores:
Tests	15	15	
Threads	1	1	
Med	15.782	15.782	
Pct95	15.939	15.939	
FPS	256.959	256.959	

Results of benchmark [pass 3]:
Test                                         	Threads	Ops	Med	Pct95	Avg	StdDev	Min	Max	FPS(med)	TotalOps	Scale	[ms/op]
CircleTests.ser                              	1	1026	10.249	10.359	10.268	0.183	10.151	12.076	97.568	1026	2.000
EllipseTests-fill-false.ser                  	1	2430	4.353	4.406	4.356	0.029	4.297	4.616	229.729	2430	0.500
EllipseTests-fill-true.ser                   	1	3639	2.892	2.983	2.910	0.102	2.845	4.730	345.799	3639	0.286
LineWidthColorGridTest.ser                   	1	2849	3.631	3.745	3.663	0.104	3.613	5.412	275.397	2849	1.000
dc_boulder_2013-13-30-06-13-17.ser           	1	466	22.523	22.652	22.540	0.050	22.482	22.768	44.400	466	1.000
dc_boulder_2013-13-30-06-13-20.ser           	1	1185	8.841	8.919	8.847	0.179	8.758	10.722	113.108	1185	2.000
dc_shp_alllayers_2013-00-30-07-00-43.ser     	1	1951	5.333	5.430	5.368	0.125	5.312	7.200	187.501	1951	2.000
dc_shp_alllayers_2013-00-30-07-00-47.ser     	1	50	225.334	227.166	225.708	0.749	225.091	227.218	4.438	50	0.125
dc_spearfish_2013-11-30-06-11-15.ser         	1	4044	2.591	2.663	2.608	0.083	2.581	4.288	385.941	4044	10.000
dc_spearfish_2013-11-30-06-11-19.ser         	1	10100	1.017	1.022	1.018	0.005	1.013	1.192	983.020	10100	20.000
dc_topp:states_2013-11-30-06-11-06.ser       	1	5411	1.924	1.930	1.924	0.004	1.915	2.013	519.731	5411	10.000
dc_topp:states_2013-11-30-06-11-07.ser       	1	6366	1.630	1.635	1.630	0.006	1.620	1.811	613.679	6366	10.000
spiralTest-dash-false.ser                    	1	57	182.539	184.389	182.757	0.831	182.434	187.608	5.478	57	0.100
spiralTest-fill.ser                          	1	97	108.698	109.153	108.694	0.548	108.120	112.115	9.200	97	0.125
test_z_625k.ser                              	1	412	25.380	25.510	25.393	0.062	25.289	25.763	39.402	412	0.667

Scores of benchmark [pass 4]:
Scores:
Tests	15	15	
Threads	1	1	
Med	15.743	15.743	
Pct95	15.900	15.900	
FPS	257.185	257.185	

Results of benchmark [pass 4]:
Test                                         	Threads	Ops	Med	Pct95	Avg	StdDev	Min	Max	FPS(med)	TotalOps	Scale	[ms/op]
CircleTests.ser                              	1	1028	10.130	10.218	10.140	0.040	10.084	10.406	98.716	1028	2.000
EllipseTests-fill-false.ser                  	1	2416	4.332	4.399	4.339	0.034	4.287	4.756	230.829	2416	0.500
EllipseTests-fill-true.ser                   	1	3668	2.857	2.911	2.863	0.027	2.823	3.116	350.061	3668	0.286
LineWidthColorGridTest.ser                   	1	2831	3.643	3.728	3.651	0.030	3.627	3.876	274.469	2831	1.000
dc_boulder_2013-13-30-06-13-17.ser           	1	466	22.454	22.593	22.474	0.051	22.410	22.683	44.536	466	1.000
dc_boulder_2013-13-30-06-13-20.ser           	1	1194	8.812	8.873	8.819	0.026	8.791	9.021	113.478	1194	2.000
dc_shp_alllayers_2013-00-30-07-00-43.ser     	1	1967	5.299	5.329	5.302	0.017	5.281	5.487	188.730	1967	2.000
dc_shp_alllayers_2013-00-30-07-00-47.ser     	1	50	222.799	222.951	222.808	0.089	222.666	223.118	4.488	50	0.125
dc_spearfish_2013-11-30-06-11-15.ser         	1	4038	2.592	2.600	2.593	0.009	2.579	2.773	385.776	4038	10.000
dc_spearfish_2013-11-30-06-11-19.ser         	1	9842	1.017	1.084	1.024	0.050	1.011	2.738	983.508	9842	20.000
dc_topp:states_2013-11-30-06-11-06.ser       	1	5405	1.922	1.928	1.922	0.007	1.912	2.111	520.323	5405	10.000
dc_topp:states_2013-11-30-06-11-07.ser       	1	6334	1.642	1.648	1.643	0.007	1.632	1.830	608.971	6334	10.000
spiralTest-dash-false.ser                    	1	57	182.986	183.223	183.090	0.691	182.838	188.190	5.465	57	0.100
spiralTest-fill.ser                          	1	97	108.108	108.625	108.188	0.446	107.713	110.554	9.250	97	0.125
test_z_625k.ser                              	1	410	25.527	25.647	25.535	0.066	25.425	25.949	39.174	410	0.667

Scores of benchmark [pass 5]:
Scores:
Tests	15	15	
Threads	1	1	
Med	15.815	15.815	
Pct95	15.943	15.943	
FPS	256.496	256.496	

Results of benchmark [pass 5]:
Test                                         	Threads	Ops	Med	Pct95	Avg	StdDev	Min	Max	FPS(med)	TotalOps	Scale	[ms/op]
CircleTests.ser                              	1	1031	10.204	10.280	10.213	0.034	10.160	10.432	97.998	1031	2.000
EllipseTests-fill-false.ser                  	1	2422	4.327	4.383	4.332	0.030	4.278	4.559	231.108	2422	0.500
EllipseTests-fill-true.ser                   	1	3633	2.901	2.994	2.918	0.103	2.852	4.787	344.710	3633	0.286
LineWidthColorGridTest.ser                   	1	2829	3.665	3.737	3.673	0.029	3.649	3.881	272.835	2829	1.000
dc_boulder_2013-13-30-06-13-17.ser           	1	465	22.571	22.722	22.592	0.056	22.534	22.854	44.305	465	1.000
dc_boulder_2013-13-30-06-13-20.ser           	1	1183	8.795	8.870	8.803	0.030	8.772	9.068	113.704	1183	2.000
dc_shp_alllayers_2013-00-30-07-00-43.ser     	1	1940	5.375	5.404	5.379	0.021	5.357	5.717	186.034	1940	2.000
dc_shp_alllayers_2013-00-30-07-00-47.ser     	1	50	224.131	224.243	224.119	0.076	223.945	224.268	4.462	50	0.125
dc_spearfish_2013-11-30-06-11-15.ser         	1	4006	2.590	2.596	2.590	0.008	2.579	2.761	386.099	4006	10.000
dc_spearfish_2013-11-30-06-11-19.ser         	1	9702	1.024	1.029	1.024	0.003	1.019	1.105	976.797	9702	20.000
dc_topp:states_2013-11-30-06-11-06.ser       	1	5436	1.923	1.929	1.923	0.006	1.913	2.097	520.072	5436	10.000
dc_topp:states_2013-11-30-06-11-07.ser       	1	6391	1.624	1.692	1.634	0.059	1.615	3.312	615.864	6391	10.000
spiralTest-dash-false.ser                    	1	57	184.395	186.380	184.868	1.002	184.175	189.734	5.423	57	0.100
spiralTest-fill.ser                          	1	95	110.854	111.593	110.984	0.532	110.794	114.830	9.021	95	0.125
test_z_625k.ser                              	1	409	25.633	25.761	25.640	0.071	25.520	25.865	39.013	409	0.667
all tests done.
