
Scores of benchmark [pass 1]:
Scores:
Tests	15	15	
Threads	1	1	
Med	15.756	15.756	
Pct95	15.934	15.934	
FPS	257.131	257.131	

Results of benchmark [pass 1]:
Test                                         	Threads	Ops	Med	Pct95	Avg	StdDev	Min	Max	FPS(med)	TotalOps	Scale	[ms/op]
CircleTests.ser                              	1	1032	10.167	10.247	10.174	0.039	10.108	10.438	98.356	1032	2.000
EllipseTests-fill-false.ser                  	1	2426	4.326	4.386	4.332	0.031	4.286	4.552	231.174	2426	0.500
EllipseTests-fill-true.ser                   	1	3621	2.893	2.953	2.900	0.030	2.850	3.192	345.651	3621	0.286
LineWidthColorGridTest.ser                   	1	2753	3.651	3.775	3.682	0.107	3.632	5.389	273.906	2753	1.000
dc_boulder_2013-13-30-06-13-17.ser           	1	467	22.492	22.634	22.511	0.051	22.445	22.752	44.460	467	1.000
dc_boulder_2013-13-30-06-13-20.ser           	1	1197	8.778	8.850	8.786	0.029	8.755	8.983	113.919	1197	2.000
dc_shp_alllayers_2013-00-30-07-00-43.ser     	1	1967	5.312	5.342	5.316	0.020	5.294	5.701	188.242	1967	2.000
dc_shp_alllayers_2013-00-30-07-00-47.ser     	1	50	226.472	226.778	226.515	0.202	226.200	227.490	4.416	50	0.125
dc_spearfish_2013-11-30-06-11-15.ser         	1	4034	2.590	2.596	2.591	0.009	2.581	2.877	386.043	4034	10.000
dc_spearfish_2013-11-30-06-11-19.ser         	1	9246	1.023	1.091	1.030	0.045	1.018	2.718	977.679	9246	20.000
dc_topp:states_2013-11-30-06-11-06.ser       	1	5441	1.909	1.915	1.910	0.007	1.900	2.083	523.746	5441	10.000
dc_topp:states_2013-11-30-06-11-07.ser       	1	6309	1.624	1.630	1.625	0.006	1.616	1.966	615.693	6309	10.000
spiralTest-dash-false.ser                    	1	58	178.979	179.318	179.145	0.782	178.793	184.503	5.587	58	0.100
spiralTest-fill.ser                          	1	96	109.347	111.197	109.676	0.773	109.169	113.524	9.145	96	0.125
test_z_625k.ser                              	1	406	25.673	25.906	25.729	0.296	25.509	27.689	38.951	406	0.667

Scores of benchmark [pass 2]:
Scores:
Tests	15	15	
Threads	1	1	
Med	15.816	15.816	
Pct95	15.984	15.984	
FPS	255.821	255.821	

Results of benchmark [pass 2]:
Test                                         	Threads	Ops	Med	Pct95	Avg	StdDev	Min	Max	FPS(med)	TotalOps	Scale	[ms/op]
CircleTests.ser                              	1	1028	10.278	10.409	10.302	0.187	10.178	12.122	97.297	1028	2.000
EllipseTests-fill-false.ser                  	1	2430	4.319	4.380	4.324	0.030	4.274	4.569	231.533	2430	0.500
EllipseTests-fill-true.ser                   	1	3625	2.870	2.922	2.875	0.026	2.836	3.091	348.491	3625	0.286
LineWidthColorGridTest.ser                   	1	2842	3.630	3.705	3.638	0.029	3.615	3.865	275.471	2842	1.000
dc_boulder_2013-13-30-06-13-17.ser           	1	466	22.522	22.666	22.541	0.052	22.476	22.767	44.401	466	1.000
dc_boulder_2013-13-30-06-13-20.ser           	1	1184	8.789	8.869	8.796	0.030	8.768	8.981	113.785	1184	2.000
dc_shp_alllayers_2013-00-30-07-00-43.ser     	1	1963	5.331	5.361	5.335	0.019	5.315	5.633	187.569	1963	2.000
dc_shp_alllayers_2013-00-30-07-00-47.ser     	1	50	226.178	228.373	226.615	0.861	225.849	228.762	4.421	50	0.125
dc_spearfish_2013-11-30-06-11-15.ser         	1	3937	2.603	2.675	2.621	0.085	2.590	4.308	384.099	3937	10.000
dc_spearfish_2013-11-30-06-11-19.ser         	1	9984	1.025	1.030	1.026	0.006	1.019	1.215	975.387	9984	20.000
dc_topp:states_2013-11-30-06-11-06.ser       	1	5376	1.945	1.951	1.945	0.007	1.934	2.120	514.130	5376	10.000
dc_topp:states_2013-11-30-06-11-07.ser       	1	6207	1.648	1.654	1.649	0.007	1.638	1.949	606.714	6207	10.000
spiralTest-dash-false.ser                    	1	58	179.644	182.457	180.315	1.272	179.061	184.344	5.567	58	0.100
spiralTest-fill.ser                          	1	96	109.110	110.314	109.286	0.614	109.042	113.314	9.165	96	0.125
test_z_625k.ser                              	1	412	25.455	25.640	25.463	0.096	25.301	25.816	39.284	412	0.667

Scores of benchmark [pass 3]:
Scores:
Tests	15	15	
Threads	1	1	
Med	15.786	15.786	
Pct95	15.930	15.930	
FPS	256.269	256.269	

Results of benchmark [pass 3]:
Test                                         	Threads	Ops	Med	Pct95	Avg	StdDev	Min	Max	FPS(med)	TotalOps	Scale	[ms/op]
CircleTests.ser                              	1	1038	10.149	10.222	10.159	0.034	10.107	10.412	98.529	1038	2.000
EllipseTests-fill-false.ser                  	1	2425	4.335	4.426	4.355	0.116	4.282	6.086	230.690	2425	0.500
EllipseTests-fill-true.ser                   	1	3616	2.884	2.939	2.891	0.028	2.845	3.114	346.728	3616	0.286
LineWidthColorGridTest.ser                   	1	2822	3.649	3.733	3.658	0.030	3.633	3.904	274.010	2822	1.000
dc_boulder_2013-13-30-06-13-17.ser           	1	468	22.443	22.590	22.466	0.055	22.404	22.696	44.557	468	1.000
dc_boulder_2013-13-30-06-13-20.ser           	1	1205	8.730	8.811	8.738	0.029	8.710	8.932	114.545	1205	2.000
dc_shp_alllayers_2013-00-30-07-00-43.ser     	1	1775	5.309	5.345	5.313	0.019	5.291	5.506	188.362	1775	2.000
dc_shp_alllayers_2013-00-30-07-00-47.ser     	1	50	226.243	228.022	226.650	0.755	226.039	228.079	4.420	50	0.125
dc_spearfish_2013-11-30-06-11-15.ser         	1	3988	2.605	2.610	2.606	0.009	2.597	2.908	383.805	3988	10.000
dc_spearfish_2013-11-30-06-11-19.ser         	1	9960	1.028	1.033	1.029	0.005	1.023	1.204	972.569	9960	20.000
dc_topp:states_2013-11-30-06-11-06.ser       	1	5388	1.926	1.932	1.927	0.009	1.917	2.281	519.080	5388	10.000
dc_topp:states_2013-11-30-06-11-07.ser       	1	6306	1.630	1.699	1.641	0.067	1.621	3.328	613.331	6306	10.000
spiralTest-dash-false.ser                    	1	58	179.346	179.557	179.522	0.895	179.225	184.713	5.576	58	0.100
spiralTest-fill.ser                          	1	96	109.556	111.395	109.857	0.675	109.388	111.833	9.128	96	0.125
test_z_625k.ser                              	1	408	25.838	26.032	25.891	0.289	25.666	27.796	38.702	408	0.667

Scores of benchmark [pass 4]:
Scores:
Tests	15	15	
Threads	1	1	
Med	15.818	15.818	
Pct95	16.026	16.026	
FPS	255.713	255.713	

Results of benchmark [pass 4]:
Test                                         	Threads	Ops	Med	Pct95	Avg	StdDev	Min	Max	FPS(med)	TotalOps	Scale	[ms/op]
CircleTests.ser                              	1	1037	10.145	10.228	10.153	0.038	10.094	10.424	98.574	1037	2.000
EllipseTests-fill-false.ser                  	1	2430	4.320	4.387	4.328	0.031	4.275	4.569	231.471	2430	0.500
EllipseTests-fill-true.ser                   	1	3571	2.874	2.972	2.892	0.103	2.822	4.701	347.947	3571	0.286
LineWidthColorGridTest.ser                   	1	2845	3.635	3.720	3.643	0.028	3.621	3.932	275.099	2845	1.000
dc_boulder_2013-13-30-06-13-17.ser           	1	443	22.493	22.626	22.512	0.051	22.449	22.808	44.458	443	1.000
dc_boulder_2013-13-30-06-13-20.ser           	1	1198	8.782	8.837	8.788	0.024	8.757	9.003	113.870	1198	2.000
dc_shp_alllayers_2013-00-30-07-00-43.ser     	1	1934	5.342	5.452	5.377	0.135	5.318	7.162	187.185	1934	2.000
dc_shp_alllayers_2013-00-30-07-00-47.ser     	1	50	226.846	228.802	227.285	0.824	226.562	228.853	4.408	50	0.125
dc_spearfish_2013-11-30-06-11-15.ser         	1	3930	2.613	2.618	2.613	0.009	2.603	2.930	382.744	3930	10.000
dc_spearfish_2013-11-30-06-11-19.ser         	1	9777	1.029	1.034	1.029	0.004	1.023	1.348	972.205	9777	20.000
dc_topp:states_2013-11-30-06-11-06.ser       	1	5209	1.940	2.010	1.953	0.075	1.928	3.646	515.332	5209	10.000
dc_topp:states_2013-11-30-06-11-07.ser       	1	6267	1.643	1.711	1.653	0.061	1.632	3.338	608.702	6267	10.000
spiralTest-dash-false.ser                    	1	58	179.846	182.484	180.376	1.141	179.581	184.970	5.560	58	0.100
spiralTest-fill.ser                          	1	96	109.110	110.165	109.279	0.657	108.972	113.171	9.165	96	0.125
test_z_625k.ser                              	1	408	25.663	25.915	25.728	0.307	25.510	27.527	38.966	408	0.667

Scores of benchmark [pass 5]:
Scores:
Tests	15	15	
Threads	1	1	
Med	15.808	15.808	
Pct95	15.895	15.895	
FPS	256.886	256.886	

Results of benchmark [pass 5]:
Test                                         	Threads	Ops	Med	Pct95	Avg	StdDev	Min	Max	FPS(med)	TotalOps	Scale	[ms/op]
CircleTests.ser                              	1	1029	10.212	10.311	10.226	0.041	10.175	10.509	97.928	1029	2.000
EllipseTests-fill-false.ser                  	1	2386	4.296	4.366	4.304	0.032	4.261	4.546	232.768	2386	0.500
EllipseTests-fill-true.ser                   	1	3645	2.862	2.932	2.871	0.031	2.826	3.090	349.353	3645	0.286
LineWidthColorGridTest.ser                   	1	2844	3.643	3.724	3.651	0.030	3.627	3.863	274.511	2844	1.000
dc_boulder_2013-13-30-06-13-17.ser           	1	463	22.806	23.031	22.862	0.303	22.721	24.885	43.848	463	1.000
dc_boulder_2013-13-30-06-13-20.ser           	1	1186	8.837	8.914	8.845	0.029	8.817	9.035	113.158	1186	2.000
dc_shp_alllayers_2013-00-30-07-00-43.ser     	1	1953	5.371	5.404	5.375	0.022	5.355	5.718	186.201	1953	2.000
dc_shp_alllayers_2013-00-30-07-00-47.ser     	1	50	223.465	223.658	223.460	0.099	223.280	223.785	4.475	50	0.125
dc_spearfish_2013-11-30-06-11-15.ser         	1	4074	2.577	2.588	2.586	0.047	2.566	2.984	388.099	4074	10.000
dc_spearfish_2013-11-30-06-11-19.ser         	1	10068	1.018	1.023	1.019	0.004	1.013	1.330	982.255	10068	20.000
dc_topp:states_2013-11-30-06-11-06.ser       	1	5437	1.955	1.961	1.955	0.005	1.945	2.110	511.459	5437	10.000
dc_topp:states_2013-11-30-06-11-07.ser       	1	6312	1.624	1.629	1.624	0.007	1.616	1.820	615.772	6312	10.000
spiralTest-dash-false.ser                    	1	57	180.479	180.867	180.624	0.732	180.329	185.566	5.541	57	0.100
spiralTest-fill.ser                          	1	95	110.503	110.873	110.651	0.607	110.430	114.979	9.050	95	0.125
test_z_625k.ser                              	1	406	25.721	25.857	25.732	0.068	25.619	26.098	38.879	406	0.667
all tests done.
