CPU_CORE_IDS: 3
date:
ven. 26 nov. 2021 19:25:42 CET
JAVA_HOME: /home/bourgesl/apps/openjdk-jdk-linux-x86_64-server-release/jdk/
CLASSPATH:   ../lib/mapbench-0.5.0.jar:../lib/org.jfree.svg-4.1-bourgesl-0.1.jar
Boot CP:     
Java opts:   -Dsun.java2d.renderer.useDPQS=true --patch-module java.desktop=../lib/marlin-0.9.4.5-Unsafe-OpenJDK11-no-rdr.jar -Dsun.java2d.renderer.clip=true -Dsun.java2d.renderer.log=true -Dsun.java2d.renderer.logCreateContext=false -Dsun.java2d.renderer.logUnsafeMalloc=false -Dsun.java2d.renderer.clip.curves= -Dsun.java2d.renderer.subPixel_log2_X=8 -Dsun.java2d.renderer.subPixel_log2_Y=3 -Dsun.java2d.renderer.useThreadLocal=true -Dsun.java2d.renderer.useSimplifier=false -Dsun.java2d.renderer.useRef=soft -Dsun.java2d.renderer.pixelWidth=4096 -Dsun.java2d.renderer.pixelHeight=2176 -Dsun.java2d.renderer.tileSize_log2=6 -Dsun.java2d.renderer.tileWidth_log2=7 -Dsun.java2d.renderer=sun.java2d.marlin.DMarlinRenderingEngine -Dsun.java2d.renderer.clip.subdivider=true -Dsun.java2d.renderer.clip.subdivider.minLength=100.0 -DMapBench.noAAclear=true -DMapBench.skipDraw=false -DMapBench.skipFill=false -DMapBench.clip.small=false -DMapBench.qualityMode=true -DMapBench.premultiplied=true -DMapBench.acceleration=false -DMapBench.volatile=false -DMapBench.4bytes=false -server
Java tuning:  -Xms2g  -Xmx2g -XX:+UseParallelGC -XX:+AlwaysPreTouch -XX:+UseTransparentHugePages
JVM path
/home/bourgesl/apps/openjdk-jdk-linux-x86_64-server-release/jdk//bin//java
Java version
openjdk version "18-testing" 2022-03-15
OpenJDK Runtime Environment (build 18-testing+0-builds.shipilev.net-openjdk-jdk-b82-20211125)
OpenJDK 64-Bit Server VM (build 18-testing+0-builds.shipilev.net-openjdk-jdk-b82-20211125, mixed mode, sharing)
##############################################################
# Java: 18-testing+0-builds.shipilev.net-openjdk-jdk-b82-20211125
#   VM: OpenJDK 64-Bit Server VM 18-testing+0-builds.shipilev.net-openjdk-jdk-b82-20211125 (mixed mode)
#   OS: Linux 5.4.0-90-generic (amd64)
# CPUs: 4 (virtual)
##############################################################
ERROR: Unable to get RenderingEngine.getInstance()
# Renderer: unknown 
# Quality mode: QUALITY...
# Filter shape on size: DISABLED...
# disableAA:         false 
# disableAAForClear: true 
# skipDraw:     false 
# skipFill:     false 
# useClipSmall: false 
INFO: ===============================================================================
INFO: Marlin software rasterizer           = ENABLED
INFO: Version                              = [marlin-0.9.4.5-Unsafe-OpenJDK]
INFO: sun.java2d.renderer                  = sun.java2d.marlin.DMarlinRenderingEngine
INFO: sun.java2d.renderer.useThreadLocal   = true
INFO: sun.java2d.renderer.useRef           = soft
INFO: sun.java2d.renderer.edges            = 4096
INFO: sun.java2d.renderer.pixelWidth       = 4096
INFO: sun.java2d.renderer.pixelHeight      = 2176
INFO: sun.java2d.renderer.profile          = quality
INFO: sun.java2d.renderer.subPixel_log2_X  = 8
INFO: sun.java2d.renderer.subPixel_log2_Y  = 3
INFO: sun.java2d.renderer.tileSize_log2    = 6
INFO: sun.java2d.renderer.tileWidth_log2   = 7
INFO: sun.java2d.renderer.blockSize_log2   = 5
INFO: sun.java2d.renderer.forceRLE         = false
INFO: sun.java2d.renderer.forceNoRLE       = false
INFO: sun.java2d.renderer.useTileFlags     = true
INFO: sun.java2d.renderer.useTileFlags.useHeuristics = true
INFO: sun.java2d.renderer.rleMinWidth      = 64
INFO: sun.java2d.renderer.useSimplifier    = false
INFO: sun.java2d.renderer.usePathSimplifier= false
INFO: sun.java2d.renderer.pathSimplifier.pixTol = 0.125
INFO: sun.java2d.renderer.clip             = true
INFO: sun.java2d.renderer.clip.runtime.enable = false
INFO: sun.java2d.renderer.clip.subdivider  = true
INFO: sun.java2d.renderer.clip.subdivider.minLength = 100.0
INFO: sun.java2d.renderer.doStats          = false
INFO: sun.java2d.renderer.doMonitors       = false
INFO: sun.java2d.renderer.doChecks         = false
INFO: sun.java2d.renderer.useLogger        = false
INFO: sun.java2d.renderer.logCreateContext = false
INFO: sun.java2d.renderer.logUnsafeMalloc  = false
INFO: sun.java2d.renderer.curve_len_err    = 0.01
INFO: sun.java2d.renderer.cubic_dec_d2     = 1.0
INFO: sun.java2d.renderer.cubic_inc_d1     = 0.2
INFO: sun.java2d.renderer.quad_dec_d2      = 0.5
INFO: Renderer settings:
INFO: MergeSort: DPQS_THRESHOLD: 256
INFO: MergeSort: DISABLE_ISORT_THRESHOLD: 1000
INFO: SORT         = DPQS_20191112
INFO: CUB_DEC_BND  = 256.0
INFO: CUB_INC_BND  = 51.20000076293945
INFO: QUAD_DEC_BND = 128.0
INFO: INITIAL_EDGES_CAPACITY               = 98304
INFO: INITIAL_CROSSING_COUNT               = 1024
INFO: ===============================================================================
# Using BufferedImage INT_ARGB_PRE...
##############################################################
profileName: shared_1T
Loading profile file: /home/marlin/mapbench/bin/../profiles/shared_1T.properties
Loading scale file: /home/marlin/mapbench/bin/../profiles/mapbench-scales.properties
Profile properties (merged with defaults):
  dashLength=3.0
  doClip=false
  doCreateStrokedShape=false
  doRotate=false
  doScale=false
  doShear=false
  doTranslate=false
  doUseDashedStroke=false
  doUseGradient=false
  doUseTexture=false
  doUseWingRuleEvenOdd=false
  doUseWingRuleNonZero=false
  imageX=NaN
  imageY=NaN
  iteration=1
  maxThreads=1
  minDuration=10000.0
  minLoops=50
  minThreads=1
  pass=1
  rotateAngle=17.333
  scaleX=0.1
  scaleY=0.1
  shearX=2.0
  shearY=2.0
  translateX=0.0
  translateY=0.0
  useSharedImage=true
  warmupCalibration=true
  warmupLoopsMax=160
  warmupLoopsMin=80
  warmupLoopsMinTest=20
### Test Scales:
  dc_shp_alllayers_2013-00-30-07-00-47.ser=800
  dc_spearfish_2013-11-30-06-11-19.ser=5
  dc_boulder_2013-13-30-06-13-17.ser=100
  dc_boulder_2013-13-30-06-13-20.ser=50
  test_z_300k.ser=150
  dc_topp:states_2013-11-30-06-11-07.ser=10
  test_z_2.5M.ser=50
  EllipseTests-fill-false.ser=200
  test_z_1.25M.ser=100
  test_z_150k.ser=100
  dc_spearfish_2013-11-30-06-11-15.ser=10
  spiralTest-fill.ser=800
  test_z_10M.ser=50
  spiralTest-dash-false.ser=1000
  CircleTests.ser=50
  EllipseTests-fill-true.ser=350
  dc_shp_alllayers_2013-00-30-07-00-43.ser=50
  test_z_625k.ser=150
  test_z_5M.ser=50
  dc_topp:states_2013-11-30-06-11-06.ser=10
##############################################################
# Min duration per test = 10000.0 ms.
##############################################################
Loading maps from = /home/marlin/mapbench/bin/../maps
Results format: 
Test                                         	Threads	Ops	Med	Pct95	Avg	StdDev	Min	Max	FPS(med)	TotalOps	Scale	[ms/op]

Calibrating up with 1 threads and 3000 loops
cleanup (explicit Full GC): 2,016,285,464 / 2,047,055,936 bytes free.
No scaling factor found for test [[calibration]], use scale = 1.0
Calibration up took 351.898718 ms
[calibration]                                	1	3000	0.112	0.120	0.113	0.005	0.112	0.330	8914.841	3000	1.000
Loading drawing commands from file: /home/marlin/mapbench/bin/../maps/CircleTests.ser
Loaded DrawingCommands: DrawingCommands{width=2048, height=2048, commands=2001}
drawing[CircleTests.ser][width = 2048, height = 2048] ...

Warming up with 1 threads and 80 loops on /home/marlin/mapbench/bin/../maps/CircleTests.ser
cleanup (explicit Full GC): 2,032,683,328 / 2,046,410,904 bytes free.
Warm up took 929.602064 ms
CircleTests.ser                              	1	80	10.319	14.636	11.589	6.561	10.186	68.320	96.906	80	2.000

Warming up with 1 threads and 160 loops on /home/marlin/mapbench/bin/../maps/CircleTests.ser
cleanup (explicit Full GC): 2,011,668,008 / 2,056,865,128 bytes free.
Warm up took 1652.134673 ms
CircleTests.ser                              	1	160	10.293	10.418	10.315	0.161	10.193	12.084	97.157	160	2.000
cleanup (explicit Full GC): 2,018,529,080 / 2,056,864,008 bytes free.
Initial test: 10.294702 ms.

Warming up with 2 threads and 306 loops on /home/marlin/mapbench/bin/../maps/CircleTests.ser
cleanup (explicit Full GC): 2,025,714,264 / 2,056,866,392 bytes free.
Warm up took 6303.967989 ms
CircleTests.ser                              	2	612	10.270	10.397	10.295	0.199	10.167	12.124	97.373	612	2.000
cleanup (explicit Full GC): 1,973,007,896 / 2,056,856,120 bytes free.
Initial test: 10.25567 ms.
Testing file /home/marlin/mapbench/bin/../maps/CircleTests.ser for 1026 loops ...
cleanup (explicit Full GC): 2,025,706,376 / 2,056,865,800 bytes free.
1 threads and 1026 loops per thread, time: 10536.843389 ms
CircleTests.ser                              	1	1026	10.249	10.359	10.268	0.183	10.151	12.076	97.568	1026	2.000


Loading drawing commands from file: /home/marlin/mapbench/bin/../maps/EllipseTests-fill-false.ser
Loaded DrawingCommands: DrawingCommands{width=2000, height=2000, commands=198}
drawing[EllipseTests-fill-false.ser][width = 2000, height = 2000] ...
cleanup (explicit Full GC): 1,961,039,320 / 2,057,623,592 bytes free.
Initial test: 5.962461 ms.

Warming up with 2 threads and 529 loops on /home/marlin/mapbench/bin/../maps/EllipseTests-fill-false.ser
cleanup (explicit Full GC): 2,014,675,136 / 2,057,279,880 bytes free.
Warm up took 4639.592628 ms
EllipseTests-fill-false.ser                  	2	1058	4.353	4.487	4.383	0.152	4.292	6.329	229.715	1058	0.500
cleanup (explicit Full GC): 1,992,941,704 / 2,057,262,832 bytes free.
Initial test: 4.330446 ms.
Testing file /home/marlin/mapbench/bin/../maps/EllipseTests-fill-false.ser for 2430 loops ...
cleanup (explicit Full GC): 2,025,093,752 / 2,057,279,808 bytes free.
1 threads and 2430 loops per thread, time: 10586.626393 ms
EllipseTests-fill-false.ser                  	1	2430	4.353	4.406	4.356	0.029	4.297	4.616	229.729	2430	0.500


Loading drawing commands from file: /home/marlin/mapbench/bin/../maps/EllipseTests-fill-true.ser
Loaded DrawingCommands: DrawingCommands{width=2000, height=2000, commands=198}
drawing[EllipseTests-fill-true.ser][width = 2000, height = 2000] ...
cleanup (explicit Full GC): 2,014,331,320 / 2,057,600,816 bytes free.
Initial test: 4.072109 ms.

Warming up with 2 threads and 775 loops on /home/marlin/mapbench/bin/../maps/EllipseTests-fill-true.ser
cleanup (explicit Full GC): 2,025,431,736 / 2,057,279,528 bytes free.
Warm up took 4499.522476 ms
EllipseTests-fill-true.ser                   	2	1550	2.891	2.970	2.901	0.039	2.850	3.321	345.847	1550	0.286
cleanup (explicit Full GC): 1,992,941,336 / 2,057,254,640 bytes free.
Initial test: 2.89239 ms.
Testing file /home/marlin/mapbench/bin/../maps/EllipseTests-fill-true.ser for 3639 loops ...
cleanup (explicit Full GC): 2,025,085,560 / 2,057,279,488 bytes free.
1 threads and 3639 loops per thread, time: 10593.391592 ms
EllipseTests-fill-true.ser                   	1	3639	2.892	2.983	2.910	0.102	2.845	4.730	345.799	3639	0.286


Loading drawing commands from file: /home/marlin/mapbench/bin/../maps/LineWidthColorGridTest.ser
Loaded DrawingCommands: DrawingCommands{width=1260, height=1260, commands=3808}
drawing[LineWidthColorGridTest.ser][width = 1260, height = 1260] ...
cleanup (explicit Full GC): 2,003,551,592 / 2,056,415,448 bytes free.
No scaling factor found for test [LineWidthColorGridTest.ser], use scale = 1.0
Initial test: 8.255224 ms.

Warming up with 2 threads and 382 loops on /home/marlin/mapbench/bin/../maps/LineWidthColorGridTest.ser
cleanup (explicit Full GC): 2,040,246,384 / 2,056,113,288 bytes free.
No scaling factor found for test [LineWidthColorGridTest.ser], use scale = 1.0
Warm up took 2800.91658 ms
LineWidthColorGridTest.ser                   	2	764	3.643	3.759	3.663	0.097	3.621	4.805	274.516	764	1.000
cleanup (explicit Full GC): 1,941,968,840 / 2,056,100,560 bytes free.
No scaling factor found for test [LineWidthColorGridTest.ser], use scale = 1.0
Initial test: 3.694492 ms.
Testing file /home/marlin/mapbench/bin/../maps/LineWidthColorGridTest.ser for 2849 loops ...
cleanup (explicit Full GC): 2,039,931,496 / 2,056,112,832 bytes free.
No scaling factor found for test [LineWidthColorGridTest.ser], use scale = 1.0
1 threads and 2849 loops per thread, time: 10436.920386 ms
LineWidthColorGridTest.ser                   	1	2849	3.631	3.745	3.663	0.104	3.613	5.412	275.397	2849	1.000


Loading drawing commands from file: /home/marlin/mapbench/bin/../maps/dc_boulder_2013-13-30-06-13-17.ser
Loaded DrawingCommands: DrawingCommands{width=1400, height=800, commands=4398}
drawing[dc_boulder_2013-13-30-06-13-17.ser][width = 1400, height = 800] ...
cleanup (explicit Full GC): 1,684,222,064 / 2,055,933,856 bytes free.
Initial test: 43.681331 ms.

Warming up with 2 threads and 72 loops on /home/marlin/mapbench/bin/../maps/dc_boulder_2013-13-30-06-13-17.ser
cleanup (explicit Full GC): 2,036,915,960 / 2,055,455,128 bytes free.
Warm up took 3265.070654 ms
dc_boulder_2013-13-30-06-13-17.ser           	2	144	22.573	22.829	22.659	0.414	22.481	26.162	44.300	144	1.000
cleanup (explicit Full GC): 2,023,872,544 / 2,055,452,696 bytes free.
Initial test: 22.549775 ms.
Testing file /home/marlin/mapbench/bin/../maps/dc_boulder_2013-13-30-06-13-17.ser for 466 loops ...
cleanup (explicit Full GC): 2,047,214,176 / 2,055,455,048 bytes free.
1 threads and 466 loops per thread, time: 10505.489647 ms
dc_boulder_2013-13-30-06-13-17.ser           	1	466	22.523	22.652	22.540	0.050	22.482	22.768	44.400	466	1.000


Loading drawing commands from file: /home/marlin/mapbench/bin/../maps/dc_boulder_2013-13-30-06-13-20.ser
Loaded DrawingCommands: DrawingCommands{width=1400, height=800, commands=2425}
drawing[dc_boulder_2013-13-30-06-13-20.ser][width = 1400, height = 800] ...
cleanup (explicit Full GC): 1,976,996,112 / 2,056,781,672 bytes free.
Initial test: 9.051785 ms.

Warming up with 2 threads and 348 loops on /home/marlin/mapbench/bin/../maps/dc_boulder_2013-13-30-06-13-20.ser
cleanup (explicit Full GC): 2,045,848,312 / 2,056,402,920 bytes free.
Warm up took 6180.734059 ms
dc_boulder_2013-13-30-06-13-20.ser           	2	696	8.860	8.958	8.878	0.175	8.772	10.724	112.865	696	2.000
cleanup (explicit Full GC): 1,987,092,504 / 2,056,391,736 bytes free.
Initial test: 8.875722 ms.
Testing file /home/marlin/mapbench/bin/../maps/dc_boulder_2013-13-30-06-13-20.ser for 1185 loops ...
cleanup (explicit Full GC): 2,045,458,376 / 2,056,402,920 bytes free.
1 threads and 1185 loops per thread, time: 10485.623746 ms
dc_boulder_2013-13-30-06-13-20.ser           	1	1185	8.841	8.919	8.847	0.179	8.758	10.722	113.108	1185	2.000


Loading drawing commands from file: /home/marlin/mapbench/bin/../maps/dc_shp_alllayers_2013-00-30-07-00-43.ser
Loaded DrawingCommands: DrawingCommands{width=1400, height=800, commands=568}
drawing[dc_shp_alllayers_2013-00-30-07-00-43.ser][width = 1400, height = 800] ...
cleanup (explicit Full GC): 1,953,844,592 / 2,057,276,296 bytes free.
Initial test: 5.55069 ms.

Warming up with 2 threads and 568 loops on /home/marlin/mapbench/bin/../maps/dc_shp_alllayers_2013-00-30-07-00-43.ser
cleanup (explicit Full GC): 2,046,342,936 / 2,056,929,352 bytes free.
Warm up took 6124.168329 ms
dc_shp_alllayers_2013-00-30-07-00-43.ser     	2	1136	5.371	5.452	5.390	0.131	5.316	7.193	186.187	1136	2.000
cleanup (explicit Full GC): 2,025,346,864 / 2,056,911,128 bytes free.
Initial test: 5.393715 ms.
Testing file /home/marlin/mapbench/bin/../maps/dc_shp_alllayers_2013-00-30-07-00-43.ser for 1951 loops ...
cleanup (explicit Full GC): 2,045,977,768 / 2,056,929,352 bytes free.
1 threads and 1951 loops per thread, time: 10473.762553 ms
dc_shp_alllayers_2013-00-30-07-00-43.ser     	1	1951	5.333	5.430	5.368	0.125	5.312	7.200	187.501	1951	2.000


Loading drawing commands from file: /home/marlin/mapbench/bin/../maps/dc_shp_alllayers_2013-00-30-07-00-47.ser
Loaded DrawingCommands: DrawingCommands{width=1400, height=800, commands=135213}
drawing[dc_shp_alllayers_2013-00-30-07-00-47.ser][width = 1400, height = 800] ...
cleanup (explicit Full GC): 1,866,946,432 / 2,017,958,248 bytes free.
Initial test: 223.971106 ms.

Warming up with 2 threads and 20 loops on /home/marlin/mapbench/bin/../maps/dc_shp_alllayers_2013-00-30-07-00-47.ser
cleanup (explicit Full GC): 1,990,855,768 / 2,013,664,800 bytes free.
Warm up took 9029.933435 ms
dc_shp_alllayers_2013-00-30-07-00-47.ser     	2	40	225.184	226.902	225.544	0.730	224.926	227.033	4.441	40	0.125
cleanup (explicit Full GC): 1,825,780,896 / 2,013,664,112 bytes free.
Initial test: 225.202605 ms.
Testing file /home/marlin/mapbench/bin/../maps/dc_shp_alllayers_2013-00-30-07-00-47.ser for 50 loops ...
cleanup (explicit Full GC): 1,991,951,344 / 2,013,664,800 bytes free.
1 threads and 50 loops per thread, time: 11291.036585 ms
dc_shp_alllayers_2013-00-30-07-00-47.ser     	1	50	225.334	227.166	225.708	0.749	225.091	227.218	4.438	50	0.125


Loading drawing commands from file: /home/marlin/mapbench/bin/../maps/dc_spearfish_2013-11-30-06-11-15.ser
Loaded DrawingCommands: DrawingCommands{width=512, height=359, commands=1232}
drawing[dc_spearfish_2013-11-30-06-11-15.ser][width = 512, height = 359] ...
cleanup (explicit Full GC): 1,781,599,512 / 2,057,235,352 bytes free.
Initial test: 4.791669 ms.

Warming up with 2 threads and 659 loops on /home/marlin/mapbench/bin/../maps/dc_spearfish_2013-11-30-06-11-15.ser
cleanup (explicit Full GC): 2,046,301,992 / 2,056,835,232 bytes free.
Warm up took 3458.227968 ms
dc_spearfish_2013-11-30-06-11-15.ser         	2	1318	2.592	2.670	2.623	0.185	2.579	4.925	385.809	1318	10.000
cleanup (explicit Full GC): 1,997,394,536 / 2,056,814,032 bytes free.
Initial test: 2.602658 ms.
Testing file /home/marlin/mapbench/bin/../maps/dc_spearfish_2013-11-30-06-11-15.ser for 4044 loops ...
cleanup (explicit Full GC): 2,045,880,672 / 2,056,835,168 bytes free.
1 threads and 4044 loops per thread, time: 10549.122272 ms
dc_spearfish_2013-11-30-06-11-15.ser         	1	4044	2.591	2.663	2.608	0.083	2.581	4.288	385.941	4044	10.000


Loading drawing commands from file: /home/marlin/mapbench/bin/../maps/dc_spearfish_2013-11-30-06-11-19.ser
Loaded DrawingCommands: DrawingCommands{width=512, height=359, commands=349}
drawing[dc_spearfish_2013-11-30-06-11-19.ser][width = 512, height = 359] ...
cleanup (explicit Full GC): 1,889,600,392 / 2,057,462,504 bytes free.
Initial test: 1.521311 ms.

Warming up with 2 threads and 2075 loops on /home/marlin/mapbench/bin/../maps/dc_spearfish_2013-11-30-06-11-19.ser
cleanup (explicit Full GC): 2,046,529,144 / 2,057,158,216 bytes free.
Warm up took 4239.64184 ms
dc_spearfish_2013-11-30-06-11-19.ser         	2	4150	1.020	1.025	1.021	0.008	1.015	1.187	980.514	4150	20.000
cleanup (explicit Full GC): 2,003,107,224 / 2,057,091,768 bytes free.
Initial test: 1.042192 ms.
Testing file /home/marlin/mapbench/bin/../maps/dc_spearfish_2013-11-30-06-11-19.ser for 10100 loops ...
cleanup (explicit Full GC): 2,046,158,408 / 2,057,158,216 bytes free.
1 threads and 10100 loops per thread, time: 10283.781619 ms
dc_spearfish_2013-11-30-06-11-19.ser         	1	10100	1.017	1.022	1.018	0.005	1.013	1.192	983.020	10100	20.000


Loading drawing commands from file: /home/marlin/mapbench/bin/../maps/dc_topp:states_2013-11-30-06-11-06.ser
Loaded DrawingCommands: DrawingCommands{width=780, height=330, commands=119}
drawing[dc_topp:states_2013-11-30-06-11-06.ser][width = 780, height = 330] ...
cleanup (explicit Full GC): 1,927,651,400 / 2,057,321,240 bytes free.
Initial test: 2.022785 ms.

Warming up with 2 threads and 1561 loops on /home/marlin/mapbench/bin/../maps/dc_topp:states_2013-11-30-06-11-06.ser
cleanup (explicit Full GC): 2,046,387,880 / 2,057,119,304 bytes free.
Warm up took 6027.230658 ms
dc_topp:states_2013-11-30-06-11-06.ser       	2	3122	1.930	1.936	1.930	0.005	1.918	2.044	518.160	3122	10.000
cleanup (explicit Full GC): 2,035,406,536 / 2,057,069,304 bytes free.
Initial test: 1.945061 ms.
Testing file /home/marlin/mapbench/bin/../maps/dc_topp:states_2013-11-30-06-11-06.ser for 5411 loops ...
cleanup (explicit Full GC): 2,046,135,944 / 2,057,119,304 bytes free.
1 threads and 5411 loops per thread, time: 10414.03934 ms
dc_topp:states_2013-11-30-06-11-06.ser       	1	5411	1.924	1.930	1.924	0.004	1.915	2.013	519.731	5411	10.000


Loading drawing commands from file: /home/marlin/mapbench/bin/../maps/dc_topp:states_2013-11-30-06-11-07.ser
Loaded DrawingCommands: DrawingCommands{width=780, height=330, commands=144}
drawing[dc_topp:states_2013-11-30-06-11-07.ser][width = 780, height = 330] ...
cleanup (explicit Full GC): 2,019,237,456 / 2,057,417,280 bytes free.
Initial test: 1.660452 ms.

Warming up with 2 threads and 1901 loops on /home/marlin/mapbench/bin/../maps/dc_topp:states_2013-11-30-06-11-07.ser
cleanup (explicit Full GC): 2,046,483,920 / 2,057,139,672 bytes free.
Warm up took 6234.134269 ms
dc_topp:states_2013-11-30-06-11-07.ser       	2	3802	1.639	1.644	1.639	0.007	1.630	1.817	610.165	3802	10.000
cleanup (explicit Full GC): 2,030,037,200 / 2,057,078,792 bytes free.
Initial test: 1.653338 ms.
Testing file /home/marlin/mapbench/bin/../maps/dc_topp:states_2013-11-30-06-11-07.ser for 6366 loops ...
cleanup (explicit Full GC): 2,035,366,056 / 2,057,139,608 bytes free.
1 threads and 6366 loops per thread, time: 10377.489564 ms
dc_topp:states_2013-11-30-06-11-07.ser       	1	6366	1.630	1.635	1.630	0.006	1.620	1.811	613.679	6366	10.000


Loading drawing commands from file: /home/marlin/mapbench/bin/../maps/spiralTest-dash-false.ser
Loaded DrawingCommands: DrawingCommands{width=4096, height=4096, commands=1}
drawing[spiralTest-dash-false.ser][width = 4096, height = 4096] ...
cleanup (explicit Full GC): 1,947,971,480 / 2,049,163,328 bytes free.
Initial test: 185.594808 ms.

Warming up with 2 threads and 20 loops on /home/marlin/mapbench/bin/../maps/spiralTest-dash-false.ser
cleanup (explicit Full GC): 1,890,380,656 / 2,048,904,336 bytes free.
Warm up took 7498.102128 ms
spiralTest-dash-false.ser                    	2	40	187.469	188.120	187.247	1.181	185.912	192.582	5.334	40	0.100
cleanup (explicit Full GC): 1,812,233,408 / 2,048,903,376 bytes free.
Initial test: 182.601339 ms.
Testing file /home/marlin/mapbench/bin/../maps/spiralTest-dash-false.ser for 57 loops ...
cleanup (explicit Full GC): 1,890,120,704 / 2,048,904,064 bytes free.
1 threads and 57 loops per thread, time: 10421.38848 ms
spiralTest-dash-false.ser                    	1	57	182.539	184.389	182.757	0.831	182.434	187.608	5.478	57	0.100


Loading drawing commands from file: /home/marlin/mapbench/bin/../maps/spiralTest-fill.ser
Loaded DrawingCommands: DrawingCommands{width=4096, height=4096, commands=1}
drawing[spiralTest-fill.ser][width = 4096, height = 4096] ...
cleanup (explicit Full GC): 1,742,435,576 / 2,040,639,040 bytes free.
Initial test: 110.137881 ms.

Warming up with 2 threads and 28 loops on /home/marlin/mapbench/bin/../maps/spiralTest-fill.ser
cleanup (explicit Full GC): 1,964,634,512 / 2,040,280,064 bytes free.
Warm up took 6220.194547 ms
spiralTest-fill.ser                          	2	56	110.661	112.508	110.929	0.875	110.255	115.099	9.037	56	0.125
cleanup (explicit Full GC): 1,897,166,656 / 2,040,279,120 bytes free.
Initial test: 108.499852 ms.
Testing file /home/marlin/mapbench/bin/../maps/spiralTest-fill.ser for 97 loops ...
cleanup (explicit Full GC): 1,964,274,592 / 2,040,280,064 bytes free.
1 threads and 97 loops per thread, time: 10547.704325 ms
spiralTest-fill.ser                          	1	97	108.698	109.153	108.694	0.548	108.120	112.115	9.200	97	0.125


Loading drawing commands from file: /home/marlin/mapbench/bin/../maps/test_z_625k.ser
Loaded DrawingCommands: DrawingCommands{width=1272, height=1261, commands=23345}
drawing[test_z_625k.ser][width = 1272, height = 1261] ...
cleanup (explicit Full GC): 1,945,492,920 / 2,050,744,704 bytes free.
Initial test: 30.29086 ms.

Warming up with 2 threads and 104 loops on /home/marlin/mapbench/bin/../maps/test_z_625k.ser
cleanup (explicit Full GC): 2,021,958,856 / 2,049,577,568 bytes free.
Warm up took 5309.38047 ms
test_z_625k.ser                              	2	208	25.505	25.638	25.516	0.072	25.402	26.036	39.208	208	0.667
cleanup (explicit Full GC): 1,868,853,696 / 2,038,794,816 bytes free.
Initial test: 25.493666 ms.
Testing file /home/marlin/mapbench/bin/../maps/test_z_625k.ser for 412 loops ...
cleanup (explicit Full GC): 2,020,788,344 / 2,049,577,472 bytes free.
1 threads and 412 loops per thread, time: 10463.489938 ms
test_z_625k.ser                              	1	412	25.380	25.510	25.393	0.062	25.289	25.763	39.402	412	0.667


WARMUP results:
Test                                         	Threads	Ops	Med	Pct95	Avg	StdDev	Min	Max	FPS(med)	TotalOps	Scale	[ms/op]
<<< Calib 1
[calibration]                                	1	3000	0.112	0.120	0.113	0.005	0.112	0.330	8914.841	3000	1.000
>>> Calib 1
<<< Warmup 1
CircleTests.ser                              	1	80	10.319	14.636	11.589	6.561	10.186	68.320	96.906	80	2.000
>>> Warmup 1
<<< Warmup 2
CircleTests.ser                              	1	160	10.293	10.418	10.315	0.161	10.193	12.084	97.157	160	2.000
>>> Warmup 2
CircleTests.ser                              	2	612	10.270	10.397	10.295	0.199	10.167	12.124	97.373	612	2.000
EllipseTests-fill-false.ser                  	2	1058	4.353	4.487	4.383	0.152	4.292	6.329	229.715	1058	0.500
EllipseTests-fill-true.ser                   	2	1550	2.891	2.970	2.901	0.039	2.850	3.321	345.847	1550	0.286
LineWidthColorGridTest.ser                   	2	764	3.643	3.759	3.663	0.097	3.621	4.805	274.516	764	1.000
dc_boulder_2013-13-30-06-13-17.ser           	2	144	22.573	22.829	22.659	0.414	22.481	26.162	44.300	144	1.000
dc_boulder_2013-13-30-06-13-20.ser           	2	696	8.860	8.958	8.878	0.175	8.772	10.724	112.865	696	2.000
dc_shp_alllayers_2013-00-30-07-00-43.ser     	2	1136	5.371	5.452	5.390	0.131	5.316	7.193	186.187	1136	2.000
dc_shp_alllayers_2013-00-30-07-00-47.ser     	2	40	225.184	226.902	225.544	0.730	224.926	227.033	4.441	40	0.125
dc_spearfish_2013-11-30-06-11-15.ser         	2	1318	2.592	2.670	2.623	0.185	2.579	4.925	385.809	1318	10.000
dc_spearfish_2013-11-30-06-11-19.ser         	2	4150	1.020	1.025	1.021	0.008	1.015	1.187	980.514	4150	20.000
dc_topp:states_2013-11-30-06-11-06.ser       	2	3122	1.930	1.936	1.930	0.005	1.918	2.044	518.160	3122	10.000
dc_topp:states_2013-11-30-06-11-07.ser       	2	3802	1.639	1.644	1.639	0.007	1.630	1.817	610.165	3802	10.000
spiralTest-dash-false.ser                    	2	40	187.469	188.120	187.247	1.181	185.912	192.582	5.334	40	0.100
spiralTest-fill.ser                          	2	56	110.661	112.508	110.929	0.875	110.255	115.099	9.037	56	0.125
test_z_625k.ser                              	2	208	25.505	25.638	25.516	0.072	25.402	26.036	39.208	208	0.667

TEST results:
Test                                         	Threads	Ops	Med	Pct95	Avg	StdDev	Min	Max	FPS(med)	TotalOps	Scale	[ms/op]
CircleTests.ser                              	1	1026	10.249	10.359	10.268	0.183	10.151	12.076	97.568	1026	2.000
EllipseTests-fill-false.ser                  	1	2430	4.353	4.406	4.356	0.029	4.297	4.616	229.729	2430	0.500
EllipseTests-fill-true.ser                   	1	3639	2.892	2.983	2.910	0.102	2.845	4.730	345.799	3639	0.286
LineWidthColorGridTest.ser                   	1	2849	3.631	3.745	3.663	0.104	3.613	5.412	275.397	2849	1.000
dc_boulder_2013-13-30-06-13-17.ser           	1	466	22.523	22.652	22.540	0.050	22.482	22.768	44.400	466	1.000
dc_boulder_2013-13-30-06-13-20.ser           	1	1185	8.841	8.919	8.847	0.179	8.758	10.722	113.108	1185	2.000
dc_shp_alllayers_2013-00-30-07-00-43.ser     	1	1951	5.333	5.430	5.368	0.125	5.312	7.200	187.501	1951	2.000
dc_shp_alllayers_2013-00-30-07-00-47.ser     	1	50	225.334	227.166	225.708	0.749	225.091	227.218	4.438	50	0.125
dc_spearfish_2013-11-30-06-11-15.ser         	1	4044	2.591	2.663	2.608	0.083	2.581	4.288	385.941	4044	10.000
dc_spearfish_2013-11-30-06-11-19.ser         	1	10100	1.017	1.022	1.018	0.005	1.013	1.192	983.020	10100	20.000
dc_topp:states_2013-11-30-06-11-06.ser       	1	5411	1.924	1.930	1.924	0.004	1.915	2.013	519.731	5411	10.000
dc_topp:states_2013-11-30-06-11-07.ser       	1	6366	1.630	1.635	1.630	0.006	1.620	1.811	613.679	6366	10.000
spiralTest-dash-false.ser                    	1	57	182.539	184.389	182.757	0.831	182.434	187.608	5.478	57	0.100
spiralTest-fill.ser                          	1	97	108.698	109.153	108.694	0.548	108.120	112.115	9.200	97	0.125
test_z_625k.ser                              	1	412	25.380	25.510	25.393	0.062	25.289	25.763	39.402	412	0.667

Scores:
Tests	15	15	
Threads	1	1	
Med	15.782	15.782	
Pct95	15.939	15.939	
FPS	256.959	256.959	

