--------------
Native Pisces:
--------------
10x10;Rectangle;231527.76826679448
100x100;Rectangle;23055.670119604867
10x10;Ellipse;144860.76986076985
100x100;Ellipse;17499.36972015575
100x100;Cubics;10956.030140693942
100x100;Quads;21981.477406836955

--------------
Open Pisces:
--------------
10x10;Rectangle;199948.26401519746
100x100;Rectangle;16650.22190442331
10x10;Ellipse;131161.14843734237
100x100;Ellipse;13720.607690862655
100x100;Cubics;9409.670127428035
100x100;Quads;17093.270271353562

--------------
Marlin:
--------------
10x10;Rectangle;311622.13408693054
100x100;Rectangle;29041.551468525868
10x10;Ellipse;257143.37629615274
100x100;Ellipse;23046.9253577414
100x100;Cubics;17625.945391616457
100x100;Quads;26573.418177452277
