bourgesl@bourgesl-HP-ZBook-15:~/libs/marlin/mapbench/bin$ ./bench_marlin_ojdk.sh 
date:
vendredi 22 janvier 2016, 22:43:50 (UTC+0100)
CLASSPATH:   ../lib/mapbench-0.4.0.jar:../lib/marlin-graphics-0.2.1.jar
Boot CP:     -Xbootclasspath/p:../lib/marlin-0.7.3.1-Unsafe-OpenJDK-sun-java2d.jar -Xbootclasspath/a:../lib/marlin-0.7.3.1-Unsafe-OpenJDK.jar
Java opts:   -Dsun.java2d.renderer.enableRLE=true -Dsun.java2d.renderer.forceRLE=false -Dsun.java2d.renderer.forceNoRLE=false -Dsun.java2d.renderer.useTileFlags=true -Dsun.java2d.renderer.useTileFlags.useHeuristics=true -Dsun.java2d.renderer.blockSize_log2=5 -Dsun.java2d.renderer.rleMinWidth=64  -Dsun.java2d.renderer.clip.curves=false -Dsun.java2d.renderer.log=true -Dsun.java2d.renderer.subPixel_log2_X=3 -Dsun.java2d.renderer.subPixel_log2_Y=3 -Dsun.java2d.renderer.useThreadLocal=true -Dsun.java2d.renderer.useSimplifier=false -Dsun.java2d.renderer.useRef=soft -Dsun.java2d.renderer.pixelsize=2048 -Dsun.java2d.renderer.tileSize_log2=7 -Dsun.java2d.renderer=sun.java2d.marlin.MarlinRenderingEngine -DMapBench.qualityMode=false -DMapBench.acceleration=false -DMapBench.volatile=false -server
Java tuning:  -Xms2g  -Xmx2g -XX:+UseConcMarkSweepGC
JVM path
/home/bourgesl/apps/jdk1.8.0//bin//java
Java version
java version "1.8.0_60"
Java(TM) SE Runtime Environment (build 1.8.0_60-b27)
Java HotSpot(TM) 64-Bit Server VM (build 25.60-b23, mixed mode)
##############################################################
# Java: 1.8.0_60-b27
#   VM: Java HotSpot(TM) 64-Bit Server VM 25.60-b23 (mixed mode)
#   OS: Linux 3.13.0-77-generic (amd64)
# CPUs: 4 (virtual)
##############################################################
INFO: ===============================================================================
INFO: Marlin software rasterizer           = ENABLED
INFO: Version                              = [marlin-0.7.3-Unsafe-OpenJDK]
INFO: sun.java2d.renderer                  = sun.java2d.marlin.MarlinRenderingEngine
INFO: sun.java2d.renderer.useThreadLocal   = true
INFO: sun.java2d.renderer.useRef           = soft
INFO: sun.java2d.renderer.pixelsize        = 2048
INFO: sun.java2d.renderer.subPixel_log2_X  = 3
INFO: sun.java2d.renderer.subPixel_log2_Y  = 3
INFO: sun.java2d.renderer.tileSize_log2    = 7
INFO: sun.java2d.renderer.blockSize_log2   = 5
INFO: sun.java2d.renderer.blockSize_log2   = 5
INFO: sun.java2d.renderer.forceRLE         = false
INFO: sun.java2d.renderer.forceNoRLE       = false
INFO: sun.java2d.renderer.useTileFlags     = true
INFO: sun.java2d.renderer.useTileFlags.useHeuristics = true
INFO: sun.java2d.renderer.rleMinWidth      = 64
INFO: sun.java2d.renderer.useSimplifier    = false
INFO: sun.java2d.renderer.doStats          = false
INFO: sun.java2d.renderer.doMonitors       = false
INFO: sun.java2d.renderer.doChecks         = false
INFO: sun.java2d.renderer.useLogger        = false
INFO: sun.java2d.renderer.logCreateContext = false
INFO: sun.java2d.renderer.logUnsafeMalloc  = false
INFO: Renderer settings:
INFO: CUB_COUNT_LG = 2
INFO: CUB_DEC_BND  = 20.0
INFO: CUB_INC_BND  = 8.0
INFO: QUAD_DEC_BND = 8.0
INFO: ===============================================================================
# Renderer: MarlinRenderingEngine 
# Quality mode: DEFAULT...
# Filter shape on size: DISABLED...
# Using BufferedImage INT_ARGB_PRE...
##############################################################
profileName: longer_shared
Loading profile file: /home/marlin/mapbench/bin/../profiles/longer_shared.properties
Loading scale file: /home/marlin/mapbench/bin/../profiles/mapbench-scales.properties
Profile properties (merged with defaults):
  doClip=false
  doCreateStrokedShape=false
  doRotate=false
  doScale=false
  doShear=false
  doTranslate=false
  doUseDashedStroke=false
  doUseWingRuleEvenOdd=false
  maxThreads=4
  minDuration=10000.0
  minLoops=25
  pass=1
  rotateAngle=17.333
  scaleX=4.0
  scaleY=4.0
  shearX=2.0
  shearY=2.0
  translateX=0.0
  translateY=0.0
  useSharedImage=true
##############################################################
# Min duration per test = 10000.0 ms.
##############################################################
Loading maps from = /home/marlin/mapbench/bin/../maps
Results format: 
Test                                         	Threads	Ops	Med	Pct95	Avg	StdDev	Min	Max	FPS(avg)	TotalOps	[ms/op]

Calibrating up with 4 threads and 3000 loops
cleanup (explicit Full GC): 2,090,283,432 / 2,106,131,120 bytes free.
Calibration up took 1023.275992 ms
[calibration]                                	4	12000	0.305	0.324	0.316	0.227	0.287	15.406	3160.087	12000
Loading drawing commands from file: /home/marlin/mapbench/bin/../maps/CircleTests.ser
Loaded DrawingCommands: DrawingCommands{width=2048, height=2048, commands=2001}
drawing[CircleTests.ser][width = 2048, height = 2048] ...

Warming up with 4 threads and 80 loops on /home/marlin/mapbench/bin/../maps/CircleTests.ser
cleanup (explicit Full GC): 2,074,372,624 / 2,109,029,408 bytes free.
Warm up took 6261.305925 ms
CircleTests.ser                              	4	320	62.993	65.484	76.943	98.604	60.735	1067.360	12.997	320

Warming up with 4 threads and 160 loops on /home/marlin/mapbench/bin/../maps/CircleTests.ser
cleanup (explicit Full GC): 1,986,081,376 / 2,110,179,240 bytes free.
Warm up took 10060.285787 ms
CircleTests.ser                              	4	640	62.312	63.371	62.424	2.396	60.517	93.567	16.020	640
cleanup (explicit Full GC): 1,992,816,864 / 2,110,174,128 bytes free.
Initial test: 59.830316 ms.

Warming up with 2 threads and 52 loops on /home/marlin/mapbench/bin/../maps/CircleTests.ser
cleanup (explicit Full GC): 2,082,229,496 / 2,110,183,776 bytes free.
Warm up took 3172.86224 ms
CircleTests.ser                              	2	104	60.907	61.020	60.919	0.068	60.770	61.251	16.415	104
cleanup (explicit Full GC): 2,059,878,200 / 2,110,182,040 bytes free.
Initial test: 61.20797 ms.
Testing file /home/marlin/mapbench/bin/../maps/CircleTests.ser for 171 loops ...
cleanup (explicit Full GC): 2,082,237,408 / 2,110,183,584 bytes free.
1 threads and 171 loops per thread, time: 10248.033061 ms
CircleTests.ser                              	1	171	59.726	61.230	59.913	0.715	59.615	63.971	16.691	171
cleanup (explicit Full GC): 2,065,487,872 / 2,110,180,720 bytes free.
2 threads and 171 loops per thread, time: 10409.113797 ms
CircleTests.ser                              	2	342	60.829	60.948	60.842	0.067	60.701	61.222	16.436	342
cleanup (explicit Full GC): 2,037,540,360 / 2,110,177,864 bytes free.
4 threads and 171 loops per thread, time: 10818.43621 ms
CircleTests.ser                              	4	684	63.127	64.090	62.926	1.116	60.940	81.508	15.892	684


Loading drawing commands from file: /home/marlin/mapbench/bin/../maps/EllipseTests-fill-false.ser
Loaded DrawingCommands: DrawingCommands{width=2000, height=2000, commands=198}
drawing[EllipseTests-fill-false.ser][width = 2000, height = 2000] ...
cleanup (explicit Full GC): 1,970,480,832 / 2,110,586,256 bytes free.
Initial test: 306.431566 ms.

Warming up with 2 threads and 10 loops on /home/marlin/mapbench/bin/../maps/EllipseTests-fill-false.ser
cleanup (explicit Full GC): 2,087,438,200 / 2,110,597,672 bytes free.
Warm up took 2989.35961 ms
EllipseTests-fill-false.ser                  	2	20	298.135	299.003	298.091	0.570	297.245	299.400	3.355	20
cleanup (explicit Full GC): 2,068,434,512 / 2,105,013,584 bytes free.
Initial test: 298.215165 ms.
Testing file /home/marlin/mapbench/bin/../maps/EllipseTests-fill-false.ser for 35 loops ...
cleanup (explicit Full GC): 2,081,865,496 / 2,110,596,504 bytes free.
1 threads and 35 loops per thread, time: 10519.91625 ms
EllipseTests-fill-false.ser                  	1	35	300.473	300.903	300.503	0.207	300.232	301.112	3.328	35
cleanup (explicit Full GC): 2,087,448,416 / 2,110,595,992 bytes free.
2 threads and 35 loops per thread, time: 10452.085697 ms
EllipseTests-fill-false.ser                  	2	70	298.078	298.756	297.859	0.679	296.884	299.117	3.357	70
cleanup (explicit Full GC): 2,068,432,832 / 2,110,595,312 bytes free.
4 threads and 35 loops per thread, time: 10563.425274 ms
EllipseTests-fill-false.ser                  	4	140	299.530	302.078	299.943	2.456	297.830	322.327	3.334	140


Loading drawing commands from file: /home/marlin/mapbench/bin/../maps/EllipseTests-fill-true.ser
Loaded DrawingCommands: DrawingCommands{width=2000, height=2000, commands=198}
drawing[EllipseTests-fill-true.ser][width = 2000, height = 2000] ...
cleanup (explicit Full GC): 2,030,402,008 / 2,110,593,904 bytes free.
Initial test: 364.409005 ms.

Warming up with 2 threads and 10 loops on /home/marlin/mapbench/bin/../maps/EllipseTests-fill-true.ser
cleanup (explicit Full GC): 2,087,445,816 / 2,110,596,552 bytes free.
Warm up took 3776.904235 ms
EllipseTests-fill-true.ser                   	2	20	374.535	391.330	374.540	6.614	368.876	393.742	2.670	20
cleanup (explicit Full GC): 2,068,433,392 / 2,110,596,160 bytes free.
Initial test: 365.110463 ms.
Testing file /home/marlin/mapbench/bin/../maps/EllipseTests-fill-true.ser for 28 loops ...
cleanup (explicit Full GC): 2,087,448,072 / 2,110,596,552 bytes free.
1 threads and 28 loops per thread, time: 10269.129445 ms
EllipseTests-fill-true.ser                   	1	28	366.719	367.503	366.672	0.664	365.243	368.235	2.727	28
cleanup (explicit Full GC): 2,081,864,776 / 2,110,595,992 bytes free.
2 threads and 28 loops per thread, time: 10426.056332 ms
EllipseTests-fill-true.ser                   	2	56	371.204	372.708	371.764	2.917	369.873	387.097	2.690	56
cleanup (explicit Full GC): 2,068,432,832 / 2,110,595,424 bytes free.
4 threads and 28 loops per thread, time: 11704.647681 ms
EllipseTests-fill-true.ser                   	4	112	413.825	421.360	414.296	8.832	398.291	464.246	2.414	112


Loading drawing commands from file: /home/marlin/mapbench/bin/../maps/dc_boulder_2013-13-30-06-13-17.ser
Loaded DrawingCommands: DrawingCommands{width=1400, height=800, commands=4398}
drawing[dc_boulder_2013-13-30-06-13-17.ser][width = 1400, height = 800] ...
cleanup (explicit Full GC): 2,030,402,120 / 2,109,069,040 bytes free.
Initial test: 186.039244 ms.

Warming up with 2 threads and 16 loops on /home/marlin/mapbench/bin/../maps/dc_boulder_2013-13-30-06-13-17.ser
cleanup (explicit Full GC): 2,091,857,264 / 2,108,906,024 bytes free.
Warm up took 1618.177514 ms
dc_boulder_2013-13-30-06-13-17.ser           	2	32	90.955	160.014	100.688	37.496	90.510	249.243	9.932	32
cleanup (explicit Full GC): 2,089,782,864 / 2,108,905,216 bytes free.
Initial test: 90.549359 ms.
Testing file /home/marlin/mapbench/bin/../maps/dc_boulder_2013-13-30-06-13-17.ser for 116 loops ...
cleanup (explicit Full GC): 2,097,277,128 / 2,108,905,776 bytes free.
1 threads and 116 loops per thread, time: 10560.395692 ms
dc_boulder_2013-13-30-06-13-17.ser           	1	116	90.999	91.564	91.019	0.366	90.195	92.099	10.987	116
cleanup (explicit Full GC): 2,082,202,496 / 2,108,903,968 bytes free.
2 threads and 116 loops per thread, time: 10530.962104 ms
dc_boulder_2013-13-30-06-13-17.ser           	2	232	90.765	91.133	90.760	0.243	90.117	91.524	11.018	232
cleanup (explicit Full GC): 2,059,630,424 / 2,108,901,992 bytes free.
4 threads and 116 loops per thread, time: 10725.745449 ms
dc_boulder_2013-13-30-06-13-17.ser           	4	464	91.718	92.898	92.088	4.072	90.669	175.840	10.859	464


Loading drawing commands from file: /home/marlin/mapbench/bin/../maps/dc_boulder_2013-13-30-06-13-20.ser
Loaded DrawingCommands: DrawingCommands{width=1400, height=800, commands=2425}
drawing[dc_boulder_2013-13-30-06-13-20.ser][width = 1400, height = 800] ...
cleanup (explicit Full GC): 2,014,487,920 / 2,109,798,424 bytes free.
Initial test: 209.831222 ms.

Warming up with 2 threads and 15 loops on /home/marlin/mapbench/bin/../maps/dc_boulder_2013-13-30-06-13-20.ser
cleanup (explicit Full GC): 2,098,170,336 / 2,109,780,200 bytes free.
Warm up took 715.797669 ms
dc_boulder_2013-13-30-06-13-20.ser           	2	30	47.179	47.934	47.194	0.491	46.177	47.961	21.189	30
cleanup (explicit Full GC): 2,090,657,040 / 2,109,779,648 bytes free.
Initial test: 46.06669 ms.
Testing file /home/marlin/mapbench/bin/../maps/dc_boulder_2013-13-30-06-13-20.ser for 228 loops ...
cleanup (explicit Full GC): 2,098,151,560 / 2,109,780,200 bytes free.
1 threads and 228 loops per thread, time: 10406.622732 ms
dc_boulder_2013-13-30-06-13-20.ser           	1	228	45.664	46.069	45.636	0.314	44.927	46.631	21.913	228
cleanup (explicit Full GC): 2,083,076,912 / 2,109,776,600 bytes free.
2 threads and 228 loops per thread, time: 10872.750399 ms
dc_boulder_2013-13-30-06-13-20.ser           	2	456	47.163	48.039	47.181	0.595	45.725	48.529	21.195	456
cleanup (explicit Full GC): 2,054,919,352 / 2,109,772,624 bytes free.
4 threads and 228 loops per thread, time: 10999.358796 ms
dc_boulder_2013-13-30-06-13-20.ser           	4	912	47.322	48.435	47.483	0.876	46.385	67.286	21.060	912


Loading drawing commands from file: /home/marlin/mapbench/bin/../maps/dc_shp_alllayers_2013-00-30-07-00-43.ser
Loaded DrawingCommands: DrawingCommands{width=1400, height=800, commands=568}
drawing[dc_shp_alllayers_2013-00-30-07-00-43.ser][width = 1400, height = 800] ...
cleanup (explicit Full GC): 2,015,358,520 / 2,110,297,504 bytes free.
Initial test: 41.174271 ms.

Warming up with 2 threads and 76 loops on /home/marlin/mapbench/bin/../maps/dc_shp_alllayers_2013-00-30-07-00-43.ser
cleanup (explicit Full GC): 2,098,669,416 / 2,110,306,080 bytes free.
Warm up took 3134.0007 ms
dc_shp_alllayers_2013-00-30-07-00-43.ser     	2	152	41.058	41.682	41.145	0.278	40.723	42.123	24.304	152
cleanup (explicit Full GC): 2,091,182,920 / 2,110,301,944 bytes free.
Initial test: 41.045396 ms.
Testing file /home/marlin/mapbench/bin/../maps/dc_shp_alllayers_2013-00-30-07-00-43.ser for 256 loops ...
cleanup (explicit Full GC): 2,098,673,856 / 2,110,304,448 bytes free.
1 threads and 256 loops per thread, time: 10331.542466 ms
dc_shp_alllayers_2013-00-30-07-00-43.ser     	1	256	40.231	40.822	40.353	0.272	39.997	40.954	24.781	256
cleanup (explicit Full GC): 2,095,661,320 / 2,110,300,400 bytes free.
2 threads and 256 loops per thread, time: 10554.046161 ms
dc_shp_alllayers_2013-00-30-07-00-43.ser     	2	512	41.053	41.614	41.116	0.264	40.649	42.021	24.321	512
cleanup (explicit Full GC): 2,085,147,160 / 2,110,296,184 bytes free.
4 threads and 256 loops per thread, time: 10790.290212 ms
dc_shp_alllayers_2013-00-30-07-00-43.ser     	4	1024	41.722	42.451	41.811	0.765	40.727	62.866	23.917	1024


Loading drawing commands from file: /home/marlin/mapbench/bin/../maps/dc_shp_alllayers_2013-00-30-07-00-47.ser
Loaded DrawingCommands: DrawingCommands{width=1400, height=800, commands=135213}
drawing[dc_shp_alllayers_2013-00-30-07-00-47.ser][width = 1400, height = 800] ...
cleanup (explicit Full GC): 1,972,643,200 / 2,071,238,552 bytes free.
Initial test: 795.337194 ms.

Warming up with 2 threads and 10 loops on /home/marlin/mapbench/bin/../maps/dc_shp_alllayers_2013-00-30-07-00-47.ser
cleanup (explicit Full GC): 2,044,535,248 / 2,067,290,776 bytes free.
Warm up took 7847.728936 ms
dc_shp_alllayers_2013-00-30-07-00-47.ser     	2	20	783.833	785.905	783.911	1.047	782.198	785.905	1.276	20
cleanup (explicit Full GC): 1,963,746,496 / 2,067,290,384 bytes free.
Initial test: 800.217687 ms.
Testing file /home/marlin/mapbench/bin/../maps/dc_shp_alllayers_2013-00-30-07-00-47.ser for 25 loops ...
cleanup (explicit Full GC): 2,043,602,136 / 2,067,290,776 bytes free.
1 threads and 25 loops per thread, time: 19872.96507 ms
dc_shp_alllayers_2013-00-30-07-00-47.ser     	1	25	794.601	795.351	794.627	0.358	794.152	795.618	1.258	25
cleanup (explicit Full GC): 1,950,136,288 / 2,067,290,424 bytes free.
2 threads and 25 loops per thread, time: 19621.763437 ms
dc_shp_alllayers_2013-00-30-07-00-47.ser     	2	50	784.474	786.938	784.464	1.375	781.429	787.742	1.275	50
cleanup (explicit Full GC): 1,831,530,776 / 2,064,497,912 bytes free.
4 threads and 25 loops per thread, time: 20219.950696 ms
dc_shp_alllayers_2013-00-30-07-00-47.ser     	4	100	801.024	809.005	797.240	9.808	784.357	825.397	1.254	100


Loading drawing commands from file: /home/marlin/mapbench/bin/../maps/dc_spearfish_2013-11-30-06-11-15.ser
Loaded DrawingCommands: DrawingCommands{width=512, height=359, commands=1232}
drawing[dc_spearfish_2013-11-30-06-11-15.ser][width = 512, height = 359] ...
cleanup (explicit Full GC): 1,847,303,240 / 2,110,203,616 bytes free.
Initial test: 12.861682 ms.

Warming up with 2 threads and 245 loops on /home/marlin/mapbench/bin/../maps/dc_spearfish_2013-11-30-06-11-15.ser
cleanup (explicit Full GC): 2,107,014,448 / 2,110,165,088 bytes free.
Warm up took 3131.583931 ms
dc_spearfish_2013-11-30-06-11-15.ser         	2	490	12.702	13.017	12.729	0.136	12.566	13.441	78.563	490
cleanup (explicit Full GC): 2,088,279,584 / 2,110,156,952 bytes free.
Initial test: 12.794306 ms.
Testing file /home/marlin/mapbench/bin/../maps/dc_spearfish_2013-11-30-06-11-15.ser for 822 loops ...
cleanup (explicit Full GC): 2,106,881,568 / 2,110,164,864 bytes free.
1 threads and 822 loops per thread, time: 10400.10665 ms
dc_spearfish_2013-11-30-06-11-15.ser         	1	822	12.617	12.931	12.651	0.108	12.546	13.175	79.043	822
cleanup (explicit Full GC): 2,075,918,424 / 2,110,151,760 bytes free.
2 threads and 822 loops per thread, time: 10497.065459 ms
dc_spearfish_2013-11-30-06-11-15.ser         	2	1644	12.692	12.934	12.709	0.115	12.566	13.242	78.686	1644
cleanup (explicit Full GC): 2,042,540,392 / 2,110,138,480 bytes free.
4 threads and 822 loops per thread, time: 10562.305443 ms
dc_spearfish_2013-11-30-06-11-15.ser         	4	3288	12.738	13.012	12.769	0.336	12.590	29.425	78.313	3288


Loading drawing commands from file: /home/marlin/mapbench/bin/../maps/dc_spearfish_2013-11-30-06-11-19.ser
Loaded DrawingCommands: DrawingCommands{width=512, height=359, commands=349}
drawing[dc_spearfish_2013-11-30-06-11-19.ser][width = 512, height = 359] ...
cleanup (explicit Full GC): 1,975,621,360 / 2,110,435,736 bytes free.
Initial test: 6.346237 ms.

Warming up with 2 threads and 497 loops on /home/marlin/mapbench/bin/../maps/dc_spearfish_2013-11-30-06-11-19.ser
cleanup (explicit Full GC): 2,107,246,568 / 2,110,479,848 bytes free.
Warm up took 3183.625279 ms
dc_spearfish_2013-11-30-06-11-19.ser         	2	994	6.392	6.421	6.384	0.036	6.335	6.699	156.631	994
cleanup (explicit Full GC): 2,096,555,208 / 2,110,463,888 bytes free.
Initial test: 6.420686 ms.
Testing file /home/marlin/mapbench/bin/../maps/dc_spearfish_2013-11-30-06-11-19.ser for 1639 loops ...
cleanup (explicit Full GC): 2,107,188,504 / 2,110,479,864 bytes free.
1 threads and 1639 loops per thread, time: 10416.624963 ms
dc_spearfish_2013-11-30-06-11-19.ser         	1	1639	6.347	6.412	6.355	0.030	6.327	6.698	157.359	1639
cleanup (explicit Full GC): 2,089,821,032 / 2,110,453,680 bytes free.
2 threads and 1639 loops per thread, time: 10517.041929 ms
dc_spearfish_2013-11-30-06-11-19.ser         	2	3278	6.404	6.425	6.391	0.039	6.337	6.742	156.482	3278
cleanup (explicit Full GC): 2,070,705,432 / 2,110,427,336 bytes free.
4 threads and 1639 loops per thread, time: 10728.0816 ms
dc_spearfish_2013-11-30-06-11-19.ser         	4	6556	6.413	6.531	6.431	0.211	6.343	20.431	155.488	6556


Loading drawing commands from file: /home/marlin/mapbench/bin/../maps/dc_topp:states_2013-11-30-06-11-06.ser
Loaded DrawingCommands: DrawingCommands{width=780, height=330, commands=119}
drawing[dc_topp:states_2013-11-30-06-11-06.ser][width = 780, height = 330] ...
cleanup (explicit Full GC): 2,027,710,104 / 2,110,378,088 bytes free.
Initial test: 11.628208 ms.

Warming up with 2 threads and 271 loops on /home/marlin/mapbench/bin/../maps/dc_topp:states_2013-11-30-06-11-06.ser
cleanup (explicit Full GC): 2,107,188,944 / 2,110,479,920 bytes free.
Warm up took 3170.917248 ms
dc_topp:states_2013-11-30-06-11-06.ser       	2	542	11.680	11.882	11.692	0.106	11.516	12.006	85.532	542
cleanup (explicit Full GC): 2,104,221,904 / 2,110,471,176 bytes free.
Initial test: 11.831032 ms.
Testing file /home/marlin/mapbench/bin/../maps/dc_topp:states_2013-11-30-06-11-06.ser for 889 loops ...
cleanup (explicit Full GC): 2,107,195,840 / 2,110,479,920 bytes free.
1 threads and 889 loops per thread, time: 10369.002946 ms
dc_topp:states_2013-11-30-06-11-06.ser       	1	889	11.653	11.856	11.663	0.105	11.493	12.006	85.740	889
cleanup (explicit Full GC): 2,105,349,664 / 2,110,465,176 bytes free.
2 threads and 889 loops per thread, time: 10422.78276 ms
dc_topp:states_2013-11-30-06-11-06.ser       	2	1778	11.693	11.896	11.699	0.109	11.516	12.081	85.479	1778
cleanup (explicit Full GC): 2,100,226,760 / 2,110,450,824 bytes free.
4 threads and 889 loops per thread, time: 10507.254213 ms
dc_topp:states_2013-11-30-06-11-06.ser       	4	3556	11.708	11.909	11.727	0.300	11.506	26.169	85.275	3556


Loading drawing commands from file: /home/marlin/mapbench/bin/../maps/dc_topp:states_2013-11-30-06-11-07.ser
Loaded DrawingCommands: DrawingCommands{width=780, height=330, commands=144}
drawing[dc_topp:states_2013-11-30-06-11-07.ser][width = 780, height = 330] ...
cleanup (explicit Full GC): 2,088,968,352 / 2,110,440,032 bytes free.
Initial test: 7.183158 ms.

Warming up with 2 threads and 439 loops on /home/marlin/mapbench/bin/../maps/dc_topp:states_2013-11-30-06-11-07.ser
cleanup (explicit Full GC): 2,107,250,888 / 2,108,678,536 bytes free.
Warm up took 3214.487231 ms
dc_topp:states_2013-11-30-06-11-07.ser       	2	878	7.307	7.451	7.315	0.079	7.179	7.507	136.709	878
cleanup (explicit Full GC): 2,100,479,440 / 2,110,479,048 bytes free.
Initial test: 7.506106 ms.
Testing file /home/marlin/mapbench/bin/../maps/dc_topp:states_2013-11-30-06-11-07.ser for 1402 loops ...
cleanup (explicit Full GC): 2,107,203,712 / 2,110,493,168 bytes free.
1 threads and 1402 loops per thread, time: 10256.541706 ms
dc_topp:states_2013-11-30-06-11-07.ser       	1	1402	7.315	7.437	7.315	0.080	7.170	7.572	136.700	1402
cleanup (explicit Full GC): 2,101,480,688 / 2,110,470,776 bytes free.
2 threads and 1402 loops per thread, time: 10281.69502 ms
dc_topp:states_2013-11-30-06-11-07.ser       	2	2804	7.318	7.451	7.322	0.079	7.178	7.590	136.582	2804
cleanup (explicit Full GC): 2,092,271,560 / 2,110,448,224 bytes free.
4 threads and 1402 loops per thread, time: 10452.018313 ms
dc_topp:states_2013-11-30-06-11-07.ser       	4	5608	7.350	7.513	7.361	0.283	7.178	25.205	135.845	5608


Loading drawing commands from file: /home/marlin/mapbench/bin/../maps/test_z_625k.ser
Loaded DrawingCommands: DrawingCommands{width=1272, height=1261, commands=23345}
drawing[test_z_625k.ser][width = 1272, height = 1261] ...
cleanup (explicit Full GC): 2,056,375,208 / 2,103,730,808 bytes free.
Initial test: 150.814069 ms.

Warming up with 2 threads and 20 loops on /home/marlin/mapbench/bin/../maps/test_z_625k.ser
cleanup (explicit Full GC): 2,092,184,632 / 2,103,012,776 bytes free.
Warm up took 3032.656275 ms
test_z_625k.ser                              	2	40	151.448	151.778	151.493	0.179	151.192	151.808	6.601	40
cleanup (explicit Full GC): 2,057,089,352 / 2,103,012,040 bytes free.
Initial test: 154.804559 ms.
Testing file /home/marlin/mapbench/bin/../maps/test_z_625k.ser for 67 loops ...
cleanup (explicit Full GC): 2,091,293,416 / 2,103,012,744 bytes free.
1 threads and 67 loops per thread, time: 10056.719331 ms
test_z_625k.ser                              	1	67	150.111	150.727	150.071	0.390	149.270	150.887	6.663	67
cleanup (explicit Full GC): 2,042,939,568 / 2,103,011,720 bytes free.
2 threads and 67 loops per thread, time: 10154.71894 ms
test_z_625k.ser                              	2	134	151.522	151.807	151.522	0.197	151.057	152.131	6.600	134
cleanup (explicit Full GC): 1,985,538,728 / 2,103,010,528 bytes free.
4 threads and 67 loops per thread, time: 10495.439485 ms
test_z_625k.ser                              	4	268	153.044	157.093	153.905	2.178	151.109	175.011	6.498	268


WARMUP results:
Test                                         	Threads	Ops	Med	Pct95	Avg	StdDev	Min	Max	FPS(avg)	TotalOps	[ms/op]
<<< Calib 1
[calibration]                                	4	12000	0.305	0.324	0.316	0.227	0.287	15.406	3160.087	12000
>>> Calib 1
<<< Warmup 1
CircleTests.ser                              	4	320	62.993	65.484	76.943	98.604	60.735	1067.360	12.997	320
>>> Warmup 1
<<< Warmup 2
CircleTests.ser                              	4	640	62.312	63.371	62.424	2.396	60.517	93.567	16.020	640
>>> Warmup 2
CircleTests.ser                              	2	104	60.907	61.020	60.919	0.068	60.770	61.251	16.415	104
EllipseTests-fill-false.ser                  	2	20	298.135	299.003	298.091	0.570	297.245	299.400	3.355	20
EllipseTests-fill-true.ser                   	2	20	374.535	391.330	374.540	6.614	368.876	393.742	2.670	20
dc_boulder_2013-13-30-06-13-17.ser           	2	32	90.955	160.014	100.688	37.496	90.510	249.243	9.932	32
dc_boulder_2013-13-30-06-13-20.ser           	2	30	47.179	47.934	47.194	0.491	46.177	47.961	21.189	30
dc_shp_alllayers_2013-00-30-07-00-43.ser     	2	152	41.058	41.682	41.145	0.278	40.723	42.123	24.304	152
dc_shp_alllayers_2013-00-30-07-00-47.ser     	2	20	783.833	785.905	783.911	1.047	782.198	785.905	1.276	20
dc_spearfish_2013-11-30-06-11-15.ser         	2	490	12.702	13.017	12.729	0.136	12.566	13.441	78.563	490
dc_spearfish_2013-11-30-06-11-19.ser         	2	994	6.392	6.421	6.384	0.036	6.335	6.699	156.631	994
dc_topp:states_2013-11-30-06-11-06.ser       	2	542	11.680	11.882	11.692	0.106	11.516	12.006	85.532	542
dc_topp:states_2013-11-30-06-11-07.ser       	2	878	7.307	7.451	7.315	0.079	7.179	7.507	136.709	878
test_z_625k.ser                              	2	40	151.448	151.778	151.493	0.179	151.192	151.808	6.601	40

TEST results:
Test                                         	Threads	Ops	Med	Pct95	Avg	StdDev	Min	Max	FPS(avg)	TotalOps	[ms/op]
CircleTests.ser                              	1	171	59.726	61.230	59.913	0.715	59.615	63.971	16.691	171
CircleTests.ser                              	2	342	60.829	60.948	60.842	0.067	60.701	61.222	16.436	342
CircleTests.ser                              	4	684	63.127	64.090	62.926	1.116	60.940	81.508	15.892	684
EllipseTests-fill-false.ser                  	1	35	300.473	300.903	300.503	0.207	300.232	301.112	3.328	35
EllipseTests-fill-false.ser                  	2	70	298.078	298.756	297.859	0.679	296.884	299.117	3.357	70
EllipseTests-fill-false.ser                  	4	140	299.530	302.078	299.943	2.456	297.830	322.327	3.334	140
EllipseTests-fill-true.ser                   	1	28	366.719	367.503	366.672	0.664	365.243	368.235	2.727	28
EllipseTests-fill-true.ser                   	2	56	371.204	372.708	371.764	2.917	369.873	387.097	2.690	56
EllipseTests-fill-true.ser                   	4	112	413.825	421.360	414.296	8.832	398.291	464.246	2.414	112
dc_boulder_2013-13-30-06-13-17.ser           	1	116	90.999	91.564	91.019	0.366	90.195	92.099	10.987	116
dc_boulder_2013-13-30-06-13-17.ser           	2	232	90.765	91.133	90.760	0.243	90.117	91.524	11.018	232
dc_boulder_2013-13-30-06-13-17.ser           	4	464	91.718	92.898	92.088	4.072	90.669	175.840	10.859	464
dc_boulder_2013-13-30-06-13-20.ser           	1	228	45.664	46.069	45.636	0.314	44.927	46.631	21.913	228
dc_boulder_2013-13-30-06-13-20.ser           	2	456	47.163	48.039	47.181	0.595	45.725	48.529	21.195	456
dc_boulder_2013-13-30-06-13-20.ser           	4	912	47.322	48.435	47.483	0.876	46.385	67.286	21.060	912
dc_shp_alllayers_2013-00-30-07-00-43.ser     	1	256	40.231	40.822	40.353	0.272	39.997	40.954	24.781	256
dc_shp_alllayers_2013-00-30-07-00-43.ser     	2	512	41.053	41.614	41.116	0.264	40.649	42.021	24.321	512
dc_shp_alllayers_2013-00-30-07-00-43.ser     	4	1024	41.722	42.451	41.811	0.765	40.727	62.866	23.917	1024
dc_shp_alllayers_2013-00-30-07-00-47.ser     	1	25	794.601	795.351	794.627	0.358	794.152	795.618	1.258	25
dc_shp_alllayers_2013-00-30-07-00-47.ser     	2	50	784.474	786.938	784.464	1.375	781.429	787.742	1.275	50
dc_shp_alllayers_2013-00-30-07-00-47.ser     	4	100	801.024	809.005	797.240	9.808	784.357	825.397	1.254	100
dc_spearfish_2013-11-30-06-11-15.ser         	1	822	12.617	12.931	12.651	0.108	12.546	13.175	79.043	822
dc_spearfish_2013-11-30-06-11-15.ser         	2	1644	12.692	12.934	12.709	0.115	12.566	13.242	78.686	1644
dc_spearfish_2013-11-30-06-11-15.ser         	4	3288	12.738	13.012	12.769	0.336	12.590	29.425	78.313	3288
dc_spearfish_2013-11-30-06-11-19.ser         	1	1639	6.347	6.412	6.355	0.030	6.327	6.698	157.359	1639
dc_spearfish_2013-11-30-06-11-19.ser         	2	3278	6.404	6.425	6.391	0.039	6.337	6.742	156.482	3278
dc_spearfish_2013-11-30-06-11-19.ser         	4	6556	6.413	6.531	6.431	0.211	6.343	20.431	155.488	6556
dc_topp:states_2013-11-30-06-11-06.ser       	1	889	11.653	11.856	11.663	0.105	11.493	12.006	85.740	889
dc_topp:states_2013-11-30-06-11-06.ser       	2	1778	11.693	11.896	11.699	0.109	11.516	12.081	85.479	1778
dc_topp:states_2013-11-30-06-11-06.ser       	4	3556	11.708	11.909	11.727	0.300	11.506	26.169	85.275	3556
dc_topp:states_2013-11-30-06-11-07.ser       	1	1402	7.315	7.437	7.315	0.080	7.170	7.572	136.700	1402
dc_topp:states_2013-11-30-06-11-07.ser       	2	2804	7.318	7.451	7.322	0.079	7.178	7.590	136.582	2804
dc_topp:states_2013-11-30-06-11-07.ser       	4	5608	7.350	7.513	7.361	0.283	7.178	25.205	135.845	5608
test_z_625k.ser                              	1	67	150.111	150.727	150.071	0.390	149.270	150.887	6.663	67
test_z_625k.ser                              	2	134	151.522	151.807	151.522	0.197	151.057	152.131	6.600	134
test_z_625k.ser                              	4	268	153.044	157.093	153.905	2.178	151.109	175.011	6.498	268

Scores:
Tests	36	12	12	12	
Threads	4	1	2	4	
Pct95	159.995	157.734	157.554	164.698	

