# Run complete. Total time: 01:20:33

REMEMBER: The numbers below are just data. To gain reusable insights, you need to follow up on
why the numbers are the way they are. Use profilers (see -prof, -lprof), design factorial
experiments, perform baseline and negative tests that provide experimental control, make sure
the benchmarking environment is safe on JVM/OS/HW level, ask for reviews from the domain experts.
Do not assume the numbers tell you what you want them to tell.

NOTE: Current JVM experimentally supports Compiler Blackholes, and they are in use. Please exercise
extra caution when trusting the results, look into the generated code to check the benchmark still
works, and factor in a small probability of new VM bugs. Additionally, while comparisons between
different JVMs are already problematic, the performance difference caused by different Blackhole
modes can be very significant. Please make sure you use the consistent Blackhole mode for comparisons.

Benchmark                            (size)    (type)  Mode  Cnt   Score    Error  Units
ArraysSort.Byte.testParallelSort        100    RANDOM  avgt    4   0.001 ±  0.001  ms/op
ArraysSort.Byte.testParallelSort        100  REPEATED  avgt    4  ≈ 10⁻⁴           ms/op
ArraysSort.Byte.testParallelSort        100   STAGGER  avgt    4  ≈ 10⁻³           ms/op
ArraysSort.Byte.testParallelSort        100   SHUFFLE  avgt    4  ≈ 10⁻³           ms/op
ArraysSort.Byte.testParallelSort       1000    RANDOM  avgt    4   0.006 ±  0.004  ms/op
ArraysSort.Byte.testParallelSort       1000  REPEATED  avgt    4   0.002 ±  0.001  ms/op
ArraysSort.Byte.testParallelSort       1000   STAGGER  avgt    4   0.002 ±  0.002  ms/op
ArraysSort.Byte.testParallelSort       1000   SHUFFLE  avgt    4   0.003 ±  0.001  ms/op
ArraysSort.Byte.testParallelSort      10000    RANDOM  avgt    4   0.013 ±  0.009  ms/op
ArraysSort.Byte.testParallelSort      10000  REPEATED  avgt    4   0.011 ±  0.006  ms/op
ArraysSort.Byte.testParallelSort      10000   STAGGER  avgt    4   0.009 ±  0.004  ms/op
ArraysSort.Byte.testParallelSort      10000   SHUFFLE  avgt    4   0.009 ±  0.004  ms/op
ArraysSort.Byte.testParallelSort     100000    RANDOM  avgt    4   0.083 ±  0.024  ms/op
ArraysSort.Byte.testParallelSort     100000  REPEATED  avgt    4   0.067 ±  0.023  ms/op
ArraysSort.Byte.testParallelSort     100000   STAGGER  avgt    4   0.071 ±  0.001  ms/op
ArraysSort.Byte.testParallelSort     100000   SHUFFLE  avgt    4   0.077 ±  0.038  ms/op
ArraysSort.Byte.testParallelSort    1000000    RANDOM  avgt    4   0.699 ±  0.010  ms/op
ArraysSort.Byte.testParallelSort    1000000  REPEATED  avgt    4   0.657 ±  0.005  ms/op
ArraysSort.Byte.testParallelSort    1000000   STAGGER  avgt    4   0.665 ±  0.006  ms/op
ArraysSort.Byte.testParallelSort    1000000   SHUFFLE  avgt    4   0.666 ±  0.008  ms/op
ArraysSort.Byte.testSort                100    RANDOM  avgt    4   0.001 ±  0.001  ms/op
ArraysSort.Byte.testSort                100  REPEATED  avgt    4  ≈ 10⁻⁴           ms/op
ArraysSort.Byte.testSort                100   STAGGER  avgt    4  ≈ 10⁻³           ms/op
ArraysSort.Byte.testSort                100   SHUFFLE  avgt    4  ≈ 10⁻³           ms/op
ArraysSort.Byte.testSort               1000    RANDOM  avgt    4   0.006 ±  0.004  ms/op
ArraysSort.Byte.testSort               1000  REPEATED  avgt    4   0.002 ±  0.001  ms/op
ArraysSort.Byte.testSort               1000   STAGGER  avgt    4   0.002 ±  0.002  ms/op
ArraysSort.Byte.testSort               1000   SHUFFLE  avgt    4   0.003 ±  0.001  ms/op
ArraysSort.Byte.testSort              10000    RANDOM  avgt    4   0.014 ±  0.009  ms/op
ArraysSort.Byte.testSort              10000  REPEATED  avgt    4   0.011 ±  0.006  ms/op
ArraysSort.Byte.testSort              10000   STAGGER  avgt    4   0.009 ±  0.003  ms/op
ArraysSort.Byte.testSort              10000   SHUFFLE  avgt    4   0.009 ±  0.003  ms/op
ArraysSort.Byte.testSort             100000    RANDOM  avgt    4   0.083 ±  0.025  ms/op
ArraysSort.Byte.testSort             100000  REPEATED  avgt    4   0.069 ±  0.023  ms/op
ArraysSort.Byte.testSort             100000   STAGGER  avgt    4   0.072 ±  0.002  ms/op
ArraysSort.Byte.testSort             100000   SHUFFLE  avgt    4   0.078 ±  0.036  ms/op
ArraysSort.Byte.testSort            1000000    RANDOM  avgt    4   0.699 ±  0.014  ms/op
ArraysSort.Byte.testSort            1000000  REPEATED  avgt    4   0.657 ±  0.009  ms/op
ArraysSort.Byte.testSort            1000000   STAGGER  avgt    4   0.663 ±  0.007  ms/op
ArraysSort.Byte.testSort            1000000   SHUFFLE  avgt    4   0.667 ±  0.014  ms/op
ArraysSort.Char.testParallelSort        100    RANDOM  avgt    4   0.003 ±  0.001  ms/op
ArraysSort.Char.testParallelSort        100  REPEATED  avgt    4   0.001 ±  0.001  ms/op
ArraysSort.Char.testParallelSort        100   STAGGER  avgt    4   0.001 ±  0.001  ms/op
ArraysSort.Char.testParallelSort        100   SHUFFLE  avgt    4   0.001 ±  0.001  ms/op
ArraysSort.Char.testParallelSort       1000    RANDOM  avgt    4   0.045 ±  0.001  ms/op
ArraysSort.Char.testParallelSort       1000  REPEATED  avgt    4   0.004 ±  0.001  ms/op
ArraysSort.Char.testParallelSort       1000   STAGGER  avgt    4   0.014 ±  0.001  ms/op
ArraysSort.Char.testParallelSort       1000   SHUFFLE  avgt    4   0.023 ±  0.001  ms/op
ArraysSort.Char.testParallelSort      10000    RANDOM  avgt    4   0.180 ±  0.001  ms/op
ArraysSort.Char.testParallelSort      10000  REPEATED  avgt    4   0.054 ±  0.034  ms/op
ArraysSort.Char.testParallelSort      10000   STAGGER  avgt    4   0.058 ±  0.001  ms/op
ArraysSort.Char.testParallelSort      10000   SHUFFLE  avgt    4   0.064 ±  0.002  ms/op
ArraysSort.Char.testParallelSort     100000    RANDOM  avgt    4   0.898 ±  0.040  ms/op
ArraysSort.Char.testParallelSort     100000  REPEATED  avgt    4   0.187 ±  0.001  ms/op
ArraysSort.Char.testParallelSort     100000   STAGGER  avgt    4   0.242 ±  0.003  ms/op
ArraysSort.Char.testParallelSort     100000   SHUFFLE  avgt    4   0.275 ±  0.021  ms/op
ArraysSort.Char.testParallelSort    1000000    RANDOM  avgt    4   2.487 ±  0.050  ms/op
ArraysSort.Char.testParallelSort    1000000  REPEATED  avgt    4   0.829 ±  0.134  ms/op
ArraysSort.Char.testParallelSort    1000000   STAGGER  avgt    4   1.224 ±  0.068  ms/op
ArraysSort.Char.testParallelSort    1000000   SHUFFLE  avgt    4   1.105 ±  0.232  ms/op
ArraysSort.Char.testSort                100    RANDOM  avgt    4   0.003 ±  0.001  ms/op
ArraysSort.Char.testSort                100  REPEATED  avgt    4   0.001 ±  0.001  ms/op
ArraysSort.Char.testSort                100   STAGGER  avgt    4   0.001 ±  0.001  ms/op
ArraysSort.Char.testSort                100   SHUFFLE  avgt    4   0.001 ±  0.001  ms/op
ArraysSort.Char.testSort               1000    RANDOM  avgt    4   0.045 ±  0.001  ms/op
ArraysSort.Char.testSort               1000  REPEATED  avgt    4   0.004 ±  0.001  ms/op
ArraysSort.Char.testSort               1000   STAGGER  avgt    4   0.014 ±  0.001  ms/op
ArraysSort.Char.testSort               1000   SHUFFLE  avgt    4   0.023 ±  0.001  ms/op
ArraysSort.Char.testSort              10000    RANDOM  avgt    4   0.180 ±  0.001  ms/op
ArraysSort.Char.testSort              10000  REPEATED  avgt    4   0.054 ±  0.040  ms/op
ArraysSort.Char.testSort              10000   STAGGER  avgt    4   0.062 ±  0.032  ms/op
ArraysSort.Char.testSort              10000   SHUFFLE  avgt    4   0.064 ±  0.002  ms/op
ArraysSort.Char.testSort             100000    RANDOM  avgt    4   0.898 ±  0.056  ms/op
ArraysSort.Char.testSort             100000  REPEATED  avgt    4   0.203 ±  0.001  ms/op
ArraysSort.Char.testSort             100000   STAGGER  avgt    4   0.243 ±  0.003  ms/op
ArraysSort.Char.testSort             100000   SHUFFLE  avgt    4   0.408 ±  0.692  ms/op
ArraysSort.Char.testSort            1000000    RANDOM  avgt    4   2.501 ±  0.075  ms/op
ArraysSort.Char.testSort            1000000  REPEATED  avgt    4   0.829 ±  0.139  ms/op
ArraysSort.Char.testSort            1000000   STAGGER  avgt    4   1.220 ±  0.094  ms/op
ArraysSort.Char.testSort            1000000   SHUFFLE  avgt    4   1.128 ±  0.212  ms/op
ArraysSort.Double.testParallelSort      100    RANDOM  avgt    4   0.003 ±  0.001  ms/op
ArraysSort.Double.testParallelSort      100  REPEATED  avgt    4   0.001 ±  0.001  ms/op
ArraysSort.Double.testParallelSort      100   STAGGER  avgt    4   0.002 ±  0.001  ms/op
ArraysSort.Double.testParallelSort      100   SHUFFLE  avgt    4   0.002 ±  0.001  ms/op
ArraysSort.Double.testParallelSort     1000    RANDOM  avgt    4   0.048 ±  0.001  ms/op
ArraysSort.Double.testParallelSort     1000  REPEATED  avgt    4   0.006 ±  0.001  ms/op
ArraysSort.Double.testParallelSort     1000   STAGGER  avgt    4   0.007 ±  0.001  ms/op
ArraysSort.Double.testParallelSort     1000   SHUFFLE  avgt    4   0.024 ±  0.001  ms/op
ArraysSort.Double.testParallelSort    10000    RANDOM  avgt    4   0.410 ±  0.016  ms/op
ArraysSort.Double.testParallelSort    10000  REPEATED  avgt    4   0.062 ±  0.001  ms/op
ArraysSort.Double.testParallelSort    10000   STAGGER  avgt    4   0.063 ±  0.001  ms/op
ArraysSort.Double.testParallelSort    10000   SHUFFLE  avgt    4   0.214 ±  0.003  ms/op
ArraysSort.Double.testParallelSort   100000    RANDOM  avgt    4   2.990 ±  0.077  ms/op
ArraysSort.Double.testParallelSort   100000  REPEATED  avgt    4   0.620 ±  0.002  ms/op
ArraysSort.Double.testParallelSort   100000   STAGGER  avgt    4   0.626 ±  0.014  ms/op
ArraysSort.Double.testParallelSort   100000   SHUFFLE  avgt    4   1.361 ±  0.035  ms/op
ArraysSort.Double.testParallelSort  1000000    RANDOM  avgt    4  31.398 ±  0.228  ms/op
ArraysSort.Double.testParallelSort  1000000  REPEATED  avgt    4   4.274 ±  0.071  ms/op
ArraysSort.Double.testParallelSort  1000000   STAGGER  avgt    4   5.599 ±  0.076  ms/op
ArraysSort.Double.testParallelSort  1000000   SHUFFLE  avgt    4  12.464 ±  0.117  ms/op
ArraysSort.Double.testSort              100    RANDOM  avgt    4   0.003 ±  0.001  ms/op
ArraysSort.Double.testSort              100  REPEATED  avgt    4   0.001 ±  0.001  ms/op
ArraysSort.Double.testSort              100   STAGGER  avgt    4   0.002 ±  0.001  ms/op
ArraysSort.Double.testSort              100   SHUFFLE  avgt    4   0.002 ±  0.001  ms/op
ArraysSort.Double.testSort             1000    RANDOM  avgt    4   0.048 ±  0.001  ms/op
ArraysSort.Double.testSort             1000  REPEATED  avgt    4   0.006 ±  0.001  ms/op
ArraysSort.Double.testSort             1000   STAGGER  avgt    4   0.007 ±  0.001  ms/op
ArraysSort.Double.testSort             1000   SHUFFLE  avgt    4   0.024 ±  0.001  ms/op
ArraysSort.Double.testSort            10000    RANDOM  avgt    4   0.631 ±  0.006  ms/op
ArraysSort.Double.testSort            10000  REPEATED  avgt    4   0.057 ±  0.001  ms/op
ArraysSort.Double.testSort            10000   STAGGER  avgt    4   0.070 ±  0.001  ms/op
ArraysSort.Double.testSort            10000   SHUFFLE  avgt    4   0.286 ±  0.004  ms/op
ArraysSort.Double.testSort           100000    RANDOM  avgt    4   7.880 ±  0.071  ms/op
ArraysSort.Double.testSort           100000  REPEATED  avgt    4   0.687 ±  0.009  ms/op
ArraysSort.Double.testSort           100000   STAGGER  avgt    4   0.685 ±  0.006  ms/op
ArraysSort.Double.testSort           100000   SHUFFLE  avgt    4   2.995 ±  0.144  ms/op
ArraysSort.Double.testSort          1000000    RANDOM  avgt    4  94.356 ±  0.416  ms/op
ArraysSort.Double.testSort          1000000  REPEATED  avgt    4   5.477 ±  0.024  ms/op
ArraysSort.Double.testSort          1000000   STAGGER  avgt    4   7.148 ±  0.675  ms/op
ArraysSort.Double.testSort          1000000   SHUFFLE  avgt    4  31.824 ±  2.663  ms/op
ArraysSort.Float.testParallelSort       100    RANDOM  avgt    4   0.003 ±  0.001  ms/op
ArraysSort.Float.testParallelSort       100  REPEATED  avgt    4   0.001 ±  0.001  ms/op
ArraysSort.Float.testParallelSort       100   STAGGER  avgt    4   0.002 ±  0.001  ms/op
ArraysSort.Float.testParallelSort       100   SHUFFLE  avgt    4   0.002 ±  0.001  ms/op
ArraysSort.Float.testParallelSort      1000    RANDOM  avgt    4   0.047 ±  0.001  ms/op
ArraysSort.Float.testParallelSort      1000  REPEATED  avgt    4   0.006 ±  0.001  ms/op
ArraysSort.Float.testParallelSort      1000   STAGGER  avgt    4   0.007 ±  0.001  ms/op
ArraysSort.Float.testParallelSort      1000   SHUFFLE  avgt    4   0.023 ±  0.001  ms/op
ArraysSort.Float.testParallelSort     10000    RANDOM  avgt    4   0.412 ±  0.005  ms/op
ArraysSort.Float.testParallelSort     10000  REPEATED  avgt    4   0.065 ±  0.001  ms/op
ArraysSort.Float.testParallelSort     10000   STAGGER  avgt    4   0.061 ±  0.002  ms/op
ArraysSort.Float.testParallelSort     10000   SHUFFLE  avgt    4   0.213 ±  0.004  ms/op
ArraysSort.Float.testParallelSort    100000    RANDOM  avgt    4   3.126 ±  0.023  ms/op
ArraysSort.Float.testParallelSort    100000  REPEATED  avgt    4   0.616 ±  0.006  ms/op
ArraysSort.Float.testParallelSort    100000   STAGGER  avgt    4   0.589 ±  0.028  ms/op
ArraysSort.Float.testParallelSort    100000   SHUFFLE  avgt    4   1.353 ±  0.037  ms/op
ArraysSort.Float.testParallelSort   1000000    RANDOM  avgt    4  31.800 ±  0.656  ms/op
ArraysSort.Float.testParallelSort   1000000  REPEATED  avgt    4   4.027 ±  0.047  ms/op
ArraysSort.Float.testParallelSort   1000000   STAGGER  avgt    4   4.823 ±  0.109  ms/op
ArraysSort.Float.testParallelSort   1000000   SHUFFLE  avgt    4  12.160 ±  0.150  ms/op
ArraysSort.Float.testSort               100    RANDOM  avgt    4   0.003 ±  0.001  ms/op
ArraysSort.Float.testSort               100  REPEATED  avgt    4   0.001 ±  0.001  ms/op
ArraysSort.Float.testSort               100   STAGGER  avgt    4   0.002 ±  0.001  ms/op
ArraysSort.Float.testSort               100   SHUFFLE  avgt    4   0.002 ±  0.001  ms/op
ArraysSort.Float.testSort              1000    RANDOM  avgt    4   0.047 ±  0.001  ms/op
ArraysSort.Float.testSort              1000  REPEATED  avgt    4   0.006 ±  0.001  ms/op
ArraysSort.Float.testSort              1000   STAGGER  avgt    4   0.006 ±  0.001  ms/op
ArraysSort.Float.testSort              1000   SHUFFLE  avgt    4   0.023 ±  0.001  ms/op
ArraysSort.Float.testSort             10000    RANDOM  avgt    4   0.636 ±  0.006  ms/op
ArraysSort.Float.testSort             10000  REPEATED  avgt    4   0.057 ±  0.001  ms/op
ArraysSort.Float.testSort             10000   STAGGER  avgt    4   0.067 ±  0.001  ms/op
ArraysSort.Float.testSort             10000   SHUFFLE  avgt    4   0.285 ±  0.003  ms/op
ArraysSort.Float.testSort            100000    RANDOM  avgt    4   7.907 ±  0.096  ms/op
ArraysSort.Float.testSort            100000  REPEATED  avgt    4   0.689 ±  0.003  ms/op
ArraysSort.Float.testSort            100000   STAGGER  avgt    4   0.653 ±  0.007  ms/op
ArraysSort.Float.testSort            100000   SHUFFLE  avgt    4   3.000 ±  0.033  ms/op
ArraysSort.Float.testSort           1000000    RANDOM  avgt    4  92.155 ±  0.578  ms/op
ArraysSort.Float.testSort           1000000  REPEATED  avgt    4   5.366 ±  0.049  ms/op
ArraysSort.Float.testSort           1000000   STAGGER  avgt    4   6.777 ±  0.037  ms/op
ArraysSort.Float.testSort           1000000   SHUFFLE  avgt    4  31.352 ±  1.424  ms/op
ArraysSort.Int.testParallelSort         100    RANDOM  avgt    4   0.003 ±  0.001  ms/op
ArraysSort.Int.testParallelSort         100  REPEATED  avgt    4   0.001 ±  0.001  ms/op
ArraysSort.Int.testParallelSort         100   STAGGER  avgt    4   0.001 ±  0.001  ms/op
ArraysSort.Int.testParallelSort         100   SHUFFLE  avgt    4   0.002 ±  0.001  ms/op
ArraysSort.Int.testParallelSort        1000    RANDOM  avgt    4   0.044 ±  0.001  ms/op
ArraysSort.Int.testParallelSort        1000  REPEATED  avgt    4   0.005 ±  0.001  ms/op
ArraysSort.Int.testParallelSort        1000   STAGGER  avgt    4   0.005 ±  0.001  ms/op
ArraysSort.Int.testParallelSort        1000   SHUFFLE  avgt    4   0.022 ±  0.001  ms/op
ArraysSort.Int.testParallelSort       10000    RANDOM  avgt    4   0.381 ±  0.006  ms/op
ArraysSort.Int.testParallelSort       10000  REPEATED  avgt    4   0.054 ±  0.001  ms/op
ArraysSort.Int.testParallelSort       10000   STAGGER  avgt    4   0.048 ±  0.001  ms/op
ArraysSort.Int.testParallelSort       10000   SHUFFLE  avgt    4   0.200 ±  0.004  ms/op
ArraysSort.Int.testParallelSort      100000    RANDOM  avgt    4   2.745 ±  0.022  ms/op
ArraysSort.Int.testParallelSort      100000  REPEATED  avgt    4   0.463 ±  0.002  ms/op
ArraysSort.Int.testParallelSort      100000   STAGGER  avgt    4   0.403 ±  0.034  ms/op
ArraysSort.Int.testParallelSort      100000   SHUFFLE  avgt    4   1.179 ±  0.038  ms/op
ArraysSort.Int.testParallelSort     1000000    RANDOM  avgt    4  30.299 ±  0.251  ms/op
ArraysSort.Int.testParallelSort     1000000  REPEATED  avgt    4   2.647 ±  0.161  ms/op
ArraysSort.Int.testParallelSort     1000000   STAGGER  avgt    4   3.396 ±  0.033  ms/op
ArraysSort.Int.testParallelSort     1000000   SHUFFLE  avgt    4  10.313 ±  0.292  ms/op
ArraysSort.Int.testSort                 100    RANDOM  avgt    4   0.003 ±  0.001  ms/op
ArraysSort.Int.testSort                 100  REPEATED  avgt    4   0.001 ±  0.001  ms/op
ArraysSort.Int.testSort                 100   STAGGER  avgt    4   0.001 ±  0.001  ms/op
ArraysSort.Int.testSort                 100   SHUFFLE  avgt    4   0.002 ±  0.001  ms/op
ArraysSort.Int.testSort                1000    RANDOM  avgt    4   0.044 ±  0.001  ms/op
ArraysSort.Int.testSort                1000  REPEATED  avgt    4   0.005 ±  0.001  ms/op
ArraysSort.Int.testSort                1000   STAGGER  avgt    4   0.005 ±  0.001  ms/op
ArraysSort.Int.testSort                1000   SHUFFLE  avgt    4   0.022 ±  0.001  ms/op
ArraysSort.Int.testSort               10000    RANDOM  avgt    4   0.594 ±  0.006  ms/op
ArraysSort.Int.testSort               10000  REPEATED  avgt    4   0.050 ±  0.001  ms/op
ArraysSort.Int.testSort               10000   STAGGER  avgt    4   0.050 ±  0.001  ms/op
ArraysSort.Int.testSort               10000   SHUFFLE  avgt    4   0.278 ±  0.002  ms/op
ArraysSort.Int.testSort              100000    RANDOM  avgt    4   7.339 ±  0.049  ms/op
ArraysSort.Int.testSort              100000  REPEATED  avgt    4   0.491 ±  0.063  ms/op
ArraysSort.Int.testSort              100000   STAGGER  avgt    4   0.521 ±  0.002  ms/op
ArraysSort.Int.testSort              100000   SHUFFLE  avgt    4   2.736 ±  0.028  ms/op
ArraysSort.Int.testSort             1000000    RANDOM  avgt    4  88.494 ±  0.093  ms/op
ArraysSort.Int.testSort             1000000  REPEATED  avgt    4   3.392 ±  0.030  ms/op
ArraysSort.Int.testSort             1000000   STAGGER  avgt    4   5.237 ±  0.019  ms/op
ArraysSort.Int.testSort             1000000   SHUFFLE  avgt    4  27.714 ±  1.317  ms/op
ArraysSort.Long.testParallelSort        100    RANDOM  avgt    4   0.003 ±  0.001  ms/op
ArraysSort.Long.testParallelSort        100  REPEATED  avgt    4   0.001 ±  0.001  ms/op
ArraysSort.Long.testParallelSort        100   STAGGER  avgt    4   0.001 ±  0.001  ms/op
ArraysSort.Long.testParallelSort        100   SHUFFLE  avgt    4   0.002 ±  0.001  ms/op
ArraysSort.Long.testParallelSort       1000    RANDOM  avgt    4   0.044 ±  0.001  ms/op
ArraysSort.Long.testParallelSort       1000  REPEATED  avgt    4   0.005 ±  0.001  ms/op
ArraysSort.Long.testParallelSort       1000   STAGGER  avgt    4   0.006 ±  0.001  ms/op
ArraysSort.Long.testParallelSort       1000   SHUFFLE  avgt    4   0.022 ±  0.001  ms/op
ArraysSort.Long.testParallelSort      10000    RANDOM  avgt    4   0.381 ±  0.004  ms/op
ArraysSort.Long.testParallelSort      10000  REPEATED  avgt    4   0.051 ±  0.002  ms/op
ArraysSort.Long.testParallelSort      10000   STAGGER  avgt    4   0.049 ±  0.001  ms/op
ArraysSort.Long.testParallelSort      10000   SHUFFLE  avgt    4   0.196 ±  0.003  ms/op
ArraysSort.Long.testParallelSort     100000    RANDOM  avgt    4   2.776 ±  0.031  ms/op
ArraysSort.Long.testParallelSort     100000  REPEATED  avgt    4   0.447 ±  0.002  ms/op
ArraysSort.Long.testParallelSort     100000   STAGGER  avgt    4   0.809 ±  0.078  ms/op
ArraysSort.Long.testParallelSort     100000   SHUFFLE  avgt    4   1.201 ±  0.007  ms/op
ArraysSort.Long.testParallelSort    1000000    RANDOM  avgt    4  29.819 ±  1.305  ms/op
ArraysSort.Long.testParallelSort    1000000  REPEATED  avgt    4   2.822 ±  0.052  ms/op
ArraysSort.Long.testParallelSort    1000000   STAGGER  avgt    4   4.388 ±  0.032  ms/op
ArraysSort.Long.testParallelSort    1000000   SHUFFLE  avgt    4  11.008 ±  0.159  ms/op
ArraysSort.Long.testSort                100    RANDOM  avgt    4   0.003 ±  0.001  ms/op
ArraysSort.Long.testSort                100  REPEATED  avgt    4   0.001 ±  0.001  ms/op
ArraysSort.Long.testSort                100   STAGGER  avgt    4   0.001 ±  0.001  ms/op
ArraysSort.Long.testSort                100   SHUFFLE  avgt    4   0.002 ±  0.001  ms/op
ArraysSort.Long.testSort               1000    RANDOM  avgt    4   0.044 ±  0.001  ms/op
ArraysSort.Long.testSort               1000  REPEATED  avgt    4   0.005 ±  0.001  ms/op
ArraysSort.Long.testSort               1000   STAGGER  avgt    4   0.005 ±  0.001  ms/op
ArraysSort.Long.testSort               1000   SHUFFLE  avgt    4   0.022 ±  0.001  ms/op
ArraysSort.Long.testSort              10000    RANDOM  avgt    4   0.585 ±  0.007  ms/op
ArraysSort.Long.testSort              10000  REPEATED  avgt    4   0.048 ±  0.001  ms/op
ArraysSort.Long.testSort              10000   STAGGER  avgt    4   0.055 ±  0.001  ms/op
ArraysSort.Long.testSort              10000   SHUFFLE  avgt    4   0.263 ±  0.003  ms/op
ArraysSort.Long.testSort             100000    RANDOM  avgt    4   7.392 ±  0.070  ms/op
ArraysSort.Long.testSort             100000  REPEATED  avgt    4   0.488 ±  0.007  ms/op
ArraysSort.Long.testSort             100000   STAGGER  avgt    4   0.551 ±  0.006  ms/op
ArraysSort.Long.testSort             100000   SHUFFLE  avgt    4   2.689 ±  0.160  ms/op
ArraysSort.Long.testSort            1000000    RANDOM  avgt    4  87.203 ±  0.891  ms/op
ArraysSort.Long.testSort            1000000  REPEATED  avgt    4   3.627 ±  0.005  ms/op
ArraysSort.Long.testSort            1000000   STAGGER  avgt    4   5.909 ±  0.353  ms/op
ArraysSort.Long.testSort            1000000   SHUFFLE  avgt    4  28.146 ±  2.884  ms/op
ArraysSort.Short.testParallelSort       100    RANDOM  avgt    4   0.003 ±  0.001  ms/op
ArraysSort.Short.testParallelSort       100  REPEATED  avgt    4   0.001 ±  0.001  ms/op
ArraysSort.Short.testParallelSort       100   STAGGER  avgt    4   0.001 ±  0.001  ms/op
ArraysSort.Short.testParallelSort       100   SHUFFLE  avgt    4   0.001 ±  0.001  ms/op
ArraysSort.Short.testParallelSort      1000    RANDOM  avgt    4   0.045 ±  0.001  ms/op
ArraysSort.Short.testParallelSort      1000  REPEATED  avgt    4   0.004 ±  0.001  ms/op
ArraysSort.Short.testParallelSort      1000   STAGGER  avgt    4   0.014 ±  0.001  ms/op
ArraysSort.Short.testParallelSort      1000   SHUFFLE  avgt    4   0.023 ±  0.001  ms/op
ArraysSort.Short.testParallelSort     10000    RANDOM  avgt    4   0.176 ±  0.001  ms/op
ArraysSort.Short.testParallelSort     10000  REPEATED  avgt    4   0.044 ±  0.004  ms/op
ArraysSort.Short.testParallelSort     10000   STAGGER  avgt    4   0.056 ±  0.001  ms/op
ArraysSort.Short.testParallelSort     10000   SHUFFLE  avgt    4   0.047 ±  0.001  ms/op
ArraysSort.Short.testParallelSort    100000    RANDOM  avgt    4   0.921 ±  0.017  ms/op
ArraysSort.Short.testParallelSort    100000  REPEATED  avgt    4   0.192 ±  0.001  ms/op
ArraysSort.Short.testParallelSort    100000   STAGGER  avgt    4   0.218 ±  0.001  ms/op
ArraysSort.Short.testParallelSort    100000   SHUFFLE  avgt    4   0.253 ±  0.036  ms/op
ArraysSort.Short.testParallelSort   1000000    RANDOM  avgt    4   2.503 ±  0.038  ms/op
ArraysSort.Short.testParallelSort   1000000  REPEATED  avgt    4   0.796 ±  0.002  ms/op
ArraysSort.Short.testParallelSort   1000000   STAGGER  avgt    4   1.232 ±  0.104  ms/op
ArraysSort.Short.testParallelSort   1000000   SHUFFLE  avgt    4   1.138 ±  0.080  ms/op
ArraysSort.Short.testSort               100    RANDOM  avgt    4   0.003 ±  0.001  ms/op
ArraysSort.Short.testSort               100  REPEATED  avgt    4   0.001 ±  0.001  ms/op
ArraysSort.Short.testSort               100   STAGGER  avgt    4   0.001 ±  0.001  ms/op
ArraysSort.Short.testSort               100   SHUFFLE  avgt    4   0.001 ±  0.001  ms/op
ArraysSort.Short.testSort              1000    RANDOM  avgt    4   0.045 ±  0.001  ms/op
ArraysSort.Short.testSort              1000  REPEATED  avgt    4   0.004 ±  0.001  ms/op
ArraysSort.Short.testSort              1000   STAGGER  avgt    4   0.013 ±  0.001  ms/op
ArraysSort.Short.testSort              1000   SHUFFLE  avgt    4   0.023 ±  0.001  ms/op
ArraysSort.Short.testSort             10000    RANDOM  avgt    4   0.175 ±  0.001  ms/op
ArraysSort.Short.testSort             10000  REPEATED  avgt    4   0.044 ±  0.004  ms/op
ArraysSort.Short.testSort             10000   STAGGER  avgt    4   0.057 ±  0.006  ms/op
ArraysSort.Short.testSort             10000   SHUFFLE  avgt    4   0.047 ±  0.001  ms/op
ArraysSort.Short.testSort            100000    RANDOM  avgt    4   0.921 ±  0.006  ms/op
ArraysSort.Short.testSort            100000  REPEATED  avgt    4   0.192 ±  0.001  ms/op
ArraysSort.Short.testSort            100000   STAGGER  avgt    4   0.218 ±  0.001  ms/op
ArraysSort.Short.testSort            100000   SHUFFLE  avgt    4   0.253 ±  0.034  ms/op
ArraysSort.Short.testSort           1000000    RANDOM  avgt    4   2.514 ±  0.047  ms/op
ArraysSort.Short.testSort           1000000  REPEATED  avgt    4   0.794 ±  0.009  ms/op
ArraysSort.Short.testSort           1000000   STAGGER  avgt    4   1.230 ±  0.088  ms/op
ArraysSort.Short.testSort           1000000   SHUFFLE  avgt    4   1.125 ±  0.210  ms/op

