CLASSPATH:   ../lib/mapbench-0.4.0.jar
Boot CP:     -Xbootclasspath/p:../lib/marlin-0.5.6-Unsafe-sun-java2d.jar -Xbootclasspath/a:../lib/marlin-0.5.6-Unsafe.jar
Java opts:   -Dsun.java2d.renderer.useThreadLocal=true -Dsun.java2d.renderer.useSimplifier=false -Dsun.java2d.renderer.useRef=soft -Dsun.java2d.renderer.pixelsize=2048 -Dsun.java2d.renderer.tileSize_log2=5 -Dsun.java2d.renderer=org.marlin.pisces.PiscesRenderingEngine -server
Java tuning:  -Xms2048m  -Xmx2048m -XX:+UseConcMarkSweepGC
JVM path
/home/bourgesl/apps/jdk1.8.0//bin//java
Java version
java version "1.8.0_60-ea"
Java(TM) SE Runtime Environment (build 1.8.0_60-ea-b05)
Java HotSpot(TM) 64-Bit Server VM (build 25.60-b05, mixed mode)
##############################################################
# Java: 1.8.0_60-ea-b05
#   VM: Java HotSpot(TM) 64-Bit Server VM 25.60-b05 (mixed mode)
#   OS: Linux 3.13.0-47-generic (amd64)
# CPUs: 4 (virtual)
##############################################################
Loading profile file: /home/marlin/mapbench/bin/../profiles/longer_shared.properties
Profile properties (merged with defaults):
  doClip=false
  doCreateStrokedShape=false
  doRotate=false
  doScale=false
  doShear=false
  doTranslate=false
  doUseDashedStroke=false
  doUseWingRuleEvenOdd=false
  maxThreads=4
  minDuration=10000.0
  minLoops=25
  pass=1
  rotateAngle=17.333
  scaleX=4.0
  scaleY=4.0
  shearX=2.0
  shearY=2.0
  translateX=0.0
  translateY=0.0
  useSharedImage=true
##############################################################
# Min duration per test = 10000.0 ms.
##############################################################
Loading maps from = /home/marlin/mapbench/bin/../maps
Results format: 
Test                                         	Threads	Ops	Med	Pct95	Avg	StdDev	Min	Max	TotalOps	[ms/op]

Calibrating up with 4 threads and 3000 loops
cleanup (explicit Full GC): 2,095,867,288 / 2,106,267,680 bytes free.
INFO: ===============================================================================
INFO: Marlin software rasterizer           = ENABLED
INFO: Version                              = [marlin-0.5.6-Unsafe]
INFO: sun.java2d.renderer                  = org.marlin.pisces.PiscesRenderingEngine
INFO: sun.java2d.renderer.useThreadLocal   = true
INFO: sun.java2d.renderer.useRef           = soft
INFO: sun.java2d.renderer.pixelsize        = 2048
INFO: sun.java2d.renderer.subPixel_log2_X  = 3
INFO: sun.java2d.renderer.subPixel_log2_Y  = 3
INFO: sun.java2d.renderer.tileSize_log2    = 5
INFO: sun.java2d.renderer.useFastMath      = true
INFO: sun.java2d.renderer.useSimplifier    = false
INFO: sun.java2d.renderer.doStats          = false
INFO: sun.java2d.renderer.doMonitors       = false
INFO: sun.java2d.renderer.doChecks         = false
INFO: sun.java2d.renderer.useJul           = false
INFO: sun.java2d.renderer.logCreateContext = false
INFO: sun.java2d.renderer.logUnsafeMalloc  = false
INFO: ===============================================================================
Calibration up took 1181.317241 ms
[calibration]                                	4	12000	0.349	0.357	0.353	0.123	0.328	10.292	12000
Loading drawing commands from file: /home/marlin/mapbench/bin/../maps/dc_boulder_2013-13-30-06-13-17.ser
Loaded DrawingCommands: DrawingCommands{width=1400, height=800, commands=4398}
drawing[dc_boulder_2013-13-30-06-13-17.ser][width = 1400, height = 800] ...

Warming up with 4 threads and 80 loops on /home/marlin/mapbench/bin/../maps/dc_boulder_2013-13-30-06-13-17.ser
cleanup (explicit Full GC): 2,078,172,848 / 2,106,878,744 bytes free.
INFO: AAShapePipe: overriding JDK implementation: marlin-renderer TILE patch enabled.
Warm up took 11556.488291 ms
dc_boulder_2013-13-30-06-13-17.ser           	4	320	112.492	122.749	139.606	151.222	111.262	1301.702	320

Warming up with 4 threads and 160 loops on /home/marlin/mapbench/bin/../maps/dc_boulder_2013-13-30-06-13-17.ser
cleanup (explicit Full GC): 2,026,433,968 / 2,108,521,360 bytes free.
Warm up took 18054.992052 ms
dc_boulder_2013-13-30-06-13-17.ser           	4	640	112.550	113.100	112.606	0.317	111.959	115.187	640
cleanup (explicit Full GC): 1,988,990,520 / 2,108,516,240 bytes free.
Initial test: 110.412665 ms.

Warming up with 2 threads and 28 loops on /home/marlin/mapbench/bin/../maps/dc_boulder_2013-13-30-06-13-17.ser
cleanup (explicit Full GC): 2,100,140,688 / 2,108,526,616 bytes free.
Warm up took 3133.684611 ms
dc_boulder_2013-13-30-06-13-17.ser           	2	56	111.832	112.047	111.823	0.135	111.553	112.267	56
cleanup (explicit Full GC): 2,081,711,768 / 2,108,525,496 bytes free.
Initial test: 110.235841 ms.
Testing file /home/marlin/mapbench/bin/../maps/dc_boulder_2013-13-30-06-13-17.ser for 95 loops ...
cleanup (explicit Full GC): 2,100,149,944 / 2,108,526,272 bytes free.
1 threads and 95 loops per thread, time: 10469.497967 ms
dc_boulder_2013-13-30-06-13-17.ser           	1	95	110.132	110.460	110.183	0.184	109.902	111.290	95
cleanup (explicit Full GC): 2,088,983,264 / 2,108,524,704 bytes free.
2 threads and 95 loops per thread, time: 10635.730877 ms
dc_boulder_2013-13-30-06-13-17.ser           	2	190	111.815	112.185	111.818	0.219	111.287	112.546	190
cleanup (explicit Full GC): 2,070,542,360 / 2,102,939,368 bytes free.
4 threads and 95 loops per thread, time: 10705.824862 ms
dc_boulder_2013-13-30-06-13-17.ser           	4	380	112.530	112.833	112.553	0.198	111.969	113.758	380


Loading drawing commands from file: /home/marlin/mapbench/bin/../maps/dc_boulder_2013-13-30-06-13-20.ser
Loaded DrawingCommands: DrawingCommands{width=1400, height=800, commands=2425}
drawing[dc_boulder_2013-13-30-06-13-20.ser][width = 1400, height = 800] ...
cleanup (explicit Full GC): 2,022,494,688 / 2,109,404,904 bytes free.
Initial test: 56.433271 ms.

Warming up with 2 threads and 55 loops on /home/marlin/mapbench/bin/../maps/dc_boulder_2013-13-30-06-13-20.ser
cleanup (explicit Full GC): 2,101,029,352 / 2,109,384,728 bytes free.
Warm up took 3075.795447 ms
dc_boulder_2013-13-30-06-13-20.ser           	2	110	55.823	56.056	55.891	0.359	55.663	58.730	110
cleanup (explicit Full GC): 2,088,153,568 / 2,109,382,912 bytes free.
Initial test: 54.769272 ms.
Testing file /home/marlin/mapbench/bin/../maps/dc_boulder_2013-13-30-06-13-20.ser for 192 loops ...
cleanup (explicit Full GC): 2,101,007,360 / 2,109,383,664 bytes free.
1 threads and 192 loops per thread, time: 10530.379599 ms
dc_boulder_2013-13-30-06-13-20.ser           	1	192	54.825	55.033	54.839	0.110	54.669	55.389	192
cleanup (explicit Full GC): 2,087,048,792 / 2,103,796,952 bytes free.
2 threads and 192 loops per thread, time: 10730.093437 ms
dc_boulder_2013-13-30-06-13-20.ser           	2	384	55.854	56.080	55.876	0.112	55.583	56.470	384
cleanup (explicit Full GC): 2,060,230,880 / 2,109,377,368 bytes free.
4 threads and 192 loops per thread, time: 10967.744213 ms
dc_boulder_2013-13-30-06-13-20.ser           	4	768	57.120	57.294	57.105	0.237	56.301	60.347	768


Loading drawing commands from file: /home/marlin/mapbench/bin/../maps/dc_shp_alllayers_2013-00-30-07-00-43.ser
Loaded DrawingCommands: DrawingCommands{width=1400, height=800, commands=568}
drawing[dc_shp_alllayers_2013-00-30-07-00-43.ser][width = 1400, height = 800] ...
cleanup (explicit Full GC): 2,023,348,896 / 2,109,887,936 bytes free.
Initial test: 46.588498 ms.

Warming up with 2 threads and 67 loops on /home/marlin/mapbench/bin/../maps/dc_shp_alllayers_2013-00-30-07-00-43.ser
cleanup (explicit Full GC): 2,101,512,384 / 2,109,894,816 bytes free.
Warm up took 3029.141138 ms
dc_shp_alllayers_2013-00-30-07-00-43.ser     	2	134	45.113	45.759	45.086	0.441	44.204	45.912	134
cleanup (explicit Full GC): 2,094,247,384 / 2,109,892,600 bytes free.
Initial test: 44.344721 ms.
Testing file /home/marlin/mapbench/bin/../maps/dc_shp_alllayers_2013-00-30-07-00-43.ser for 237 loops ...
cleanup (explicit Full GC): 2,101,517,048 / 2,109,894,816 bytes free.
1 threads and 237 loops per thread, time: 10540.173119 ms
dc_shp_alllayers_2013-00-30-07-00-43.ser     	1	237	44.517	45.021	44.469	0.407	43.639	45.262	237
cleanup (explicit Full GC): 2,098,727,400 / 2,109,891,072 bytes free.
2 threads and 237 loops per thread, time: 10680.855381 ms
dc_shp_alllayers_2013-00-30-07-00-43.ser     	2	474	45.108	45.559	45.036	0.394	44.198	46.192	474
cleanup (explicit Full GC): 2,088,659,912 / 2,109,887,400 bytes free.
4 threads and 237 loops per thread, time: 10815.090043 ms
dc_shp_alllayers_2013-00-30-07-00-43.ser     	4	948	45.551	46.236	45.597	0.351	44.881	47.067	948


Loading drawing commands from file: /home/marlin/mapbench/bin/../maps/dc_shp_alllayers_2013-00-30-07-00-47.ser
Loaded DrawingCommands: DrawingCommands{width=1400, height=800, commands=135213}
drawing[dc_shp_alllayers_2013-00-30-07-00-47.ser][width = 1400, height = 800] ...
cleanup (explicit Full GC): 1,977,564,408 / 2,071,907,304 bytes free.
Initial test: 753.740368 ms.

Warming up with 2 threads and 10 loops on /home/marlin/mapbench/bin/../maps/dc_shp_alllayers_2013-00-30-07-00-47.ser
cleanup (explicit Full GC): 2,046,780,560 / 2,067,958,336 bytes free.
Warm up took 7556.773111 ms
dc_shp_alllayers_2013-00-30-07-00-47.ser     	2	20	754.596	755.739	754.523	0.927	752.814	756.177	20
cleanup (explicit Full GC): 1,968,554,984 / 2,067,957,912 bytes free.
Initial test: 753.304742 ms.
Testing file /home/marlin/mapbench/bin/../maps/dc_shp_alllayers_2013-00-30-07-00-47.ser for 25 loops ...
cleanup (explicit Full GC): 2,048,414,904 / 2,067,958,304 bytes free.
1 threads and 25 loops per thread, time: 18836.799026 ms
dc_shp_alllayers_2013-00-30-07-00-47.ser     	1	25	753.264	754.572	753.184	1.004	750.844	754.995	25
cleanup (explicit Full GC): 1,953,491,920 / 2,067,957,952 bytes free.
2 threads and 25 loops per thread, time: 18912.764826 ms
dc_shp_alllayers_2013-00-30-07-00-47.ser     	2	50	754.997	757.764	755.169	1.570	752.236	758.063	50
cleanup (explicit Full GC): 1,840,128,856 / 2,067,957,432 bytes free.
4 threads and 25 loops per thread, time: 19067.555572 ms
dc_shp_alllayers_2013-00-30-07-00-47.ser     	4	100	757.092	765.530	758.616	9.273	753.818	845.118	100


Loading drawing commands from file: /home/marlin/mapbench/bin/../maps/dc_spearfish_2013-11-30-06-11-15.ser
Loaded DrawingCommands: DrawingCommands{width=512, height=359, commands=1232}
drawing[dc_spearfish_2013-11-30-06-11-15.ser][width = 512, height = 359] ...
cleanup (explicit Full GC): 1,857,562,520 / 2,109,799,720 bytes free.
Initial test: 12.996188 ms.

Warming up with 2 threads and 242 loops on /home/marlin/mapbench/bin/../maps/dc_spearfish_2013-11-30-06-11-15.ser
cleanup (explicit Full GC): 2,106,734,552 / 2,109,761,312 bytes free.
Warm up took 3020.636738 ms
dc_spearfish_2013-11-30-06-11-15.ser         	2	484	12.427	12.675	12.461	0.179	12.374	13.597	484
cleanup (explicit Full GC): 2,083,051,456 / 2,109,751,224 bytes free.
Initial test: 12.540325 ms.
Testing file /home/marlin/mapbench/bin/../maps/dc_spearfish_2013-11-30-06-11-15.ser for 839 loops ...
cleanup (explicit Full GC): 2,106,686,216 / 2,109,759,040 bytes free.
1 threads and 839 loops per thread, time: 10402.049568 ms
dc_spearfish_2013-11-30-06-11-15.ser         	1	839	12.382	12.462	12.397	0.060	12.356	13.246	839
cleanup (explicit Full GC): 2,074,640,200 / 2,109,745,568 bytes free.
2 threads and 839 loops per thread, time: 10443.26024 ms
dc_spearfish_2013-11-30-06-11-15.ser         	2	1678	12.427	12.487	12.428	0.058	12.368	13.227	1678
cleanup (explicit Full GC): 2,038,942,448 / 2,109,732,016 bytes free.
4 threads and 839 loops per thread, time: 10482.944589 ms
dc_spearfish_2013-11-30-06-11-15.ser         	4	3356	12.444	12.539	12.457	0.179	12.382	17.143	3356


Loading drawing commands from file: /home/marlin/mapbench/bin/../maps/dc_spearfish_2013-11-30-06-11-19.ser
Loaded DrawingCommands: DrawingCommands{width=512, height=359, commands=349}
drawing[dc_spearfish_2013-11-30-06-11-19.ser][width = 512, height = 359] ...
cleanup (explicit Full GC): 1,969,792,408 / 2,110,021,664 bytes free.
Initial test: 6.466404 ms.

Warming up with 2 threads and 488 loops on /home/marlin/mapbench/bin/../maps/dc_spearfish_2013-11-30-06-11-19.ser
cleanup (explicit Full GC): 2,107,550,848 / 2,110,066,864 bytes free.
Warm up took 3164.290982 ms
dc_spearfish_2013-11-30-06-11-19.ser         	2	976	6.462	6.492	6.465	0.027	6.428	6.753	976
cleanup (explicit Full GC): 2,094,901,688 / 2,110,051,192 bytes free.
Initial test: 6.470008 ms.
Testing file /home/marlin/mapbench/bin/../maps/dc_spearfish_2013-11-30-06-11-19.ser for 1626 loops ...
cleanup (explicit Full GC): 2,107,580,528 / 2,110,066,880 bytes free.
1 threads and 1626 loops per thread, time: 10504.991533 ms
dc_spearfish_2013-11-30-06-11-19.ser         	1	1626	6.454	6.509	6.460	0.027	6.435	6.818	1626
cleanup (explicit Full GC): 2,089,939,576 / 2,110,040,904 bytes free.
2 threads and 1626 loops per thread, time: 10547.039717 ms
dc_spearfish_2013-11-30-06-11-19.ser         	2	3252	6.467	6.522	6.467	0.034	6.428	6.954	3252
cleanup (explicit Full GC): 2,071,138,280 / 2,110,014,768 bytes free.
4 threads and 1626 loops per thread, time: 10554.882646 ms
dc_spearfish_2013-11-30-06-11-19.ser         	4	6504	6.475	6.498	6.478	0.071	6.434	10.534	6504


Loading drawing commands from file: /home/marlin/mapbench/bin/../maps/dc_topp:states_2013-11-30-06-11-06.ser
Loaded DrawingCommands: DrawingCommands{width=780, height=330, commands=119}
drawing[dc_topp:states_2013-11-30-06-11-06.ser][width = 780, height = 330] ...
cleanup (explicit Full GC): 2,030,202,416 / 2,109,962,680 bytes free.
Initial test: 12.06208 ms.

Warming up with 2 threads and 261 loops on /home/marlin/mapbench/bin/../maps/dc_topp:states_2013-11-30-06-11-06.ser
cleanup (explicit Full GC): 2,106,371,888 / 2,110,063,704 bytes free.
Warm up took 3199.989262 ms
dc_topp:states_2013-11-30-06-11-06.ser       	2	522	12.217	12.346	12.183	0.097	12.065	12.548	522
cleanup (explicit Full GC): 2,103,928,672 / 2,110,055,280 bytes free.
Initial test: 12.050221 ms.
Testing file /home/marlin/mapbench/bin/../maps/dc_topp:states_2013-11-30-06-11-06.ser for 873 loops ...
cleanup (explicit Full GC): 2,106,464,440 / 2,110,063,704 bytes free.
1 threads and 873 loops per thread, time: 10545.314608 ms
dc_topp:states_2013-11-30-06-11-06.ser       	1	873	12.057	12.177	12.079	0.050	12.036	12.374	873
cleanup (explicit Full GC): 2,104,777,392 / 2,110,049,784 bytes free.
2 threads and 873 loops per thread, time: 10702.998383 ms
dc_topp:states_2013-11-30-06-11-06.ser       	2	1746	12.214	12.354	12.176	0.100	12.061	12.553	1746
cleanup (explicit Full GC): 2,097,494,496 / 2,110,035,688 bytes free.
4 threads and 873 loops per thread, time: 10701.024874 ms
dc_topp:states_2013-11-30-06-11-06.ser       	4	3492	12.079	12.294	12.132	0.118	12.033	16.174	3492


Loading drawing commands from file: /home/marlin/mapbench/bin/../maps/dc_topp:states_2013-11-30-06-11-07.ser
Loaded DrawingCommands: DrawingCommands{width=780, height=330, commands=144}
drawing[dc_topp:states_2013-11-30-06-11-07.ser][width = 780, height = 330] ...
cleanup (explicit Full GC): 2,088,639,040 / 2,110,025,608 bytes free.
Initial test: 7.225171 ms.

Warming up with 2 threads and 437 loops on /home/marlin/mapbench/bin/../maps/dc_topp:states_2013-11-30-06-11-07.ser
cleanup (explicit Full GC): 2,106,434,776 / 2,110,077,800 bytes free.
Warm up took 3168.469031 ms
dc_topp:states_2013-11-30-06-11-07.ser       	2	874	7.237	7.309	7.245	0.030	7.214	7.398	874
cleanup (explicit Full GC): 2,100,551,888 / 2,110,063,760 bytes free.
Initial test: 7.288371 ms.
Testing file /home/marlin/mapbench/bin/../maps/dc_topp:states_2013-11-30-06-11-07.ser for 1444 loops ...
cleanup (explicit Full GC): 2,106,563,336 / 2,110,077,816 bytes free.
1 threads and 1444 loops per thread, time: 10444.23837 ms
dc_topp:states_2013-11-30-06-11-07.ser       	1	1444	7.223	7.293	7.232	0.030	7.200	7.432	1444
cleanup (explicit Full GC): 2,101,400,320 / 2,110,054,752 bytes free.
2 threads and 1444 loops per thread, time: 10464.155699 ms
dc_topp:states_2013-11-30-06-11-07.ser       	2	2888	7.238	7.299	7.245	0.029	7.211	7.545	2888
cleanup (explicit Full GC): 2,092,322,840 / 2,110,031,528 bytes free.
4 threads and 1444 loops per thread, time: 10546.208949 ms
dc_topp:states_2013-11-30-06-11-07.ser       	4	5776	7.242	7.348	7.258	0.041	7.210	7.790	5776


Loading drawing commands from file: /home/marlin/mapbench/bin/../maps/test_z_625k.ser
Loaded DrawingCommands: DrawingCommands{width=1272, height=1261, commands=23345}
drawing[test_z_625k.ser][width = 1272, height = 1261] ...
cleanup (explicit Full GC): 2,058,552,872 / 2,103,498,104 bytes free.
Initial test: 164.329175 ms.

Warming up with 2 threads and 19 loops on /home/marlin/mapbench/bin/../maps/test_z_625k.ser
cleanup (explicit Full GC): 2,092,825,344 / 2,102,782,944 bytes free.
Warm up took 3129.946322 ms
test_z_625k.ser                              	2	38	164.590	164.760	164.588	0.105	164.410	164.884	38
cleanup (explicit Full GC): 2,059,380,768 / 2,102,782,240 bytes free.
Initial test: 163.022993 ms.
Testing file /home/marlin/mapbench/bin/../maps/test_z_625k.ser for 64 loops ...
cleanup (explicit Full GC): 2,092,290,312 / 2,102,782,912 bytes free.
1 threads and 64 loops per thread, time: 10464.618339 ms
test_z_625k.ser                              	1	64	163.430	163.932	163.478	0.242	163.071	164.118	64
cleanup (explicit Full GC): 2,046,330,248 / 2,102,781,936 bytes free.
2 threads and 64 loops per thread, time: 10535.297393 ms
test_z_625k.ser                              	2	128	164.558	164.766	164.569	0.162	164.147	165.834	128
cleanup (explicit Full GC): 1,990,159,696 / 2,102,780,784 bytes free.
4 threads and 64 loops per thread, time: 10625.527518 ms
test_z_625k.ser                              	4	256	165.958	166.326	165.938	0.275	165.296	166.827	256


WARMUP results:
Test                                         	Threads	Ops	Med	Pct95	Avg	StdDev	Min	Max	TotalOps	[ms/op]
<<< Calib 1
[calibration]                                	4	12000	0.349	0.357	0.353	0.123	0.328	10.292	12000
>>> Calib 1
<<< Warmup 1
dc_boulder_2013-13-30-06-13-17.ser           	4	320	112.492	122.749	139.606	151.222	111.262	1301.702	320
>>> Warmup 1
<<< Warmup 2
dc_boulder_2013-13-30-06-13-17.ser           	4	640	112.550	113.100	112.606	0.317	111.959	115.187	640
>>> Warmup 2
dc_boulder_2013-13-30-06-13-17.ser           	2	56	111.832	112.047	111.823	0.135	111.553	112.267	56
dc_boulder_2013-13-30-06-13-20.ser           	2	110	55.823	56.056	55.891	0.359	55.663	58.730	110
dc_shp_alllayers_2013-00-30-07-00-43.ser     	2	134	45.113	45.759	45.086	0.441	44.204	45.912	134
dc_shp_alllayers_2013-00-30-07-00-47.ser     	2	20	754.596	755.739	754.523	0.927	752.814	756.177	20
dc_spearfish_2013-11-30-06-11-15.ser         	2	484	12.427	12.675	12.461	0.179	12.374	13.597	484
dc_spearfish_2013-11-30-06-11-19.ser         	2	976	6.462	6.492	6.465	0.027	6.428	6.753	976
dc_topp:states_2013-11-30-06-11-06.ser       	2	522	12.217	12.346	12.183	0.097	12.065	12.548	522
dc_topp:states_2013-11-30-06-11-07.ser       	2	874	7.237	7.309	7.245	0.030	7.214	7.398	874
test_z_625k.ser                              	2	38	164.590	164.760	164.588	0.105	164.410	164.884	38

TEST results:
Test                                         	Threads	Ops	Med	Pct95	Avg	StdDev	Min	Max	TotalOps	[ms/op]
dc_boulder_2013-13-30-06-13-17.ser           	1	95	110.132	110.460	110.183	0.184	109.902	111.290	95
dc_boulder_2013-13-30-06-13-17.ser           	2	190	111.815	112.185	111.818	0.219	111.287	112.546	190
dc_boulder_2013-13-30-06-13-17.ser           	4	380	112.530	112.833	112.553	0.198	111.969	113.758	380
dc_boulder_2013-13-30-06-13-20.ser           	1	192	54.825	55.033	54.839	0.110	54.669	55.389	192
dc_boulder_2013-13-30-06-13-20.ser           	2	384	55.854	56.080	55.876	0.112	55.583	56.470	384
dc_boulder_2013-13-30-06-13-20.ser           	4	768	57.120	57.294	57.105	0.237	56.301	60.347	768
dc_shp_alllayers_2013-00-30-07-00-43.ser     	1	237	44.517	45.021	44.469	0.407	43.639	45.262	237
dc_shp_alllayers_2013-00-30-07-00-43.ser     	2	474	45.108	45.559	45.036	0.394	44.198	46.192	474
dc_shp_alllayers_2013-00-30-07-00-43.ser     	4	948	45.551	46.236	45.597	0.351	44.881	47.067	948
dc_shp_alllayers_2013-00-30-07-00-47.ser     	1	25	753.264	754.572	753.184	1.004	750.844	754.995	25
dc_shp_alllayers_2013-00-30-07-00-47.ser     	2	50	754.997	757.764	755.169	1.570	752.236	758.063	50
dc_shp_alllayers_2013-00-30-07-00-47.ser     	4	100	757.092	765.530	758.616	9.273	753.818	845.118	100
dc_spearfish_2013-11-30-06-11-15.ser         	1	839	12.382	12.462	12.397	0.060	12.356	13.246	839
dc_spearfish_2013-11-30-06-11-15.ser         	2	1678	12.427	12.487	12.428	0.058	12.368	13.227	1678
dc_spearfish_2013-11-30-06-11-15.ser         	4	3356	12.444	12.539	12.457	0.179	12.382	17.143	3356
dc_spearfish_2013-11-30-06-11-19.ser         	1	1626	6.454	6.509	6.460	0.027	6.435	6.818	1626
dc_spearfish_2013-11-30-06-11-19.ser         	2	3252	6.467	6.522	6.467	0.034	6.428	6.954	3252
dc_spearfish_2013-11-30-06-11-19.ser         	4	6504	6.475	6.498	6.478	0.071	6.434	10.534	6504
dc_topp:states_2013-11-30-06-11-06.ser       	1	873	12.057	12.177	12.079	0.050	12.036	12.374	873
dc_topp:states_2013-11-30-06-11-06.ser       	2	1746	12.214	12.354	12.176	0.100	12.061	12.553	1746
dc_topp:states_2013-11-30-06-11-06.ser       	4	3492	12.079	12.294	12.132	0.118	12.033	16.174	3492
dc_topp:states_2013-11-30-06-11-07.ser       	1	1444	7.223	7.293	7.232	0.030	7.200	7.432	1444
dc_topp:states_2013-11-30-06-11-07.ser       	2	2888	7.238	7.299	7.245	0.029	7.211	7.545	2888
dc_topp:states_2013-11-30-06-11-07.ser       	4	5776	7.242	7.348	7.258	0.041	7.210	7.790	5776
test_z_625k.ser                              	1	64	163.430	163.932	163.478	0.242	163.071	164.118	64
test_z_625k.ser                              	2	128	164.558	164.766	164.569	0.162	164.147	165.834	128
test_z_625k.ser                              	4	256	165.958	166.326	165.938	0.275	165.296	166.827	256

Scores:

Tests	27	9	9	9	
Threads	4	1	2	4	
Pct95	130.718	129.718	130.557	131.877	
