CLASSPATH:   ../lib/mapbench-0.4.0.jar
Boot CP:     -Xbootclasspath/p:../lib/marlin-0.5.6-Unsafe-sun-java2d.jar -Xbootclasspath/a:../lib/marlin-0.5.6-Unsafe.jar
Java opts:   -Dsun.java2d.renderer.useThreadLocal=true -Dsun.java2d.renderer.useSimplifier=false -Dsun.java2d.renderer.useRef=soft -Dsun.java2d.renderer.pixelsize=2048 -Dsun.java2d.renderer.tileSize_log2=5 -Dsun.java2d.renderer=org.marlin.pisces.PiscesRenderingEngine -server
Java tuning:  -Xms2048m  -Xmx2048m -XX:+UseConcMarkSweepGC
JVM path
/home/bourgesl/apps/jdk1.8.0//bin//java
Java version
java version "1.8.0_60-ea"
Java(TM) SE Runtime Environment (build 1.8.0_60-ea-b05)
Java HotSpot(TM) 64-Bit Server VM (build 25.60-b05, mixed mode)
##############################################################
# Java: 1.8.0_60-ea-b05
#   VM: Java HotSpot(TM) 64-Bit Server VM 25.60-b05 (mixed mode)
#   OS: Linux 3.13.0-47-generic (amd64)
# CPUs: 4 (virtual)
##############################################################
Loading profile file: /home/marlin/mapbench/bin/../profiles/longer_shared.properties
Profile properties (merged with defaults):
  doClip=false
  doCreateStrokedShape=false
  doRotate=false
  doScale=false
  doShear=false
  doTranslate=false
  doUseDashedStroke=false
  doUseWingRuleEvenOdd=false
  maxThreads=4
  minDuration=10000.0
  minLoops=25
  pass=1
  rotateAngle=17.333
  scaleX=4.0
  scaleY=4.0
  shearX=2.0
  shearY=2.0
  translateX=0.0
  translateY=0.0
  useSharedImage=true
##############################################################
# Min duration per test = 10000.0 ms.
##############################################################
Loading maps from = /home/marlin/mapbench/bin/../maps
Results format: 
Test                                         	Threads	Ops	Med	Pct95	Avg	StdDev	Min	Max	TotalOps	[ms/op]

Calibrating up with 4 threads and 3000 loops
cleanup (explicit Full GC): 2,095,867,288 / 2,106,267,680 bytes free.
INFO: ===============================================================================
INFO: Marlin software rasterizer           = ENABLED
INFO: Version                              = [marlin-0.5.6-Unsafe]
INFO: sun.java2d.renderer                  = org.marlin.pisces.PiscesRenderingEngine
INFO: sun.java2d.renderer.useThreadLocal   = true
INFO: sun.java2d.renderer.useRef           = soft
INFO: sun.java2d.renderer.pixelsize        = 2048
INFO: sun.java2d.renderer.subPixel_log2_X  = 3
INFO: sun.java2d.renderer.subPixel_log2_Y  = 3
INFO: sun.java2d.renderer.tileSize_log2    = 5
INFO: sun.java2d.renderer.useFastMath      = true
INFO: sun.java2d.renderer.useSimplifier    = false
INFO: sun.java2d.renderer.doStats          = false
INFO: sun.java2d.renderer.doMonitors       = false
INFO: sun.java2d.renderer.doChecks         = false
INFO: sun.java2d.renderer.useJul           = false
INFO: sun.java2d.renderer.logCreateContext = false
INFO: sun.java2d.renderer.logUnsafeMalloc  = false
INFO: ===============================================================================
Calibration up took 1190.615229 ms
[calibration]                                	4	12000	0.349	0.357	0.353	0.131	0.326	11.067	12000
Loading drawing commands from file: /home/marlin/mapbench/bin/../maps/dc_boulder_2013-13-30-06-13-17.ser
Loaded DrawingCommands: DrawingCommands{width=1400, height=800, commands=4398}
drawing[dc_boulder_2013-13-30-06-13-17.ser][width = 1400, height = 800] ...

Warming up with 4 threads and 80 loops on /home/marlin/mapbench/bin/../maps/dc_boulder_2013-13-30-06-13-17.ser
cleanup (explicit Full GC): 2,080,964,672 / 2,106,878,744 bytes free.
INFO: AAShapePipe: overriding JDK implementation: marlin-renderer TILE patch enabled.
Warm up took 10762.42853 ms
dc_boulder_2013-13-30-06-13-17.ser           	4	320	113.316	117.826	132.950	125.703	112.007	1337.300	320

Warming up with 4 threads and 160 loops on /home/marlin/mapbench/bin/../maps/dc_boulder_2013-13-30-06-13-17.ser
cleanup (explicit Full GC): 2,026,433,968 / 2,108,521,768 bytes free.
Warm up took 18202.806271 ms
dc_boulder_2013-13-30-06-13-17.ser           	4	640	113.393	114.085	113.381	0.534	112.450	117.020	640
cleanup (explicit Full GC): 1,988,990,928 / 2,108,516,768 bytes free.
Initial test: 111.050233 ms.

Warming up with 2 threads and 28 loops on /home/marlin/mapbench/bin/../maps/dc_boulder_2013-13-30-06-13-17.ser
cleanup (explicit Full GC): 2,100,141,216 / 2,108,527,024 bytes free.
Warm up took 3206.06736 ms
dc_boulder_2013-13-30-06-13-17.ser           	2	56	113.463	114.783	113.244	1.202	111.675	115.146	56
cleanup (explicit Full GC): 2,081,712,176 / 2,108,525,904 bytes free.
Initial test: 110.963918 ms.
Testing file /home/marlin/mapbench/bin/../maps/dc_boulder_2013-13-30-06-13-17.ser for 94 loops ...
cleanup (explicit Full GC): 2,100,150,352 / 2,108,526,680 bytes free.
1 threads and 94 loops per thread, time: 10431.540712 ms
dc_boulder_2013-13-30-06-13-17.ser           	1	94	110.952	111.165	110.951	0.119	110.722	111.343	94
cleanup (explicit Full GC): 2,088,983,672 / 2,108,525,128 bytes free.
2 threads and 94 loops per thread, time: 10749.538327 ms
dc_boulder_2013-13-30-06-13-17.ser           	2	188	113.103	114.584	113.151	1.198	111.645	115.429	188
cleanup (explicit Full GC): 2,064,959,096 / 2,108,523,416 bytes free.
4 threads and 94 loops per thread, time: 10816.316852 ms
dc_boulder_2013-13-30-06-13-17.ser           	4	376	113.198	115.217	113.619	0.871	112.514	118.553	376


Loading drawing commands from file: /home/marlin/mapbench/bin/../maps/dc_boulder_2013-13-30-06-13-20.ser
Loaded DrawingCommands: DrawingCommands{width=1400, height=800, commands=2425}
drawing[dc_boulder_2013-13-30-06-13-20.ser][width = 1400, height = 800] ...
cleanup (explicit Full GC): 2,028,078,736 / 2,109,405,376 bytes free.
Initial test: 57.083808 ms.

Warming up with 2 threads and 55 loops on /home/marlin/mapbench/bin/../maps/dc_boulder_2013-13-30-06-13-20.ser
cleanup (explicit Full GC): 2,101,029,824 / 2,109,385,048 bytes free.
Warm up took 3097.583264 ms
dc_boulder_2013-13-30-06-13-20.ser           	2	110	56.204	56.405	56.263	0.333	56.006	58.959	110
cleanup (explicit Full GC): 2,088,153,888 / 2,109,383,232 bytes free.
Initial test: 55.640782 ms.
Testing file /home/marlin/mapbench/bin/../maps/dc_boulder_2013-13-30-06-13-20.ser for 189 loops ...
cleanup (explicit Full GC): 2,101,007,680 / 2,109,383,984 bytes free.
1 threads and 189 loops per thread, time: 10394.748557 ms
dc_boulder_2013-13-30-06-13-20.ser           	1	189	54.972	55.136	54.992	0.128	54.782	55.799	189
cleanup (explicit Full GC): 2,087,049,112 / 2,103,797,320 bytes free.
2 threads and 189 loops per thread, time: 10658.915605 ms
dc_boulder_2013-13-30-06-13-20.ser           	2	378	56.263	56.549	56.229	0.211	55.768	56.785	378
cleanup (explicit Full GC): 2,060,231,248 / 2,109,377,784 bytes free.
4 threads and 189 loops per thread, time: 10824.271859 ms
dc_boulder_2013-13-30-06-13-20.ser           	4	756	57.095	57.513	57.071	0.326	56.141	61.042	756


Loading drawing commands from file: /home/marlin/mapbench/bin/../maps/dc_shp_alllayers_2013-00-30-07-00-43.ser
Loaded DrawingCommands: DrawingCommands{width=1400, height=800, commands=568}
drawing[dc_shp_alllayers_2013-00-30-07-00-43.ser][width = 1400, height = 800] ...
cleanup (explicit Full GC): 2,023,349,312 / 2,109,889,056 bytes free.
Initial test: 45.749787 ms.

Warming up with 2 threads and 69 loops on /home/marlin/mapbench/bin/../maps/dc_shp_alllayers_2013-00-30-07-00-43.ser
cleanup (explicit Full GC): 2,101,513,504 / 2,109,895,136 bytes free.
Warm up took 3061.441694 ms
dc_shp_alllayers_2013-00-30-07-00-43.ser     	2	138	44.327	44.587	44.346	0.146	44.079	44.724	138
cleanup (explicit Full GC): 2,094,247,704 / 2,109,892,856 bytes free.
Initial test: 44.426344 ms.
Testing file /home/marlin/mapbench/bin/../maps/dc_shp_alllayers_2013-00-30-07-00-43.ser for 236 loops ...
cleanup (explicit Full GC): 2,101,517,304 / 2,109,895,136 bytes free.
1 threads and 236 loops per thread, time: 10336.713009 ms
dc_shp_alllayers_2013-00-30-07-00-43.ser     	1	236	43.776	44.026	43.796	0.136	43.544	44.467	236
cleanup (explicit Full GC): 2,098,727,720 / 2,109,891,408 bytes free.
2 threads and 236 loops per thread, time: 10464.855382 ms
dc_shp_alllayers_2013-00-30-07-00-43.ser     	2	472	44.327	44.563	44.335	0.123	44.072	44.750	472
cleanup (explicit Full GC): 2,088,660,248 / 2,109,887,512 bytes free.
4 threads and 236 loops per thread, time: 10642.593161 ms
dc_shp_alllayers_2013-00-30-07-00-43.ser     	4	944	45.022	45.372	45.049	0.180	44.482	46.214	944


Loading drawing commands from file: /home/marlin/mapbench/bin/../maps/dc_shp_alllayers_2013-00-30-07-00-47.ser
Loaded DrawingCommands: DrawingCommands{width=1400, height=800, commands=135213}
drawing[dc_shp_alllayers_2013-00-30-07-00-47.ser][width = 1400, height = 800] ...
cleanup (explicit Full GC): 1,977,564,080 / 2,071,907,688 bytes free.
Initial test: 780.334075 ms.

Warming up with 2 threads and 10 loops on /home/marlin/mapbench/bin/../maps/dc_shp_alllayers_2013-00-30-07-00-47.ser
cleanup (explicit Full GC): 2,046,780,944 / 2,067,958,688 bytes free.
Warm up took 7753.407232 ms
dc_shp_alllayers_2013-00-30-07-00-47.ser     	2	20	774.503	776.220	774.445	1.112	772.500	776.452	20
cleanup (explicit Full GC): 1,968,555,336 / 2,067,958,232 bytes free.
Initial test: 782.0792 ms.
Testing file /home/marlin/mapbench/bin/../maps/dc_shp_alllayers_2013-00-30-07-00-47.ser for 25 loops ...
cleanup (explicit Full GC): 2,048,415,224 / 2,067,958,624 bytes free.
1 threads and 25 loops per thread, time: 19492.928895 ms
dc_shp_alllayers_2013-00-30-07-00-47.ser     	1	25	779.455	781.127	779.427	1.020	777.828	781.710	25
cleanup (explicit Full GC): 1,953,492,240 / 2,067,958,272 bytes free.
2 threads and 25 loops per thread, time: 19385.093267 ms
dc_shp_alllayers_2013-00-30-07-00-47.ser     	2	50	775.210	777.759	775.094	1.531	771.692	777.828	50
cleanup (explicit Full GC): 1,840,129,176 / 2,067,957,752 bytes free.
4 threads and 25 loops per thread, time: 19712.620288 ms
dc_shp_alllayers_2013-00-30-07-00-47.ser     	4	100	782.341	790.010	781.618	5.941	772.881	799.657	100


Loading drawing commands from file: /home/marlin/mapbench/bin/../maps/dc_spearfish_2013-11-30-06-11-15.ser
Loaded DrawingCommands: DrawingCommands{width=512, height=359, commands=1232}
drawing[dc_spearfish_2013-11-30-06-11-15.ser][width = 512, height = 359] ...
cleanup (explicit Full GC): 1,862,172,344 / 2,109,800,040 bytes free.
Initial test: 13.025057 ms.

Warming up with 2 threads and 242 loops on /home/marlin/mapbench/bin/../maps/dc_spearfish_2013-11-30-06-11-15.ser
cleanup (explicit Full GC): 2,106,611,200 / 2,109,761,512 bytes free.
Warm up took 3059.133748 ms
dc_spearfish_2013-11-30-06-11-15.ser         	2	484	12.601	12.770	12.610	0.108	12.520	13.260	484
cleanup (explicit Full GC): 2,080,048,456 / 2,109,752,984 bytes free.
Initial test: 12.713389 ms.
Testing file /home/marlin/mapbench/bin/../maps/dc_spearfish_2013-11-30-06-11-15.ser for 827 loops ...
cleanup (explicit Full GC): 2,106,670,296 / 2,109,760,800 bytes free.
1 threads and 827 loops per thread, time: 10374.493362 ms
dc_spearfish_2013-11-30-06-11-15.ser         	1	827	12.519	12.646	12.544	0.069	12.486	13.107	827
cleanup (explicit Full GC): 2,074,196,760 / 2,109,747,520 bytes free.
2 threads and 827 loops per thread, time: 10443.529545 ms
dc_spearfish_2013-11-30-06-11-15.ser         	2	1654	12.595	12.720	12.595	0.069	12.511	13.090	1654
cleanup (explicit Full GC): 2,039,605,024 / 2,109,734,160 bytes free.
4 threads and 827 loops per thread, time: 10554.911999 ms
dc_spearfish_2013-11-30-06-11-15.ser         	4	3308	12.623	12.815	12.648	0.195	12.525	17.613	3308


Loading drawing commands from file: /home/marlin/mapbench/bin/../maps/dc_spearfish_2013-11-30-06-11-19.ser
Loaded DrawingCommands: DrawingCommands{width=512, height=359, commands=349}
drawing[dc_spearfish_2013-11-30-06-11-19.ser][width = 512, height = 359] ...
cleanup (explicit Full GC): 1,969,674,216 / 2,110,024,192 bytes free.
Initial test: 6.473767 ms.

Warming up with 2 threads and 487 loops on /home/marlin/mapbench/bin/../maps/dc_spearfish_2013-11-30-06-11-19.ser
cleanup (explicit Full GC): 2,107,468,928 / 2,110,068,624 bytes free.
Warm up took 3161.501786 ms
dc_spearfish_2013-11-30-06-11-19.ser         	2	974	6.485	6.503	6.487	0.017	6.463	6.752	974
cleanup (explicit Full GC): 2,095,290,384 / 2,110,052,984 bytes free.
Initial test: 6.546139 ms.
Testing file /home/marlin/mapbench/bin/../maps/dc_spearfish_2013-11-30-06-11-19.ser for 1608 loops ...
cleanup (explicit Full GC): 2,107,566,800 / 2,110,068,640 bytes free.
1 threads and 1608 loops per thread, time: 10422.564197 ms
dc_spearfish_2013-11-30-06-11-19.ser         	1	1608	6.476	6.531	6.481	0.026	6.460	7.001	1608
cleanup (explicit Full GC): 2,090,617,304 / 2,110,042,952 bytes free.
2 threads and 1608 loops per thread, time: 10439.676212 ms
dc_spearfish_2013-11-30-06-11-19.ser         	2	3216	6.486	6.503	6.488	0.015	6.462	6.693	3216
cleanup (explicit Full GC): 2,070,587,952 / 2,110,017,104 bytes free.
4 threads and 1608 loops per thread, time: 10534.332748 ms
dc_spearfish_2013-11-30-06-11-19.ser         	4	6432	6.497	6.557	6.510	0.036	6.466	8.127	6432


Loading drawing commands from file: /home/marlin/mapbench/bin/../maps/dc_topp:states_2013-11-30-06-11-06.ser
Loaded DrawingCommands: DrawingCommands{width=780, height=330, commands=119}
drawing[dc_topp:states_2013-11-30-06-11-06.ser][width = 780, height = 330] ...
cleanup (explicit Full GC): 2,030,142,392 / 2,109,965,616 bytes free.
Initial test: 12.150492 ms.

Warming up with 2 threads and 259 loops on /home/marlin/mapbench/bin/../maps/dc_topp:states_2013-11-30-06-11-06.ser
cleanup (explicit Full GC): 2,106,392,432 / 2,110,065,464 bytes free.
Warm up took 3129.136158 ms
dc_topp:states_2013-11-30-06-11-06.ser       	2	518	12.058	12.128	12.065	0.028	12.011	12.203	518
cleanup (explicit Full GC): 2,103,834,568 / 2,110,057,104 bytes free.
Initial test: 12.130679 ms.
Testing file /home/marlin/mapbench/bin/../maps/dc_topp:states_2013-11-30-06-11-06.ser for 867 loops ...
cleanup (explicit Full GC): 2,106,541,304 / 2,110,065,464 bytes free.
1 threads and 867 loops per thread, time: 10458.202237 ms
dc_topp:states_2013-11-30-06-11-06.ser       	1	867	12.051	12.125	12.062	0.032	12.017	12.310	867
cleanup (explicit Full GC): 2,104,814,344 / 2,110,051,640 bytes free.
2 threads and 867 loops per thread, time: 10474.677623 ms
dc_topp:states_2013-11-30-06-11-06.ser       	2	1734	12.065	12.126	12.073	0.037	12.028	13.109	1734
cleanup (explicit Full GC): 2,098,898,320 / 2,110,037,640 bytes free.
4 threads and 867 loops per thread, time: 10526.12863 ms
dc_topp:states_2013-11-30-06-11-06.ser       	4	3468	12.076	12.162	12.092	0.041	12.023	12.576	3468


Loading drawing commands from file: /home/marlin/mapbench/bin/../maps/dc_topp:states_2013-11-30-06-11-07.ser
Loaded DrawingCommands: DrawingCommands{width=780, height=330, commands=144}
drawing[dc_topp:states_2013-11-30-06-11-07.ser][width = 780, height = 330] ...
cleanup (explicit Full GC): 2,088,607,624 / 2,110,027,808 bytes free.
Initial test: 7.257079 ms.

Warming up with 2 threads and 435 loops on /home/marlin/mapbench/bin/../maps/dc_topp:states_2013-11-30-06-11-07.ser
cleanup (explicit Full GC): 2,106,516,144 / 2,110,079,560 bytes free.
Warm up took 3157.203362 ms
dc_topp:states_2013-11-30-06-11-07.ser       	2	870	7.248	7.297	7.252	0.020	7.225	7.378	870
cleanup (explicit Full GC): 2,100,419,608 / 2,110,065,584 bytes free.
Initial test: 7.311657 ms.
Testing file /home/marlin/mapbench/bin/../maps/dc_topp:states_2013-11-30-06-11-07.ser for 1439 loops ...
cleanup (explicit Full GC): 2,106,549,784 / 2,110,079,576 bytes free.
1 threads and 1439 loops per thread, time: 10427.318227 ms
dc_topp:states_2013-11-30-06-11-07.ser       	1	1439	7.236	7.311	7.246	0.030	7.208	7.421	1439
cleanup (explicit Full GC): 2,100,102,272 / 2,110,056,592 bytes free.
2 threads and 1439 loops per thread, time: 10436.787456 ms
dc_topp:states_2013-11-30-06-11-07.ser       	2	2878	7.248	7.292	7.252	0.019	7.218	7.393	2878
cleanup (explicit Full GC): 2,093,661,568 / 2,110,033,448 bytes free.
4 threads and 1439 loops per thread, time: 10534.388475 ms
dc_topp:states_2013-11-30-06-11-07.ser       	4	5756	7.252	7.327	7.271	0.098	7.213	12.482	5756


Loading drawing commands from file: /home/marlin/mapbench/bin/../maps/test_z_625k.ser
Loaded DrawingCommands: DrawingCommands{width=1272, height=1261, commands=23345}
drawing[test_z_625k.ser][width = 1272, height = 1261] ...
cleanup (explicit Full GC): 2,052,931,704 / 2,103,499,832 bytes free.
Initial test: 166.860702 ms.

Warming up with 2 threads and 18 loops on /home/marlin/mapbench/bin/../maps/test_z_625k.ser
cleanup (explicit Full GC): 2,092,985,384 / 2,102,784,440 bytes free.
Warm up took 2997.632305 ms
test_z_625k.ser                              	2	36	166.434	166.604	166.383	0.207	165.990	166.779	36
cleanup (explicit Full GC): 2,058,779,000 / 2,102,783,768 bytes free.
Initial test: 165.161987 ms.
Testing file /home/marlin/mapbench/bin/../maps/test_z_625k.ser for 63 loops ...
cleanup (explicit Full GC): 2,092,261,064 / 2,102,784,528 bytes free.
1 threads and 63 loops per thread, time: 10466.590133 ms
test_z_625k.ser                              	1	63	166.101	166.449	166.105	0.189	165.746	166.669	63
cleanup (explicit Full GC): 2,047,010,656 / 2,102,783,448 bytes free.
2 threads and 63 loops per thread, time: 10488.334437 ms
test_z_625k.ser                              	2	126	166.447	166.648	166.435	0.157	165.914	166.783	126
cleanup (explicit Full GC): 1,991,427,288 / 2,102,782,552 bytes free.
4 threads and 63 loops per thread, time: 10664.376683 ms
test_z_625k.ser                              	4	252	167.555	169.452	167.941	0.893	166.262	173.290	252


WARMUP results:
Test                                         	Threads	Ops	Med	Pct95	Avg	StdDev	Min	Max	TotalOps	[ms/op]
<<< Calib 1
[calibration]                                	4	12000	0.349	0.357	0.353	0.131	0.326	11.067	12000
>>> Calib 1
<<< Warmup 1
dc_boulder_2013-13-30-06-13-17.ser           	4	320	113.316	117.826	132.950	125.703	112.007	1337.300	320
>>> Warmup 1
<<< Warmup 2
dc_boulder_2013-13-30-06-13-17.ser           	4	640	113.393	114.085	113.381	0.534	112.450	117.020	640
>>> Warmup 2
dc_boulder_2013-13-30-06-13-17.ser           	2	56	113.463	114.783	113.244	1.202	111.675	115.146	56
dc_boulder_2013-13-30-06-13-20.ser           	2	110	56.204	56.405	56.263	0.333	56.006	58.959	110
dc_shp_alllayers_2013-00-30-07-00-43.ser     	2	138	44.327	44.587	44.346	0.146	44.079	44.724	138
dc_shp_alllayers_2013-00-30-07-00-47.ser     	2	20	774.503	776.220	774.445	1.112	772.500	776.452	20
dc_spearfish_2013-11-30-06-11-15.ser         	2	484	12.601	12.770	12.610	0.108	12.520	13.260	484
dc_spearfish_2013-11-30-06-11-19.ser         	2	974	6.485	6.503	6.487	0.017	6.463	6.752	974
dc_topp:states_2013-11-30-06-11-06.ser       	2	518	12.058	12.128	12.065	0.028	12.011	12.203	518
dc_topp:states_2013-11-30-06-11-07.ser       	2	870	7.248	7.297	7.252	0.020	7.225	7.378	870
test_z_625k.ser                              	2	36	166.434	166.604	166.383	0.207	165.990	166.779	36

TEST results:
Test                                         	Threads	Ops	Med	Pct95	Avg	StdDev	Min	Max	TotalOps	[ms/op]
dc_boulder_2013-13-30-06-13-17.ser           	1	94	110.952	111.165	110.951	0.119	110.722	111.343	94
dc_boulder_2013-13-30-06-13-17.ser           	2	188	113.103	114.584	113.151	1.198	111.645	115.429	188
dc_boulder_2013-13-30-06-13-17.ser           	4	376	113.198	115.217	113.619	0.871	112.514	118.553	376
dc_boulder_2013-13-30-06-13-20.ser           	1	189	54.972	55.136	54.992	0.128	54.782	55.799	189
dc_boulder_2013-13-30-06-13-20.ser           	2	378	56.263	56.549	56.229	0.211	55.768	56.785	378
dc_boulder_2013-13-30-06-13-20.ser           	4	756	57.095	57.513	57.071	0.326	56.141	61.042	756
dc_shp_alllayers_2013-00-30-07-00-43.ser     	1	236	43.776	44.026	43.796	0.136	43.544	44.467	236
dc_shp_alllayers_2013-00-30-07-00-43.ser     	2	472	44.327	44.563	44.335	0.123	44.072	44.750	472
dc_shp_alllayers_2013-00-30-07-00-43.ser     	4	944	45.022	45.372	45.049	0.180	44.482	46.214	944
dc_shp_alllayers_2013-00-30-07-00-47.ser     	1	25	779.455	781.127	779.427	1.020	777.828	781.710	25
dc_shp_alllayers_2013-00-30-07-00-47.ser     	2	50	775.210	777.759	775.094	1.531	771.692	777.828	50
dc_shp_alllayers_2013-00-30-07-00-47.ser     	4	100	782.341	790.010	781.618	5.941	772.881	799.657	100
dc_spearfish_2013-11-30-06-11-15.ser         	1	827	12.519	12.646	12.544	0.069	12.486	13.107	827
dc_spearfish_2013-11-30-06-11-15.ser         	2	1654	12.595	12.720	12.595	0.069	12.511	13.090	1654
dc_spearfish_2013-11-30-06-11-15.ser         	4	3308	12.623	12.815	12.648	0.195	12.525	17.613	3308
dc_spearfish_2013-11-30-06-11-19.ser         	1	1608	6.476	6.531	6.481	0.026	6.460	7.001	1608
dc_spearfish_2013-11-30-06-11-19.ser         	2	3216	6.486	6.503	6.488	0.015	6.462	6.693	3216
dc_spearfish_2013-11-30-06-11-19.ser         	4	6432	6.497	6.557	6.510	0.036	6.466	8.127	6432
dc_topp:states_2013-11-30-06-11-06.ser       	1	867	12.051	12.125	12.062	0.032	12.017	12.310	867
dc_topp:states_2013-11-30-06-11-06.ser       	2	1734	12.065	12.126	12.073	0.037	12.028	13.109	1734
dc_topp:states_2013-11-30-06-11-06.ser       	4	3468	12.076	12.162	12.092	0.041	12.023	12.576	3468
dc_topp:states_2013-11-30-06-11-07.ser       	1	1439	7.236	7.311	7.246	0.030	7.208	7.421	1439
dc_topp:states_2013-11-30-06-11-07.ser       	2	2878	7.248	7.292	7.252	0.019	7.218	7.393	2878
dc_topp:states_2013-11-30-06-11-07.ser       	4	5756	7.252	7.327	7.271	0.098	7.213	12.482	5756
test_z_625k.ser                              	1	63	166.101	166.449	166.105	0.189	165.746	166.669	63
test_z_625k.ser                              	2	126	166.447	166.648	166.435	0.157	165.914	166.783	126
test_z_625k.ser                              	4	252	167.555	169.452	167.941	0.893	166.262	173.290	252

Scores:

Tests	27	9	9	9	
Threads	4	1	2	4	
Pct95	133.766	132.946	133.194	135.158	
