bourgesl@bourgesl-HP-ZBook-15:~/libs/marlin/mapbench/bin$ ./bench.sh 
date:
samedi 23 janvier 2016, 22:10:48 (UTC+0100)
CLASSPATH:   ../lib/mapbench-0.4.0.jar:../lib/marlin-graphics-0.2.1.jar
Boot CP:     
Java opts:   -DMapBench.qualityMode=false -DMapBench.acceleration=false -DMapBench.volatile=false -server
Java tuning:  -Xms2g  -Xmx2g -XX:+UseConcMarkSweepGC
JVM path
/home/bourgesl/apps/jdk1.8.0//bin//java
Java version
java version "1.8.0_60"
Java(TM) SE Runtime Environment (build 1.8.0_60-b27)
Java HotSpot(TM) 64-Bit Server VM (build 25.60-b23, mixed mode)
##############################################################
# Java: 1.8.0_60-b27
#   VM: Java HotSpot(TM) 64-Bit Server VM 25.60-b23 (mixed mode)
#   OS: Linux 3.13.0-77-generic (amd64)
# CPUs: 4 (virtual)
##############################################################
# Renderer: DuctusRenderingEngine 
# Quality mode: DEFAULT...
# Filter shape on size: DISABLED...
# Using BufferedImage INT_ARGB_PRE...
##############################################################
profileName: longer_shared
Loading profile file: /home/marlin/mapbench/bin/../profiles/longer_shared.properties
Loading scale file: /home/marlin/mapbench/bin/../profiles/mapbench-scales.properties
Profile properties (merged with defaults):
  doClip=false
  doCreateStrokedShape=false
  doRotate=false
  doScale=false
  doShear=false
  doTranslate=false
  doUseDashedStroke=false
  doUseWingRuleEvenOdd=false
  maxThreads=4
  minDuration=10000.0
  minLoops=25
  pass=1
  rotateAngle=17.333
  scaleX=4.0
  scaleY=4.0
  shearX=2.0
  shearY=2.0
  translateX=0.0
  translateY=0.0
  useSharedImage=true
##############################################################
# Min duration per test = 10000.0 ms.
##############################################################
Loading maps from = /home/marlin/mapbench/bin/../maps
Results format: 
Test                                         	Threads	Ops	Med	Pct95	Avg	StdDev	Min	Max	FPS(avg)	TotalOps	[ms/op]

Calibrating up with 4 threads and 3000 loops
cleanup (explicit Full GC): 2,090,283,432 / 2,106,366,312 bytes free.
Calibration up took 1052.721889 ms
[calibration]                                	4	12000	0.300	0.314	0.313	0.271	0.288	16.445	3195.492	12000
Loading drawing commands from file: /home/marlin/mapbench/bin/../maps/CircleTests.ser
Loaded DrawingCommands: DrawingCommands{width=2048, height=2048, commands=2001}
drawing[CircleTests.ser][width = 2048, height = 2048] ...

Warming up with 4 threads and 80 loops on /home/marlin/mapbench/bin/../maps/CircleTests.ser
cleanup (explicit Full GC): 2,072,687,824 / 2,109,051,464 bytes free.
Warm up took 20709.492819 ms
CircleTests.ser                              	4	320	257.865	265.497	258.689	8.323	239.730	336.501	3.866	320

Warming up with 4 threads and 160 loops on /home/marlin/mapbench/bin/../maps/CircleTests.ser
cleanup (explicit Full GC): 1,874,426,216 / 2,106,809,784 bytes free.
Warm up took 41673.399599 ms
CircleTests.ser                              	4	640	259.832	269.704	260.390	5.275	244.750	292.163	3.840	640
cleanup (explicit Full GC): 1,925,883,416 / 2,110,769,032 bytes free.
Initial test: 71.32004 ms.

Warming up with 2 threads and 44 loops on /home/marlin/mapbench/bin/../maps/CircleTests.ser
cleanup (explicit Full GC): 2,088,785,848 / 2,111,085,808 bytes free.
Warm up took 5644.28684 ms
CircleTests.ser                              	2	88	128.064	128.923	128.165	0.627	127.195	130.982	7.802	88
cleanup (explicit Full GC): 2,031,210,248 / 2,111,040,328 bytes free.
Initial test: 69.252404 ms.
Testing file /home/marlin/mapbench/bin/../maps/CircleTests.ser for 151 loops ...
cleanup (explicit Full GC): 2,089,034,832 / 2,111,085,616 bytes free.
1 threads and 151 loops per thread, time: 10643.133808 ms
CircleTests.ser                              	1	151	70.422	71.778	70.464	0.755	68.450	72.638	14.192	151
cleanup (explicit Full GC): 2,036,751,032 / 2,111,083,200 bytes free.
2 threads and 151 loops per thread, time: 19406.746355 ms
CircleTests.ser                              	2	302	128.505	129.613	128.487	0.673	126.383	130.376	7.783	302
cleanup (explicit Full GC): 1,929,659,592 / 2,110,935,736 bytes free.
4 threads and 151 loops per thread, time: 39136.008155 ms
CircleTests.ser                              	4	604	258.499	268.179	259.110	5.074	247.165	294.558	3.859	604


Loading drawing commands from file: /home/marlin/mapbench/bin/../maps/EllipseTests-fill-false.ser
Loaded DrawingCommands: DrawingCommands{width=2000, height=2000, commands=198}
drawing[EllipseTests-fill-false.ser][width = 2000, height = 2000] ...
cleanup (explicit Full GC): 1,946,312,440 / 2,111,321,120 bytes free.
Initial test: 296.608827 ms.

Warming up with 2 threads and 10 loops on /home/marlin/mapbench/bin/../maps/EllipseTests-fill-false.ser
cleanup (explicit Full GC): 2,091,554,232 / 2,111,499,824 bytes free.
Warm up took 6240.316894 ms
EllipseTests-fill-false.ser                  	2	20	623.344	628.259	623.451	2.667	617.143	628.422	1.604	20
cleanup (explicit Full GC): 2,073,814,432 / 2,109,680,520 bytes free.
Initial test: 297.252939 ms.
Testing file /home/marlin/mapbench/bin/../maps/EllipseTests-fill-false.ser for 35 loops ...
cleanup (explicit Full GC): 2,089,875,008 / 2,111,499,464 bytes free.
1 threads and 35 loops per thread, time: 10376.178481 ms
EllipseTests-fill-false.ser                  	1	35	296.291	297.472	296.397	0.785	294.825	298.178	3.374	35
cleanup (explicit Full GC): 2,091,732,584 / 2,111,498,952 bytes free.
2 threads and 35 loops per thread, time: 21790.977933 ms
EllipseTests-fill-false.ser                  	2	70	622.512	626.259	622.372	2.596	615.961	627.666	1.607	70
cleanup (explicit Full GC): 2,073,813,560 / 2,111,486,872 bytes free.
4 threads and 35 loops per thread, time: 44135.184883 ms
EllipseTests-fill-false.ser                  	4	140	1260.476	1299.363	1258.715	29.867	1028.650	1336.463	0.794	140


Loading drawing commands from file: /home/marlin/mapbench/bin/../maps/EllipseTests-fill-true.ser
Loaded DrawingCommands: DrawingCommands{width=2000, height=2000, commands=198}
drawing[EllipseTests-fill-true.ser][width = 2000, height = 2000] ...
cleanup (explicit Full GC): 2,038,004,048 / 2,111,479,232 bytes free.
Initial test: 456.073201 ms.

Warming up with 2 threads and 10 loops on /home/marlin/mapbench/bin/../maps/EllipseTests-fill-true.ser
cleanup (explicit Full GC): 2,091,655,976 / 2,111,499,496 bytes free.
Warm up took 5920.862789 ms
EllipseTests-fill-true.ser                   	2	20	590.780	598.874	590.535	7.623	576.992	609.985	1.693	20
cleanup (explicit Full GC): 2,073,870,576 / 2,111,495,920 bytes free.
Initial test: 452.768931 ms.
Testing file /home/marlin/mapbench/bin/../maps/EllipseTests-fill-true.ser for 25 loops ...
cleanup (explicit Full GC): 2,091,690,440 / 2,111,499,512 bytes free.
1 threads and 25 loops per thread, time: 11363.443679 ms
EllipseTests-fill-true.ser                   	1	25	454.771	456.827	454.448	1.868	450.411	458.894	2.200	25
cleanup (explicit Full GC): 2,091,676,256 / 2,111,499,160 bytes free.
2 threads and 25 loops per thread, time: 14742.058819 ms
EllipseTests-fill-true.ser                   	2	50	588.804	596.661	588.700	4.967	575.213	606.977	1.699	50
cleanup (explicit Full GC): 2,073,870,176 / 2,111,490,840 bytes free.
4 threads and 25 loops per thread, time: 26040.829487 ms
EllipseTests-fill-true.ser                   	4	100	1039.396	1060.443	1039.730	14.629	973.015	1076.570	0.962100


Loading drawing commands from file: /home/marlin/mapbench/bin/../maps/dc_boulder_2013-13-30-06-13-17.ser
Loaded DrawingCommands: DrawingCommands{width=1400, height=800, commands=4398}
drawing[dc_boulder_2013-13-30-06-13-17.ser][width = 1400, height = 800] ...
cleanup (explicit Full GC): 2,036,120,560 / 2,109,972,344 bytes free.
Initial test: 125.00982 ms.

Warming up with 2 threads and 25 loops on /home/marlin/mapbench/bin/../maps/dc_boulder_2013-13-30-06-13-17.ser
cleanup (explicit Full GC): 2,097,954,152 / 2,109,809,488 bytes free.
Warm up took 4315.589707 ms
dc_boulder_2013-13-30-06-13-17.ser           	2	50	172.290	174.751	172.511	1.441	170.168	176.111	5.797	50
cleanup (explicit Full GC): 2,028,722,216 / 2,109,589,024 bytes free.
Initial test: 112.107721 ms.
Testing file /home/marlin/mapbench/bin/../maps/dc_boulder_2013-13-30-06-13-17.ser for 93 loops ...
cleanup (explicit Full GC): 2,099,462,776 / 2,109,809,496 bytes free.
1 threads and 93 loops per thread, time: 10539.355622 ms
dc_boulder_2013-13-30-06-13-17.ser           	1	93	113.287	113.849	113.303	0.292	112.746	114.275	8.826	93
cleanup (explicit Full GC): 2,036,311,576 / 2,109,808,056 bytes free.
2 threads and 93 loops per thread, time: 16092.277092 ms
dc_boulder_2013-13-30-06-13-17.ser           	2	186	173.133	174.744	173.005	1.673	169.439	182.720	5.780	186
cleanup (explicit Full GC): 1,842,645,168 / 2,109,016,048 bytes free.
4 threads and 93 loops per thread, time: 29292.637598 ms
dc_boulder_2013-13-30-06-13-17.ser           	4	372	309.714	323.234	314.244	31.424	251.575	567.729	3.182	372


Loading drawing commands from file: /home/marlin/mapbench/bin/../maps/dc_boulder_2013-13-30-06-13-20.ser
Loaded DrawingCommands: DrawingCommands{width=1400, height=800, commands=2425}
drawing[dc_boulder_2013-13-30-06-13-20.ser][width = 1400, height = 800] ...
cleanup (explicit Full GC): 2,048,759,216 / 2,110,284,688 bytes free.
Initial test: 56.80259 ms.

Warming up with 2 threads and 55 loops on /home/marlin/mapbench/bin/../maps/dc_boulder_2013-13-30-06-13-20.ser
cleanup (explicit Full GC): 2,103,158,776 / 2,110,610,192 bytes free.
Warm up took 5283.547198 ms
dc_boulder_2013-13-30-06-13-20.ser           	2	110	95.524	98.498	95.928	1.185	93.646	99.393	10.424	110
cleanup (explicit Full GC): 2,051,831,640 / 2,110,429,568 bytes free.
Initial test: 56.715058 ms.
Testing file /home/marlin/mapbench/bin/../maps/dc_boulder_2013-13-30-06-13-20.ser for 185 loops ...
cleanup (explicit Full GC): 2,103,394,312 / 2,110,610,200 bytes free.
1 threads and 185 loops per thread, time: 10452.711969 ms
dc_boulder_2013-13-30-06-13-20.ser           	1	185	56.435	56.886	56.492	0.278	56.079	58.195	17.702	185
cleanup (explicit Full GC): 2,059,794,600 / 2,110,607,232 bytes free.
2 threads and 185 loops per thread, time: 17681.433625 ms
dc_boulder_2013-13-30-06-13-20.ser           	2	370	95.446	96.217	95.536	1.287	93.734	114.812	10.467	370
cleanup (explicit Full GC): 1,937,546,320 / 2,109,992,344 bytes free.
4 threads and 185 loops per thread, time: 34128.240588 ms
dc_boulder_2013-13-30-06-13-20.ser           	4	740	183.082	189.331	184.260	17.230	137.359	441.565	5.427	740


Loading drawing commands from file: /home/marlin/mapbench/bin/../maps/dc_shp_alllayers_2013-00-30-07-00-43.ser
Loaded DrawingCommands: DrawingCommands{width=1400, height=800, commands=568}
drawing[dc_shp_alllayers_2013-00-30-07-00-43.ser][width = 1400, height = 800] ...
cleanup (explicit Full GC): 1,999,081,480 / 2,110,171,184 bytes free.
Initial test: 47.774363 ms.

Warming up with 2 threads and 66 loops on /home/marlin/mapbench/bin/../maps/dc_shp_alllayers_2013-00-30-07-00-43.ser
cleanup (explicit Full GC): 2,103,352,968 / 2,111,136,016 bytes free.
Warm up took 4883.60457 ms
dc_shp_alllayers_2013-00-30-07-00-43.ser     	2	132	73.274	78.793	73.937	1.867	71.799	79.803	13.525	132
cleanup (explicit Full GC): 2,085,429,352 / 2,111,020,744 bytes free.
Initial test: 47.841291 ms.
Testing file /home/marlin/mapbench/bin/../maps/dc_shp_alllayers_2013-00-30-07-00-43.ser for 220 loops ...
cleanup (explicit Full GC): 2,104,459,584 / 2,111,134,328 bytes free.
1 threads and 220 loops per thread, time: 10477.845822 ms
dc_shp_alllayers_2013-00-30-07-00-43.ser     	1	220	47.608	48.029	47.621	0.241	46.993	48.310	20.999	220
cleanup (explicit Full GC): 2,093,881,864 / 2,111,130,856 bytes free.
2 threads and 220 loops per thread, time: 16286.597567 ms
dc_shp_alllayers_2013-00-30-07-00-43.ser     	2	440	74.338	75.447	74.011	1.228	71.279	78.857	13.511	440
cleanup (explicit Full GC): 2,045,280,848 / 2,110,764,416 bytes free.
4 threads and 220 loops per thread, time: 30459.463309 ms
dc_shp_alllayers_2013-00-30-07-00-43.ser     	4	880	138.367	145.487	138.399	4.763	123.398	172.901	7.225	880


Loading drawing commands from file: /home/marlin/mapbench/bin/../maps/dc_shp_alllayers_2013-00-30-07-00-47.ser
Loaded DrawingCommands: DrawingCommands{width=1400, height=800, commands=135213}
drawing[dc_shp_alllayers_2013-00-30-07-00-47.ser][width = 1400, height = 800] ...
cleanup (explicit Full GC): 1,870,277,576 / 2,070,292,936 bytes free.
Initial test: 1044.546644 ms.

Warming up with 2 threads and 10 loops on /home/marlin/mapbench/bin/../maps/dc_shp_alllayers_2013-00-30-07-00-47.ser
cleanup (explicit Full GC): 2,002,654,776 / 2,068,120,656 bytes free.
Warm up took 15171.995194 ms
dc_shp_alllayers_2013-00-30-07-00-47.ser     	2	20	1499.192	1565.786	1516.332	27.638	1492.429	1566.068	0.659	20
cleanup (explicit Full GC): 1,853,892,792 / 2,067,859,056 bytes free.
Initial test: 1035.529989 ms.
Testing file /home/marlin/mapbench/bin/../maps/dc_shp_alllayers_2013-00-30-07-00-47.ser for 25 loops ...
cleanup (explicit Full GC): 2,004,635,048 / 2,068,120,648 bytes free.
1 threads and 25 loops per thread, time: 26160.85573 ms
dc_shp_alllayers_2013-00-30-07-00-47.ser     	1	25	1045.799	1047.609	1046.138	2.107	1044.322	1055.683	0.956	25
cleanup (explicit Full GC): 1,848,948,040 / 2,068,120,296 bytes free.
2 threads and 25 loops per thread, time: 37547.396468 ms
dc_shp_alllayers_2013-00-30-07-00-47.ser     	2	50	1501.532	1525.066	1501.573	17.409	1461.080	1526.745	0.666	50
cleanup (explicit Full GC): 1,988,941,680 / 2,067,309,808 bytes free.
4 threads and 25 loops per thread, time: 96041.552139 ms
dc_shp_alllayers_2013-00-30-07-00-47.ser     	4	100	3816.857	4154.918	3807.870	283.258	1973.650	4192.252	0.263	100


Loading drawing commands from file: /home/marlin/mapbench/bin/../maps/dc_spearfish_2013-11-30-06-11-15.ser
Loaded DrawingCommands: DrawingCommands{width=512, height=359, commands=1232}
drawing[dc_spearfish_2013-11-30-06-11-15.ser][width = 512, height = 359] ...
cleanup (explicit Full GC): 1,802,751,808 / 2,105,776,752 bytes free.
Initial test: 17.146261 ms.

Warming up with 2 threads and 184 loops on /home/marlin/mapbench/bin/../maps/dc_spearfish_2013-11-30-06-11-15.ser
cleanup (explicit Full GC): 2,103,635,464 / 2,110,306,824 bytes free.
Warm up took 4647.809018 ms
dc_spearfish_2013-11-30-06-11-15.ser         	2	368	25.324	26.018	25.256	0.603	23.647	28.329	39.594	368
cleanup (explicit Full GC): 1,923,519,192 / 2,109,767,856 bytes free.
Initial test: 16.904436 ms.
Testing file /home/marlin/mapbench/bin/../maps/dc_spearfish_2013-11-30-06-11-15.ser for 622 loops ...
cleanup (explicit Full GC): 2,107,329,512 / 2,110,306,736 bytes free.
1 threads and 622 loops per thread, time: 10418.877132 ms
dc_spearfish_2013-11-30-06-11-15.ser         	1	622	16.706	16.973	16.750	0.095	16.651	17.192	59.703	622
cleanup (explicit Full GC): 1,992,539,120 / 2,110,296,712 bytes free.
2 threads and 622 loops per thread, time: 15771.637521 ms
dc_spearfish_2013-11-30-06-11-15.ser         	2	1244	25.355	26.035	25.355	1.727	23.478	57.868	39.440	1244
cleanup (explicit Full GC): 2,046,073,936 / 2,110,129,232 bytes free.
4 threads and 622 loops per thread, time: 31297.394405 ms
dc_spearfish_2013-11-30-06-11-15.ser         	4	2488	48.777	52.447	50.249	11.326	25.571	189.181	19.901	2488


Loading drawing commands from file: /home/marlin/mapbench/bin/../maps/dc_spearfish_2013-11-30-06-11-19.ser
Loaded DrawingCommands: DrawingCommands{width=512, height=359, commands=349}
drawing[dc_spearfish_2013-11-30-06-11-19.ser][width = 512, height = 359] ...
cleanup (explicit Full GC): 1,889,787,424 / 2,105,875,688 bytes free.
Initial test: 7.612725 ms.

Warming up with 2 threads and 414 loops on /home/marlin/mapbench/bin/../maps/dc_spearfish_2013-11-30-06-11-19.ser
cleanup (explicit Full GC): 2,103,702,296 / 2,110,621,600 bytes free.
Warm up took 4955.562 ms
dc_spearfish_2013-11-30-06-11-19.ser         	2	828	11.866	12.199	11.968	2.590	10.976	64.400	83.556	828
cleanup (explicit Full GC): 2,006,296,128 / 2,110,301,488 bytes free.
Initial test: 7.51891 ms.
Testing file /home/marlin/mapbench/bin/../maps/dc_spearfish_2013-11-30-06-11-19.ser for 1399 loops ...
cleanup (explicit Full GC): 2,108,010,600 / 2,110,621,608 bytes free.
1 threads and 1399 loops per thread, time: 10697.156943 ms
dc_spearfish_2013-11-30-06-11-19.ser         	1	1399	7.593	7.843	7.646	0.098	7.540	8.159	130.788	1399
cleanup (explicit Full GC): 2,043,592,696 / 2,110,599,272 bytes free.
2 threads and 1399 loops per thread, time: 16744.46177 ms
dc_spearfish_2013-11-30-06-11-19.ser         	2	2798	11.956	12.306	11.968	0.683	11.070	27.391	83.553	2798
cleanup (explicit Full GC): 2,026,146,240 / 2,110,380,360 bytes free.
4 threads and 1399 loops per thread, time: 31398.688193 ms
dc_spearfish_2013-11-30-06-11-19.ser         	4	5596	22.035	24.906	22.424	3.205	8.488	83.200	44.595	5596


Loading drawing commands from file: /home/marlin/mapbench/bin/../maps/dc_topp:states_2013-11-30-06-11-06.ser
Loaded DrawingCommands: DrawingCommands{width=780, height=330, commands=119}
drawing[dc_topp:states_2013-11-30-06-11-06.ser][width = 780, height = 330] ...
cleanup (explicit Full GC): 1,897,837,264 / 2,107,531,952 bytes free.
Initial test: 17.030367 ms.

Warming up with 2 threads and 185 loops on /home/marlin/mapbench/bin/../maps/dc_topp:states_2013-11-30-06-11-06.ser
cleanup (explicit Full GC): 2,105,087,368 / 2,110,621,848 bytes free.
Warm up took 4028.238318 ms
dc_topp:states_2013-11-30-06-11-06.ser       	2	370	21.588	22.141	21.768	2.508	20.743	55.653	45.939	370
cleanup (explicit Full GC): 2,091,848,120 / 2,110,486,456 bytes free.
Initial test: 17.018754 ms.
Testing file /home/marlin/mapbench/bin/../maps/dc_topp:states_2013-11-30-06-11-06.ser for 618 loops ...
cleanup (explicit Full GC): 2,108,024,160 / 2,110,621,848 bytes free.
1 threads and 618 loops per thread, time: 10495.237468 ms
dc_topp:states_2013-11-30-06-11-06.ser       	1	618	16.991	17.089	16.982	0.072	16.744	17.156	58.886	618
cleanup (explicit Full GC): 2,101,267,904 / 2,110,611,912 bytes free.
2 threads and 618 loops per thread, time: 13357.749931 ms
dc_topp:states_2013-11-30-06-11-06.ser       	2	1236	21.585	22.124	21.595	0.453	16.770	30.211	46.307	1236
cleanup (explicit Full GC): 2,058,412,992 / 2,110,191,128 bytes free.
4 threads and 618 loops per thread, time: 22933.8906 ms
dc_topp:states_2013-11-30-06-11-06.ser       	4	2472	36.872	39.361	37.049	2.563	16.845	90.929	26.991	2472


Loading drawing commands from file: /home/marlin/mapbench/bin/../maps/dc_topp:states_2013-11-30-06-11-07.ser
Loaded DrawingCommands: DrawingCommands{width=780, height=330, commands=144}
drawing[dc_topp:states_2013-11-30-06-11-07.ser][width = 780, height = 330] ...
cleanup (explicit Full GC): 1,983,522,400 / 2,109,370,712 bytes free.
Initial test: 11.236497 ms.

Warming up with 2 threads and 281 loops on /home/marlin/mapbench/bin/../maps/dc_topp:states_2013-11-30-06-11-07.ser
cleanup (explicit Full GC): 2,106,800,904 / 2,110,634,888 bytes free.
Warm up took 3988.911824 ms
dc_topp:states_2013-11-30-06-11-07.ser       	2	562	13.922	14.263	14.193	4.440	13.384	88.444	70.456	562
cleanup (explicit Full GC): 2,080,716,184 / 2,110,313,032 bytes free.
Initial test: 11.331001 ms.
Testing file /home/marlin/mapbench/bin/../maps/dc_topp:states_2013-11-30-06-11-07.ser for 928 loops ...
cleanup (explicit Full GC): 2,107,723,936 / 2,110,634,896 bytes free.
1 threads and 928 loops per thread, time: 10400.497798 ms
dc_topp:states_2013-11-30-06-11-07.ser       	1	928	11.221	11.304	11.207	0.071	11.003	11.450	89.230	928
cleanup (explicit Full GC): 2,094,468,104 / 2,110,620,184 bytes free.
2 threads and 928 loops per thread, time: 12933.059036 ms
dc_topp:states_2013-11-30-06-11-07.ser       	2	1856	13.905	14.212	13.933	0.544	12.368	29.324	71.774	1856
cleanup (explicit Full GC): 2,019,445,648 / 2,109,450,120 bytes free.
4 threads and 928 loops per thread, time: 20447.831605 ms
dc_topp:states_2013-11-30-06-11-07.ser       	4	3712	21.875	23.216	22.007	2.323	11.263	87.589	45.440	3712


Loading drawing commands from file: /home/marlin/mapbench/bin/../maps/test_z_625k.ser
Loaded DrawingCommands: DrawingCommands{width=1272, height=1261, commands=23345}
drawing[test_z_625k.ser][width = 1272, height = 1261] ...
cleanup (explicit Full GC): 1,842,818,600 / 2,099,829,000 bytes free.
Initial test: 210.136989 ms.

Warming up with 2 threads and 15 loops on /home/marlin/mapbench/bin/../maps/test_z_625k.ser
cleanup (explicit Full GC): 2,080,378,792 / 2,103,154,512 bytes free.
Warm up took 5171.425936 ms
test_z_625k.ser                              	2	30	339.120	397.976	344.563	24.717	326.574	432.893	2.902	30
cleanup (explicit Full GC): 1,890,524,112 / 2,102,826,960 bytes free.
Initial test: 211.477626 ms.
Testing file /home/marlin/mapbench/bin/../maps/test_z_625k.ser for 49 loops ...
cleanup (explicit Full GC): 2,084,173,280 / 2,103,154,632 bytes free.
1 threads and 49 loops per thread, time: 10222.428792 ms
test_z_625k.ser                              	1	49	208.670	209.238	208.582	0.463	207.686	209.633	4.794	49
cleanup (explicit Full GC): 1,919,364,704 / 2,103,153,776 bytes free.
2 threads and 49 loops per thread, time: 16514.561759 ms
test_z_625k.ser                              	2	98	335.883	350.657	336.975	7.122	324.990	359.393	2.968	98
cleanup (explicit Full GC): 1,997,947,488 / 2,103,022,072 bytes free.
4 threads and 49 loops per thread, time: 35219.932805 ms
test_z_625k.ser                              	4	196	681.127	1014.363	715.512	108.839	318.041	1045.690	1.398	196


WARMUP results:
Test                                         	Threads	Ops	Med	Pct95	Avg	StdDev	Min	Max	FPS(avg)	TotalOps	[ms/op]
<<< Calib 1
[calibration]                                	4	12000	0.300	0.314	0.313	0.271	0.288	16.445	3195.492	12000
>>> Calib 1
<<< Warmup 1
CircleTests.ser                              	4	320	257.865	265.497	258.689	8.323	239.730	336.501	3.866	320
>>> Warmup 1
<<< Warmup 2
CircleTests.ser                              	4	640	259.832	269.704	260.390	5.275	244.750	292.163	3.840	640
>>> Warmup 2
CircleTests.ser                              	2	88	128.064	128.923	128.165	0.627	127.195	130.982	7.802	88
EllipseTests-fill-false.ser                  	2	20	623.344	628.259	623.451	2.667	617.143	628.422	1.604	20
EllipseTests-fill-true.ser                   	2	20	590.780	598.874	590.535	7.623	576.992	609.985	1.693	20
dc_boulder_2013-13-30-06-13-17.ser           	2	50	172.290	174.751	172.511	1.441	170.168	176.111	5.797	50
dc_boulder_2013-13-30-06-13-20.ser           	2	110	95.524	98.498	95.928	1.185	93.646	99.393	10.424	110
dc_shp_alllayers_2013-00-30-07-00-43.ser     	2	132	73.274	78.793	73.937	1.867	71.799	79.803	13.525	132
dc_shp_alllayers_2013-00-30-07-00-47.ser     	2	20	1499.192	1565.786	1516.332	27.638	1492.429	1566.068	0.659	20
dc_spearfish_2013-11-30-06-11-15.ser         	2	368	25.324	26.018	25.256	0.603	23.647	28.329	39.594	368
dc_spearfish_2013-11-30-06-11-19.ser         	2	828	11.866	12.199	11.968	2.590	10.976	64.400	83.556	828
dc_topp:states_2013-11-30-06-11-06.ser       	2	370	21.588	22.141	21.768	2.508	20.743	55.653	45.939	370
dc_topp:states_2013-11-30-06-11-07.ser       	2	562	13.922	14.263	14.193	4.440	13.384	88.444	70.456	562
test_z_625k.ser                              	2	30	339.120	397.976	344.563	24.717	326.574	432.893	2.902	30

TEST results:
Test                                         	Threads	Ops	Med	Pct95	Avg	StdDev	Min	Max	FPS(avg)	TotalOps	[ms/op]
CircleTests.ser                              	1	151	70.422	71.778	70.464	0.755	68.450	72.638	14.192	151
CircleTests.ser                              	2	302	128.505	129.613	128.487	0.673	126.383	130.376	7.783	302
CircleTests.ser                              	4	604	258.499	268.179	259.110	5.074	247.165	294.558	3.859	604
EllipseTests-fill-false.ser                  	1	35	296.291	297.472	296.397	0.785	294.825	298.178	3.374	35
EllipseTests-fill-false.ser                  	2	70	622.512	626.259	622.372	2.596	615.961	627.666	1.607	70
EllipseTests-fill-false.ser                  	4	140	1260.476	1299.363	1258.715	29.867	1028.650	1336.463	0.794	140
EllipseTests-fill-true.ser                   	1	25	454.771	456.827	454.448	1.868	450.411	458.894	2.200	25
EllipseTests-fill-true.ser                   	2	50	588.804	596.661	588.700	4.967	575.213	606.977	1.699	50
EllipseTests-fill-true.ser                   	4	100	1039.396	1060.443	1039.730	14.629	973.015	1076.570	0.962100
dc_boulder_2013-13-30-06-13-17.ser           	1	93	113.287	113.849	113.303	0.292	112.746	114.275	8.826	93
dc_boulder_2013-13-30-06-13-17.ser           	2	186	173.133	174.744	173.005	1.673	169.439	182.720	5.780	186
dc_boulder_2013-13-30-06-13-17.ser           	4	372	309.714	323.234	314.244	31.424	251.575	567.729	3.182	372
dc_boulder_2013-13-30-06-13-20.ser           	1	185	56.435	56.886	56.492	0.278	56.079	58.195	17.702	185
dc_boulder_2013-13-30-06-13-20.ser           	2	370	95.446	96.217	95.536	1.287	93.734	114.812	10.467	370
dc_boulder_2013-13-30-06-13-20.ser           	4	740	183.082	189.331	184.260	17.230	137.359	441.565	5.427	740
dc_shp_alllayers_2013-00-30-07-00-43.ser     	1	220	47.608	48.029	47.621	0.241	46.993	48.310	20.999	220
dc_shp_alllayers_2013-00-30-07-00-43.ser     	2	440	74.338	75.447	74.011	1.228	71.279	78.857	13.511	440
dc_shp_alllayers_2013-00-30-07-00-43.ser     	4	880	138.367	145.487	138.399	4.763	123.398	172.901	7.225	880
dc_shp_alllayers_2013-00-30-07-00-47.ser     	1	25	1045.799	1047.609	1046.138	2.107	1044.322	1055.683	0.956	25
dc_shp_alllayers_2013-00-30-07-00-47.ser     	2	50	1501.532	1525.066	1501.573	17.409	1461.080	1526.745	0.666	50
dc_shp_alllayers_2013-00-30-07-00-47.ser     	4	100	3816.857	4154.918	3807.870	283.258	1973.650	4192.252	0.263	100
dc_spearfish_2013-11-30-06-11-15.ser         	1	622	16.706	16.973	16.750	0.095	16.651	17.192	59.703	622
dc_spearfish_2013-11-30-06-11-15.ser         	2	1244	25.355	26.035	25.355	1.727	23.478	57.868	39.440	1244
dc_spearfish_2013-11-30-06-11-15.ser         	4	2488	48.777	52.447	50.249	11.326	25.571	189.181	19.901	2488
dc_spearfish_2013-11-30-06-11-19.ser         	1	1399	7.593	7.843	7.646	0.098	7.540	8.159	130.788	1399
dc_spearfish_2013-11-30-06-11-19.ser         	2	2798	11.956	12.306	11.968	0.683	11.070	27.391	83.553	2798
dc_spearfish_2013-11-30-06-11-19.ser         	4	5596	22.035	24.906	22.424	3.205	8.488	83.200	44.595	5596
dc_topp:states_2013-11-30-06-11-06.ser       	1	618	16.991	17.089	16.982	0.072	16.744	17.156	58.886	618
dc_topp:states_2013-11-30-06-11-06.ser       	2	1236	21.585	22.124	21.595	0.453	16.770	30.211	46.307	1236
dc_topp:states_2013-11-30-06-11-06.ser       	4	2472	36.872	39.361	37.049	2.563	16.845	90.929	26.991	2472
dc_topp:states_2013-11-30-06-11-07.ser       	1	928	11.221	11.304	11.207	0.071	11.003	11.450	89.230	928
dc_topp:states_2013-11-30-06-11-07.ser       	2	1856	13.905	14.212	13.933	0.544	12.368	29.324	71.774	1856
dc_topp:states_2013-11-30-06-11-07.ser       	4	3712	21.875	23.216	22.007	2.323	11.263	87.589	45.440	3712
test_z_625k.ser                              	1	49	208.670	209.238	208.582	0.463	207.686	209.633	4.794	49
test_z_625k.ser                              	2	98	335.883	350.657	336.975	7.122	324.990	359.393	2.968	98
test_z_625k.ser                              	4	196	681.127	1014.363	715.512	108.839	318.041	1045.690	1.398	196

Scores:
Tests	36	12	12	12	
Threads	4	1	2	4	
Pct95	405.541	196.241	304.112	716.271	


