bourgesl@bourgesl-HP-ZBook-15:~/libs/marlin/mapbench/bin$ ./demo_marlin_ojdk.sh 
date:
jeudi 28 janvier 2016, 19:48:10 (UTC+0100)
CLASSPATH:   ../lib/mapbench-0.4.0.jar:../lib/marlin-graphics-0.2.1.jar
Boot CP:     -Xbootclasspath/p:../lib/marlin-0.7.3.1-Unsafe-OpenJDK-sun-java2d.jar -Xbootclasspath/a:../lib/marlin-0.7.3.1-Unsafe-OpenJDK.jar
Java opts:   -Dsun.java2d.renderer.doChecks=false -Dsun.java2d.renderer.doMonitors=false -Dsun.java2d.renderer.doStats=false -Dsun.java2d.renderer.enableRLE=true -Dsun.java2d.renderer.forceRLE=false -Dsun.java2d.renderer.forceNoRLE=false -Dsun.java2d.renderer.useTileFlags=true -Dsun.java2d.renderer.useTileFlags.useHeuristics=true -Dsun.java2d.renderer.blockSize_log2=5 -Dsun.java2d.renderer.rleMinWidth=64 -Dsun.java2d.renderer.clip.curves=false -Dsun.java2d.renderer.log=true -Dsun.java2d.renderer.subPixel_log2_X=3 -Dsun.java2d.renderer.subPixel_log2_Y=3 -Dsun.java2d.renderer.useThreadLocal=true -Dsun.java2d.renderer.useSimplifier=false -Dsun.java2d.renderer.useRef=soft -Dsun.java2d.renderer.pixelsize=2048 -Dsun.java2d.renderer.tileSize_log2=6 -Dsun.java2d.renderer=sun.java2d.marlin.MarlinRenderingEngine -DMapBench.qualityMode=false -DMapBench.acceleration=false -DMapBench.volatile=false -server
Java tuning:  -Xms2g  -Xmx2g -XX:+UseConcMarkSweepGC
JVM path
/home/bourgesl/apps/jdk1.8.0//bin//java
Java version
java version "1.8.0_60"
Java(TM) SE Runtime Environment (build 1.8.0_60-b27)
Java HotSpot(TM) 64-Bit Server VM (build 25.60-b23, mixed mode)
##############################################################
# Java: 1.8.0_60-b27
#   VM: Java HotSpot(TM) 64-Bit Server VM 25.60-b23 (mixed mode)
#   OS: Linux 3.13.0-77-generic (amd64)
# CPUs: 4 (virtual)
##############################################################
INFO: ===============================================================================
INFO: Marlin software rasterizer           = ENABLED
INFO: Version                              = [marlin-0.7.3-Unsafe-OpenJDK]
INFO: sun.java2d.renderer                  = sun.java2d.marlin.MarlinRenderingEngine
INFO: sun.java2d.renderer.useThreadLocal   = true
INFO: sun.java2d.renderer.useRef           = soft
INFO: sun.java2d.renderer.pixelsize        = 2048
INFO: sun.java2d.renderer.subPixel_log2_X  = 3
INFO: sun.java2d.renderer.subPixel_log2_Y  = 3
INFO: sun.java2d.renderer.tileSize_log2    = 6
INFO: sun.java2d.renderer.blockSize_log2   = 5
INFO: sun.java2d.renderer.blockSize_log2   = 5
INFO: sun.java2d.renderer.forceRLE         = false
INFO: sun.java2d.renderer.forceNoRLE       = false
INFO: sun.java2d.renderer.useTileFlags     = true
INFO: sun.java2d.renderer.useTileFlags.useHeuristics = true
INFO: sun.java2d.renderer.rleMinWidth      = 64
INFO: sun.java2d.renderer.useSimplifier    = false
INFO: sun.java2d.renderer.doStats          = false
INFO: sun.java2d.renderer.doMonitors       = false
INFO: sun.java2d.renderer.doChecks         = false
INFO: sun.java2d.renderer.useLogger        = false
INFO: sun.java2d.renderer.logCreateContext = false
INFO: sun.java2d.renderer.logUnsafeMalloc  = false
INFO: Renderer settings:
INFO: CUB_COUNT_LG = 2
INFO: CUB_DEC_BND  = 20.0
INFO: CUB_INC_BND  = 8.0
INFO: QUAD_DEC_BND = 8.0
INFO: ===============================================================================
# Renderer: MarlinRenderingEngine 
# Quality mode: DEFAULT...
# Filter shape on size: DISABLED...
# Using BufferedImage INT_ARGB_PRE...
##############################################################
profileName: longer_shared_demo
Loading profile file: /home/marlin/mapbench/bin/../profiles/longer_shared_demo.properties
Loading scale file: /home/marlin/mapbench/bin/../profiles/mapbench-scales.properties
Profile properties (merged with defaults):
  doClip=false
  doCreateStrokedShape=false
  doRotate=false
  doScale=false
  doShear=false
  doTranslate=false
  doUseDashedStroke=false
  doUseWingRuleEvenOdd=false
  maxThreads=4
  minDuration=5000.0
  minLoops=10
  pass=1
  rotateAngle=17.333
  scaleX=4.0
  scaleY=4.0
  shearX=2.0
  shearY=2.0
  translateX=0.0
  translateY=0.0
  useSharedImage=true
##############################################################
# Min duration per test = 5000.0 ms.
##############################################################
Loading maps from = /home/marlin/mapbench/bin/../maps
Results format: 
Test                                         	Threads	Ops	Med	Pct95	Avg	StdDev	Min	Max	FPS(med)	TotalOps	[ms/op]

Calibrating up with 4 threads and 3000 loops
cleanup (explicit Full GC): 2,079,115,752 / 2,080,355,536 bytes free.
Calibration up took 2314.655746 ms
[calibration]                                	4	12000	0.096	0.136	0.141	0.632	0.087	14.265	10462.549	12000
Loading drawing commands from file: /home/marlin/mapbench/bin/../maps/CircleTests.ser
Loaded DrawingCommands: DrawingCommands{width=2048, height=2048, commands=2001}
drawing[CircleTests.ser][width = 2048, height = 2048] ...

Warming up with 4 threads and 80 loops on /home/marlin/mapbench/bin/../maps/CircleTests.ser
cleanup (explicit Full GC): 2,052,436,688 / 2,095,997,640 bytes free.
Warm up took 1630.757345 ms
CircleTests.ser                              	4	320	9.693	57.947	18.765	21.203	9.252	161.081	103.171	320

Warming up with 4 threads and 160 loops on /home/marlin/mapbench/bin/../maps/CircleTests.ser
cleanup (explicit Full GC): 2,062,493,128 / 2,089,762,544 bytes free.
Warm up took 2137.904734 ms
CircleTests.ser                              	4	640	9.750	28.099	12.584	8.528	9.167	83.655	102.566	640
cleanup (explicit Full GC): 2,033,922,712 / 2,095,335,608 bytes free.
Initial test: 15.872545 ms.

Warming up with 2 threads and 198 loops on /home/marlin/mapbench/bin/../maps/CircleTests.ser
cleanup (explicit Full GC): 2,084,168,136 / 2,095,345,936 bytes free.
Warm up took 2554.323764 ms
CircleTests.ser                              	2	396	12.061	12.371	12.041	0.616	11.361	19.856	82.915	396
cleanup (explicit Full GC): 2,045,092,544 / 2,089,752,592 bytes free.
Initial test: 14.950262 ms.
Testing file /home/marlin/mapbench/bin/../maps/CircleTests.ser for 352 loops ...
cleanup (explicit Full GC): 2,078,585,120 / 2,095,316,664 bytes free.
1 threads and 352 loops per thread, time: 6337.220582 ms
CircleTests.ser                              	1	352	16.381	16.767	16.332	0.324	15.152	17.030	61.046	352
cleanup (explicit Full GC): 2,050,647,056 / 2,095,329,488 bytes free.
2 threads and 352 loops per thread, time: 4555.290651 ms
CircleTests.ser                              	2	704	12.127	12.384	12.091	0.364	11.461	17.070	82.463	704
cleanup (explicit Full GC): 2,028,325,000 / 2,095,309,944 bytes free.
4 threads and 352 loops per thread, time: 4379.808688 ms
CircleTests.ser                              	4	1408	9.818	19.482	11.172	3.359	9.226	37.612	101.857	1408


Loading drawing commands from file: /home/marlin/mapbench/bin/../maps/dc_boulder_2013-13-30-06-13-17.ser
Loaded DrawingCommands: DrawingCommands{width=1400, height=800, commands=4398}
drawing[dc_boulder_2013-13-30-06-13-17.ser][width = 1400, height = 800] ...
cleanup (explicit Full GC): 1,966,884,640 / 2,099,763,176 bytes free.
Initial test: 112.314654 ms.

Warming up with 2 threads and 28 loops on /home/marlin/mapbench/bin/../maps/dc_boulder_2013-13-30-06-13-17.ser
cleanup (explicit Full GC): 2,085,194,792 / 2,099,621,456 bytes free.
Warm up took 1167.423407 ms
dc_boulder_2013-13-30-06-13-17.ser           	2	56	35.396	51.667	39.947	18.643	34.819	150.166	28.252	56
cleanup (explicit Full GC): 2,080,896,920 / 2,091,244,288 bytes free.
Initial test: 49.835445 ms.
Testing file /home/marlin/mapbench/bin/../maps/dc_boulder_2013-13-30-06-13-17.ser for 105 loops ...
cleanup (explicit Full GC): 2,085,039,184 / 2,094,035,952 bytes free.
1 threads and 105 loops per thread, time: 5830.918988 ms
dc_boulder_2013-13-30-06-13-17.ser           	1	105	51.181	54.171	53.846	15.107	49.526	179.370	19.539	105
cleanup (explicit Full GC): 2,065,619,832 / 2,099,617,856 bytes free.
2 threads and 105 loops per thread, time: 3845.953605 ms
dc_boulder_2013-13-30-06-13-17.ser           	2	210	35.430	36.047	35.479	0.503	34.386	38.545	28.224	210
cleanup (explicit Full GC): 2,048,447,560 / 2,099,615,320 bytes free.
4 threads and 105 loops per thread, time: 3158.88158 ms
dc_boulder_2013-13-30-06-13-17.ser           	4	420	25.762	34.270	27.185	2.988	25.243	36.714	38.817	420


Loading drawing commands from file: /home/marlin/mapbench/bin/../maps/dc_spearfish_2013-11-30-06-11-15.ser
Loaded DrawingCommands: DrawingCommands{width=512, height=359, commands=1232}
drawing[dc_spearfish_2013-11-30-06-11-15.ser][width = 512, height = 359] ...
cleanup (explicit Full GC): 2,000,064,616 / 2,100,908,728 bytes free.
Initial test: 10.762978 ms.

Warming up with 2 threads and 293 loops on /home/marlin/mapbench/bin/../maps/dc_spearfish_2013-11-30-06-11-15.ser
cleanup (explicit Full GC): 2,091,923,960 / 2,100,875,248 bytes free.
Warm up took 2880.947404 ms
dc_spearfish_2013-11-30-06-11-15.ser         	2	586	9.326	9.909	9.340	0.467	8.641	13.818	107.226	586
cleanup (explicit Full GC): 2,069,171,352 / 2,100,857,592 bytes free.
Initial test: 9.770089 ms.
Testing file /home/marlin/mapbench/bin/../maps/dc_spearfish_2013-11-30-06-11-15.ser for 538 loops ...
cleanup (explicit Full GC): 2,091,860,800 / 2,100,866,392 bytes free.
1 threads and 538 loops per thread, time: 5212.533996 ms
dc_spearfish_2013-11-30-06-11-15.ser         	1	538	9.028	10.043	9.182	0.513	8.370	10.621	110.760	538
cleanup (explicit Full GC): 2,072,450,320 / 2,100,857,952 bytes free.
2 threads and 538 loops per thread, time: 5104.975399 ms
dc_spearfish_2013-11-30-06-11-15.ser         	2	1076	8.878	9.748	9.004	0.524	8.221	15.704	112.640	1076
cleanup (explicit Full GC): 2,044,102,056 / 2,098,063,616 bytes free.
4 threads and 538 loops per thread, time: 5401.613627 ms
dc_spearfish_2013-11-30-06-11-15.ser         	4	2152	8.522	12.801	9.017	1.453	7.708	21.591	117.341	2152


Loading drawing commands from file: /home/marlin/mapbench/bin/../maps/test_z_625k.ser
Loaded DrawingCommands: DrawingCommands{width=1272, height=1261, commands=23345}
drawing[test_z_625k.ser][width = 1272, height = 1261] ...
cleanup (explicit Full GC): 1,986,522,928 / 2,094,495,640 bytes free.
Initial test: 60.992473 ms.

Warming up with 2 threads and 51 loops on /home/marlin/mapbench/bin/../maps/test_z_625k.ser
cleanup (explicit Full GC): 2,085,498,568 / 2,093,673,960 bytes free.
Warm up took 2175.389891 ms
test_z_625k.ser                              	2	102	41.653	41.908	41.729	0.663	41.157	46.281	24.008	102
cleanup (explicit Full GC): 2,010,202,416 / 2,093,720,168 bytes free.
Initial test: 58.565509 ms.
Testing file /home/marlin/mapbench/bin/../maps/test_z_625k.ser for 89 loops ...
cleanup (explicit Full GC): 2,087,515,344 / 2,093,721,864 bytes free.
1 threads and 89 loops per thread, time: 5390.34397 ms
test_z_625k.ser                              	1	89	58.830	59.083	58.850	0.239	58.520	60.695	16.998	89
cleanup (explicit Full GC): 2,019,707,512 / 2,090,927,984 bytes free.
2 threads and 89 loops per thread, time: 3782.716533 ms
test_z_625k.ser                              	2	178	41.573	41.849	41.637	0.633	41.028	47.150	24.054	178
cleanup (explicit Full GC): 1,951,954,472 / 2,095,071,784 bytes free.
4 threads and 89 loops per thread, time: 3266.247971 ms
test_z_625k.ser                              	4	356	29.920	44.839	32.647	6.693	29.223	63.720	33.423	356


WARMUP results:
Test                                         	Threads	Ops	Med	Pct95	Avg	StdDev	Min	Max	FPS(med)	TotalOps	[ms/op]
<<< Calib 1
[calibration]                                	4	12000	0.096	0.136	0.141	0.632	0.087	14.265	10462.549	12000
>>> Calib 1
<<< Warmup 1
CircleTests.ser                              	4	320	9.693	57.947	18.765	21.203	9.252	161.081	103.171	320
>>> Warmup 1
<<< Warmup 2
CircleTests.ser                              	4	640	9.750	28.099	12.584	8.528	9.167	83.655	102.566	640
>>> Warmup 2
CircleTests.ser                              	2	396	12.061	12.371	12.041	0.616	11.361	19.856	82.915	396
dc_boulder_2013-13-30-06-13-17.ser           	2	56	35.396	51.667	39.947	18.643	34.819	150.166	28.252	56
dc_spearfish_2013-11-30-06-11-15.ser         	2	586	9.326	9.909	9.340	0.467	8.641	13.818	107.226	586
test_z_625k.ser                              	2	102	41.653	41.908	41.729	0.663	41.157	46.281	24.008	102

TEST results:
Test                                         	Threads	Ops	Med	Pct95	Avg	StdDev	Min	Max	FPS(med)	TotalOps	[ms/op]
CircleTests.ser                              	1	352	16.381	16.767	16.332	0.324	15.152	17.030	61.046	352
CircleTests.ser                              	2	704	12.127	12.384	12.091	0.364	11.461	17.070	82.463	704
CircleTests.ser                              	4	1408	9.818	19.482	11.172	3.359	9.226	37.612	101.857	1408
dc_boulder_2013-13-30-06-13-17.ser           	1	105	51.181	54.171	53.846	15.107	49.526	179.370	19.539	105
dc_boulder_2013-13-30-06-13-17.ser           	2	210	35.430	36.047	35.479	0.503	34.386	38.545	28.224	210
dc_boulder_2013-13-30-06-13-17.ser           	4	420	25.762	34.270	27.185	2.988	25.243	36.714	38.817	420
dc_spearfish_2013-11-30-06-11-15.ser         	1	538	9.028	10.043	9.182	0.513	8.370	10.621	110.760	538
dc_spearfish_2013-11-30-06-11-15.ser         	2	1076	8.878	9.748	9.004	0.524	8.221	15.704	112.640	1076
dc_spearfish_2013-11-30-06-11-15.ser         	4	2152	8.522	12.801	9.017	1.453	7.708	21.591	117.341	2152
test_z_625k.ser                              	1	89	58.830	59.083	58.850	0.239	58.520	60.695	16.998	89
test_z_625k.ser                              	2	178	41.573	41.849	41.637	0.633	41.028	47.150	24.054	178
test_z_625k.ser                              	4	356	29.920	44.839	32.647	6.693	29.223	63.720	33.423	356

Scores:
Tests	12	4	4	4	
Threads	4	1	2	4	
Med	25.621	33.855	24.502	18.505	
Pct95	29.290	35.016	25.007	27.848	
FPS	62.263	52.086	61.845	72.859	


