date:
vendredi 22 janvier 2016, 22:22:53 (UTC+0100)
CLASSPATH:   ../lib/mapbench-0.4.0.jar:../lib/marlin-graphics-0.2.1.jar
Boot CP:     -Xbootclasspath/p:../lib/marlin-0.7.3.1-Unsafe-OpenJDK-sun-java2d.jar -Xbootclasspath/a:../lib/marlin-0.7.3.1-Unsafe-OpenJDK.jar
Java opts:   -Dsun.java2d.renderer.enableRLE=true -Dsun.java2d.renderer.forceRLE=false -Dsun.java2d.renderer.forceNoRLE=false -Dsun.java2d.renderer.useTileFlags=true -Dsun.java2d.renderer.useTileFlags.useHeuristics=true -Dsun.java2d.renderer.blockSize_log2=5 -Dsun.java2d.renderer.rleMinWidth=64  -Dsun.java2d.renderer.clip.curves=false -Dsun.java2d.renderer.log=true -Dsun.java2d.renderer.subPixel_log2_X=3 -Dsun.java2d.renderer.subPixel_log2_Y=3 -Dsun.java2d.renderer.useThreadLocal=true -Dsun.java2d.renderer.useSimplifier=false -Dsun.java2d.renderer.useRef=soft -Dsun.java2d.renderer.pixelsize=2048 -Dsun.java2d.renderer.tileSize_log2=6 -Dsun.java2d.renderer=sun.java2d.marlin.MarlinRenderingEngine -DMapBench.qualityMode=false -DMapBench.acceleration=true -DMapBench.volatile=true -server
Java tuning:  -Xms2g  -Xmx2g -XX:+UseConcMarkSweepGC
JVM path
/home/bourgesl/apps/jdk1.8.0//bin//java
Java version
java version "1.8.0_60"
Java(TM) SE Runtime Environment (build 1.8.0_60-b27)
Java HotSpot(TM) 64-Bit Server VM (build 25.60-b23, mixed mode)
##############################################################
# Java: 1.8.0_60-b27
#   VM: Java HotSpot(TM) 64-Bit Server VM 25.60-b23 (mixed mode)
#   OS: Linux 3.13.0-77-generic (amd64)
# CPUs: 4 (virtual)
##############################################################
INFO: ===============================================================================
INFO: Marlin software rasterizer           = ENABLED
INFO: Version                              = [marlin-0.7.3-Unsafe-OpenJDK]
INFO: sun.java2d.renderer                  = sun.java2d.marlin.MarlinRenderingEngine
INFO: sun.java2d.renderer.useThreadLocal   = true
INFO: sun.java2d.renderer.useRef           = soft
INFO: sun.java2d.renderer.pixelsize        = 2048
INFO: sun.java2d.renderer.subPixel_log2_X  = 3
INFO: sun.java2d.renderer.subPixel_log2_Y  = 3
INFO: sun.java2d.renderer.tileSize_log2    = 6
INFO: sun.java2d.renderer.blockSize_log2   = 5
INFO: sun.java2d.renderer.blockSize_log2   = 5
INFO: sun.java2d.renderer.forceRLE         = false
INFO: sun.java2d.renderer.forceNoRLE       = false
INFO: sun.java2d.renderer.useTileFlags     = true
INFO: sun.java2d.renderer.useTileFlags.useHeuristics = true
INFO: sun.java2d.renderer.rleMinWidth      = 64
INFO: sun.java2d.renderer.useSimplifier    = false
INFO: sun.java2d.renderer.doStats          = false
INFO: sun.java2d.renderer.doMonitors       = false
INFO: sun.java2d.renderer.doChecks         = false
INFO: sun.java2d.renderer.useLogger        = false
INFO: sun.java2d.renderer.logCreateContext = false
INFO: sun.java2d.renderer.logUnsafeMalloc  = false
INFO: Renderer settings:
INFO: CUB_COUNT_LG = 2
INFO: CUB_DEC_BND  = 20.0
INFO: CUB_INC_BND  = 8.0
INFO: QUAD_DEC_BND = 8.0
INFO: ===============================================================================
# Renderer: MarlinRenderingEngine 
# Quality mode: DEFAULT...
# Filter shape on size: DISABLED...
# Using VolatileImage ...
##############################################################
profileName: longer_shared
Loading profile file: /home/marlin/mapbench/bin/../profiles/longer_shared.properties
Loading scale file: /home/marlin/mapbench/bin/../profiles/mapbench-scales.properties
Profile properties (merged with defaults):
  doClip=false
  doCreateStrokedShape=false
  doRotate=false
  doScale=false
  doShear=false
  doTranslate=false
  doUseDashedStroke=false
  doUseWingRuleEvenOdd=false
  maxThreads=4
  minDuration=10000.0
  minLoops=25
  pass=1
  rotateAngle=17.333
  scaleX=4.0
  scaleY=4.0
  shearX=2.0
  shearY=2.0
  translateX=0.0
  translateY=0.0
  useSharedImage=true
##############################################################
# Min duration per test = 10000.0 ms.
##############################################################
Loading maps from = /home/marlin/mapbench/bin/../maps
Results format: 
Test                                         	Threads	Ops	Med	Pct95	Avg	StdDev	Min	Max	FPS(avg)	TotalOps	[ms/op]

Calibrating up with 4 threads and 3000 loops
cleanup (explicit Full GC): 2,090,283,432 / 2,105,945,456 bytes free.
Calibration up took 291.331032 ms
[calibration]                                	4	12000	0.001	0.014	0.050	2.024	0.000	148.857	20051.405	12000
Loading drawing commands from file: /home/marlin/mapbench/bin/../maps/CircleTests.ser
Loaded DrawingCommands: DrawingCommands{width=2048, height=2048, commands=2001}
drawing[CircleTests.ser][width = 2048, height = 2048] ...

Warming up with 4 threads and 80 loops on /home/marlin/mapbench/bin/../maps/CircleTests.ser
cleanup (explicit Full GC): 2,076,165,776 / 2,105,226,104 bytes free.
Warm up took 13575.869959 ms
CircleTests.ser                              	4	320	149.358	215.470	161.713	88.525	50.823	837.072	6.184	320

Warming up with 4 threads and 160 loops on /home/marlin/mapbench/bin/../maps/CircleTests.ser
cleanup (explicit Full GC): 2,047,527,728 / 2,110,156,920 bytes free.
Warm up took 24301.19479 ms
CircleTests.ser                              	4	640	150.392	202.090	150.892	32.410	49.862	266.305	6.627	640
cleanup (explicit Full GC): 2,035,707,504 / 2,110,151,800 bytes free.
Initial test: 50.070681 ms.

Warming up with 2 threads and 63 loops on /home/marlin/mapbench/bin/../maps/CircleTests.ser
cleanup (explicit Full GC): 2,098,984,416 / 2,110,162,296 bytes free.
Warm up took 3385.759989 ms
CircleTests.ser                              	2	126	53.593	54.125	53.727	0.707	53.116	59.142	18.613	126
cleanup (explicit Full GC): 2,093,411,216 / 2,110,160,176 bytes free.
Initial test: 50.724087 ms.
Testing file /home/marlin/mapbench/bin/../maps/CircleTests.ser for 207 loops ...
cleanup (explicit Full GC): 2,097,131,544 / 2,110,162,112 bytes free.
1 threads and 207 loops per thread, time: 10353.502759 ms
CircleTests.ser                              	1	207	49.914	50.759	50.012	0.388	49.629	53.438	19.995	207
cleanup (explicit Full GC): 2,080,382,400 / 2,110,156,864 bytes free.
2 threads and 207 loops per thread, time: 11124.454835 ms
CircleTests.ser                              	2	414	53.596	54.133	53.736	0.897	52.563	63.637	18.609	414
cleanup (explicit Full GC): 2,069,209,752 / 2,110,153,392 bytes free.
4 threads and 207 loops per thread, time: 31353.228579 ms
CircleTests.ser                              	4	828	150.418	200.842	150.939	30.962	50.971	260.460	6.625	828


Loading drawing commands from file: /home/marlin/mapbench/bin/../maps/EllipseTests-fill-false.ser
Loaded DrawingCommands: DrawingCommands{width=2000, height=2000, commands=198}
drawing[EllipseTests-fill-false.ser][width = 2000, height = 2000] ...
cleanup (explicit Full GC): 2,035,704,104 / 2,110,560,696 bytes free.
Initial test: 204.393888 ms.

Warming up with 2 threads and 15 loops on /home/marlin/mapbench/bin/../maps/EllipseTests-fill-false.ser
cleanup (explicit Full GC): 2,097,532,056 / 2,110,574,384 bytes free.
Warm up took 3730.013041 ms
EllipseTests-fill-false.ser                  	2	30	247.754	252.588	248.402	2.216	245.880	257.434	4.026	30
cleanup (explicit Full GC): 2,086,378,368 / 2,104,989,664 bytes free.
Initial test: 203.888567 ms.
Testing file /home/marlin/mapbench/bin/../maps/EllipseTests-fill-false.ser for 51 loops ...
cleanup (explicit Full GC): 2,093,822,280 / 2,110,572,784 bytes free.
1 threads and 51 loops per thread, time: 10354.557039 ms
EllipseTests-fill-false.ser                  	1	51	202.929	203.167	203.023	0.719	202.623	208.007	4.926	51
cleanup (explicit Full GC): 2,097,544,152 / 2,110,572,016 bytes free.
2 threads and 51 loops per thread, time: 12649.852467 ms
EllipseTests-fill-false.ser                  	2	102	247.794	248.569	247.890	1.233	244.327	255.083	4.034	102
cleanup (explicit Full GC): 2,091,959,688 / 2,110,571,040 bytes free.
4 threads and 51 loops per thread, time: 37570.692408 ms
EllipseTests-fill-false.ser                  	4	204	732.699	859.334	733.463	80.855	229.285	937.315	1.363	204


Loading drawing commands from file: /home/marlin/mapbench/bin/../maps/EllipseTests-fill-true.ser
Loaded DrawingCommands: DrawingCommands{width=2000, height=2000, commands=198}
drawing[EllipseTests-fill-true.ser][width = 2000, height = 2000] ...
cleanup (explicit Full GC): 2,080,791,320 / 2,110,568,880 bytes free.
Initial test: 207.780939 ms.

Warming up with 2 threads and 15 loops on /home/marlin/mapbench/bin/../maps/EllipseTests-fill-true.ser
cleanup (explicit Full GC): 2,097,540,280 / 2,110,572,832 bytes free.
Warm up took 6261.951758 ms
EllipseTests-fill-true.ser                   	2	30	417.069	421.550	417.324	3.037	408.482	427.165	2.396	30
cleanup (explicit Full GC): 2,091,960,568 / 2,110,572,048 bytes free.
Initial test: 207.57212 ms.
Testing file /home/marlin/mapbench/bin/../maps/EllipseTests-fill-true.ser for 50 loops ...
cleanup (explicit Full GC): 2,097,543,416 / 2,110,572,640 bytes free.
1 threads and 50 loops per thread, time: 10387.299987 ms
EllipseTests-fill-true.ser                   	1	50	207.639	207.881	207.738	0.721	207.368	212.704	4.814	50
cleanup (explicit Full GC): 2,091,960,320 / 2,110,571,728 bytes free.
2 threads and 50 loops per thread, time: 20795.948527 ms
EllipseTests-fill-true.ser                   	2	100	415.747	420.245	415.174	9.601	323.352	426.519	2.409	100
cleanup (explicit Full GC): 2,080,792,008 / 2,110,570,768 bytes free.
4 threads and 50 loops per thread, time: 41735.768536 ms
EllipseTests-fill-true.ser                   	4	200	835.582	855.880	832.792	30.748	470.738	875.070	1.201	200


Loading drawing commands from file: /home/marlin/mapbench/bin/../maps/dc_boulder_2013-13-30-06-13-17.ser
Loaded DrawingCommands: DrawingCommands{width=1400, height=800, commands=4398}
drawing[dc_boulder_2013-13-30-06-13-17.ser][width = 1400, height = 800] ...
cleanup (explicit Full GC): 2,058,456,264 / 2,109,043,568 bytes free.
Initial test: 168.407654 ms.

Warming up with 2 threads and 18 loops on /home/marlin/mapbench/bin/../maps/dc_boulder_2013-13-30-06-13-17.ser
cleanup (explicit Full GC): 2,090,431,248 / 2,108,882,112 bytes free.
Warm up took 2156.74573 ms
dc_boulder_2013-13-30-06-13-17.ser           	2	36	100.992	195.923	119.721	74.254	99.885	425.550	8.353	36
cleanup (explicit Full GC): 2,092,131,032 / 2,108,881,192 bytes free.
Initial test: 83.08841 ms.
Testing file /home/marlin/mapbench/bin/../maps/dc_boulder_2013-13-30-06-13-17.ser for 126 loops ...
cleanup (explicit Full GC): 2,095,852,560 / 2,108,881,856 bytes free.
1 threads and 126 loops per thread, time: 10855.740317 ms
dc_boulder_2013-13-30-06-13-17.ser           	1	126	86.478	86.769	86.144	1.144	82.525	87.564	11.608	126
cleanup (explicit Full GC): 2,080,963,384 / 2,108,879,896 bytes free.
2 threads and 126 loops per thread, time: 12305.817001 ms
dc_boulder_2013-13-30-06-13-17.ser           	2	252	97.381	100.652	97.596	3.363	93.671	126.688	10.246	252
cleanup (explicit Full GC): 2,056,765,400 / 2,108,877,040 bytes free.
4 threads and 126 loops per thread, time: 26167.708817 ms
dc_boulder_2013-13-30-06-13-17.ser           	4	504	205.930	259.528	206.226	31.549	82.812	309.463	4.849	504


Loading drawing commands from file: /home/marlin/mapbench/bin/../maps/dc_boulder_2013-13-30-06-13-20.ser
Loaded DrawingCommands: DrawingCommands{width=1400, height=800, commands=2425}
drawing[dc_boulder_2013-13-30-06-13-20.ser][width = 1400, height = 800] ...
cleanup (explicit Full GC): 2,012,092,976 / 2,109,773,064 bytes free.
Initial test: 102.39972 ms.

Warming up with 2 threads and 30 loops on /home/marlin/mapbench/bin/../maps/dc_boulder_2013-13-30-06-13-20.ser
cleanup (explicit Full GC): 2,098,605,680 / 2,109,755,608 bytes free.
Warm up took 1925.944672 ms
dc_boulder_2013-13-30-06-13-20.ser           	2	60	47.524	273.870	63.917	59.433	45.808	303.628	15.645	60
cleanup (explicit Full GC): 2,091,143,280 / 2,109,754,336 bytes free.
Initial test: 40.841515 ms.
Testing file /home/marlin/mapbench/bin/../maps/dc_boulder_2013-13-30-06-13-20.ser for 257 loops ...
cleanup (explicit Full GC): 2,098,586,952 / 2,109,755,408 bytes free.
1 threads and 257 loops per thread, time: 10519.515804 ms
dc_boulder_2013-13-30-06-13-20.ser           	1	257	40.880	41.190	40.928	0.204	40.626	43.496	24.433	257
cleanup (explicit Full GC): 2,079,975,688 / 2,109,751,400 bytes free.
2 threads and 257 loops per thread, time: 11751.620987 ms
dc_boulder_2013-13-30-06-13-20.ser           	2	514	44.136	53.149	45.672	3.284	40.990	63.316	21.895	514
cleanup (explicit Full GC): 2,057,636,896 / 2,109,747,072 bytes free.
4 threads and 257 loops per thread, time: 29858.762007 ms
dc_boulder_2013-13-30-06-13-20.ser           	4	1028	113.501	160.754	114.792	26.536	40.634	202.579	8.711	1028


Loading drawing commands from file: /home/marlin/mapbench/bin/../maps/dc_shp_alllayers_2013-00-30-07-00-43.ser
Loaded DrawingCommands: DrawingCommands{width=1400, height=800, commands=568}
drawing[dc_shp_alllayers_2013-00-30-07-00-43.ser][width = 1400, height = 800] ...
cleanup (explicit Full GC): 2,012,963,000 / 2,110,270,288 bytes free.
Initial test: 34.581424 ms.

Warming up with 2 threads and 91 loops on /home/marlin/mapbench/bin/../maps/dc_shp_alllayers_2013-00-30-07-00-43.ser
cleanup (explicit Full GC): 2,099,102,904 / 2,110,281,480 bytes free.
Warm up took 3371.076831 ms
dc_shp_alllayers_2013-00-30-07-00-43.ser     	2	182	36.903	37.477	36.946	0.797	35.856	43.624	27.066	182
cleanup (explicit Full GC): 2,091,669,152 / 2,110,276,776 bytes free.
Initial test: 34.573159 ms.
Testing file /home/marlin/mapbench/bin/../maps/dc_shp_alllayers_2013-00-30-07-00-43.ser for 304 loops ...
cleanup (explicit Full GC): 2,099,109,392 / 2,110,279,800 bytes free.
1 threads and 304 loops per thread, time: 10719.25821 ms
dc_shp_alllayers_2013-00-30-07-00-43.ser     	1	304	35.293	35.544	35.258	0.367	34.376	38.243	28.362	304
cleanup (explicit Full GC): 2,097,251,168 / 2,110,274,984 bytes free.
2 threads and 304 loops per thread, time: 11218.3764 ms
dc_shp_alllayers_2013-00-30-07-00-43.ser     	2	608	36.744	37.336	36.856	0.728	35.181	46.954	27.132	608
cleanup (explicit Full GC): 2,080,495,264 / 2,110,269,960 bytes free.
4 threads and 304 loops per thread, time: 28419.212364 ms
dc_shp_alllayers_2013-00-30-07-00-43.ser     	4	1216	91.212	128.152	92.833	19.819	34.563	179.627	10.772	1216


Loading drawing commands from file: /home/marlin/mapbench/bin/../maps/dc_shp_alllayers_2013-00-30-07-00-47.ser
Loaded DrawingCommands: DrawingCommands{width=1400, height=800, commands=135213}
drawing[dc_shp_alllayers_2013-00-30-07-00-47.ser][width = 1400, height = 800] ...
cleanup (explicit Full GC): 1,971,332,776 / 2,071,210,680 bytes free.
Initial test: 832.5313 ms.

Warming up with 2 threads and 10 loops on /home/marlin/mapbench/bin/../maps/dc_shp_alllayers_2013-00-30-07-00-47.ser
cleanup (explicit Full GC): 2,043,292,200 / 2,067,266,184 bytes free.
Warm up took 13799.751697 ms
dc_shp_alllayers_2013-00-30-07-00-47.ser     	2	20	1378.562	1395.199	1378.985	9.060	1357.397	1397.375	0.725	20
cleanup (explicit Full GC): 1,959,314,720 / 2,067,265,688 bytes free.
Initial test: 831.748775 ms.
Testing file /home/marlin/mapbench/bin/../maps/dc_shp_alllayers_2013-00-30-07-00-47.ser for 25 loops ...
cleanup (explicit Full GC): 2,039,347,224 / 2,067,265,912 bytes free.
1 threads and 25 loops per thread, time: 20762.773314 ms
dc_shp_alllayers_2013-00-30-07-00-47.ser     	1	25	830.073	833.310	830.237	1.821	826.712	833.459	1.204	25
cleanup (explicit Full GC): 1,942,563,368 / 2,067,265,488 bytes free.
2 threads and 25 loops per thread, time: 34382.23579 ms
dc_shp_alllayers_2013-00-30-07-00-47.ser     	2	50	1372.882	1388.576	1372.079	19.981	1250.551	1414.031	0.729	50
cleanup (explicit Full GC): 1,814,137,928 / 2,067,264,920 bytes free.
4 threads and 25 loops per thread, time: 76922.120115 ms
dc_shp_alllayers_2013-00-30-07-00-47.ser     	4	100	3078.146	3339.379	3064.402	182.270	2257.719	3513.244	0.326	100


Loading drawing commands from file: /home/marlin/mapbench/bin/../maps/dc_spearfish_2013-11-30-06-11-15.ser
Loaded DrawingCommands: DrawingCommands{width=512, height=359, commands=1232}
drawing[dc_spearfish_2013-11-30-06-11-15.ser][width = 512, height = 359] ...
cleanup (explicit Full GC): 1,882,057,768 / 2,110,178,592 bytes free.
Initial test: 13.132841 ms.

Warming up with 2 threads and 240 loops on /home/marlin/mapbench/bin/../maps/dc_spearfish_2013-11-30-06-11-15.ser
cleanup (explicit Full GC): 2,106,514,328 / 2,110,140,216 bytes free.
Warm up took 3798.83571 ms
dc_spearfish_2013-11-30-06-11-15.ser         	2	480	15.770	16.363	15.809	0.496	13.912	21.261	63.255	480
cleanup (explicit Full GC): 2,085,366,152 / 2,110,132,216 bytes free.
Initial test: 12.194898 ms.
Testing file /home/marlin/mapbench/bin/../maps/dc_spearfish_2013-11-30-06-11-15.ser for 863 loops ...
cleanup (explicit Full GC): 2,106,263,840 / 2,110,140,008 bytes free.
1 threads and 863 loops per thread, time: 10128.370022 ms
dc_spearfish_2013-11-30-06-11-15.ser         	1	863	11.666	12.112	11.735	0.178	11.628	13.656	85.213	863
cleanup (explicit Full GC): 2,073,783,232 / 2,110,126,248 bytes free.
2 threads and 863 loops per thread, time: 13747.428597 ms
dc_spearfish_2013-11-30-06-11-15.ser         	2	1726	15.799	16.984	15.925	0.576	12.346	25.197	62.794	1726
cleanup (explicit Full GC): 2,031,071,488 / 2,110,112,272 bytes free.
4 threads and 863 loops per thread, time: 36831.803218 ms
dc_spearfish_2013-11-30-06-11-15.ser         	4	3452	38.814	80.630	42.491	20.275	11.633	166.545	23.534	3452


Loading drawing commands from file: /home/marlin/mapbench/bin/../maps/dc_spearfish_2013-11-30-06-11-19.ser
Loaded DrawingCommands: DrawingCommands{width=512, height=359, commands=349}
drawing[dc_spearfish_2013-11-30-06-11-19.ser][width = 512, height = 359] ...
cleanup (explicit Full GC): 1,964,016,200 / 2,110,408,104 bytes free.
Initial test: 5.655608 ms.

Warming up with 2 threads and 558 loops on /home/marlin/mapbench/bin/../maps/dc_spearfish_2013-11-30-06-11-19.ser
cleanup (explicit Full GC): 2,107,462,056 / 2,110,454,992 bytes free.
Warm up took 3661.683288 ms
dc_spearfish_2013-11-30-06-11-19.ser         	2	1116	6.545	6.753	6.561	0.238	5.699	9.878	152.419	1116
cleanup (explicit Full GC): 2,092,362,680 / 2,110,437,032 bytes free.
Initial test: 5.431257 ms.
Testing file /home/marlin/mapbench/bin/../maps/dc_spearfish_2013-11-30-06-11-19.ser for 1938 loops ...
cleanup (explicit Full GC): 2,107,592,592 / 2,110,455,000 bytes free.
1 threads and 1938 loops per thread, time: 10630.65552 ms
dc_spearfish_2013-11-30-06-11-19.ser         	1	1938	5.468	5.553	5.485	0.099	5.451	7.827	182.311	1938
cleanup (explicit Full GC): 2,087,640,256 / 2,110,424,040 bytes free.
2 threads and 1938 loops per thread, time: 12685.281589 ms
dc_spearfish_2013-11-30-06-11-19.ser         	2	3876	6.535	6.726	6.545	0.208	5.683	10.481	152.783	3876
cleanup (explicit Full GC): 2,060,379,160 / 2,110,392,776 bytes free.
4 threads and 1938 loops per thread, time: 37030.936413 ms
dc_spearfish_2013-11-30-06-11-19.ser         	4	7752	15.989	46.145	19.014	13.197	5.405	104.046	52.592	7752


Loading drawing commands from file: /home/marlin/mapbench/bin/../maps/dc_topp:states_2013-11-30-06-11-06.ser
Loaded DrawingCommands: DrawingCommands{width=780, height=330, commands=119}
drawing[dc_topp:states_2013-11-30-06-11-06.ser][width = 780, height = 330] ...
cleanup (explicit Full GC): 2,012,810,800 / 2,110,334,136 bytes free.
Initial test: 9.690629 ms.

Warming up with 2 threads and 325 loops on /home/marlin/mapbench/bin/../maps/dc_topp:states_2013-11-30-06-11-06.ser
cleanup (explicit Full GC): 2,107,489,704 / 2,110,455,280 bytes free.
Warm up took 3202.817647 ms
dc_topp:states_2013-11-30-06-11-06.ser       	2	650	9.799	9.927	9.820	0.231	9.594	13.271	101.837	650
cleanup (explicit Full GC): 2,105,173,360 / 2,110,444,784 bytes free.
Initial test: 9.739901 ms.
Testing file /home/marlin/mapbench/bin/../maps/dc_topp:states_2013-11-30-06-11-06.ser for 1080 loops ...
cleanup (explicit Full GC): 2,107,490,768 / 2,110,455,296 bytes free.
1 threads and 1080 loops per thread, time: 10328.287713 ms
dc_topp:states_2013-11-30-06-11-06.ser       	1	1080	9.553	9.661	9.563	0.148	9.451	13.147	104.572	1080
cleanup (explicit Full GC): 2,105,277,608 / 2,110,437,488 bytes free.
2 threads and 1080 loops per thread, time: 10639.606811 ms
dc_topp:states_2013-11-30-06-11-06.ser       	2	2160	9.805	9.934	9.817	0.196	9.536	14.906	101.862	2160
cleanup (explicit Full GC): 2,096,636,576 / 2,110,420,048 bytes free.
4 threads and 1080 loops per thread, time: 27883.133642 ms
dc_topp:states_2013-11-30-06-11-06.ser       	4	4320	24.498	42.943	25.685	9.388	9.492	71.778	38.934	4320


Loading drawing commands from file: /home/marlin/mapbench/bin/../maps/dc_topp:states_2013-11-30-06-11-07.ser
Loaded DrawingCommands: DrawingCommands{width=780, height=330, commands=144}
drawing[dc_topp:states_2013-11-30-06-11-07.ser][width = 780, height = 330] ...
cleanup (explicit Full GC): 2,081,032,760 / 2,110,403,136 bytes free.
Initial test: 6.360184 ms.

Warming up with 2 threads and 496 loops on /home/marlin/mapbench/bin/../maps/dc_topp:states_2013-11-30-06-11-07.ser
cleanup (explicit Full GC): 2,107,457,104 / 2,110,468,544 bytes free.
Warm up took 3194.654801 ms
dc_topp:states_2013-11-30-06-11-07.ser       	2	992	6.429	6.511	6.438	0.135	6.305	9.246	155.320	992
cleanup (explicit Full GC): 2,101,130,328 / 2,110,452,624 bytes free.
Initial test: 6.34746 ms.
Testing file /home/marlin/mapbench/bin/../maps/dc_topp:states_2013-11-30-06-11-07.ser for 1658 loops ...
cleanup (explicit Full GC): 2,107,498,608 / 2,110,468,552 bytes free.
1 threads and 1658 loops per thread, time: 10493.679525 ms
dc_topp:states_2013-11-30-06-11-07.ser       	1	1658	6.320	6.391	6.329	0.113	6.246	9.738	158.007	1658
cleanup (explicit Full GC): 2,100,729,200 / 2,110,442,064 bytes free.
2 threads and 1658 loops per thread, time: 10672.549495 ms
dc_topp:states_2013-11-30-06-11-07.ser       	2	3316	6.430	6.515	6.436	0.104	6.308	10.043	155.368	3316
cleanup (explicit Full GC): 2,093,043,672 / 2,110,415,376 bytes free.
4 threads and 1658 loops per thread, time: 24108.430448 ms
dc_topp:states_2013-11-30-06-11-07.ser       	4	6632	13.439	25.348	14.479	5.853	6.248	45.527	69.065	6632


Loading drawing commands from file: /home/marlin/mapbench/bin/../maps/test_z_625k.ser
Loaded DrawingCommands: DrawingCommands{width=1272, height=1261, commands=23345}
drawing[test_z_625k.ser][width = 1272, height = 1261] ...
cleanup (explicit Full GC): 2,054,392,960 / 2,103,688,856 bytes free.
Initial test: 176.66018 ms.

Warming up with 2 threads and 17 loops on /home/marlin/mapbench/bin/../maps/test_z_625k.ser
cleanup (explicit Full GC): 2,098,547,632 / 2,102,987,576 bytes free.
Warm up took 5338.424255 ms
test_z_625k.ser                              	2	34	313.773	316.369	313.947	1.274	311.122	318.539	3.185	34
cleanup (explicit Full GC): 2,070,089,472 / 2,102,986,896 bytes free.
Initial test: 175.034932 ms.
Testing file /home/marlin/mapbench/bin/../maps/test_z_625k.ser for 60 loops ...
cleanup (explicit Full GC): 2,098,059,560 / 2,102,987,544 bytes free.
1 threads and 60 loops per thread, time: 10513.815588 ms
test_z_625k.ser                              	1	60	175.021	176.200	175.208	0.832	174.375	180.378	5.707	60
cleanup (explicit Full GC): 2,056,033,752 / 2,102,986,632 bytes free.
2 threads and 60 loops per thread, time: 18815.886198 ms
test_z_625k.ser                              	2	120	313.639	314.357	313.577	0.871	310.832	318.741	3.189	120
cleanup (explicit Full GC): 1,993,464,976 / 2,102,985,512 bytes free.
4 threads and 60 loops per thread, time: 37612.346476 ms
test_z_625k.ser                              	4	240	625.117	707.456	619.749	71.356	174.935	773.652	1.614	240


WARMUP results:
Test                                         	Threads	Ops	Med	Pct95	Avg	StdDev	Min	Max	FPS(avg)	TotalOps	[ms/op]
<<< Calib 1
[calibration]                                	4	12000	0.001	0.014	0.050	2.024	0.000	148.857	20051.405	12000
>>> Calib 1
<<< Warmup 1
CircleTests.ser                              	4	320	149.358	215.470	161.713	88.525	50.823	837.072	6.184	320
>>> Warmup 1
<<< Warmup 2
CircleTests.ser                              	4	640	150.392	202.090	150.892	32.410	49.862	266.305	6.627	640
>>> Warmup 2
CircleTests.ser                              	2	126	53.593	54.125	53.727	0.707	53.116	59.142	18.613	126
EllipseTests-fill-false.ser                  	2	30	247.754	252.588	248.402	2.216	245.880	257.434	4.026	30
EllipseTests-fill-true.ser                   	2	30	417.069	421.550	417.324	3.037	408.482	427.165	2.396	30
dc_boulder_2013-13-30-06-13-17.ser           	2	36	100.992	195.923	119.721	74.254	99.885	425.550	8.353	36
dc_boulder_2013-13-30-06-13-20.ser           	2	60	47.524	273.870	63.917	59.433	45.808	303.628	15.645	60
dc_shp_alllayers_2013-00-30-07-00-43.ser     	2	182	36.903	37.477	36.946	0.797	35.856	43.624	27.066	182
dc_shp_alllayers_2013-00-30-07-00-47.ser     	2	20	1378.562	1395.199	1378.985	9.060	1357.397	1397.375	0.725	20
dc_spearfish_2013-11-30-06-11-15.ser         	2	480	15.770	16.363	15.809	0.496	13.912	21.261	63.255	480
dc_spearfish_2013-11-30-06-11-19.ser         	2	1116	6.545	6.753	6.561	0.238	5.699	9.878	152.419	1116
dc_topp:states_2013-11-30-06-11-06.ser       	2	650	9.799	9.927	9.820	0.231	9.594	13.271	101.837	650
dc_topp:states_2013-11-30-06-11-07.ser       	2	992	6.429	6.511	6.438	0.135	6.305	9.246	155.320	992
test_z_625k.ser                              	2	34	313.773	316.369	313.947	1.274	311.122	318.539	3.185	34

TEST results:
Test                                         	Threads	Ops	Med	Pct95	Avg	StdDev	Min	Max	FPS(avg)	TotalOps	[ms/op]
CircleTests.ser                              	1	207	49.914	50.759	50.012	0.388	49.629	53.438	19.995	207
CircleTests.ser                              	2	414	53.596	54.133	53.736	0.897	52.563	63.637	18.609	414
CircleTests.ser                              	4	828	150.418	200.842	150.939	30.962	50.971	260.460	6.625	828
EllipseTests-fill-false.ser                  	1	51	202.929	203.167	203.023	0.719	202.623	208.007	4.926	51
EllipseTests-fill-false.ser                  	2	102	247.794	248.569	247.890	1.233	244.327	255.083	4.034	102
EllipseTests-fill-false.ser                  	4	204	732.699	859.334	733.463	80.855	229.285	937.315	1.363	204
EllipseTests-fill-true.ser                   	1	50	207.639	207.881	207.738	0.721	207.368	212.704	4.814	50
EllipseTests-fill-true.ser                   	2	100	415.747	420.245	415.174	9.601	323.352	426.519	2.409	100
EllipseTests-fill-true.ser                   	4	200	835.582	855.880	832.792	30.748	470.738	875.070	1.201	200
dc_boulder_2013-13-30-06-13-17.ser           	1	126	86.478	86.769	86.144	1.144	82.525	87.564	11.608	126
dc_boulder_2013-13-30-06-13-17.ser           	2	252	97.381	100.652	97.596	3.363	93.671	126.688	10.246	252
dc_boulder_2013-13-30-06-13-17.ser           	4	504	205.930	259.528	206.226	31.549	82.812	309.463	4.849	504
dc_boulder_2013-13-30-06-13-20.ser           	1	257	40.880	41.190	40.928	0.204	40.626	43.496	24.433	257
dc_boulder_2013-13-30-06-13-20.ser           	2	514	44.136	53.149	45.672	3.284	40.990	63.316	21.895	514
dc_boulder_2013-13-30-06-13-20.ser           	4	1028	113.501	160.754	114.792	26.536	40.634	202.579	8.711	1028
dc_shp_alllayers_2013-00-30-07-00-43.ser     	1	304	35.293	35.544	35.258	0.367	34.376	38.243	28.362	304
dc_shp_alllayers_2013-00-30-07-00-43.ser     	2	608	36.744	37.336	36.856	0.728	35.181	46.954	27.132	608
dc_shp_alllayers_2013-00-30-07-00-43.ser     	4	1216	91.212	128.152	92.833	19.819	34.563	179.627	10.772	1216
dc_shp_alllayers_2013-00-30-07-00-47.ser     	1	25	830.073	833.310	830.237	1.821	826.712	833.459	1.204	25
dc_shp_alllayers_2013-00-30-07-00-47.ser     	2	50	1372.882	1388.576	1372.079	19.981	1250.551	1414.031	0.729	50
dc_shp_alllayers_2013-00-30-07-00-47.ser     	4	100	3078.146	3339.379	3064.402	182.270	2257.719	3513.244	0.326	100
dc_spearfish_2013-11-30-06-11-15.ser         	1	863	11.666	12.112	11.735	0.178	11.628	13.656	85.213	863
dc_spearfish_2013-11-30-06-11-15.ser         	2	1726	15.799	16.984	15.925	0.576	12.346	25.197	62.794	1726
dc_spearfish_2013-11-30-06-11-15.ser         	4	3452	38.814	80.630	42.491	20.275	11.633	166.545	23.534	3452
dc_spearfish_2013-11-30-06-11-19.ser         	1	1938	5.468	5.553	5.485	0.099	5.451	7.827	182.311	1938
dc_spearfish_2013-11-30-06-11-19.ser         	2	3876	6.535	6.726	6.545	0.208	5.683	10.481	152.783	3876
dc_spearfish_2013-11-30-06-11-19.ser         	4	7752	15.989	46.145	19.014	13.197	5.405	104.046	52.592	7752
dc_topp:states_2013-11-30-06-11-06.ser       	1	1080	9.553	9.661	9.563	0.148	9.451	13.147	104.572	1080
dc_topp:states_2013-11-30-06-11-06.ser       	2	2160	9.805	9.934	9.817	0.196	9.536	14.906	101.862	2160
dc_topp:states_2013-11-30-06-11-06.ser       	4	4320	24.498	42.943	25.685	9.388	9.492	71.778	38.934	4320
dc_topp:states_2013-11-30-06-11-07.ser       	1	1658	6.320	6.391	6.329	0.113	6.246	9.738	158.007	1658
dc_topp:states_2013-11-30-06-11-07.ser       	2	3316	6.430	6.515	6.436	0.104	6.308	10.043	155.368	3316
dc_topp:states_2013-11-30-06-11-07.ser       	4	6632	13.439	25.348	14.479	5.853	6.248	45.527	69.065	6632
test_z_625k.ser                              	1	60	175.021	176.200	175.208	0.832	174.375	180.378	5.707	60
test_z_625k.ser                              	2	120	313.639	314.357	313.577	0.871	310.832	318.741	3.189	120
test_z_625k.ser                              	4	240	625.117	707.456	619.749	71.356	174.935	773.652	1.614	240

Scores:
Tests	36	12	12	12	
Threads	4	1	2	4	
Pct95	306.447	139.045	221.431	558.866	


