date:
samedi 23 janvier 2016, 00:04:01 (UTC+0100)
CLASSPATH:   ../lib/mapbench-0.4.0.jar:../lib/marlin-graphics-0.2.1.jar
Boot CP:     -Xbootclasspath/p:../lib/marlin-0.7.3.1-Unsafe-OpenJDK-sun-java2d.jar -Xbootclasspath/a:../lib/marlin-0.7.3.1-Unsafe-OpenJDK.jar
Java opts:   -Dsun.java2d.renderer.enableRLE=true -Dsun.java2d.renderer.forceRLE=false -Dsun.java2d.renderer.forceNoRLE=false -Dsun.java2d.renderer.useTileFlags=true -Dsun.java2d.renderer.useTileFlags.useHeuristics=true -Dsun.java2d.renderer.blockSize_log2=5 -Dsun.java2d.renderer.rleMinWidth=64  -Dsun.java2d.renderer.clip.curves=false -Dsun.java2d.renderer.log=true -Dsun.java2d.renderer.subPixel_log2_X=6 -Dsun.java2d.renderer.subPixel_log2_Y=1 -Dsun.java2d.renderer.useThreadLocal=true -Dsun.java2d.renderer.useSimplifier=false -Dsun.java2d.renderer.useRef=soft -Dsun.java2d.renderer.pixelsize=2048 -Dsun.java2d.renderer.tileSize_log2=6 -Dsun.java2d.renderer=sun.java2d.marlin.MarlinRenderingEngine -DMapBench.qualityMode=false -DMapBench.acceleration=false -DMapBench.volatile=false -server
Java tuning:  -Xms2g  -Xmx2g -XX:+UseConcMarkSweepGC
JVM path
/home/bourgesl/apps/jdk1.8.0//bin//java
Java version
java version "1.8.0_60"
Java(TM) SE Runtime Environment (build 1.8.0_60-b27)
Java HotSpot(TM) 64-Bit Server VM (build 25.60-b23, mixed mode)
##############################################################
# Java: 1.8.0_60-b27
#   VM: Java HotSpot(TM) 64-Bit Server VM 25.60-b23 (mixed mode)
#   OS: Linux 3.13.0-77-generic (amd64)
# CPUs: 4 (virtual)
##############################################################
INFO: ===============================================================================
INFO: Marlin software rasterizer           = ENABLED
INFO: Version                              = [marlin-0.7.3-Unsafe-OpenJDK]
INFO: sun.java2d.renderer                  = sun.java2d.marlin.MarlinRenderingEngine
INFO: sun.java2d.renderer.useThreadLocal   = true
INFO: sun.java2d.renderer.useRef           = soft
INFO: sun.java2d.renderer.pixelsize        = 2048
INFO: sun.java2d.renderer.subPixel_log2_X  = 6
INFO: sun.java2d.renderer.subPixel_log2_Y  = 1
INFO: sun.java2d.renderer.tileSize_log2    = 6
INFO: sun.java2d.renderer.blockSize_log2   = 5
INFO: sun.java2d.renderer.blockSize_log2   = 5
INFO: sun.java2d.renderer.forceRLE         = false
INFO: sun.java2d.renderer.forceNoRLE       = false
INFO: sun.java2d.renderer.useTileFlags     = true
INFO: sun.java2d.renderer.useTileFlags.useHeuristics = true
INFO: sun.java2d.renderer.rleMinWidth      = 64
INFO: sun.java2d.renderer.useSimplifier    = false
INFO: sun.java2d.renderer.doStats          = false
INFO: sun.java2d.renderer.doMonitors       = false
INFO: sun.java2d.renderer.doChecks         = false
INFO: sun.java2d.renderer.useLogger        = false
INFO: sun.java2d.renderer.logCreateContext = false
INFO: sun.java2d.renderer.logUnsafeMalloc  = false
INFO: Renderer settings:
INFO: CUB_COUNT_LG = 2
INFO: CUB_DEC_BND  = 113.19231
INFO: CUB_INC_BND  = 45.276924
INFO: QUAD_DEC_BND = 45.276924
INFO: ===============================================================================
# Renderer: MarlinRenderingEngine 
# Quality mode: DEFAULT...
# Filter shape on size: DISABLED...
# Using BufferedImage INT_ARGB_PRE...
##############################################################
profileName: longer_shared
Loading profile file: /home/marlin/mapbench/bin/../profiles/longer_shared.properties
Loading scale file: /home/marlin/mapbench/bin/../profiles/mapbench-scales.properties
Profile properties (merged with defaults):
  doClip=false
  doCreateStrokedShape=false
  doRotate=false
  doScale=false
  doShear=false
  doTranslate=false
  doUseDashedStroke=false
  doUseWingRuleEvenOdd=false
  maxThreads=4
  minDuration=10000.0
  minLoops=25
  pass=1
  rotateAngle=17.333
  scaleX=4.0
  scaleY=4.0
  shearX=2.0
  shearY=2.0
  translateX=0.0
  translateY=0.0
  useSharedImage=true
##############################################################
# Min duration per test = 10000.0 ms.
##############################################################
Loading maps from = /home/marlin/mapbench/bin/../maps
Results format: 
Test                                         	Threads	Ops	Med	Pct95	Avg	StdDev	Min	Max	FPS(avg)	TotalOps	[ms/op]

Calibrating up with 4 threads and 3000 loops
cleanup (explicit Full GC): 2,090,283,496 / 2,106,131,000 bytes free.
Calibration up took 1037.092399 ms
[calibration]                                	4	12000	0.305	0.346	0.320	0.259	0.288	17.450	3120.790	12000
Loading drawing commands from file: /home/marlin/mapbench/bin/../maps/CircleTests.ser
Loaded DrawingCommands: DrawingCommands{width=2048, height=2048, commands=2001}
drawing[CircleTests.ser][width = 2048, height = 2048] ...

Warming up with 4 threads and 80 loops on /home/marlin/mapbench/bin/../maps/CircleTests.ser
cleanup (explicit Full GC): 2,068,788,848 / 2,109,032,256 bytes free.
Warm up took 3984.381261 ms
CircleTests.ser                              	4	320	42.581	49.267	49.256	41.935	40.518	467.176	20.302	320

Warming up with 4 threads and 160 loops on /home/marlin/mapbench/bin/../maps/CircleTests.ser
cleanup (explicit Full GC): 2,008,417,976 / 2,110,633,416 bytes free.
Warm up took 6909.844898 ms
CircleTests.ser                              	4	640	42.858	44.066	42.996	1.127	41.507	66.276	23.258	640
cleanup (explicit Full GC): 1,993,271,040 / 2,110,628,304 bytes free.
Initial test: 42.472398 ms.

Warming up with 2 threads and 74 loops on /home/marlin/mapbench/bin/../maps/CircleTests.ser
cleanup (explicit Full GC): 2,082,683,640 / 2,110,638,424 bytes free.
Warm up took 3072.370365 ms
CircleTests.ser                              	2	148	41.372	41.826	41.426	0.218	41.216	42.727	24.139	148
cleanup (explicit Full GC): 2,060,332,848 / 2,110,635,984 bytes free.
Initial test: 40.574181 ms.
Testing file /home/marlin/mapbench/bin/../maps/CircleTests.ser for 259 loops ...
cleanup (explicit Full GC): 2,082,691,352 / 2,110,638,232 bytes free.
1 threads and 259 loops per thread, time: 10777.30349 ms
CircleTests.ser                              	1	259	41.582	41.832	41.600	0.130	41.236	42.363	24.039	259
cleanup (explicit Full GC): 2,065,942,520 / 2,110,633,960 bytes free.
2 threads and 259 loops per thread, time: 10740.436101 ms
CircleTests.ser                              	2	518	41.351	41.643	41.323	0.228	40.765	42.385	24.200	518
cleanup (explicit Full GC): 2,037,993,600 / 2,110,629,696 bytes free.
4 threads and 259 loops per thread, time: 11083.836581 ms
CircleTests.ser                              	4	1036	42.479	43.455	42.547	1.015	41.409	66.236	23.503	1036


Loading drawing commands from file: /home/marlin/mapbench/bin/../maps/EllipseTests-fill-false.ser
Loaded DrawingCommands: DrawingCommands{width=2000, height=2000, commands=198}
drawing[EllipseTests-fill-false.ser][width = 2000, height = 2000] ...
cleanup (explicit Full GC): 1,970,932,664 / 2,111,033,096 bytes free.
Initial test: 211.848689 ms.

Warming up with 2 threads and 14 loops on /home/marlin/mapbench/bin/../maps/EllipseTests-fill-false.ser
cleanup (explicit Full GC): 2,087,885,000 / 2,111,049,536 bytes free.
Warm up took 2843.741834 ms
EllipseTests-fill-false.ser                  	2	28	202.409	203.401	202.204	0.738	201.227	203.690	4.945	28
cleanup (explicit Full GC): 2,068,886,376 / 2,105,465,328 bytes free.
Initial test: 200.885526 ms.
Testing file /home/marlin/mapbench/bin/../maps/EllipseTests-fill-false.ser for 52 loops ...
cleanup (explicit Full GC): 2,082,317,240 / 2,111,048,376 bytes free.
1 threads and 52 loops per thread, time: 10439.130905 ms
EllipseTests-fill-false.ser                  	1	52	200.719	200.874	200.709	0.103	200.452	200.926	4.982	52
cleanup (explicit Full GC): 2,087,900,288 / 2,111,047,592 bytes free.
2 threads and 52 loops per thread, time: 10470.238198 ms
EllipseTests-fill-false.ser                  	2	104	201.206	201.556	201.190	0.212	200.752	201.682	4.970	104
cleanup (explicit Full GC): 2,068,884,432 / 2,111,046,640 bytes free.
4 threads and 52 loops per thread, time: 10540.867817 ms
EllipseTests-fill-false.ser                  	4	208	201.798	203.734	202.003	1.790	200.941	225.732	4.950	208


Loading drawing commands from file: /home/marlin/mapbench/bin/../maps/EllipseTests-fill-true.ser
Loaded DrawingCommands: DrawingCommands{width=2000, height=2000, commands=198}
drawing[EllipseTests-fill-true.ser][width = 2000, height = 2000] ...
cleanup (explicit Full GC): 2,030,853,336 / 2,111,044,560 bytes free.
Initial test: 335.027025 ms.

Warming up with 2 threads and 10 loops on /home/marlin/mapbench/bin/../maps/EllipseTests-fill-true.ser
cleanup (explicit Full GC): 2,087,896,472 / 2,111,048,424 bytes free.
Warm up took 3444.494821 ms
EllipseTests-fill-true.ser                   	2	20	342.960	354.964	344.013	3.897	341.483	356.101	2.907	20
cleanup (explicit Full GC): 2,068,885,264 / 2,111,048,032 bytes free.
Initial test: 334.71527 ms.
Testing file /home/marlin/mapbench/bin/../maps/EllipseTests-fill-true.ser for 31 loops ...
cleanup (explicit Full GC): 2,087,899,944 / 2,111,048,544 bytes free.
1 threads and 31 loops per thread, time: 10296.11588 ms
EllipseTests-fill-true.ser                   	1	31	331.882	332.510	332.061	0.298	331.607	332.836	3.011	31
cleanup (explicit Full GC): 2,082,316,768 / 2,111,047,816 bytes free.
2 threads and 31 loops per thread, time: 10634.13346 ms
EllipseTests-fill-true.ser                   	2	62	342.550	343.621	342.890	2.338	340.951	356.462	2.916	62
cleanup (explicit Full GC): 2,068,884,656 / 2,111,047,200 bytes free.
4 threads and 31 loops per thread, time: 12190.044283 ms
EllipseTests-fill-true.ser                   	4	124	382.003	419.763	388.870	18.532	355.693	438.341	2.572	124


Loading drawing commands from file: /home/marlin/mapbench/bin/../maps/dc_boulder_2013-13-30-06-13-17.ser
Loaded DrawingCommands: DrawingCommands{width=1400, height=800, commands=4398}
drawing[dc_boulder_2013-13-30-06-13-17.ser][width = 1400, height = 800] ...
cleanup (explicit Full GC): 2,030,853,896 / 2,109,520,112 bytes free.
Initial test: 97.928476 ms.

Warming up with 2 threads and 32 loops on /home/marlin/mapbench/bin/../maps/dc_boulder_2013-13-30-06-13-17.ser
cleanup (explicit Full GC): 2,092,308,336 / 2,109,357,896 bytes free.
Warm up took 2335.702482 ms
dc_boulder_2013-13-30-06-13-17.ser           	2	64	62.052	149.358	72.708	28.500	61.498	168.669	13.754	64
cleanup (explicit Full GC): 2,084,204,720 / 2,109,356,576 bytes free.
Initial test: 61.105902 ms.
Testing file /home/marlin/mapbench/bin/../maps/dc_boulder_2013-13-30-06-13-17.ser for 172 loops ...
cleanup (explicit Full GC): 2,097,728,488 / 2,109,357,648 bytes free.
1 threads and 172 loops per thread, time: 10477.076521 ms
dc_boulder_2013-13-30-06-13-17.ser           	1	172	60.819	61.457	60.901	0.296	60.470	61.893	16.420	172
cleanup (explicit Full GC): 2,073,609,248 / 2,109,354,944 bytes free.
2 threads and 172 loops per thread, time: 10654.968523 ms
dc_boulder_2013-13-30-06-13-17.ser           	2	344	61.903	62.251	61.931	0.180	61.459	62.663	16.147	344
cleanup (explicit Full GC): 2,041,991,160 / 2,109,352,072 bytes free.
4 threads and 172 loops per thread, time: 10881.626229 ms
dc_boulder_2013-13-30-06-13-17.ser           	4	688	62.798	63.383	62.953	2.633	61.211	123.407	15.885	688


Loading drawing commands from file: /home/marlin/mapbench/bin/../maps/dc_boulder_2013-13-30-06-13-20.ser
Loaded DrawingCommands: DrawingCommands{width=1400, height=800, commands=2425}
drawing[dc_boulder_2013-13-30-06-13-20.ser][width = 1400, height = 800] ...
cleanup (explicit Full GC): 1,978,757,520 / 2,110,246,712 bytes free.
Initial test: 31.600891 ms.

Warming up with 2 threads and 99 loops on /home/marlin/mapbench/bin/../maps/dc_boulder_2013-13-30-06-13-20.ser
cleanup (explicit Full GC): 2,098,618,624 / 2,110,232,072 bytes free.
Warm up took 3223.195943 ms
dc_boulder_2013-13-30-06-13-20.ser           	2	198	32.473	32.995	32.515	0.233	32.117	33.311	30.755	198
cleanup (explicit Full GC): 2,079,048,752 / 2,110,228,832 bytes free.
Initial test: 31.637913 ms.
Testing file /home/marlin/mapbench/bin/../maps/dc_boulder_2013-13-30-06-13-20.ser for 332 loops ...
cleanup (explicit Full GC): 2,098,600,744 / 2,110,232,072 bytes free.
1 threads and 332 loops per thread, time: 10426.786464 ms
dc_boulder_2013-13-30-06-13-20.ser           	1	332	31.330	31.904	31.401	0.268	31.030	32.792	31.846	332
cleanup (explicit Full GC): 2,074,483,664 / 2,110,226,808 bytes free.
2 threads and 332 loops per thread, time: 10797.097013 ms
dc_boulder_2013-13-30-06-13-20.ser           	2	664	32.484	32.868	32.514	0.178	32.052	33.208	30.756	664
cleanup (explicit Full GC): 2,037,279,320 / 2,110,221,168 bytes free.
4 threads and 332 loops per thread, time: 11154.728148 ms
dc_boulder_2013-13-30-06-13-20.ser           	4	1328	33.669	33.897	33.585	0.641	32.507	52.993	29.775	1328


Loading drawing commands from file: /home/marlin/mapbench/bin/../maps/dc_shp_alllayers_2013-00-30-07-00-43.ser
Loaded DrawingCommands: DrawingCommands{width=1400, height=800, commands=568}
drawing[dc_shp_alllayers_2013-00-30-07-00-43.ser][width = 1400, height = 800] ...
cleanup (explicit Full GC): 1,979,626,584 / 2,110,742,104 bytes free.
Initial test: 27.996929 ms.

Warming up with 2 threads and 112 loops on /home/marlin/mapbench/bin/../maps/dc_shp_alllayers_2013-00-30-07-00-43.ser
cleanup (explicit Full GC): 2,099,114,016 / 2,110,757,944 bytes free.
Warm up took 3201.770883 ms
dc_shp_alllayers_2013-00-30-07-00-43.ser     	2	224	28.477	28.741	28.444	0.193	28.036	29.052	35.157	224
cleanup (explicit Full GC): 2,091,634,784 / 2,110,752,840 bytes free.
Initial test: 28.181371 ms.
Testing file /home/marlin/mapbench/bin/../maps/dc_shp_alllayers_2013-00-30-07-00-43.ser for 373 loops ...
cleanup (explicit Full GC): 2,099,124,752 / 2,110,756,256 bytes free.
1 threads and 373 loops per thread, time: 10401.539293 ms
dc_shp_alllayers_2013-00-30-07-00-43.ser     	1	373	27.844	28.185	27.883	0.135	27.757	28.675	35.864	373
cleanup (explicit Full GC): 2,093,098,088 / 2,110,750,336 bytes free.
2 threads and 373 loops per thread, time: 10605.439886 ms
dc_shp_alllayers_2013-00-30-07-00-43.ser     	2	746	28.377	28.640	28.402	0.132	28.027	28.961	35.209	746
cleanup (explicit Full GC): 2,079,567,016 / 2,110,744,248 bytes free.
4 threads and 373 loops per thread, time: 11095.441789 ms
dc_shp_alllayers_2013-00-30-07-00-43.ser     	4	1492	29.833	29.989	29.738	0.655	28.852	51.382	33.627	1492


Loading drawing commands from file: /home/marlin/mapbench/bin/../maps/dc_shp_alllayers_2013-00-30-07-00-47.ser
Loaded DrawingCommands: DrawingCommands{width=1400, height=800, commands=135213}
drawing[dc_shp_alllayers_2013-00-30-07-00-47.ser][width = 1400, height = 800] ...
cleanup (explicit Full GC): 1,961,031,128 / 2,071,682,872 bytes free.
Initial test: 571.943368 ms.

Warming up with 2 threads and 10 loops on /home/marlin/mapbench/bin/../maps/dc_shp_alllayers_2013-00-30-07-00-47.ser
cleanup (explicit Full GC): 2,044,741,832 / 2,067,742,584 bytes free.
Warm up took 5766.437278 ms
dc_shp_alllayers_2013-00-30-07-00-47.ser     	2	20	575.908	577.544	575.778	1.252	572.936	577.621	1.737	20
cleanup (explicit Full GC): 1,964,974,184 / 2,067,742,248 bytes free.
Initial test: 571.633391 ms.
Testing file /home/marlin/mapbench/bin/../maps/dc_shp_alllayers_2013-00-30-07-00-47.ser for 25 loops ...
cleanup (explicit Full GC): 2,044,878,232 / 2,067,742,584 bytes free.
1 threads and 25 loops per thread, time: 14262.292098 ms
dc_shp_alllayers_2013-00-30-07-00-47.ser     	1	25	570.226	571.921	570.196	1.007	568.725	572.182	1.754	25
cleanup (explicit Full GC): 1,949,069,256 / 2,067,742,232 bytes free.
2 threads and 25 loops per thread, time: 14419.333188 ms
dc_shp_alllayers_2013-00-30-07-00-47.ser     	2	50	576.824	578.247	576.375	1.528	572.266	579.198	1.735	50
cleanup (explicit Full GC): 1,828,926,400 / 2,064,949,776 bytes free.
4 threads and 25 loops per thread, time: 14453.851535 ms
dc_shp_alllayers_2013-00-30-07-00-47.ser     	4	100	574.170	579.694	575.546	4.406	571.665	594.487	1.737	100


Loading drawing commands from file: /home/marlin/mapbench/bin/../maps/dc_spearfish_2013-11-30-06-11-15.ser
Loaded DrawingCommands: DrawingCommands{width=512, height=359, commands=1232}
drawing[dc_spearfish_2013-11-30-06-11-15.ser][width = 512, height = 359] ...
cleanup (explicit Full GC): 1,849,085,544 / 2,110,655,424 bytes free.
Initial test: 9.248397 ms.

Warming up with 2 threads and 341 loops on /home/marlin/mapbench/bin/../maps/dc_spearfish_2013-11-30-06-11-15.ser
cleanup (explicit Full GC): 2,107,802,848 / 2,110,617,016 bytes free.
Warm up took 3024.947646 ms
dc_spearfish_2013-11-30-06-11-15.ser         	2	682	8.840	8.942	8.864	0.092	8.811	9.539	112.819	682
cleanup (explicit Full GC): 2,080,577,144 / 2,110,605,696 bytes free.
Initial test: 8.947718 ms.
Testing file /home/marlin/mapbench/bin/../maps/dc_spearfish_2013-11-30-06-11-15.ser for 1176 loops ...
cleanup (explicit Full GC): 2,107,669,728 / 2,110,616,736 bytes free.
1 threads and 1176 loops per thread, time: 10371.096941 ms
dc_spearfish_2013-11-30-06-11-15.ser         	1	1176	8.808	8.877	8.818	0.027	8.785	8.998	113.400	1176
cleanup (explicit Full GC): 2,062,685,064 / 2,110,597,904 bytes free.
2 threads and 1176 loops per thread, time: 10409.310932 ms
dc_spearfish_2013-11-30-06-11-15.ser         	2	2352	8.838	8.896	8.843	0.028	8.798	9.076	113.089	2352
cleanup (explicit Full GC): 2,014,427,792 / 2,110,578,968 bytes free.
4 threads and 1176 loops per thread, time: 10449.818955 ms
dc_spearfish_2013-11-30-06-11-15.ser         	4	4704	8.845	8.927	8.867	0.224	8.815	20.902	112.776	4704


Loading drawing commands from file: /home/marlin/mapbench/bin/../maps/dc_spearfish_2013-11-30-06-11-19.ser
Loaded DrawingCommands: DrawingCommands{width=512, height=359, commands=349}
drawing[dc_spearfish_2013-11-30-06-11-19.ser][width = 512, height = 359] ...
cleanup (explicit Full GC): 1,918,834,952 / 2,110,864,896 bytes free.
Initial test: 4.528783 ms.

Warming up with 2 threads and 697 loops on /home/marlin/mapbench/bin/../maps/dc_spearfish_2013-11-30-06-11-19.ser
cleanup (explicit Full GC): 2,108,468,016 / 2,110,931,688 bytes free.
Warm up took 3167.010523 ms
dc_spearfish_2013-11-30-06-11-19.ser         	2	1394	4.531	4.599	4.537	0.024	4.512	4.681	220.397	1394
cleanup (explicit Full GC): 2,091,295,344 / 2,110,909,288 bytes free.
Initial test: 4.539893 ms.
Testing file /home/marlin/mapbench/bin/../maps/dc_spearfish_2013-11-30-06-11-19.ser for 2318 loops ...
cleanup (explicit Full GC): 2,108,509,432 / 2,110,931,664 bytes free.
1 threads and 2318 loops per thread, time: 10500.836315 ms
dc_spearfish_2013-11-30-06-11-19.ser         	1	2318	4.522	4.587	4.530	0.023	4.509	4.725	220.755	2318
cleanup (explicit Full GC): 2,083,467,784 / 2,110,894,528 bytes free.
2 threads and 2318 loops per thread, time: 10515.452773 ms
dc_spearfish_2013-11-30-06-11-19.ser         	2	4636	4.530	4.589	4.535	0.021	4.513	4.736	220.494	4636
cleanup (explicit Full GC): 2,055,079,288 / 2,110,857,320 bytes free.
4 threads and 2318 loops per thread, time: 10577.321028 ms
dc_spearfish_2013-11-30-06-11-19.ser         	4	9272	4.533	4.598	4.544	0.170	4.513	18.902	220.069	9272


Loading drawing commands from file: /home/marlin/mapbench/bin/../maps/dc_topp:states_2013-11-30-06-11-06.ser
Loaded DrawingCommands: DrawingCommands{width=780, height=330, commands=119}
drawing[dc_topp:states_2013-11-30-06-11-06.ser][width = 780, height = 330] ...
cleanup (explicit Full GC): 1,997,740,672 / 2,110,786,496 bytes free.
Initial test: 8.589645 ms.

Warming up with 2 threads and 367 loops on /home/marlin/mapbench/bin/../maps/dc_topp:states_2013-11-30-06-11-06.ser
cleanup (explicit Full GC): 2,107,357,072 / 2,110,931,808 bytes free.
Warm up took 3166.826036 ms
dc_topp:states_2013-11-30-06-11-06.ser       	2	734	8.568	8.778	8.613	0.077	8.539	8.936	116.110	734
cleanup (explicit Full GC): 2,104,969,848 / 2,110,919,432 bytes free.
Initial test: 8.628343 ms.
Testing file /home/marlin/mapbench/bin/../maps/dc_topp:states_2013-11-30-06-11-06.ser for 1219 loops ...
cleanup (explicit Full GC): 2,107,553,800 / 2,110,931,248 bytes free.
1 threads and 1219 loops per thread, time: 10480.709373 ms
dc_topp:states_2013-11-30-06-11-06.ser       	1	1219	8.559	8.734	8.597	0.068	8.535	9.034	116.314	1219
cleanup (explicit Full GC): 2,104,362,480 / 2,110,911,784 bytes free.
2 threads and 1219 loops per thread, time: 10516.237032 ms
dc_topp:states_2013-11-30-06-11-06.ser       	2	2438	8.576	8.762	8.613	0.070	8.538	8.952	116.104	2438
cleanup (explicit Full GC): 2,097,298,640 / 2,110,892,160 bytes free.
4 threads and 1219 loops per thread, time: 10566.22473 ms
dc_topp:states_2013-11-30-06-11-06.ser       	4	4876	8.612	8.782	8.637	0.277	8.537	25.849	115.778	4876


Loading drawing commands from file: /home/marlin/mapbench/bin/../maps/dc_topp:states_2013-11-30-06-11-07.ser
Loaded DrawingCommands: DrawingCommands{width=780, height=330, commands=144}
drawing[dc_topp:states_2013-11-30-06-11-07.ser][width = 780, height = 330] ...
cleanup (explicit Full GC): 2,084,487,312 / 2,110,870,808 bytes free.
Initial test: 5.247886 ms.

Warming up with 2 threads and 601 loops on /home/marlin/mapbench/bin/../maps/dc_topp:states_2013-11-30-06-11-07.ser
cleanup (explicit Full GC): 2,105,629,656 / 2,110,945,048 bytes free.
Warm up took 3125.379836 ms
dc_topp:states_2013-11-30-06-11-07.ser       	2	1202	5.154	5.321	5.180	0.076	5.081	5.431	193.069	1202
cleanup (explicit Full GC): 2,101,904,608 / 2,110,925,744 bytes free.
Initial test: 5.195267 ms.
Testing file /home/marlin/mapbench/bin/../maps/dc_topp:states_2013-11-30-06-11-07.ser for 2026 loops ...
cleanup (explicit Full GC): 2,107,560,056 / 2,110,945,048 bytes free.
1 threads and 2026 loops per thread, time: 10457.263149 ms
dc_topp:states_2013-11-30-06-11-07.ser       	1	2026	5.134	5.298	5.161	0.074	5.074	5.420	193.750	2026
cleanup (explicit Full GC): 2,099,685,168 / 2,110,912,680 bytes free.
2 threads and 2026 loops per thread, time: 10523.530099 ms
dc_topp:states_2013-11-30-06-11-07.ser       	2	4052	5.151	5.313	5.178	0.076	5.080	5.442	193.114	4052
cleanup (explicit Full GC): 2,088,064,152 / 2,110,880,144 bytes free.
4 threads and 2026 loops per thread, time: 10538.862258 ms
dc_topp:states_2013-11-30-06-11-07.ser       	4	8104	5.144	5.317	5.182	0.229	5.084	22.469	192.972	8104


Loading drawing commands from file: /home/marlin/mapbench/bin/../maps/test_z_625k.ser
Loaded DrawingCommands: DrawingCommands{width=1272, height=1261, commands=23345}
drawing[test_z_625k.ser][width = 1272, height = 1261] ...
cleanup (explicit Full GC): 2,049,462,176 / 2,104,142,880 bytes free.
Initial test: 105.405003 ms.

Warming up with 2 threads and 29 loops on /home/marlin/mapbench/bin/../maps/test_z_625k.ser
cleanup (explicit Full GC): 2,093,757,416 / 2,103,464,664 bytes free.
Warm up took 3085.135333 ms
test_z_625k.ser                              	2	58	106.273	106.467	106.290	0.115	106.078	106.619	9.408	58
cleanup (explicit Full GC): 2,045,279,920 / 2,103,462,976 bytes free.
Initial test: 105.513326 ms.
Testing file /home/marlin/mapbench/bin/../maps/test_z_625k.ser for 99 loops ...
cleanup (explicit Full GC): 2,093,205,096 / 2,103,463,968 bytes free.
1 threads and 99 loops per thread, time: 10375.485074 ms
test_z_625k.ser                              	1	99	104.636	105.446	104.784	0.354	104.306	105.648	9.543	99
cleanup (explicit Full GC): 2,020,873,592 / 2,103,462,432 bytes free.
2 threads and 99 loops per thread, time: 10525.550645 ms
test_z_625k.ser                              	2	198	106.274	106.607	106.290	0.135	106.090	106.756	9.408	198
cleanup (explicit Full GC): 1,939,302,536 / 2,103,460,728 bytes free.
4 threads and 99 loops per thread, time: 10809.372288 ms
test_z_625k.ser                              	4	396	109.190	109.723	109.140	1.777	105.346	130.825	9.163	396


WARMUP results:
Test                                         	Threads	Ops	Med	Pct95	Avg	StdDev	Min	Max	FPS(avg)	TotalOps	[ms/op]
<<< Calib 1
[calibration]                                	4	12000	0.305	0.346	0.320	0.259	0.288	17.450	3120.790	12000
>>> Calib 1
<<< Warmup 1
CircleTests.ser                              	4	320	42.581	49.267	49.256	41.935	40.518	467.176	20.302	320
>>> Warmup 1
<<< Warmup 2
CircleTests.ser                              	4	640	42.858	44.066	42.996	1.127	41.507	66.276	23.258	640
>>> Warmup 2
CircleTests.ser                              	2	148	41.372	41.826	41.426	0.218	41.216	42.727	24.139	148
EllipseTests-fill-false.ser                  	2	28	202.409	203.401	202.204	0.738	201.227	203.690	4.945	28
EllipseTests-fill-true.ser                   	2	20	342.960	354.964	344.013	3.897	341.483	356.101	2.907	20
dc_boulder_2013-13-30-06-13-17.ser           	2	64	62.052	149.358	72.708	28.500	61.498	168.669	13.754	64
dc_boulder_2013-13-30-06-13-20.ser           	2	198	32.473	32.995	32.515	0.233	32.117	33.311	30.755	198
dc_shp_alllayers_2013-00-30-07-00-43.ser     	2	224	28.477	28.741	28.444	0.193	28.036	29.052	35.157	224
dc_shp_alllayers_2013-00-30-07-00-47.ser     	2	20	575.908	577.544	575.778	1.252	572.936	577.621	1.737	20
dc_spearfish_2013-11-30-06-11-15.ser         	2	682	8.840	8.942	8.864	0.092	8.811	9.539	112.819	682
dc_spearfish_2013-11-30-06-11-19.ser         	2	1394	4.531	4.599	4.537	0.024	4.512	4.681	220.397	1394
dc_topp:states_2013-11-30-06-11-06.ser       	2	734	8.568	8.778	8.613	0.077	8.539	8.936	116.110	734
dc_topp:states_2013-11-30-06-11-07.ser       	2	1202	5.154	5.321	5.180	0.076	5.081	5.431	193.069	1202
test_z_625k.ser                              	2	58	106.273	106.467	106.290	0.115	106.078	106.619	9.408	58

TEST results:
Test                                         	Threads	Ops	Med	Pct95	Avg	StdDev	Min	Max	FPS(avg)	TotalOps	[ms/op]
CircleTests.ser                              	1	259	41.582	41.832	41.600	0.130	41.236	42.363	24.039	259
CircleTests.ser                              	2	518	41.351	41.643	41.323	0.228	40.765	42.385	24.200	518
CircleTests.ser                              	4	1036	42.479	43.455	42.547	1.015	41.409	66.236	23.503	1036
EllipseTests-fill-false.ser                  	1	52	200.719	200.874	200.709	0.103	200.452	200.926	4.982	52
EllipseTests-fill-false.ser                  	2	104	201.206	201.556	201.190	0.212	200.752	201.682	4.970	104
EllipseTests-fill-false.ser                  	4	208	201.798	203.734	202.003	1.790	200.941	225.732	4.950	208
EllipseTests-fill-true.ser                   	1	31	331.882	332.510	332.061	0.298	331.607	332.836	3.011	31
EllipseTests-fill-true.ser                   	2	62	342.550	343.621	342.890	2.338	340.951	356.462	2.916	62
EllipseTests-fill-true.ser                   	4	124	382.003	419.763	388.870	18.532	355.693	438.341	2.572	124
dc_boulder_2013-13-30-06-13-17.ser           	1	172	60.819	61.457	60.901	0.296	60.470	61.893	16.420	172
dc_boulder_2013-13-30-06-13-17.ser           	2	344	61.903	62.251	61.931	0.180	61.459	62.663	16.147	344
dc_boulder_2013-13-30-06-13-17.ser           	4	688	62.798	63.383	62.953	2.633	61.211	123.407	15.885	688
dc_boulder_2013-13-30-06-13-20.ser           	1	332	31.330	31.904	31.401	0.268	31.030	32.792	31.846	332
dc_boulder_2013-13-30-06-13-20.ser           	2	664	32.484	32.868	32.514	0.178	32.052	33.208	30.756	664
dc_boulder_2013-13-30-06-13-20.ser           	4	1328	33.669	33.897	33.585	0.641	32.507	52.993	29.775	1328
dc_shp_alllayers_2013-00-30-07-00-43.ser     	1	373	27.844	28.185	27.883	0.135	27.757	28.675	35.864	373
dc_shp_alllayers_2013-00-30-07-00-43.ser     	2	746	28.377	28.640	28.402	0.132	28.027	28.961	35.209	746
dc_shp_alllayers_2013-00-30-07-00-43.ser     	4	1492	29.833	29.989	29.738	0.655	28.852	51.382	33.627	1492
dc_shp_alllayers_2013-00-30-07-00-47.ser     	1	25	570.226	571.921	570.196	1.007	568.725	572.182	1.754	25
dc_shp_alllayers_2013-00-30-07-00-47.ser     	2	50	576.824	578.247	576.375	1.528	572.266	579.198	1.735	50
dc_shp_alllayers_2013-00-30-07-00-47.ser     	4	100	574.170	579.694	575.546	4.406	571.665	594.487	1.737	100
dc_spearfish_2013-11-30-06-11-15.ser         	1	1176	8.808	8.877	8.818	0.027	8.785	8.998	113.400	1176
dc_spearfish_2013-11-30-06-11-15.ser         	2	2352	8.838	8.896	8.843	0.028	8.798	9.076	113.089	2352
dc_spearfish_2013-11-30-06-11-15.ser         	4	4704	8.845	8.927	8.867	0.224	8.815	20.902	112.776	4704
dc_spearfish_2013-11-30-06-11-19.ser         	1	2318	4.522	4.587	4.530	0.023	4.509	4.725	220.755	2318
dc_spearfish_2013-11-30-06-11-19.ser         	2	4636	4.530	4.589	4.535	0.021	4.513	4.736	220.494	4636
dc_spearfish_2013-11-30-06-11-19.ser         	4	9272	4.533	4.598	4.544	0.170	4.513	18.902	220.069	9272
dc_topp:states_2013-11-30-06-11-06.ser       	1	1219	8.559	8.734	8.597	0.068	8.535	9.034	116.314	1219
dc_topp:states_2013-11-30-06-11-06.ser       	2	2438	8.576	8.762	8.613	0.070	8.538	8.952	116.104	2438
dc_topp:states_2013-11-30-06-11-06.ser       	4	4876	8.612	8.782	8.637	0.277	8.537	25.849	115.778	4876
dc_topp:states_2013-11-30-06-11-07.ser       	1	2026	5.134	5.298	5.161	0.074	5.074	5.420	193.750	2026
dc_topp:states_2013-11-30-06-11-07.ser       	2	4052	5.151	5.313	5.178	0.076	5.080	5.442	193.114	4052
dc_topp:states_2013-11-30-06-11-07.ser       	4	8104	5.144	5.317	5.182	0.229	5.084	22.469	192.972	8104
test_z_625k.ser                              	1	99	104.636	105.446	104.784	0.354	104.306	105.648	9.543	99
test_z_625k.ser                              	2	198	106.274	106.607	106.290	0.135	106.090	106.756	9.408	198
test_z_625k.ser                              	4	396	109.190	109.723	109.140	1.777	105.346	130.825	9.163	396

Scores:
Tests	36	12	12	12	
Threads	4	1	2	4	
Pct95	120.441	116.802	118.583	125.938	


