
CPU_CORE_IDS: 3
date:
mercredi 7 août 2019, 21:21:13 (UTC+0200)
CLASSPATH:   ../lib/mapbench-0.5.0.jar
Boot CP:     
Java opts:   -Dsun.java2d.renderer.log=true -DMapBench.skipDraw=false -DMapBench.skipFill=false -DMapBench.clip.small=false -DMapBench.qualityMode=true -DMapBench.premultiplied=true -DMapBench.acceleration=false -DMapBench.volatile=false -server
Java tuning: -Xms2g -Xmx2g -XX:+UnlockExperimentalVMOptions -XX:+UseShenandoahGC
JVM path
/home/bourgesl/libs/graphics-rasterizer/jdk/client/build/linux-x86_64-server-release/images/jdk//bin//java
Java version
openjdk version "14-internal" 2020-03-17
OpenJDK Runtime Environment (build 14-internal+0-adhoc.bourgesl.client)
OpenJDK 64-Bit Server VM (build 14-internal+0-adhoc.bourgesl.client, mixed mode, sharing)
##############################################################
# Java: 14-internal+0-adhoc.bourgesl.client
#   VM: OpenJDK 64-Bit Server VM 14-internal+0-adhoc.bourgesl.client (mixed mode, sharing)
#   OS: Linux 4.15.0-55-generic (amd64)
# CPUs: 3 (virtual)
##############################################################
INFO: ===============================================================================
INFO: Marlin software rasterizer           = ENABLED
INFO: Version                              = [marlin-0.9.1.2-Unsafe-OpenJDK]
INFO: sun.java2d.renderer                  = sun.java2d.marlin.DMarlinRenderingEngine
INFO: sun.java2d.renderer.useThreadLocal   = true
INFO: sun.java2d.renderer.useRef           = soft
INFO: sun.java2d.renderer.edges            = 4096
INFO: sun.java2d.renderer.pixelWidth       = 4096
INFO: sun.java2d.renderer.pixelHeight      = 2176
INFO: sun.java2d.renderer.subPixel_log2_X  = 8
INFO: sun.java2d.renderer.subPixel_log2_Y  = 3
INFO: sun.java2d.renderer.tileSize_log2    = 5
INFO: sun.java2d.renderer.tileWidth_log2   = 5
INFO: sun.java2d.renderer.blockSize_log2   = 5
INFO: sun.java2d.renderer.forceRLE         = false
INFO: sun.java2d.renderer.forceNoRLE       = false
INFO: sun.java2d.renderer.useTileFlags     = true
INFO: sun.java2d.renderer.useTileFlags.useHeuristics = true
INFO: sun.java2d.renderer.rleMinWidth      = 64
INFO: sun.java2d.renderer.useSimplifier    = false
INFO: sun.java2d.renderer.usePathSimplifier= false
INFO: sun.java2d.renderer.pathSimplifier.pixTol = 0.125
INFO: sun.java2d.renderer.clip             = true
INFO: sun.java2d.renderer.clip.runtime.enable = false
INFO: sun.java2d.renderer.clip.subdivider  = true
INFO: sun.java2d.renderer.clip.subdivider.minLength = 100.0
INFO: sun.java2d.renderer.doStats          = false
INFO: sun.java2d.renderer.doMonitors       = false
INFO: sun.java2d.renderer.doChecks         = false
INFO: sun.java2d.renderer.useLogger        = false
INFO: sun.java2d.renderer.logCreateContext = false
INFO: sun.java2d.renderer.logUnsafeMalloc  = false
INFO: sun.java2d.renderer.curve_len_err    = 0.01
INFO: sun.java2d.renderer.cubic_dec_d2     = 1.0
INFO: sun.java2d.renderer.cubic_inc_d1     = 0.2
INFO: sun.java2d.renderer.quad_dec_d2      = 0.5
INFO: Renderer settings:
INFO: CUB_DEC_BND  = 256.0
INFO: CUB_INC_BND  = 51.20000076293945
INFO: QUAD_DEC_BND = 128.0
INFO: INITIAL_EDGES_CAPACITY               = 98304
INFO: INITIAL_CROSSING_COUNT               = 1024
INFO: ===============================================================================
# Renderer: DMarlinRenderingEngine 
# Quality mode: QUALITY...
# Filter shape on size: DISABLED...
# skipDraw: false 
# skipFill: false 
# useClipSmall: false 
# Using BufferedImage INT_ARGB_PRE...
##############################################################
profileName: shared_1T
Loading profile file: /home/marlin/mapbench/bin/../profiles/shared_1T.properties
Loading scale file: /home/marlin/mapbench/bin/../profiles/mapbench-scales.properties
Profile properties (merged with defaults):
  dashLength=3.0
  doClip=false
  doCreateStrokedShape=false
  doRotate=false
  doScale=false
  doShear=false
  doTranslate=false
  doUseDashedStroke=false
  doUseGradient=false
  doUseTexture=false
  doUseWingRuleEvenOdd=false
  doUseWingRuleNonZero=false
  imageX=NaN
  imageY=NaN
  iteration=1
  maxThreads=1
  minDuration=10000.0
  minLoops=10
  pass=1
  rotateAngle=17.333
  scaleX=0.1
  scaleY=0.1
  shearX=2.0
  shearY=2.0
  translateX=0.0
  translateY=0.0
  useSharedImage=true
  warmupLoopsMax=160
  warmupLoopsMin=80
  warmupLoopsMinTest=10
### Test Scales:
  dc_shp_alllayers_2013-00-30-07-00-47.ser=800
  dc_spearfish_2013-11-30-06-11-19.ser=10
  dc_boulder_2013-13-30-06-13-17.ser=100
  dc_boulder_2013-13-30-06-13-20.ser=50
  test_z_300k.ser=150
  dc_topp=states_2013-11-30-06-11-07.ser=10
  EllipseTests-fill-false.ser=200
  test_z_1.25M.ser=150
  test_z_150k.ser=150
  dc_spearfish_2013-11-30-06-11-15.ser=10
  spiralTest-fill.ser=800
  spiralTest-dash-false.ser=1000
  CircleTests.ser=50
  dc_shp_alllayers_2013-00-30-07-00-43.ser=50
  EllipseTests-fill-true.ser=350
  test_z_625k.ser=150
  test_z_5M.ser=50
##############################################################
# Min duration per test = 10000.0 ms.
##############################################################
Loading maps from = /home/marlin/mapbench/bin/../maps
Results format: 
Test                                         	Threads	Ops	Med	Pct95	Avg	StdDev	Min	Max	FPS(med)	TotalOps	Scale	[ms/op]

Calibrating up with 1 threads and 3000 loops
cleanup (explicit Full GC): 2,142,240,768 / 2,143,932,576 bytes free.
Calibration up took 1489.356977 ms
[calibration]                                	1	3000	0.490	0.499	0.492	0.008	0.489	0.751	2041.618	3000	1.000
Loading drawing commands from file: /home/marlin/mapbench/bin/../maps/CircleTests.ser
Loaded DrawingCommands: DrawingCommands{width=2048, height=2048, commands=2001}
drawing[CircleTests.ser][width = 2048, height = 2048] ...

Warming up with 1 threads and 80 loops on /home/marlin/mapbench/bin/../maps/CircleTests.ser
cleanup (explicit Full GC): 2,138,869,360 / 2,143,931,312 bytes free.
Warm up took 6094.136718 ms
CircleTests.ser                              	1	80	70.751	77.481	76.052	30.908	70.331	318.364	14.134	80	2.000

Warming up with 1 threads and 160 loops on /home/marlin/mapbench/bin/../maps/CircleTests.ser
cleanup (explicit Full GC): 2,118,772,176 / 2,143,460,208 bytes free.
Warm up took 11324.232327 ms
CircleTests.ser                              	1	160	70.755	71.386	70.764	0.362	70.137	72.031	14.133	160	2.000
cleanup (explicit Full GC): 2,115,156,160 / 2,143,449,888 bytes free.
Initial test: 70.897268 ms.

Warming up with 2 threads and 44 loops on /home/marlin/mapbench/bin/../maps/CircleTests.ser
cleanup (explicit Full GC): 2,124,576,264 / 2,143,443,696 bytes free.
Warm up took 6219.589139 ms
CircleTests.ser                              	2	88	70.529	71.030	70.608	0.238	70.288	71.412	14.179	88	2.000
cleanup (explicit Full GC): 2,101,507,224 / 2,143,447,824 bytes free.
Initial test: 71.01699 ms.
Testing file /home/marlin/mapbench/bin/../maps/CircleTests.ser for 148 loops ...
cleanup (explicit Full GC): 2,124,574,200 / 2,143,441,632 bytes free.
1 threads and 148 loops per thread, time: 10470.543728 ms
CircleTests.ser                              	1	148	70.737	71.287	70.734	0.329	70.135	71.475	14.137	148	2.000


Loading drawing commands from file: /home/marlin/mapbench/bin/../maps/EllipseTests-fill-false.ser
Loaded DrawingCommands: DrawingCommands{width=2000, height=2000, commands=198}
drawing[EllipseTests-fill-false.ser][width = 2000, height = 2000] ...
cleanup (explicit Full GC): 2,114,089,088 / 2,144,162,032 bytes free.
Initial test: 252.521292 ms.

Warming up with 2 threads and 12 loops on /home/marlin/mapbench/bin/../maps/EllipseTests-fill-false.ser
cleanup (explicit Full GC): 2,126,066,552 / 2,143,798,256 bytes free.
Warm up took 5924.618191 ms
EllipseTests-fill-false.ser                  	2	24	246.773	246.941	246.751	0.171	246.462	247.092	4.052	24	0.500
cleanup (explicit Full GC): 2,109,702,944 / 2,143,790,000 bytes free.
Initial test: 246.600333 ms.
Testing file /home/marlin/mapbench/bin/../maps/EllipseTests-fill-false.ser for 42 loops ...
cleanup (explicit Full GC): 2,125,694,712 / 2,143,783,808 bytes free.
1 threads and 42 loops per thread, time: 10389.59083 ms
EllipseTests-fill-false.ser                  	1	42	247.150	248.028	247.337	0.501	246.504	249.507	4.046	42	0.500


Loading drawing commands from file: /home/marlin/mapbench/bin/../maps/EllipseTests-fill-true.ser
Loaded DrawingCommands: DrawingCommands{width=2000, height=2000, commands=198}
drawing[EllipseTests-fill-true.ser][width = 2000, height = 2000] ...
cleanup (explicit Full GC): 2,124,641,824 / 2,143,730,144 bytes free.
Initial test: 398.047331 ms.

Warming up with 2 threads and 10 loops on /home/marlin/mapbench/bin/../maps/EllipseTests-fill-true.ser
cleanup (explicit Full GC): 2,125,634,904 / 2,143,366,368 bytes free.
Warm up took 7897.768085 ms
EllipseTests-fill-true.ser                   	2	20	394.768	395.131	394.760	0.235	394.252	395.165	2.533	20	0.286
cleanup (explicit Full GC): 2,109,269,368 / 2,143,358,112 bytes free.
Initial test: 394.773528 ms.
Testing file /home/marlin/mapbench/bin/../maps/EllipseTests-fill-true.ser for 26 loops ...
cleanup (explicit Full GC): 2,125,261,136 / 2,143,351,920 bytes free.
1 threads and 26 loops per thread, time: 10293.173075 ms
EllipseTests-fill-true.ser                   	1	26	395.920	396.430	395.839	0.356	395.085	396.503	2.526	26	0.286


Loading drawing commands from file: /home/marlin/mapbench/bin/../maps/dc_boulder_2013-13-30-06-13-17.ser
Loaded DrawingCommands: DrawingCommands{width=1400, height=800, commands=4398}
drawing[dc_boulder_2013-13-30-06-13-17.ser][width = 1400, height = 800] ...
cleanup (explicit Full GC): 2,118,965,792 / 2,141,371,824 bytes free.
Initial test: 252.264243 ms.

Warming up with 2 threads and 12 loops on /home/marlin/mapbench/bin/../maps/dc_boulder_2013-13-30-06-13-17.ser
cleanup (explicit Full GC): 2,133,749,664 / 2,140,313,392 bytes free.
Warm up took 2724.579171 ms
dc_boulder_2013-13-30-06-13-17.ser           	2	24	93.463	233.662	113.437	46.810	91.628	241.734	10.699	24	1.000
cleanup (explicit Full GC): 2,126,116,624 / 2,140,305,136 bytes free.
Initial test: 92.332534 ms.
Testing file /home/marlin/mapbench/bin/../maps/dc_boulder_2013-13-30-06-13-17.ser for 114 loops ...
cleanup (explicit Full GC): 2,133,729,512 / 2,140,298,944 bytes free.
1 threads and 114 loops per thread, time: 10457.549963 ms
dc_boulder_2013-13-30-06-13-17.ser           	1	114	91.629	92.340	91.717	0.291	91.343	92.822	10.914	114	1.000


Loading drawing commands from file: /home/marlin/mapbench/bin/../maps/dc_boulder_2013-13-30-06-13-20.ser
Loaded DrawingCommands: DrawingCommands{width=1400, height=800, commands=2425}
drawing[dc_boulder_2013-13-30-06-13-20.ser][width = 1400, height = 800] ...
cleanup (explicit Full GC): 2,115,924,344 / 2,142,400,352 bytes free.
Initial test: 48.910585 ms.

Warming up with 2 threads and 64 loops on /home/marlin/mapbench/bin/../maps/dc_boulder_2013-13-30-06-13-20.ser
cleanup (explicit Full GC): 2,135,823,184 / 2,142,037,088 bytes free.
Warm up took 6156.947629 ms
dc_boulder_2013-13-30-06-13-20.ser           	2	128	48.009	48.578	48.088	0.217	47.879	49.097	20.829	128	2.000
cleanup (explicit Full GC): 2,121,542,720 / 2,142,024,704 bytes free.
Initial test: 48.584179 ms.
Testing file /home/marlin/mapbench/bin/../maps/dc_boulder_2013-13-30-06-13-20.ser for 216 loops ...
cleanup (explicit Full GC): 2,135,447,536 / 2,142,018,512 bytes free.
1 threads and 216 loops per thread, time: 10413.741563 ms
dc_boulder_2013-13-30-06-13-20.ser           	1	216	48.119	48.896	48.206	0.333	47.818	49.514	20.782	216	2.000


Loading drawing commands from file: /home/marlin/mapbench/bin/../maps/dc_shp_alllayers_2013-00-30-07-00-43.ser
Loaded DrawingCommands: DrawingCommands{width=1400, height=800, commands=568}
drawing[dc_shp_alllayers_2013-00-30-07-00-43.ser][width = 1400, height = 800] ...
cleanup (explicit Full GC): 2,119,712,704 / 2,143,176,992 bytes free.
Initial test: 38.729616 ms.

Warming up with 2 threads and 81 loops on /home/marlin/mapbench/bin/../maps/dc_shp_alllayers_2013-00-30-07-00-43.ser
cleanup (explicit Full GC): 2,136,599,824 / 2,142,815,280 bytes free.
Warm up took 6196.197293 ms
dc_shp_alllayers_2013-00-30-07-00-43.ser     	2	162	38.183	38.575	38.239	0.162	38.075	38.979	26.190	162	2.000
cleanup (explicit Full GC): 2,129,660,944 / 2,142,802,896 bytes free.
Initial test: 38.341801 ms.
Testing file /home/marlin/mapbench/bin/../maps/dc_shp_alllayers_2013-00-30-07-00-43.ser for 274 loops ...
cleanup (explicit Full GC): 2,136,225,728 / 2,141,750,520 bytes free.
1 threads and 274 loops per thread, time: 10464.746752 ms
dc_shp_alllayers_2013-00-30-07-00-43.ser     	1	274	38.056	38.636	38.189	0.251	37.942	39.160	26.277	274	2.000


Loading drawing commands from file: /home/marlin/mapbench/bin/../maps/dc_shp_alllayers_2013-00-30-07-00-47.ser
Loaded DrawingCommands: DrawingCommands{width=1400, height=800, commands=135213}
drawing[dc_shp_alllayers_2013-00-30-07-00-47.ser][width = 1400, height = 800] ...
cleanup (explicit Full GC): 2,004,176,544 / 2,103,069,184 bytes free.
Initial test: 942.611419 ms.

Warming up with 2 threads and 10 loops on /home/marlin/mapbench/bin/../maps/dc_shp_alllayers_2013-00-30-07-00-47.ser
cleanup (explicit Full GC): 2,079,735,248 / 2,095,729,152 bytes free.
Warm up took 18924.528343 ms
dc_shp_alllayers_2013-00-30-07-00-47.ser     	2	20	945.850	947.223	945.814	0.790	944.609	947.241	1.057	20	0.125
cleanup (explicit Full GC): 1,998,712,960 / 2,095,725,024 bytes free.
Initial test: 942.121828 ms.
Testing file /home/marlin/mapbench/bin/../maps/dc_shp_alllayers_2013-00-30-07-00-47.ser for 11 loops ...
cleanup (explicit Full GC): 2,076,589,176 / 2,095,718,832 bytes free.
1 threads and 11 loops per thread, time: 10367.610762 ms
dc_shp_alllayers_2013-00-30-07-00-47.ser     	1	11	941.717	942.992	941.881	0.631	940.995	943.568	1.062	11	0.125


Loading drawing commands from file: /home/marlin/mapbench/bin/../maps/dc_spearfish_2013-11-30-06-11-15.ser
Loaded DrawingCommands: DrawingCommands{width=512, height=359, commands=1232}
drawing[dc_spearfish_2013-11-30-06-11-15.ser][width = 512, height = 359] ...
cleanup (explicit Full GC): 2,040,933,744 / 2,142,385,664 bytes free.
Initial test: 13.251153 ms.

Warming up with 2 threads and 238 loops on /home/marlin/mapbench/bin/../maps/dc_spearfish_2013-11-30-06-11-15.ser
cleanup (explicit Full GC): 2,140,288,512 / 2,142,021,888 bytes free.
Warm up took 6267.800732 ms
dc_spearfish_2013-11-30-06-11-15.ser         	2	476	13.159	13.261	13.166	0.047	13.081	13.392	75.995	476	10.000
cleanup (explicit Full GC): 2,121,053,160 / 2,142,001,248 bytes free.
Initial test: 13.115892 ms.
Testing file /home/marlin/mapbench/bin/../maps/dc_spearfish_2013-11-30-06-11-15.ser for 802 loops ...
cleanup (explicit Full GC): 2,139,904,096 / 2,141,995,056 bytes free.
1 threads and 802 loops per thread, time: 10513.06758 ms
dc_spearfish_2013-11-30-06-11-15.ser         	1	802	13.103	13.125	13.108	0.032	13.080	13.466	76.320	802	10.000


Loading drawing commands from file: /home/marlin/mapbench/bin/../maps/dc_spearfish_2013-11-30-06-11-19.ser
Loaded DrawingCommands: DrawingCommands{width=512, height=359, commands=349}
drawing[dc_spearfish_2013-11-30-06-11-19.ser][width = 512, height = 359] ...
cleanup (explicit Full GC): 2,107,394,800 / 2,141,728,320 bytes free.
Initial test: 6.539648 ms.

Warming up with 2 threads and 482 loops on /home/marlin/mapbench/bin/../maps/dc_spearfish_2013-11-30-06-11-19.ser
cleanup (explicit Full GC): 2,139,631,168 / 2,141,364,544 bytes free.
Warm up took 6187.135106 ms
dc_spearfish_2013-11-30-06-11-19.ser         	2	964	6.388	6.576	6.417	0.087	6.367	7.044	156.538	964	10.000
cleanup (explicit Full GC): 2,128,787,720 / 2,141,340,304 bytes free.
Initial test: 6.404794 ms.
Testing file /home/marlin/mapbench/bin/../maps/dc_spearfish_2013-11-30-06-11-19.ser for 1643 loops ...
cleanup (explicit Full GC): 2,139,243,464 / 2,141,334,112 bytes free.
1 threads and 1643 loops per thread, time: 10509.473858 ms
dc_spearfish_2013-11-30-06-11-19.ser         	1	1643	6.389	6.402	6.396	0.050	6.371	6.877	156.527	1643	10.000


Loading drawing commands from file: /home/marlin/mapbench/bin/../maps/dc_topp:states_2013-11-30-06-11-06.ser
Loaded DrawingCommands: DrawingCommands{width=780, height=330, commands=119}
drawing[dc_topp:states_2013-11-30-06-11-06.ser][width = 780, height = 330] ...
cleanup (explicit Full GC): 2,119,322,144 / 2,141,446,064 bytes free.
Initial test: 12.160428 ms.

Warming up with 2 threads and 259 loops on /home/marlin/mapbench/bin/../maps/dc_topp:states_2013-11-30-06-11-06.ser
cleanup (explicit Full GC): 2,139,348,912 / 2,141,355,216 bytes free.
Warm up took 6347.094363 ms
dc_topp:states_2013-11-30-06-11-06.ser       	2	518	12.197	12.650	12.252	0.137	12.177	12.722	81.989	518	1.000
cleanup (explicit Full GC): 2,137,164,040 / 2,141,336,608 bytes free.
Initial test: 12.229197 ms.
Testing file /home/marlin/mapbench/bin/../maps/dc_topp:states_2013-11-30-06-11-06.ser for 860 loops ...
cleanup (explicit Full GC): 2,139,239,456 / 2,141,330,416 bytes free.
1 threads and 860 loops per thread, time: 10501.037406 ms
dc_topp:states_2013-11-30-06-11-06.ser       	1	860	12.205	12.233	12.210	0.025	12.183	12.546	81.936	860	1.000


Loading drawing commands from file: /home/marlin/mapbench/bin/../maps/dc_topp:states_2013-11-30-06-11-07.ser
Loaded DrawingCommands: DrawingCommands{width=780, height=330, commands=144}
drawing[dc_topp:states_2013-11-30-06-11-07.ser][width = 780, height = 330] ...
cleanup (explicit Full GC): 2,135,042,104 / 2,141,445,136 bytes free.
Initial test: 7.988474 ms.

Warming up with 2 threads and 395 loops on /home/marlin/mapbench/bin/../maps/dc_topp:states_2013-11-30-06-11-07.ser
cleanup (explicit Full GC): 2,139,347,984 / 2,141,081,360 bytes free.
Warm up took 6209.613798 ms
dc_topp:states_2013-11-30-06-11-07.ser       	2	790	7.866	7.930	7.859	0.040	7.807	8.083	127.123	790	1.000
cleanup (explicit Full GC): 2,134,790,336 / 2,141,058,512 bytes free.
Initial test: 7.848186 ms.
Testing file /home/marlin/mapbench/bin/../maps/dc_topp:states_2013-11-30-06-11-07.ser for 1341 loops ...
cleanup (explicit Full GC): 2,138,961,472 / 2,141,052,320 bytes free.
1 threads and 1341 loops per thread, time: 10534.237244 ms
dc_topp:states_2013-11-30-06-11-07.ser       	1	1341	7.821	8.196	7.855	0.111	7.801	8.449	127.866	1341	1.000


Loading drawing commands from file: /home/marlin/mapbench/bin/../maps/test_z_625k.ser
Loaded DrawingCommands: DrawingCommands{width=1272, height=1261, commands=23345}
drawing[test_z_625k.ser][width = 1272, height = 1261] ...
cleanup (explicit Full GC): 2,109,612,136 / 2,133,823,416 bytes free.
Initial test: 159.593783 ms.

Warming up with 2 threads and 19 loops on /home/marlin/mapbench/bin/../maps/test_z_625k.ser
cleanup (explicit Full GC): 2,122,164,968 / 2,131,986,512 bytes free.
Warm up took 6086.217875 ms
test_z_625k.ser                              	2	38	160.034	160.947	160.102	0.421	159.473	161.091	6.249	38	0.667
cleanup (explicit Full GC): 2,088,750,488 / 2,131,978,256 bytes free.
Initial test: 160.620189 ms.
Testing file /home/marlin/mapbench/bin/../maps/test_z_625k.ser for 65 loops ...
cleanup (explicit Full GC): 2,121,372,624 / 2,131,972,064 bytes free.
1 threads and 65 loops per thread, time: 10395.455261 ms
test_z_625k.ser                              	1	65	159.782	160.605	159.900	0.336	159.523	161.165	6.259	65	0.667


WARMUP results:
Test                                         	Threads	Ops	Med	Pct95	Avg	StdDev	Min	Max	FPS(med)	TotalOps	Scale	[ms/op]
<<< Calib 1
[calibration]                                	1	3000	0.490	0.499	0.492	0.008	0.489	0.751	2041.618	3000	1.000
>>> Calib 1
<<< Warmup 1
CircleTests.ser                              	1	80	70.751	77.481	76.052	30.908	70.331	318.364	14.134	80	2.000
>>> Warmup 1
<<< Warmup 2
CircleTests.ser                              	1	160	70.755	71.386	70.764	0.362	70.137	72.031	14.133	160	2.000
>>> Warmup 2
CircleTests.ser                              	2	88	70.529	71.030	70.608	0.238	70.288	71.412	14.179	88	2.000
EllipseTests-fill-false.ser                  	2	24	246.773	246.941	246.751	0.171	246.462	247.092	4.052	24	0.500
EllipseTests-fill-true.ser                   	2	20	394.768	395.131	394.760	0.235	394.252	395.165	2.533	20	0.286
dc_boulder_2013-13-30-06-13-17.ser           	2	24	93.463	233.662	113.437	46.810	91.628	241.734	10.699	24	1.000
dc_boulder_2013-13-30-06-13-20.ser           	2	128	48.009	48.578	48.088	0.217	47.879	49.097	20.829	128	2.000
dc_shp_alllayers_2013-00-30-07-00-43.ser     	2	162	38.183	38.575	38.239	0.162	38.075	38.979	26.190	162	2.000
dc_shp_alllayers_2013-00-30-07-00-47.ser     	2	20	945.850	947.223	945.814	0.790	944.609	947.241	1.057	20	0.125
dc_spearfish_2013-11-30-06-11-15.ser         	2	476	13.159	13.261	13.166	0.047	13.081	13.392	75.995	476	10.000
dc_spearfish_2013-11-30-06-11-19.ser         	2	964	6.388	6.576	6.417	0.087	6.367	7.044	156.538	964	10.000
dc_topp:states_2013-11-30-06-11-06.ser       	2	518	12.197	12.650	12.252	0.137	12.177	12.722	81.989	518	1.000
dc_topp:states_2013-11-30-06-11-07.ser       	2	790	7.866	7.930	7.859	0.040	7.807	8.083	127.123	790	1.000
test_z_625k.ser                              	2	38	160.034	160.947	160.102	0.421	159.473	161.091	6.249	38	0.667

TEST results:
Test                                         	Threads	Ops	Med	Pct95	Avg	StdDev	Min	Max	FPS(med)	TotalOps	Scale	[ms/op]
CircleTests.ser                              	1	148	70.737	71.287	70.734	0.329	70.135	71.475	14.137	148	2.000
EllipseTests-fill-false.ser                  	1	42	247.150	248.028	247.337	0.501	246.504	249.507	4.046	42	0.500
EllipseTests-fill-true.ser                   	1	26	395.920	396.430	395.839	0.356	395.085	396.503	2.526	26	0.286
dc_boulder_2013-13-30-06-13-17.ser           	1	114	91.629	92.340	91.717	0.291	91.343	92.822	10.914	114	1.000
dc_boulder_2013-13-30-06-13-20.ser           	1	216	48.119	48.896	48.206	0.333	47.818	49.514	20.782	216	2.000
dc_shp_alllayers_2013-00-30-07-00-43.ser     	1	274	38.056	38.636	38.189	0.251	37.942	39.160	26.277	274	2.000
dc_shp_alllayers_2013-00-30-07-00-47.ser     	1	11	941.717	942.992	941.881	0.631	940.995	943.568	1.062	11	0.125
dc_spearfish_2013-11-30-06-11-15.ser         	1	802	13.103	13.125	13.108	0.032	13.080	13.466	76.320	802	10.000
dc_spearfish_2013-11-30-06-11-19.ser         	1	1643	6.389	6.402	6.396	0.050	6.371	6.877	156.527	1643	10.000
dc_topp:states_2013-11-30-06-11-06.ser       	1	860	12.205	12.233	12.210	0.025	12.183	12.546	81.936	860	1.000
dc_topp:states_2013-11-30-06-11-07.ser       	1	1341	7.821	8.196	7.855	0.111	7.801	8.449	127.866	1341	1.000
test_z_625k.ser                              	1	65	159.782	160.605	159.900	0.336	159.523	161.165	6.259	65	0.667

Scores:
Tests	12	12	
Threads	1	1	
Med	90.110	90.110	
Pct95	90.658	90.658	
FPS	44.054	44.054	


