lscpu
Architecture:          x86_64
Mode(s) opératoire(s) des processeurs :32-bit, 64-bit
Byte Order:            Little Endian
CPU(s):                4
On-line CPU(s) list:   0-3
Thread(s) par cœur : 1
Cœur(s) par socket : 4
Socket(s):             1
Nœud(s) NUMA :       1
Identifiant constructeur :GenuineIntel
Famille de processeur :6
Modèle :             94
Model name:            Intel(R) Core(TM) i7-6820HQ CPU @ 2.70GHz
Révision :           3
Vitesse du processeur en MHz :1985.284
CPU max MHz:           3600,0000
CPU min MHz:           800,0000
BogoMIPS:              5424.00
Virtualisation :      VT-x
Cache L1d :           32K
Cache L1i :           32K
Cache L2 :            256K
Cache L3 :            8192K
NUMA node0 CPU(s):     0-3
Flags:                 fpu vme de pse tsc msr pae mce cx8 apic sep mtrr pge mca cmov pat pse36 clflush dts acpi mmx fxsr sse sse2 ss ht tm pbe syscall nx pdpe1gb rdtscp lm constant_tsc art arch_perfmon pebs bts rep_good nopl xtopology nonstop_tsc aperfmperf tsc_known_freq pni pclmulqdq dtes64 monitor ds_cpl vmx smx est tm2 ssse3 sdbg fma cx16 xtpr pdcm pcid sse4_1 sse4_2 x2apic movbe popcnt tsc_deadline_timer aes xsave avx f16c rdrand lahf_lm abm 3dnowprefetch epb intel_pt tpr_shadow vnmi flexpriority ept vpid fsgsbase tsc_adjust bmi1 hle avx2 smep bmi2 erms invpcid rtm mpx rdseed adx smap clflushopt xsaveopt xsavec xgetbv1 xsaves dtherm ida arat pln pts hwp hwp_notify hwp_act_window hwp_epp

