
date:
vendredi 2 mars 2018, 23:29:41 (UTC+0100)
CLASSPATH:   ../lib/mapbench-0.4.0.jar
Boot CP:     -Xbootclasspath/p:../lib/marlin-0.9.1-Unsafe-sun-java2d.jar -Xbootclasspath/a:../lib/marlin-0.9.1-Unsafe.jar
Java opts:   -Dsun.java2d.renderer.doStats=false -Dsun.java2d.renderer.enableRLE=true -Dsun.java2d.renderer.forceRLE=false -Dsun.java2d.renderer.forceNoRLE=false -Dsun.java2d.renderer.useTileFlags=true -Dsun.java2d.renderer.useTileFlags.useHeuristics=true -Dsun.java2d.renderer.blockSize_log2=5 -Dsun.java2d.renderer.rleMinWidth=64 -Dsun.java2d.renderer.clip=true -Dsun.java2d.renderer.log=true -Dsun.java2d.renderer.logCreateContext=false -Dsun.java2d.renderer.logUnsafeMalloc=false -Dsun.java2d.renderer.clip.curves= -Dsun.java2d.renderer.subPixel_log2_X=8 -Dsun.java2d.renderer.subPixel_log2_Y=3 -Dsun.java2d.renderer.useThreadLocal=true -Dsun.java2d.renderer.useSimplifier=false -Dsun.java2d.renderer.useRef=soft -Dsun.java2d.renderer.pixelWidth=4096 -Dsun.java2d.renderer.pixelHeight=2176 -Dsun.java2d.renderer.tileSize_log2=6 -Dsun.java2d.renderer.tileWidth_log2=7 -Dsun.java2d.renderer=org.marlin.pisces.DMarlinRenderingEngine -Dsun.java2d.renderer.usePathSimplifier=false -Dsun.java2d.renderer.pathSimplifier.pixTol=0.125 -Dsun.java2d.renderer.clip.subdivider=true -Dsun.java2d.renderer.clip.subdivider.minLength=100.0 -DMapBench.skipDraw=false -DMapBench.skipFill=false -DMapBench.clip.small=false -DMapBench.qualityMode=true -DMapBench.premultiplied=true -DMapBench.acceleration=true -DMapBench.volatile=true -server
Java tuning:  -Xms2g  -Xmx2g -XX:+UseConcMarkSweepGC
JVM path
/usr/bin/java
Java version
openjdk version "1.8.0_151"
OpenJDK Runtime Environment (build 1.8.0_151-8u151-b12-0ubuntu0.16.04.2-b12)
OpenJDK 64-Bit Server VM (build 25.151-b12, mixed mode)
##############################################################
# Java: 1.8.0_151-8u151-b12-0ubuntu0.16.04.2-b12
#   VM: OpenJDK 64-Bit Server VM 25.151-b12 (mixed mode)
#   OS: Linux 4.4.0-112-generic (amd64)
# CPUs: 4 (virtual)
##############################################################
INFO: ===============================================================================
INFO: Marlin software rasterizer           = ENABLED
INFO: Version                              = [marlin-0.9.1-Unsafe]
INFO: sun.java2d.renderer                  = org.marlin.pisces.MarlinRenderingEngine
INFO: sun.java2d.renderer.useThreadLocal   = true
INFO: sun.java2d.renderer.useRef           = soft
INFO: sun.java2d.renderer.edges            = 4096
INFO: sun.java2d.renderer.pixelWidth       = 4096
INFO: sun.java2d.renderer.pixelHeight      = 2176
INFO: sun.java2d.renderer.subPixel_log2_X  = 8
INFO: sun.java2d.renderer.subPixel_log2_Y  = 3
INFO: sun.java2d.renderer.tileSize_log2    = 6
INFO: sun.java2d.renderer.tileWidth_log2   = 7
INFO: sun.java2d.renderer.blockSize_log2   = 5
INFO: sun.java2d.renderer.forceRLE         = false
INFO: sun.java2d.renderer.forceNoRLE       = false
INFO: sun.java2d.renderer.useTileFlags     = true
INFO: sun.java2d.renderer.useTileFlags.useHeuristics = true
INFO: sun.java2d.renderer.rleMinWidth      = 64
INFO: sun.java2d.renderer.useSimplifier    = false
INFO: sun.java2d.renderer.usePathSimplifier= false
INFO: sun.java2d.renderer.pathSimplifier.pixTol = 0.125
INFO: sun.java2d.renderer.clip             = true
INFO: sun.java2d.renderer.clip.runtime.enable = false
INFO: sun.java2d.renderer.clip.subdivider  = true
INFO: sun.java2d.renderer.clip.subdivider.minLength = 100.0
INFO: sun.java2d.renderer.doStats          = false
INFO: sun.java2d.renderer.doMonitors       = false
INFO: sun.java2d.renderer.doChecks         = false
INFO: sun.java2d.renderer.useLogger        = false
INFO: sun.java2d.renderer.logCreateContext = false
INFO: sun.java2d.renderer.logUnsafeMalloc  = false
INFO: sun.java2d.renderer.curve_len_err    = 0.01
INFO: sun.java2d.renderer.cubic_dec_d2     = 1.0
INFO: sun.java2d.renderer.cubic_inc_d1     = 0.2
INFO: sun.java2d.renderer.quad_dec_d2      = 0.5
INFO: Renderer settings:
INFO: CUB_DEC_BND  = 256.0
INFO: CUB_INC_BND  = 51.2
INFO: QUAD_DEC_BND = 128.0
INFO: INITIAL_EDGES_CAPACITY               = 98304
INFO: INITIAL_CROSSING_COUNT               = 1024
INFO: ===============================================================================
INFO: ===============================================================================
INFO: Marlin software rasterizer           = ENABLED
INFO: Version                              = [marlin-0.9.1-Unsafe]
INFO: sun.java2d.renderer                  = org.marlin.pisces.DMarlinRenderingEngine
INFO: sun.java2d.renderer.useThreadLocal   = true
INFO: sun.java2d.renderer.useRef           = soft
INFO: sun.java2d.renderer.edges            = 4096
INFO: sun.java2d.renderer.pixelWidth       = 4096
INFO: sun.java2d.renderer.pixelHeight      = 2176
INFO: sun.java2d.renderer.subPixel_log2_X  = 8
INFO: sun.java2d.renderer.subPixel_log2_Y  = 3
INFO: sun.java2d.renderer.tileSize_log2    = 6
INFO: sun.java2d.renderer.tileWidth_log2   = 7
INFO: sun.java2d.renderer.blockSize_log2   = 5
INFO: sun.java2d.renderer.forceRLE         = false
INFO: sun.java2d.renderer.forceNoRLE       = false
INFO: sun.java2d.renderer.useTileFlags     = true
INFO: sun.java2d.renderer.useTileFlags.useHeuristics = true
INFO: sun.java2d.renderer.rleMinWidth      = 64
INFO: sun.java2d.renderer.useSimplifier    = false
INFO: sun.java2d.renderer.usePathSimplifier= false
INFO: sun.java2d.renderer.pathSimplifier.pixTol = 0.125
INFO: sun.java2d.renderer.clip             = true
INFO: sun.java2d.renderer.clip.runtime.enable = false
INFO: sun.java2d.renderer.clip.subdivider  = true
INFO: sun.java2d.renderer.clip.subdivider.minLength = 100.0
INFO: sun.java2d.renderer.doStats          = false
INFO: sun.java2d.renderer.doMonitors       = false
INFO: sun.java2d.renderer.doChecks         = false
INFO: sun.java2d.renderer.useLogger        = false
INFO: sun.java2d.renderer.logCreateContext = false
INFO: sun.java2d.renderer.logUnsafeMalloc  = false
INFO: sun.java2d.renderer.curve_len_err    = 0.01
INFO: sun.java2d.renderer.cubic_dec_d2     = 1.0
INFO: sun.java2d.renderer.cubic_inc_d1     = 0.2
INFO: sun.java2d.renderer.quad_dec_d2      = 0.5
INFO: Renderer settings:
INFO: CUB_DEC_BND  = 256.0
INFO: CUB_INC_BND  = 51.20000076293945
INFO: QUAD_DEC_BND = 128.0
INFO: INITIAL_EDGES_CAPACITY               = 98304
INFO: INITIAL_CROSSING_COUNT               = 1024
INFO: ===============================================================================
# Renderer: DMarlinRenderingEngine 
# Quality mode: QUALITY...
# Filter shape on size: DISABLED...
# skipDraw: false 
# skipFill: false 
# useClipSmall: false 
# Using VolatileImage ...
##############################################################
profileName: shared_1T
Loading profile file: /home/llooo/Bureau/mapbench-0.5.0-release/bin/../profiles/shared_1T.properties
Loading scale file: /home/llooo/Bureau/mapbench-0.5.0-release/bin/../profiles/mapbench-scales.properties
Profile properties (merged with defaults):
  dashLength=3.0
  doClip=false
  doCreateStrokedShape=false
  doRotate=false
  doScale=false
  doShear=false
  doTranslate=false
  doUseDashedStroke=false
  doUseGradient=false
  doUseTexture=false
  doUseWingRuleEvenOdd=false
  doUseWingRuleNonZero=false
  imageX=NaN
  imageY=NaN
  iteration=1
  maxThreads=1
  minDuration=10000.0
  minLoops=10
  pass=1
  rotateAngle=17.333
  scaleX=0.1
  scaleY=0.1
  shearX=2.0
  shearY=2.0
  translateX=0.0
  translateY=0.0
  useSharedImage=true
  warmupLoopsMin=80
### Test Scales:
  spiralTest-fill.ser=800
  CircleTests.ser=50
  EllipseTests-fill-false.ser=200
  dc_spearfish_2013-11-30-06-11-15.ser=10
  spiralTest-dash-false.ser=1000
  dc_topp=states_2013-11-30-06-11-07.ser=10
  dc_shp_alllayers_2013-00-30-07-00-43.ser=50
  test_z_150k.ser=150
  test_z_625k.ser=150
  test_z_300k.ser=150
  test_z_5M.ser=50
  EllipseTests-fill-true.ser=350
  dc_boulder_2013-13-30-06-13-20.ser=50
  dc_boulder_2013-13-30-06-13-17.ser=100
  test_z_1.25M.ser=150
  dc_spearfish_2013-11-30-06-11-19.ser=10
  dc_shp_alllayers_2013-00-30-07-00-47.ser=800
##############################################################
# Min duration per test = 10000.0 ms.
##############################################################
Loading maps from = /home/llooo/Bureau/mapbench-0.5.0-release/bin/../maps
Results format: 
Test                                         	Threads	Ops	Med	Pct95	Avg	StdDev	Min	Max	FPS(med)	TotalOps	Scale	[ms/op]

Calibrating up with 1 threads and 3000 loops
cleanup (explicit Full GC): 2,101,451,128 / 2,105,948,384 bytes free.
Calibration up took 69.03054 ms
[calibration]                                	1	3000	0.007	0.026	0.010	0.012	0.002	0.237	151285.930	3000	1.000
Loading drawing commands from file: /home/llooo/Bureau/mapbench-0.5.0-release/bin/../maps/circleTests.ser
Loaded DrawingCommands: DrawingCommands{width=2048, height=2048, commands=2001}
drawing[circleTests.ser][width = 2048, height = 2048] ...

Warming up with 1 threads and 80 loops on /home/llooo/Bureau/mapbench-0.5.0-release/bin/../maps/circleTests.ser
cleanup (explicit Full GC): 2,094,780,944 / 2,105,327,112 bytes free.
INFO: AAShapePipe: overriding JDK implementation: marlin-renderer TILE patch enabled.
Warm up took 2884.596388 ms
circleTests.ser                              	1	80	32.281	36.978	36.013	23.652	32.113	239.805	30.978	80	1.000

Warming up with 1 threads and 160 loops on /home/llooo/Bureau/mapbench-0.5.0-release/bin/../maps/circleTests.ser
cleanup (explicit Full GC): 2,085,784,072 / 2,110,521,440 bytes free.
Warm up took 5255.506203 ms
circleTests.ser                              	1	160	32.219	33.325	32.839	3.396	32.063	67.380	31.038	160	1.000
cleanup (explicit Full GC): 2,093,770,104 / 2,110,520,160 bytes free.
Initial test: 52.497515 ms.

Warming up with 2 threads and 60 loops on /home/llooo/Bureau/mapbench-0.5.0-release/bin/../maps/circleTests.ser
cleanup (explicit Full GC): 2,102,144,608 / 2,110,522,496 bytes free.
Warm up took 3953.167205 ms
circleTests.ser                              	2	120	32.134	33.333	32.932	3.615	32.064	64.310	31.120	120	1.000
cleanup (explicit Full GC): 2,090,979,392 / 2,104,936,728 bytes free.
Initial test: 53.13832 ms.
Testing file /home/llooo/Bureau/mapbench-0.5.0-release/bin/../maps/circleTests.ser for 198 loops ...
cleanup (explicit Full GC): 2,096,561,176 / 2,110,522,176 bytes free.
1 threads and 198 loops per thread, time: 6660.284745 ms
circleTests.ser                              	1	198	32.355	40.027	33.631	4.528	32.165	68.106	30.907	198	1.000


Loading drawing commands from file: /home/llooo/Bureau/mapbench-0.5.0-release/bin/../maps/dc_boulder_2013-13-30-06-13-17.ser
Loaded DrawingCommands: DrawingCommands{width=1400, height=800, commands=4398}
drawing[dc_boulder_2013-13-30-06-13-17.ser][width = 1400, height = 800] ...
cleanup (explicit Full GC): 2,090,978,784 / 2,109,746,280 bytes free.
Initial test: 108.257346 ms.

Warming up with 2 threads and 29 loops on /home/llooo/Bureau/mapbench-0.5.0-release/bin/../maps/dc_boulder_2013-13-30-06-13-17.ser
cleanup (explicit Full GC): 2,096,717,584 / 2,109,246,312 bytes free.
Warm up took 2935.519894 ms
dc_boulder_2013-13-30-06-13-17.ser           	2	58	47.941	50.409	50.578	12.951	47.749	136.427	20.859	58	1.000
cleanup (explicit Full GC): 2,094,356,288 / 2,109,244,912 bytes free.
Initial test: 69.652155 ms.
Testing file /home/llooo/Bureau/mapbench-0.5.0-release/bin/../maps/dc_boulder_2013-13-30-06-13-17.ser for 151 loops ...
cleanup (explicit Full GC): 2,101,799,976 / 2,109,245,952 bytes free.
1 threads and 151 loops per thread, time: 7369.576441 ms
dc_boulder_2013-13-30-06-13-17.ser           	1	151	47.934	49.687	48.793	4.521	47.691	94.170	20.862	151	1.000


Loading drawing commands from file: /home/llooo/Bureau/mapbench-0.5.0-release/bin/../maps/dc_boulder_2013-13-30-06-13-20.ser
Loaded DrawingCommands: DrawingCommands{width=1400, height=800, commands=2425}
drawing[dc_boulder_2013-13-30-06-13-20.ser][width = 1400, height = 800] ...
cleanup (explicit Full GC): 2,075,743,472 / 2,110,482,464 bytes free.
Initial test: 27.644063 ms.

Warming up with 2 threads and 114 loops on /home/llooo/Bureau/mapbench-0.5.0-release/bin/../maps/dc_boulder_2013-13-30-06-13-20.ser
cleanup (explicit Full GC): 2,102,106,840 / 2,110,119,216 bytes free.
Warm up took 5445.464894 ms
dc_boulder_2013-13-30-06-13-20.ser           	2	228	23.392	24.507	23.877	2.532	23.261	51.269	42.750	228	2.000
cleanup (explicit Full GC): 2,084,992,448 / 2,110,115,456 bytes free.
Initial test: 41.898282 ms.
Testing file /home/llooo/Bureau/mapbench-0.5.0-release/bin/../maps/dc_boulder_2013-13-30-06-13-20.ser for 251 loops ...
cleanup (explicit Full GC): 2,101,739,904 / 2,110,119,008 bytes free.
1 threads and 251 loops per thread, time: 5992.244684 ms
dc_boulder_2013-13-30-06-13-20.ser           	1	251	23.422	24.347	23.868	2.447	23.256	51.111	42.695	251	2.000


Loading drawing commands from file: /home/llooo/Bureau/mapbench-0.5.0-release/bin/../maps/dc_shp_alllayers_2013-00-30-07-00-43.ser
Loaded DrawingCommands: DrawingCommands{width=1400, height=800, commands=568}
drawing[dc_shp_alllayers_2013-00-30-07-00-43.ser][width = 1400, height = 800] ...
cleanup (explicit Full GC): 2,084,992,176 / 2,110,985,424 bytes free.
Initial test: 30.555709 ms.

Warming up with 2 threads and 103 loops on /home/llooo/Bureau/mapbench-0.5.0-release/bin/../maps/dc_shp_alllayers_2013-00-30-07-00-43.ser
cleanup (explicit Full GC): 2,102,609,800 / 2,110,645,096 bytes free.
Warm up took 4075.668743 ms
dc_shp_alllayers_2013-00-30-07-00-43.ser     	2	206	19.405	20.229	19.781	2.298	19.086	42.667	51.532	206	2.000
cleanup (explicit Full GC): 2,099,477,616 / 2,110,641,688 bytes free.
Initial test: 35.519503 ms.
Testing file /home/llooo/Bureau/mapbench-0.5.0-release/bin/../maps/dc_shp_alllayers_2013-00-30-07-00-43.ser for 296 loops ...
cleanup (explicit Full GC): 2,102,266,104 / 2,110,645,096 bytes free.
1 threads and 296 loops per thread, time: 5977.42772 ms
dc_shp_alllayers_2013-00-30-07-00-43.ser     	1	296	19.710	21.627	20.191	2.102	19.595	41.248	50.734	296	2.000


Loading drawing commands from file: /home/llooo/Bureau/mapbench-0.5.0-release/bin/../maps/dc_shp_alllayers_2013-00-30-07-00-47.ser
Loaded DrawingCommands: DrawingCommands{width=1400, height=800, commands=135213}
drawing[dc_shp_alllayers_2013-00-30-07-00-47.ser][width = 1400, height = 800] ...
cleanup (explicit Full GC): 2,012,654,848 / 2,071,929,792 bytes free.
Initial test: 563.230017 ms.

Warming up with 2 threads and 10 loops on /home/llooo/Bureau/mapbench-0.5.0-release/bin/../maps/dc_shp_alllayers_2013-00-30-07-00-47.ser
cleanup (explicit Full GC): 2,046,802,704 / 2,067,631,432 bytes free.
Warm up took 11405.149347 ms
dc_shp_alllayers_2013-00-30-07-00-47.ser     	2	20	565.762	576.729	569.805	12.029	562.591	619.857	1.768	20	0.125
cleanup (explicit Full GC): 1,967,123,640 / 2,067,630,560 bytes free.
Initial test: 560.182848 ms.
Testing file /home/llooo/Bureau/mapbench-0.5.0-release/bin/../maps/dc_shp_alllayers_2013-00-30-07-00-47.ser for 18 loops ...
cleanup (explicit Full GC): 2,045,295,720 / 2,067,631,048 bytes free.
1 threads and 18 loops per thread, time: 10190.447324 ms
dc_shp_alllayers_2013-00-30-07-00-47.ser     	1	18	561.903	587.134	565.714	12.943	559.047	614.976	1.780	18	0.125


Loading drawing commands from file: /home/llooo/Bureau/mapbench-0.5.0-release/bin/../maps/dc_spearfish_2013-11-30-06-11-15.ser
Loaded DrawingCommands: DrawingCommands{width=512, height=359, commands=1232}
drawing[dc_spearfish_2013-11-30-06-11-15.ser][width = 512, height = 359] ...
cleanup (explicit Full GC): 1,981,083,336 / 2,110,882,704 bytes free.
Initial test: 20.340863 ms.

Warming up with 2 threads and 155 loops on /home/llooo/Bureau/mapbench-0.5.0-release/bin/../maps/dc_spearfish_2013-11-30-06-11-15.ser
cleanup (explicit Full GC): 2,103,437,760 / 2,110,503,984 bytes free.
Warm up took 2212.010121 ms
dc_spearfish_2013-11-30-06-11-15.ser         	2	310	6.907	7.860	7.133	0.913	6.862	16.139	144.776	310	10.000
cleanup (explicit Full GC): 2,089,099,728 / 2,110,498,632 bytes free.
Initial test: 14.413616 ms.
Testing file /home/llooo/Bureau/mapbench-0.5.0-release/bin/../maps/dc_spearfish_2013-11-30-06-11-15.ser for 730 loops ...
cleanup (explicit Full GC): 2,100,261,864 / 2,110,503,704 bytes free.
1 threads and 730 loops per thread, time: 5223.435185 ms
dc_spearfish_2013-11-30-06-11-15.ser         	1	730	6.976	7.667	7.154	0.738	6.925	16.200	143.349	730	10.000


Loading drawing commands from file: /home/llooo/Bureau/mapbench-0.5.0-release/bin/../maps/dc_spearfish_2013-11-30-06-11-19.ser
Loaded DrawingCommands: DrawingCommands{width=512, height=359, commands=349}
drawing[dc_spearfish_2013-11-30-06-11-19.ser][width = 512, height = 359] ...
cleanup (explicit Full GC): 2,072,348,216 / 2,111,155,728 bytes free.
Initial test: 8.768786 ms.

Warming up with 2 threads and 360 loops on /home/llooo/Bureau/mapbench-0.5.0-release/bin/../maps/dc_spearfish_2013-11-30-06-11-19.ser
cleanup (explicit Full GC): 2,103,710,784 / 2,110,818,696 bytes free.
Warm up took 2385.187111 ms
dc_spearfish_2013-11-30-06-11-19.ser         	2	720	3.193	3.805	3.312	0.506	3.162	7.865	313.160	720	10.000
cleanup (explicit Full GC): 2,093,136,936 / 2,110,807,184 bytes free.
Initial test: 6.993428 ms.
Testing file /home/llooo/Bureau/mapbench-0.5.0-release/bin/../maps/dc_spearfish_2013-11-30-06-11-19.ser for 1505 loops ...
cleanup (explicit Full GC): 2,103,362,248 / 2,110,818,696 bytes free.
1 threads and 1505 loops per thread, time: 4904.020184 ms
dc_spearfish_2013-11-30-06-11-19.ser         	1	1505	3.174	3.640	3.258	0.346	3.148	7.404	315.105	1505	10.000


Loading drawing commands from file: /home/llooo/Bureau/mapbench-0.5.0-release/bin/../maps/dc_topp_states_2013-11-30-06-11-06.ser
Loaded DrawingCommands: DrawingCommands{width=780, height=330, commands=119}
drawing[dc_topp_states_2013-11-30-06-11-06.ser][width = 780, height = 330] ...
cleanup (explicit Full GC): 2,083,830,696 / 2,111,138,336 bytes free.
Initial test: 10.347099 ms.

Warming up with 2 threads and 305 loops on /home/llooo/Bureau/mapbench-0.5.0-release/bin/../maps/dc_topp_states_2013-11-30-06-11-06.ser
cleanup (explicit Full GC): 2,102,762,792 / 2,110,819,160 bytes free.
Warm up took 3381.925014 ms
dc_topp_states_2013-11-30-06-11-06.ser       	2	610	5.386	5.718	5.543	0.830	5.338	13.884	185.678	610	1.000
cleanup (explicit Full GC): 2,099,651,776 / 2,110,808,720 bytes free.
Initial test: 8.766632 ms.
Testing file /home/llooo/Bureau/mapbench-0.5.0-release/bin/../maps/dc_topp_states_2013-11-30-06-11-06.ser for 1200 loops ...
cleanup (explicit Full GC): 2,102,433,168 / 2,110,818,592 bytes free.
1 threads and 1200 loops per thread, time: 6570.85832 ms
dc_topp_states_2013-11-30-06-11-06.ser       	1	1200	5.377	5.623	5.475	0.533	5.334	13.184	185.986	1200	1.000


Loading drawing commands from file: /home/llooo/Bureau/mapbench-0.5.0-release/bin/../maps/dc_topp_states_2013-11-30-06-11-07.ser
Loaded DrawingCommands: DrawingCommands{width=780, height=330, commands=144}
drawing[dc_topp_states_2013-11-30-06-11-07.ser][width = 780, height = 330] ...
cleanup (explicit Full GC): 2,096,859,344 / 2,111,155,752 bytes free.
Initial test: 8.47778 ms.

Warming up with 2 threads and 372 loops on /home/llooo/Bureau/mapbench-0.5.0-release/bin/../maps/dc_topp_states_2013-11-30-06-11-07.ser
cleanup (explicit Full GC): 2,102,780,208 / 2,110,832,336 bytes free.
Warm up took 2945.083697 ms
dc_topp_states_2013-11-30-06-11-07.ser       	2	744	3.724	5.403	3.957	0.736	3.692	9.073	268.564	744	1.000
cleanup (explicit Full GC): 2,096,873,088 / 2,110,820,440 bytes free.
Initial test: 7.829882 ms.
Testing file /home/llooo/Bureau/mapbench-0.5.0-release/bin/../maps/dc_topp_states_2013-11-30-06-11-07.ser for 1344 loops ...
cleanup (explicit Full GC): 2,102,444,888 / 2,110,832,336 bytes free.
1 threads and 1344 loops per thread, time: 5127.985354 ms
dc_topp_states_2013-11-30-06-11-07.ser       	1	1344	3.715	4.168	3.815	0.465	3.693	9.185	269.175	1344	1.000


Loading drawing commands from file: /home/llooo/Bureau/mapbench-0.5.0-release/bin/../maps/ellipseTests-fill-false.ser
Loaded DrawingCommands: DrawingCommands{width=2000, height=2000, commands=198}
drawing[ellipseTests-fill-false.ser][width = 2000, height = 2000] ...
cleanup (explicit Full GC): 2,088,497,536 / 2,111,227,208 bytes free.
Initial test: 115.766625 ms.

Warming up with 2 threads and 27 loops on /home/llooo/Bureau/mapbench-0.5.0-release/bin/../maps/ellipseTests-fill-false.ser
cleanup (explicit Full GC): 2,102,851,648 / 2,110,910,296 bytes free.
Warm up took 6140.868476 ms
ellipseTests-fill-false.ser                  	2	54	112.262	113.415	113.711	9.925	111.719	185.629	8.908	54	1.000
cleanup (explicit Full GC): 2,099,742,944 / 2,110,909,432 bytes free.
Initial test: 120.295374 ms.
Testing file /home/llooo/Bureau/mapbench-0.5.0-release/bin/../maps/ellipseTests-fill-false.ser for 87 loops ...
cleanup (explicit Full GC): 2,102,533,880 / 2,110,910,344 bytes free.
1 threads and 87 loops per thread, time: 9883.432646 ms
ellipseTests-fill-false.ser                  	1	87	112.480	114.901	113.597	7.176	112.063	179.504	8.890	87	1.000


Loading drawing commands from file: /home/llooo/Bureau/mapbench-0.5.0-release/bin/../maps/ellipseTests-fill-true.ser
Loaded DrawingCommands: DrawingCommands{width=2000, height=2000, commands=198}
drawing[ellipseTests-fill-true.ser][width = 2000, height = 2000] ...
cleanup (explicit Full GC): 2,099,742,960 / 2,111,247,344 bytes free.
Initial test: 93.442059 ms.

Warming up with 2 threads and 33 loops on /home/llooo/Bureau/mapbench-0.5.0-release/bin/../maps/ellipseTests-fill-true.ser
cleanup (explicit Full GC): 2,100,079,888 / 2,110,910,336 bytes free.
Warm up took 6205.485561 ms
ellipseTests-fill-true.ser                   	2	66	92.596	94.487	94.015	8.346	92.139	159.960	10.800	66	1.000
cleanup (explicit Full GC): 2,099,742,952 / 2,110,909,176 bytes free.
Initial test: 106.161386 ms.
Testing file /home/llooo/Bureau/mapbench-0.5.0-release/bin/../maps/ellipseTests-fill-true.ser for 99 loops ...
cleanup (explicit Full GC): 2,099,741,792 / 2,110,910,344 bytes free.
1 threads and 99 loops per thread, time: 9264.091006 ms
ellipseTests-fill-true.ser                   	1	99	92.526	94.738	93.572	7.023	92.265	161.515	10.808	99	1.000


Loading drawing commands from file: /home/llooo/Bureau/mapbench-0.5.0-release/bin/../maps/spiralTest-dash-false.ser
Loaded DrawingCommands: DrawingCommands{width=4096, height=4096, commands=1}
drawing[spiralTest-dash-false.ser][width = 4096, height = 4096] ...
cleanup (explicit Full GC): 2,093,054,416 / 2,103,767,280 bytes free.
Initial test: 529.268757 ms.

Warming up with 2 threads and 10 loops on /home/llooo/Bureau/mapbench-0.5.0-release/bin/../maps/spiralTest-dash-false.ser
cleanup (explicit Full GC): 2,011,623,520 / 2,103,429,656 bytes free.
Warm up took 10607.723577 ms
spiralTest-dash-false.ser                    	2	20	528.982	590.581	530.357	24.185	506.563	605.387	1.890	20	0.100
cleanup (explicit Full GC): 2,003,722,992 / 2,103,428,832 bytes free.
Initial test: 538.041651 ms.
Testing file /home/llooo/Bureau/mapbench-0.5.0-release/bin/../maps/spiralTest-dash-false.ser for 19 loops ...
cleanup (explicit Full GC): 2,012,097,736 / 2,103,429,264 bytes free.
1 threads and 19 loops per thread, time: 10236.858704 ms
spiralTest-dash-false.ser                    	1	19	534.837	547.299	538.760	17.131	529.595	610.611	1.870	19	0.100


Loading drawing commands from file: /home/llooo/Bureau/mapbench-0.5.0-release/bin/../maps/test_z_625k.ser
Loaded DrawingCommands: DrawingCommands{width=1272, height=1261, commands=23345}
drawing[test_z_625k.ser][width = 1272, height = 1261] ...
cleanup (explicit Full GC): 1,992,555,240 / 2,104,496,760 bytes free.
Initial test: 127.081208 ms.

Warming up with 2 threads and 24 loops on /home/llooo/Bureau/mapbench-0.5.0-release/bin/../maps/test_z_625k.ser
cleanup (explicit Full GC): 2,092,398,664 / 2,103,350,536 bytes free.
Warm up took 5348.811648 ms
test_z_625k.ser                              	2	48	109.899	111.332	111.395	8.168	109.491	166.989	9.099	48	0.667
cleanup (explicit Full GC): 2,057,750,056 / 2,097,765,968 bytes free.
Initial test: 110.422603 ms.
Testing file /home/llooo/Bureau/mapbench-0.5.0-release/bin/../maps/test_z_625k.ser for 95 loops ...
cleanup (explicit Full GC): 2,085,667,952 / 2,103,350,184 bytes free.
1 threads and 95 loops per thread, time: 10489.845628 ms
test_z_625k.ser                              	1	95	109.808	111.030	110.405	3.822	109.587	147.086	9.107	95	0.667


WARMUP results:
Test                                         	Threads	Ops	Med	Pct95	Avg	StdDev	Min	Max	FPS(med)	TotalOps	Scale	[ms/op]
<<< Calib 1
[calibration]                                	1	3000	0.007	0.026	0.010	0.012	0.002	0.237	151285.930	3000	1.000
>>> Calib 1
<<< Warmup 1
circleTests.ser                              	1	80	32.281	36.978	36.013	23.652	32.113	239.805	30.978	80	1.000
>>> Warmup 1
<<< Warmup 2
circleTests.ser                              	1	160	32.219	33.325	32.839	3.396	32.063	67.380	31.038	160	1.000
>>> Warmup 2
circleTests.ser                              	2	120	32.134	33.333	32.932	3.615	32.064	64.310	31.120	120	1.000
dc_boulder_2013-13-30-06-13-17.ser           	2	58	47.941	50.409	50.578	12.951	47.749	136.427	20.859	58	1.000
dc_boulder_2013-13-30-06-13-20.ser           	2	228	23.392	24.507	23.877	2.532	23.261	51.269	42.750	228	2.000
dc_shp_alllayers_2013-00-30-07-00-43.ser     	2	206	19.405	20.229	19.781	2.298	19.086	42.667	51.532	206	2.000
dc_shp_alllayers_2013-00-30-07-00-47.ser     	2	20	565.762	576.729	569.805	12.029	562.591	619.857	1.768	20	0.125
dc_spearfish_2013-11-30-06-11-15.ser         	2	310	6.907	7.860	7.133	0.913	6.862	16.139	144.776	310	10.000
dc_spearfish_2013-11-30-06-11-19.ser         	2	720	3.193	3.805	3.312	0.506	3.162	7.865	313.160	720	10.000
dc_topp_states_2013-11-30-06-11-06.ser       	2	610	5.386	5.718	5.543	0.830	5.338	13.884	185.678	610	1.000
dc_topp_states_2013-11-30-06-11-07.ser       	2	744	3.724	5.403	3.957	0.736	3.692	9.073	268.564	744	1.000
ellipseTests-fill-false.ser                  	2	54	112.262	113.415	113.711	9.925	111.719	185.629	8.908	54	1.000
ellipseTests-fill-true.ser                   	2	66	92.596	94.487	94.015	8.346	92.139	159.960	10.800	66	1.000
spiralTest-dash-false.ser                    	2	20	528.982	590.581	530.357	24.185	506.563	605.387	1.890	20	0.100
test_z_625k.ser                              	2	48	109.899	111.332	111.395	8.168	109.491	166.989	9.099	48	0.667

TEST results:
Test                                         	Threads	Ops	Med	Pct95	Avg	StdDev	Min	Max	FPS(med)	TotalOps	Scale	[ms/op]
circleTests.ser                              	1	198	32.355	40.027	33.631	4.528	32.165	68.106	30.907	198	1.000
ellipseTests-fill-false.ser                  	1	87	112.480	114.901	113.597	7.176	112.063	179.504	8.890	87	1.000
ellipseTests-fill-true.ser                   	1	99	92.526	94.738	93.572	7.023	92.265	161.515	10.808	99	1.000
dc_boulder_2013-13-30-06-13-17.ser           	1	151	47.934	49.687	48.793	4.521	47.691	94.170	20.862	151	1.000
dc_boulder_2013-13-30-06-13-20.ser           	1	251	23.422	24.347	23.868	2.447	23.256	51.111	42.695	251	2.000
dc_shp_alllayers_2013-00-30-07-00-43.ser     	1	296	19.710	21.627	20.191	2.102	19.595	41.248	50.734	296	2.000
dc_shp_alllayers_2013-00-30-07-00-47.ser     	1	18	561.903	587.134	565.714	12.943	559.047	614.976	1.780	18	0.125
dc_spearfish_2013-11-30-06-11-15.ser         	1	730	6.976	7.667	7.154	0.738	6.925	16.200	143.349	730	10.000
dc_spearfish_2013-11-30-06-11-19.ser         	1	1505	3.174	3.640	3.258	0.346	3.148	7.404	315.105	1505	10.000
dc_topp_states_2013-11-30-06-11-06.ser       	1	1200	5.377	5.623	5.475	0.533	5.334	13.184	185.986	1200	1.000
dc_topp_states_2013-11-30-06-11-07.ser       	1	1344	3.715	4.168	3.815	0.465	3.693	9.185	269.175	1344	1.000
spiralTest-dash-false.ser                    	1	19	534.837	547.299	538.760	17.131	529.595	610.611	1.870	19	0.100
test_z_625k.ser                              	1	95	109.808	111.030	110.405	3.822	109.587	147.086	9.107	95	0.667

Scores:
Tests	13	13	
Threads	1	1	
Med	52.237	52.237	
Pct95	55.100	55.100	
FPS	83.944	83.944	


