
date:
jeudi 25 janvier 2018, 22:55:00 (UTC+0100)
CLASSPATH:   ../lib/mapbench-0.4.0.jar
Boot CP:     -Xbootclasspath/p:../lib/marlin-0.8.2-Unsafe-sun-java2d.jar -Xbootclasspath/a:../lib/marlin-0.8.2-Unsafe.jar
Java opts:   -Dsun.java2d.renderer.doStats=false -Dsun.java2d.renderer.enableRLE=true -Dsun.java2d.renderer.forceRLE=false -Dsun.java2d.renderer.forceNoRLE=false -Dsun.java2d.renderer.useTileFlags=true -Dsun.java2d.renderer.useTileFlags.useHeuristics=true -Dsun.java2d.renderer.blockSize_log2=5 -Dsun.java2d.renderer.rleMinWidth=64 -Dsun.java2d.renderer.clip=true -Dsun.java2d.renderer.log=true -Dsun.java2d.renderer.logCreateContext=false -Dsun.java2d.renderer.logUnsafeMalloc=false -Dsun.java2d.renderer.clip.curves= -Dsun.java2d.renderer.subPixel_log2_X=8 -Dsun.java2d.renderer.subPixel_log2_Y=3 -Dsun.java2d.renderer.useThreadLocal=true -Dsun.java2d.renderer.useSimplifier=false -Dsun.java2d.renderer.useRef=soft -Dsun.java2d.renderer.pixelWidth=4096 -Dsun.java2d.renderer.pixelHeight=2176 -Dsun.java2d.renderer.tileSize_log2=6 -Dsun.java2d.renderer.tileWidth_log2=7 -Dsun.java2d.renderer=org.marlin.pisces.DMarlinRenderingEngine -Dsun.java2d.renderer.usePathSimplifier=false -Dsun.java2d.renderer.pathSimplifier.pixTol=0.125 -Dsun.java2d.renderer.clip.subdivider=true -Dsun.java2d.renderer.clip.subdivider.minLength=100.0 -Dsun.java2d.renderer.cubic_dec_d2=2.5 -Dsun.java2d.renderer.cubic_inc_d1=1.0 -Dsun.java2d.renderer.quad_dec_d2=1.0 -DMapBench.skipDraw=false -DMapBench.skipFill=false -DMapBench.clip.small=false -DMapBench.qualityMode=true -DMapBench.premultiplied=true -DMapBench.acceleration=false -DMapBench.volatile=false -server
Java tuning:  -Xms2g  -Xmx2g -XX:+UseConcMarkSweepGC
JVM path
/home/bourgesl/apps/jdk1.8.0//bin//java
Java version
java version "1.8.0_152"
Java(TM) SE Runtime Environment (build 1.8.0_152-b16)
Java HotSpot(TM) 64-Bit Server VM (build 25.152-b16, mixed mode)
##############################################################
# Java: 1.8.0_152-b16
#   VM: Java HotSpot(TM) 64-Bit Server VM 25.152-b16 (mixed mode)
#   OS: Linux 4.10.0-42-generic (amd64)
# CPUs: 4 (virtual)
##############################################################
INFO: ===============================================================================
INFO: Marlin software rasterizer           = ENABLED
INFO: Version                              = [marlin-0.8.2-Unsafe]
INFO: sun.java2d.renderer                  = org.marlin.pisces.MarlinRenderingEngine
INFO: sun.java2d.renderer.useThreadLocal   = true
INFO: sun.java2d.renderer.useRef           = soft
INFO: sun.java2d.renderer.edges            = 4096
INFO: sun.java2d.renderer.pixelsize        = 2048
INFO: sun.java2d.renderer.subPixel_log2_X  = 8
INFO: sun.java2d.renderer.subPixel_log2_Y  = 3
INFO: sun.java2d.renderer.tileSize_log2    = 6
INFO: sun.java2d.renderer.tileWidth_log2   = 7
INFO: sun.java2d.renderer.blockSize_log2   = 5
INFO: sun.java2d.renderer.forceRLE         = false
INFO: sun.java2d.renderer.forceNoRLE       = false
INFO: sun.java2d.renderer.useTileFlags     = true
INFO: sun.java2d.renderer.useTileFlags.useHeuristics = true
INFO: sun.java2d.renderer.rleMinWidth      = 64
INFO: sun.java2d.renderer.useSimplifier    = false
INFO: sun.java2d.renderer.clip             = true
INFO: sun.java2d.renderer.doStats          = false
INFO: sun.java2d.renderer.doMonitors       = false
INFO: sun.java2d.renderer.doChecks         = false
INFO: sun.java2d.renderer.useLogger        = false
INFO: sun.java2d.renderer.logCreateContext = false
INFO: sun.java2d.renderer.logUnsafeMalloc  = false
INFO: sun.java2d.renderer.cubic_dec_d2     = 2.5
INFO: sun.java2d.renderer.cubic_inc_d1     = 1.0
INFO: sun.java2d.renderer.quad_dec_d2      = 1.0
INFO: Renderer settings:
INFO: CUB_DEC_BND  = 452.76923
INFO: CUB_INC_BND  = 181.1077
INFO: QUAD_DEC_BND = 181.1077
INFO: INITIAL_EDGES_CAPACITY               = 98304
INFO: INITIAL_CROSSING_COUNT               = 1024
INFO: ===============================================================================
INFO: ===============================================================================
INFO: Marlin software rasterizer           = ENABLED
INFO: Version                              = [marlin-0.8.2-Unsafe]
INFO: sun.java2d.renderer                  = org.marlin.pisces.DMarlinRenderingEngine
INFO: sun.java2d.renderer.useThreadLocal   = true
INFO: sun.java2d.renderer.useRef           = soft
INFO: sun.java2d.renderer.edges            = 4096
INFO: sun.java2d.renderer.pixelsize        = 2048
INFO: sun.java2d.renderer.subPixel_log2_X  = 8
INFO: sun.java2d.renderer.subPixel_log2_Y  = 3
INFO: sun.java2d.renderer.tileSize_log2    = 6
INFO: sun.java2d.renderer.tileWidth_log2   = 7
INFO: sun.java2d.renderer.blockSize_log2   = 5
INFO: sun.java2d.renderer.forceRLE         = false
INFO: sun.java2d.renderer.forceNoRLE       = false
INFO: sun.java2d.renderer.useTileFlags     = true
INFO: sun.java2d.renderer.useTileFlags.useHeuristics = true
INFO: sun.java2d.renderer.rleMinWidth      = 64
INFO: sun.java2d.renderer.useSimplifier    = false
INFO: sun.java2d.renderer.clip             = true
INFO: sun.java2d.renderer.doStats          = false
INFO: sun.java2d.renderer.doMonitors       = false
INFO: sun.java2d.renderer.doChecks         = false
INFO: sun.java2d.renderer.useLogger        = false
INFO: sun.java2d.renderer.logCreateContext = false
INFO: sun.java2d.renderer.logUnsafeMalloc  = false
INFO: sun.java2d.renderer.cubic_dec_d2     = 2.5
INFO: sun.java2d.renderer.cubic_inc_d1     = 1.0
INFO: sun.java2d.renderer.quad_dec_d2      = 1.0
INFO: Renderer settings:
INFO: CUB_DEC_BND  = 452.7692413330078
INFO: CUB_INC_BND  = 181.10769653320312
INFO: QUAD_DEC_BND = 181.10769653320312
INFO: INITIAL_EDGES_CAPACITY               = 98304
INFO: INITIAL_CROSSING_COUNT               = 1024
INFO: ===============================================================================
# Renderer: DMarlinRenderingEngine 
# Quality mode: QUALITY...
# Filter shape on size: DISABLED...
# skipDraw: false 
# skipFill: false 
# useClipSmall: false 
# Using BufferedImage INT_ARGB_PRE...
##############################################################
profileName: shared_1T_4K_dashed
Loading profile file: /home/marlin/mapbench/bin/../profiles/shared_1T_4K_dashed.properties
Loading scale file: /home/marlin/mapbench/bin/../profiles/mapbench-scales.properties
Profile properties (merged with defaults):
  dashLength=3.0
  doClip=false
  doCreateStrokedShape=false
  doRotate=false
  doScale=false
  doShear=false
  doTranslate=false
  doUseDashedStroke=true
  doUseGradient=false
  doUseTexture=false
  doUseWingRuleEvenOdd=false
  doUseWingRuleNonZero=false
  imageX=3840
  imageY=2160
  iteration=1
  maxThreads=1
  minDuration=10000.0
  minLoops=10
  pass=1
  rotateAngle=17.333
  scaleX=4.0
  scaleY=4.0
  shearX=2.0
  shearY=2.0
  translateX=0.0
  translateY=0.0
  useSharedImage=true
  warmupLoopsMin=80
### Test Scales:
  spiralTest-fill.ser=800
  CircleTests.ser=50
  EllipseTests-fill-false.ser=200
  dc_spearfish_2013-11-30-06-11-15.ser=10
  spiralTest-dash-false.ser=1000
  dc_topp=states_2013-11-30-06-11-07.ser=10
  dc_shp_alllayers_2013-00-30-07-00-43.ser=50
  test_z_150k.ser=150
  test_z_625k.ser=150
  test_z_300k.ser=150
  test_z_5M.ser=50
  EllipseTests-fill-true.ser=350
  dc_boulder_2013-13-30-06-13-20.ser=50
  dc_boulder_2013-13-30-06-13-17.ser=100
  test_z_1.25M.ser=150
  dc_spearfish_2013-11-30-06-11-19.ser=10
  dc_shp_alllayers_2013-00-30-07-00-47.ser=800
##############################################################
# Min duration per test = 10000.0 ms.
##############################################################
Loading maps from = /home/marlin/mapbench/bin/../maps
Results format: 
Test                                         	Threads	Ops	Med	Pct95	Avg	StdDev	Min	Max	FPS(med)	TotalOps	Scale	[ms/op]

Calibrating up with 1 threads and 3000 loops
cleanup (explicit Full GC): 2,101,451,128 / 2,106,164,360 bytes free.
Calibration up took 1528.965015 ms
[calibration]                                	1	3000	0.490	0.510	0.495	0.021	0.488	0.825	2041.841	3000	1.000
Loading drawing commands from file: /home/marlin/mapbench/bin/../maps/CircleTests.ser
Loaded DrawingCommands: DrawingCommands{width=2048, height=2048, commands=2001}
scaling[1.875]
translating[0.0 x -840.0]
drawing[CircleTests.ser][width = 3840, height = 2160] ...

Warming up with 1 threads and 80 loops on /home/marlin/mapbench/bin/../maps/CircleTests.ser
cleanup (explicit Full GC): 2,097,788,776 / 2,108,155,568 bytes free.
INFO: AAShapePipe: overriding JDK implementation: marlin-renderer TILE patch enabled.
Warm up took 9066.954955 ms
CircleTests.ser                              	1	80	109.523	113.445	113.258	26.339	109.329	343.867	9.130	80	2.000

Warming up with 1 threads and 160 loops on /home/marlin/mapbench/bin/../maps/CircleTests.ser
cleanup (explicit Full GC): 2,052,643,120 / 2,110,679,632 bytes free.
Warm up took 17504.462218 ms
CircleTests.ser                              	1	160	109.303	109.925	109.380	0.213	109.145	110.530	9.149	160	2.000
cleanup (explicit Full GC): 2,052,375,264 / 2,110,678,344 bytes free.
Initial test: 109.718764 ms.

Warming up with 2 threads and 28 loops on /home/marlin/mapbench/bin/../maps/CircleTests.ser
cleanup (explicit Full GC): 2,069,125,144 / 2,110,680,680 bytes free.
Warm up took 6136.489113 ms
CircleTests.ser                              	2	56	109.370	110.013	109.463	0.249	109.224	110.477	9.143	56	2.000
cleanup (explicit Full GC): 2,019,198,760 / 2,110,679,608 bytes free.
Initial test: 109.531322 ms.
Testing file /home/marlin/mapbench/bin/../maps/CircleTests.ser for 96 loops ...
cleanup (explicit Full GC): 2,069,126,408 / 2,110,680,128 bytes free.
1 threads and 96 loops per thread, time: 10510.818575 ms
CircleTests.ser                              	1	96	109.366	109.931	109.454	0.282	109.237	111.334	9.144	96	2.000


Loading drawing commands from file: /home/marlin/mapbench/bin/../maps/EllipseTests-fill-false.ser
Loaded DrawingCommands: DrawingCommands{width=2000, height=2000, commands=198}
scaling[1.92]
translating[0.0 x -840.0]
drawing[EllipseTests-fill-false.ser][width = 3840, height = 2160] ...
cleanup (explicit Full GC): 2,057,959,480 / 2,111,411,048 bytes free.
Initial test: 431.444925 ms.

Warming up with 2 threads and 10 loops on /home/marlin/mapbench/bin/../maps/EllipseTests-fill-false.ser
cleanup (explicit Full GC): 2,070,788,408 / 2,111,092,696 bytes free.
Warm up took 8623.696391 ms
EllipseTests-fill-false.ser                  	2	20	430.758	431.478	430.884	0.331	430.409	431.688	2.321	20	0.500
cleanup (explicit Full GC): 2,031,708,808 / 2,111,091,896 bytes free.
Initial test: 430.898121 ms.
Testing file /home/marlin/mapbench/bin/../maps/EllipseTests-fill-false.ser for 24 loops ...
cleanup (explicit Full GC): 2,070,469,312 / 2,111,092,288 bytes free.
1 threads and 24 loops per thread, time: 10337.95258 ms
EllipseTests-fill-false.ser                  	1	24	430.510	431.351	430.631	0.567	429.880	432.843	2.323	24	0.500


Loading drawing commands from file: /home/marlin/mapbench/bin/../maps/EllipseTests-fill-true.ser
Loaded DrawingCommands: DrawingCommands{width=2000, height=2000, commands=198}
scaling[1.92]
translating[0.0 x -840.0]
drawing[EllipseTests-fill-true.ser][width = 3840, height = 2160] ...
cleanup (explicit Full GC): 2,064,886,016 / 2,111,411,696 bytes free.
Initial test: 734.97952 ms.

Warming up with 2 threads and 10 loops on /home/marlin/mapbench/bin/../maps/EllipseTests-fill-true.ser
cleanup (explicit Full GC): 2,069,858,440 / 2,111,091,056 bytes free.
Warm up took 14666.843638 ms
EllipseTests-fill-true.ser                   	2	20	732.146	734.316	733.065	3.551	731.373	748.391	1.366	20	0.286
cleanup (explicit Full GC): 2,036,360,256 / 2,111,090,720 bytes free.
Initial test: 731.632916 ms.
Testing file /home/marlin/mapbench/bin/../maps/EllipseTests-fill-true.ser for 14 loops ...
cleanup (explicit Full GC): 2,069,537,536 / 2,111,090,968 bytes free.
1 threads and 14 loops per thread, time: 10242.216605 ms
EllipseTests-fill-true.ser                   	1	14	731.212	732.334	731.387	0.588	730.658	732.544	1.368	14	0.286


Loading drawing commands from file: /home/marlin/mapbench/bin/../maps/dc_boulder_2013-13-30-06-13-17.ser
Loaded DrawingCommands: DrawingCommands{width=1400, height=800, commands=4398}
scaling[2.742857142857143]
translating[0.0 x -17.14285714285711]
drawing[dc_boulder_2013-13-30-06-13-17.ser][width = 3840, height = 2160] ...
cleanup (explicit Full GC): 2,069,537,784 / 2,109,886,184 bytes free.
Initial test: 301.711004 ms.

Warming up with 2 threads and 10 loops on /home/marlin/mapbench/bin/../maps/dc_boulder_2013-13-30-06-13-17.ser
cleanup (explicit Full GC): 2,062,749,240 / 2,109,564,848 bytes free.
Warm up took 2852.162653 ms
dc_boulder_2013-13-30-06-13-17.ser           	2	20	142.107	143.802	142.286	0.648	141.471	144.152	7.037	20	1.000
cleanup (explicit Full GC): 2,032,042,192 / 2,109,564,336 bytes free.
Initial test: 141.982839 ms.
Testing file /home/marlin/mapbench/bin/../maps/dc_boulder_2013-13-30-06-13-17.ser for 74 loops ...
cleanup (explicit Full GC): 2,068,011,152 / 2,109,564,728 bytes free.
1 threads and 74 loops per thread, time: 10503.608586 ms
dc_boulder_2013-13-30-06-13-17.ser           	1	74	141.799	142.594	141.890	0.341	141.449	142.778	7.052	74	1.000


Loading drawing commands from file: /home/marlin/mapbench/bin/../maps/dc_boulder_2013-13-30-06-13-20.ser
Loaded DrawingCommands: DrawingCommands{width=1400, height=800, commands=2425}
scaling[2.742857142857143]
translating[0.0 x -17.14285714285711]
drawing[dc_boulder_2013-13-30-06-13-20.ser][width = 3840, height = 2160] ...
cleanup (explicit Full GC): 2,051,260,392 / 2,110,621,000 bytes free.
Initial test: 100.227377 ms.

Warming up with 2 threads and 31 loops on /home/marlin/mapbench/bin/../maps/dc_boulder_2013-13-30-06-13-20.ser
cleanup (explicit Full GC): 2,069,067,744 / 2,110,301,176 bytes free.
Warm up took 6209.248848 ms
dc_boulder_2013-13-30-06-13-20.ser           	2	62	100.107	100.527	100.052	0.385	99.205	101.201	9.989	62	2.000
cleanup (explicit Full GC): 2,029,986,648 / 2,110,299,992 bytes free.
Initial test: 100.37567 ms.
Testing file /home/marlin/mapbench/bin/../maps/dc_boulder_2013-13-30-06-13-20.ser for 104 loops ...
cleanup (explicit Full GC): 2,068,746,808 / 2,110,301,056 bytes free.
1 threads and 104 loops per thread, time: 10389.576585 ms
dc_boulder_2013-13-30-06-13-20.ser           	1	104	99.898	100.436	99.867	0.328	99.095	100.528	10.010	104	2.000


Loading drawing commands from file: /home/marlin/mapbench/bin/../maps/dc_shp_alllayers_2013-00-30-07-00-43.ser
Loaded DrawingCommands: DrawingCommands{width=1400, height=800, commands=568}
scaling[2.742857142857143]
translating[0.0 x -17.14285714285711]
drawing[dc_shp_alllayers_2013-00-30-07-00-43.ser][width = 3840, height = 2160] ...
cleanup (explicit Full GC): 2,060,372,280 / 2,111,125,088 bytes free.
Initial test: 85.093117 ms.

Warming up with 2 threads and 37 loops on /home/marlin/mapbench/bin/../maps/dc_shp_alllayers_2013-00-30-07-00-43.ser
cleanup (explicit Full GC): 2,069,571,832 / 2,110,806,904 bytes free.
Warm up took 5945.778245 ms
dc_shp_alllayers_2013-00-30-07-00-43.ser     	2	74	80.169	80.835	80.272	0.337	79.699	81.292	12.474	74	2.000
cleanup (explicit Full GC): 2,036,076,104 / 2,110,805,656 bytes free.
Initial test: 80.381106 ms.
Testing file /home/marlin/mapbench/bin/../maps/dc_shp_alllayers_2013-00-30-07-00-43.ser for 130 loops ...
cleanup (explicit Full GC): 2,069,252,472 / 2,110,806,912 bytes free.
1 threads and 130 loops per thread, time: 10410.598049 ms
dc_shp_alllayers_2013-00-30-07-00-43.ser     	1	130	79.944	80.731	80.058	0.350	79.591	81.976	12.509	130	2.000


Loading drawing commands from file: /home/marlin/mapbench/bin/../maps/dc_shp_alllayers_2013-00-30-07-00-47.ser
Loaded DrawingCommands: DrawingCommands{width=1400, height=800, commands=135213}
scaling[2.742857142857143]
translating[0.0 x -17.14285714285711]
drawing[dc_shp_alllayers_2013-00-30-07-00-47.ser][width = 3840, height = 2160] ...
cleanup (explicit Full GC): 1,979,639,128 / 2,072,071,040 bytes free.
Initial test: 741.425829 ms.

Warming up with 2 threads and 10 loops on /home/marlin/mapbench/bin/../maps/dc_shp_alllayers_2013-00-30-07-00-47.ser
cleanup (explicit Full GC): 2,010,974,784 / 2,071,752,000 bytes free.
Warm up took 14830.990237 ms
dc_shp_alllayers_2013-00-30-07-00-47.ser     	2	20	740.731	741.452	740.745	0.504	739.799	741.605	1.350	20	0.125
cleanup (explicit Full GC): 1,863,011,880 / 2,071,751,848 bytes free.
Initial test: 741.452788 ms.
Testing file /home/marlin/mapbench/bin/../maps/dc_shp_alllayers_2013-00-30-07-00-47.ser for 14 loops ...
cleanup (explicit Full GC): 2,012,577,112 / 2,071,752,000 bytes free.
1 threads and 14 loops per thread, time: 10392.116835 ms
dc_shp_alllayers_2013-00-30-07-00-47.ser     	1	14	741.814	742.200	741.740	0.381	741.235	742.205	1.348	14	0.125


Loading drawing commands from file: /home/marlin/mapbench/bin/../maps/dc_spearfish_2013-11-30-06-11-15.ser
Loaded DrawingCommands: DrawingCommands{width=512, height=359, commands=1232}
scaling[7.5]
translating[0.0 x -266.25]
drawing[dc_spearfish_2013-11-30-06-11-15.ser][width = 3840, height = 2160] ...
cleanup (explicit Full GC): 1,939,247,464 / 2,111,023,608 bytes free.
Initial test: 56.552807 ms.

Warming up with 2 threads and 55 loops on /home/marlin/mapbench/bin/../maps/dc_spearfish_2013-11-30-06-11-15.ser
cleanup (explicit Full GC): 2,071,374,704 / 2,110,702,704 bytes free.
Warm up took 6043.916031 ms
dc_spearfish_2013-11-30-06-11-15.ser         	2	110	54.739	55.594	54.893	0.406	54.507	57.140	18.269	110	10.000
cleanup (explicit Full GC): 2,026,708,832 / 2,110,700,544 bytes free.
Initial test: 55.30031 ms.
Testing file /home/marlin/mapbench/bin/../maps/dc_spearfish_2013-11-30-06-11-15.ser for 190 loops ...
cleanup (explicit Full GC): 2,071,051,696 / 2,110,702,376 bytes free.
1 threads and 190 loops per thread, time: 10408.275311 ms
dc_spearfish_2013-11-30-06-11-15.ser         	1	190	54.662	55.342	54.764	0.262	54.496	55.660	18.294	190	10.000


Loading drawing commands from file: /home/marlin/mapbench/bin/../maps/dc_spearfish_2013-11-30-06-11-19.ser
Loaded DrawingCommands: DrawingCommands{width=512, height=359, commands=349}
scaling[7.5]
translating[0.0 x -266.25]
drawing[dc_spearfish_2013-11-30-06-11-19.ser][width = 3840, height = 2160] ...
cleanup (explicit Full GC): 2,059,886,080 / 2,111,302,024 bytes free.
Initial test: 44.394133 ms.

Warming up with 2 threads and 71 loops on /home/marlin/mapbench/bin/../maps/dc_spearfish_2013-11-30-06-11-19.ser
cleanup (explicit Full GC): 2,071,653,120 / 2,110,985,168 bytes free.
Warm up took 6198.24398 ms
dc_spearfish_2013-11-30-06-11-19.ser         	2	142	43.366	44.166	43.611	1.276	43.176	56.504	23.060	142	10.000
cleanup (explicit Full GC): 2,035,366,840 / 2,110,982,824 bytes free.
Initial test: 43.87819 ms.
Testing file /home/marlin/mapbench/bin/../maps/dc_spearfish_2013-11-30-06-11-19.ser for 239 loops ...
cleanup (explicit Full GC): 2,071,333,976 / 2,110,985,168 bytes free.
1 threads and 239 loops per thread, time: 10374.032386 ms
dc_spearfish_2013-11-30-06-11-19.ser         	1	239	43.330	43.785	43.393	0.171	43.241	44.302	23.079	239	10.000


Loading drawing commands from file: /home/marlin/mapbench/bin/../maps/dc_topp:states_2013-11-30-06-11-06.ser
Loaded DrawingCommands: DrawingCommands{width=780, height=330, commands=119}
scaling[6.545454545454546]
translating[-632.727272727273 x 0.0]
drawing[dc_topp:states_2013-11-30-06-11-06.ser][width = 3840, height = 2160] ...
cleanup (explicit Full GC): 2,068,544,456 / 2,111,294,552 bytes free.
Initial test: 84.703639 ms.

Warming up with 2 threads and 37 loops on /home/marlin/mapbench/bin/../maps/dc_topp:states_2013-11-30-06-11-06.ser
cleanup (explicit Full GC): 2,071,645,728 / 2,110,976,776 bytes free.
Warm up took 6256.403654 ms
dc_topp:states_2013-11-30-06-11-06.ser       	2	74	84.382	85.246	84.473	0.296	84.222	85.802	11.851	74	1.000
cleanup (explicit Full GC): 2,038,150,328 / 2,110,975,528 bytes free.
Initial test: 84.342646 ms.
Testing file /home/marlin/mapbench/bin/../maps/dc_topp:states_2013-11-30-06-11-06.ser for 124 loops ...
cleanup (explicit Full GC): 2,071,326,696 / 2,110,976,784 bytes free.
1 threads and 124 loops per thread, time: 10458.026989 ms
dc_topp:states_2013-11-30-06-11-06.ser       	1	124	84.238	84.836	84.316	0.226	84.119	85.188	11.871	124	1.000


Loading drawing commands from file: /home/marlin/mapbench/bin/../maps/dc_topp:states_2013-11-30-06-11-07.ser
Loaded DrawingCommands: DrawingCommands{width=780, height=330, commands=144}
scaling[6.545454545454546]
translating[-632.727272727273 x 0.0]
drawing[dc_topp:states_2013-11-30-06-11-07.ser][width = 3840, height = 2160] ...
cleanup (explicit Full GC): 2,071,327,952 / 2,111,310,936 bytes free.
Initial test: 54.243185 ms.

Warming up with 2 threads and 58 loops on /home/marlin/mapbench/bin/../maps/dc_topp:states_2013-11-30-06-11-07.ser
cleanup (explicit Full GC): 2,071,662,112 / 2,110,990,800 bytes free.
Warm up took 6226.966211 ms
dc_topp:states_2013-11-30-06-11-07.ser       	2	116	53.576	54.010	53.633	0.178	53.424	54.356	18.665	116	1.000
cleanup (explicit Full GC): 2,038,164,352 / 2,110,988,872 bytes free.
Initial test: 53.640087 ms.
Testing file /home/marlin/mapbench/bin/../maps/dc_topp:states_2013-11-30-06-11-07.ser for 196 loops ...
cleanup (explicit Full GC): 2,071,340,040 / 2,110,990,800 bytes free.
1 threads and 196 loops per thread, time: 10545.038951 ms
dc_topp:states_2013-11-30-06-11-07.ser       	1	196	53.620	55.117	53.785	0.598	53.228	56.684	18.650	196	1.000


Loading drawing commands from file: /home/marlin/mapbench/bin/../maps/spiralTest-dash-false.ser
Loaded DrawingCommands: DrawingCommands{width=4096, height=4096, commands=1}
scaling[0.9375]
translating[0.0 x -840.0]
drawing[spiralTest-dash-false.ser][width = 3840, height = 2160] ...
cleanup (explicit Full GC): 2,064,653,424 / 2,103,903,872 bytes free.
Initial test: 423.712531 ms.

Warming up with 2 threads and 10 loops on /home/marlin/mapbench/bin/../maps/spiralTest-dash-false.ser
cleanup (explicit Full GC): 2,064,254,968 / 2,103,587,048 bytes free.
Warm up took 8522.886663 ms
spiralTest-dash-false.ser                    	2	20	425.679	426.736	425.877	0.614	425.282	427.884	2.349	20	0.100
cleanup (explicit Full GC): 2,030,760,584 / 2,103,586,656 bytes free.
Initial test: 426.006169 ms.
Testing file /home/marlin/mapbench/bin/../maps/spiralTest-dash-false.ser for 24 loops ...
cleanup (explicit Full GC): 2,063,937,808 / 2,103,587,048 bytes free.
1 threads and 24 loops per thread, time: 10235.754956 ms
spiralTest-dash-false.ser                    	1	24	426.158	426.825	426.373	0.852	425.763	430.144	2.347	24	0.100


Loading drawing commands from file: /home/marlin/mapbench/bin/../maps/spiralTest-fill.ser
Loaded DrawingCommands: DrawingCommands{width=4096, height=4096, commands=1}
scaling[0.9375]
translating[0.0 x -840.0]
drawing[spiralTest-fill.ser][width = 3840, height = 2160] ...
cleanup (explicit Full GC): 2,050,276,928 / 2,096,062,264 bytes free.
Initial test: 388.412403 ms.

Warming up with 2 threads and 10 loops on /home/marlin/mapbench/bin/../maps/spiralTest-fill.ser
cleanup (explicit Full GC): 2,056,413,360 / 2,095,742,784 bytes free.
Warm up took 7897.4075 ms
spiralTest-fill.ser                          	2	20	394.631	396.232	394.598	1.161	392.967	396.282	2.534	20	0.125
cleanup (explicit Full GC): 2,022,916,336 / 2,095,742,040 bytes free.
Initial test: 385.778303 ms.
Testing file /home/marlin/mapbench/bin/../maps/spiralTest-fill.ser for 27 loops ...
cleanup (explicit Full GC): 2,056,093,208 / 2,095,742,432 bytes free.
1 threads and 27 loops per thread, time: 10421.268884 ms
spiralTest-fill.ser                          	1	27	385.707	386.457	385.869	0.385	385.283	386.809	2.593	27	0.125


Loading drawing commands from file: /home/marlin/mapbench/bin/../maps/test_z_625k.ser
Loaded DrawingCommands: DrawingCommands{width=1272, height=1261, commands=23345}
scaling[3.018867924528302]
translating[-2.2737367544323206E-13 x -823.3962264150946]
drawing[test_z_625k.ser][width = 3840, height = 2160] ...
cleanup (explicit Full GC): 2,041,195,928 / 2,104,636,656 bytes free.
Initial test: 169.206134 ms.

Warming up with 2 threads and 18 loops on /home/marlin/mapbench/bin/../maps/test_z_625k.ser
cleanup (explicit Full GC): 2,062,195,888 / 2,104,315,928 bytes free.
Warm up took 6144.318367 ms
test_z_625k.ser                              	2	36	170.420	170.944	170.502	0.328	170.052	171.856	5.868	36	0.667
cleanup (explicit Full GC): 1,986,819,712 / 2,104,315,280 bytes free.
Initial test: 167.910809 ms.
Testing file /home/marlin/mapbench/bin/../maps/test_z_625k.ser for 62 loops ...
cleanup (explicit Full GC): 2,061,874,584 / 2,104,315,928 bytes free.
1 threads and 62 loops per thread, time: 10430.484193 ms
test_z_625k.ser                              	1	62	168.045	168.980	168.172	0.419	167.711	169.097	5.951	62	0.667


WARMUP results:
Test                                         	Threads	Ops	Med	Pct95	Avg	StdDev	Min	Max	FPS(med)	TotalOps	Scale	[ms/op]
<<< Calib 1
[calibration]                                	1	3000	0.490	0.510	0.495	0.021	0.488	0.825	2041.841	3000	1.000
>>> Calib 1
<<< Warmup 1
CircleTests.ser                              	1	80	109.523	113.445	113.258	26.339	109.329	343.867	9.130	80	2.000
>>> Warmup 1
<<< Warmup 2
CircleTests.ser                              	1	160	109.303	109.925	109.380	0.213	109.145	110.530	9.149	160	2.000
>>> Warmup 2
CircleTests.ser                              	2	56	109.370	110.013	109.463	0.249	109.224	110.477	9.143	56	2.000
EllipseTests-fill-false.ser                  	2	20	430.758	431.478	430.884	0.331	430.409	431.688	2.321	20	0.500
EllipseTests-fill-true.ser                   	2	20	732.146	734.316	733.065	3.551	731.373	748.391	1.366	20	0.286
dc_boulder_2013-13-30-06-13-17.ser           	2	20	142.107	143.802	142.286	0.648	141.471	144.152	7.037	20	1.000
dc_boulder_2013-13-30-06-13-20.ser           	2	62	100.107	100.527	100.052	0.385	99.205	101.201	9.989	62	2.000
dc_shp_alllayers_2013-00-30-07-00-43.ser     	2	74	80.169	80.835	80.272	0.337	79.699	81.292	12.474	74	2.000
dc_shp_alllayers_2013-00-30-07-00-47.ser     	2	20	740.731	741.452	740.745	0.504	739.799	741.605	1.350	20	0.125
dc_spearfish_2013-11-30-06-11-15.ser         	2	110	54.739	55.594	54.893	0.406	54.507	57.140	18.269	110	10.000
dc_spearfish_2013-11-30-06-11-19.ser         	2	142	43.366	44.166	43.611	1.276	43.176	56.504	23.060	142	10.000
dc_topp:states_2013-11-30-06-11-06.ser       	2	74	84.382	85.246	84.473	0.296	84.222	85.802	11.851	74	1.000
dc_topp:states_2013-11-30-06-11-07.ser       	2	116	53.576	54.010	53.633	0.178	53.424	54.356	18.665	116	1.000
spiralTest-dash-false.ser                    	2	20	425.679	426.736	425.877	0.614	425.282	427.884	2.349	20	0.100
spiralTest-fill.ser                          	2	20	394.631	396.232	394.598	1.161	392.967	396.282	2.534	20	0.125
test_z_625k.ser                              	2	36	170.420	170.944	170.502	0.328	170.052	171.856	5.868	36	0.667

TEST results:
Test                                         	Threads	Ops	Med	Pct95	Avg	StdDev	Min	Max	FPS(med)	TotalOps	Scale	[ms/op]
CircleTests.ser                              	1	96	109.366	109.931	109.454	0.282	109.237	111.334	9.144	96	2.000
EllipseTests-fill-false.ser                  	1	24	430.510	431.351	430.631	0.567	429.880	432.843	2.323	24	0.500
EllipseTests-fill-true.ser                   	1	14	731.212	732.334	731.387	0.588	730.658	732.544	1.368	14	0.286
dc_boulder_2013-13-30-06-13-17.ser           	1	74	141.799	142.594	141.890	0.341	141.449	142.778	7.052	74	1.000
dc_boulder_2013-13-30-06-13-20.ser           	1	104	99.898	100.436	99.867	0.328	99.095	100.528	10.010	104	2.000
dc_shp_alllayers_2013-00-30-07-00-43.ser     	1	130	79.944	80.731	80.058	0.350	79.591	81.976	12.509	130	2.000
dc_shp_alllayers_2013-00-30-07-00-47.ser     	1	14	741.814	742.200	741.740	0.381	741.235	742.205	1.348	14	0.125
dc_spearfish_2013-11-30-06-11-15.ser         	1	190	54.662	55.342	54.764	0.262	54.496	55.660	18.294	190	10.000
dc_spearfish_2013-11-30-06-11-19.ser         	1	239	43.330	43.785	43.393	0.171	43.241	44.302	23.079	239	10.000
dc_topp:states_2013-11-30-06-11-06.ser       	1	124	84.238	84.836	84.316	0.226	84.119	85.188	11.871	124	1.000
dc_topp:states_2013-11-30-06-11-07.ser       	1	196	53.620	55.117	53.785	0.598	53.228	56.684	18.650	196	1.000
spiralTest-dash-false.ser                    	1	24	426.158	426.825	426.373	0.852	425.763	430.144	2.347	24	0.100
spiralTest-fill.ser                          	1	27	385.707	386.457	385.869	0.385	385.283	386.809	2.593	27	0.125
test_z_625k.ser                              	1	62	168.045	168.980	168.172	0.419	167.711	169.097	5.951	62	0.667

Scores:
Tests	14	14	
Threads	1	1	
Med	182.696	182.696	
Pct95	184.096	184.096	
FPS	9.038	9.038	
