
date:
jeudi 8 février 2018, 22:18:59 (UTC+0100)
JAVA_HOME: /home/bourgesl/apps/jdk-9/
CLASSPATH:   ../lib/mapbench-0.4.0.jar
Boot CP:     
Java opts:   --patch-module java.desktop=../lib/marlin-0.9.1-Unsafe-OpenJDK9.jar -Dsun.java2d.renderer.clip=true -Dsun.java2d.renderer.log=true -Dsun.java2d.renderer.logCreateContext=false -Dsun.java2d.renderer.logUnsafeMalloc=false -Dsun.java2d.renderer.clip.curves= -Dsun.java2d.renderer.subPixel_log2_X=8 -Dsun.java2d.renderer.subPixel_log2_Y=3 -Dsun.java2d.renderer.useThreadLocal=true -Dsun.java2d.renderer.useSimplifier=false -Dsun.java2d.renderer.useRef=soft -Dsun.java2d.renderer.pixelWidth=4096 -Dsun.java2d.renderer.pixelHeight=2176 -Dsun.java2d.renderer.tileSize_log2=6 -Dsun.java2d.renderer.tileWidth_log2=7 -Dsun.java2d.renderer= -Dsun.java2d.renderer.usePathSimplifier=false -Dsun.java2d.renderer.pathSimplifier.pixTol=0.125 -Dsun.java2d.renderer.clip.subdivider=true -Dsun.java2d.renderer.clip.subdivider.minLength=100.0 -Dsun.java2d.renderer.cubic_dec_d2=2.5 -Dsun.java2d.renderer.cubic_inc_d1=0.5 -Dsun.java2d.renderer.quad_dec_d2=1.0 -DMapBench.skipDraw=false -DMapBench.skipFill=false -DMapBench.clip.small=true -DMapBench.qualityMode=true -DMapBench.premultiplied=true -DMapBench.acceleration=false -DMapBench.volatile=false -server
Java tuning:  -Xms2g  -Xmx2g -XX:+UseConcMarkSweepGC
JVM path
/home/bourgesl/apps/jdk-9//bin//java
Java version
java version "9.0.4"
Java(TM) SE Runtime Environment (build 9.0.4+11)
Java HotSpot(TM) 64-Bit Server VM (build 9.0.4+11, mixed mode)
Java HotSpot(TM) 64-Bit Server VM warning: Option UseConcMarkSweepGC was deprecated in version 9.0 and will likely be removed in a future release.
##############################################################
# Java: 9.0.4+11
#   VM: Java HotSpot(TM) 64-Bit Server VM 9.0.4+11 (mixed mode)
#   OS: Linux 4.10.0-42-generic (amd64)
# CPUs: 4 (virtual)
##############################################################
INFO: ===============================================================================
INFO: Marlin software rasterizer           = ENABLED
INFO: Version                              = [marlin-0.9.1-Unsafe-OpenJDK]
INFO: sun.java2d.renderer                  = sun.java2d.marlin.DMarlinRenderingEngine
INFO: sun.java2d.renderer.useThreadLocal   = true
INFO: sun.java2d.renderer.useRef           = soft
INFO: sun.java2d.renderer.edges            = 4096
INFO: sun.java2d.renderer.pixelWidth       = 4096
INFO: sun.java2d.renderer.pixelHeight      = 2176
INFO: sun.java2d.renderer.subPixel_log2_X  = 8
INFO: sun.java2d.renderer.subPixel_log2_Y  = 3
INFO: sun.java2d.renderer.tileSize_log2    = 6
INFO: sun.java2d.renderer.tileWidth_log2   = 7
INFO: sun.java2d.renderer.blockSize_log2   = 5
INFO: sun.java2d.renderer.forceRLE         = false
INFO: sun.java2d.renderer.forceNoRLE       = false
INFO: sun.java2d.renderer.useTileFlags     = true
INFO: sun.java2d.renderer.useTileFlags.useHeuristics = true
INFO: sun.java2d.renderer.rleMinWidth      = 64
INFO: sun.java2d.renderer.useSimplifier    = false
INFO: sun.java2d.renderer.usePathSimplifier= false
INFO: sun.java2d.renderer.pathSimplifier.pixTol = 0.125
INFO: sun.java2d.renderer.clip             = true
INFO: sun.java2d.renderer.clip.runtime.enable = false
INFO: sun.java2d.renderer.clip.subdivider  = true
INFO: sun.java2d.renderer.clip.subdivider.minLength = 100.0
INFO: sun.java2d.renderer.doStats          = false
INFO: sun.java2d.renderer.doMonitors       = false
INFO: sun.java2d.renderer.doChecks         = false
INFO: sun.java2d.renderer.useLogger        = false
INFO: sun.java2d.renderer.logCreateContext = false
INFO: sun.java2d.renderer.logUnsafeMalloc  = false
INFO: sun.java2d.renderer.curve_len_err    = 0.01
INFO: sun.java2d.renderer.cubic_dec_d2     = 2.5
INFO: sun.java2d.renderer.cubic_inc_d1     = 0.5
INFO: sun.java2d.renderer.quad_dec_d2      = 1.0
INFO: Renderer settings:
INFO: CUB_DEC_BND  = 640.0
INFO: CUB_INC_BND  = 128.0
INFO: QUAD_DEC_BND = 256.0
INFO: INITIAL_EDGES_CAPACITY               = 98304
INFO: INITIAL_CROSSING_COUNT               = 1024
INFO: ===============================================================================
# Renderer: DMarlinRenderingEngine 
# Quality mode: QUALITY...
# Filter shape on size: DISABLED...
# skipDraw: false 
# skipFill: false 
# useClipSmall: true 
# Using BufferedImage INT_ARGB_PRE...
##############################################################
profileName: shared_1T
Loading profile file: /home/marlin/mapbench/bin/../profiles/shared_1T.properties
Loading scale file: /home/marlin/mapbench/bin/../profiles/mapbench-scales.properties
Profile properties (merged with defaults):
  dashLength=3.0
  doClip=false
  doCreateStrokedShape=false
  doRotate=false
  doScale=false
  doShear=false
  doTranslate=false
  doUseDashedStroke=false
  doUseGradient=false
  doUseTexture=false
  doUseWingRuleEvenOdd=false
  doUseWingRuleNonZero=false
  imageX=NaN
  imageY=NaN
  iteration=1
  maxThreads=1
  minDuration=10000.0
  minLoops=10
  pass=1
  rotateAngle=17.333
  scaleX=0.1
  scaleY=0.1
  shearX=2.0
  shearY=2.0
  translateX=0.0
  translateY=0.0
  useSharedImage=true
  warmupLoopsMin=80
### Test Scales:
  dc_shp_alllayers_2013-00-30-07-00-47.ser=800
  dc_spearfish_2013-11-30-06-11-19.ser=10
  dc_boulder_2013-13-30-06-13-17.ser=100
  dc_boulder_2013-13-30-06-13-20.ser=50
  test_z_300k.ser=150
  dc_topp=states_2013-11-30-06-11-07.ser=10
  EllipseTests-fill-false.ser=200
  test_z_1.25M.ser=150
  test_z_150k.ser=150
  dc_spearfish_2013-11-30-06-11-15.ser=10
  spiralTest-fill.ser=800
  spiralTest-dash-false.ser=1000
  CircleTests.ser=50
  dc_shp_alllayers_2013-00-30-07-00-43.ser=50
  EllipseTests-fill-true.ser=350
  test_z_625k.ser=150
  test_z_5M.ser=50
##############################################################
# Min duration per test = 10000.0 ms.
##############################################################
Loading maps from = /home/marlin/mapbench/bin/../maps
Results format: 
Test                                         	Threads	Ops	Med	Pct95	Avg	StdDev	Min	Max	FPS(med)	TotalOps	Scale	[ms/op]

Calibrating up with 1 threads and 3000 loops
cleanup (explicit Full GC): 2,095,867,280 / 2,105,457,744 bytes free.
Calibration up took 985.855943 ms
[calibration]                                	1	3000	0.290	0.309	0.294	0.032	0.284	1.540	3445.603	3000	1.000
Loading drawing commands from file: /home/marlin/mapbench/bin/../maps/CircleTests.ser
Loaded DrawingCommands: DrawingCommands{width=2048, height=2048, commands=2001}
drawing[CircleTests.ser][width = 2048, height = 2048] ...

Warming up with 1 threads and 80 loops on /home/marlin/mapbench/bin/../maps/CircleTests.ser
cleanup (explicit Full GC): 2,091,475,944 / 2,101,642,896 bytes free.
Warm up took 985.554786 ms
CircleTests.ser                              	1	80	6.994	29.938	12.271	14.018	6.967	118.676	142.981	80	2.000

Warming up with 1 threads and 160 loops on /home/marlin/mapbench/bin/../maps/CircleTests.ser
cleanup (explicit Full GC): 2,070,906,352 / 2,109,724,936 bytes free.
Warm up took 1117.778831 ms
CircleTests.ser                              	1	160	6.967	7.001	6.975	0.027	6.952	7.218	143.528	160	2.000
cleanup (explicit Full GC): 2,076,196,528 / 2,109,723,896 bytes free.
Initial test: 7.097379 ms.

Warming up with 2 threads and 444 loops on /home/marlin/mapbench/bin/../maps/CircleTests.ser
cleanup (explicit Full GC): 2,084,571,080 / 2,109,726,280 bytes free.
Warm up took 6238.131007 ms
CircleTests.ser                              	2	888	7.012	7.055	7.021	0.075	6.989	9.066	142.622	888	2.000
cleanup (explicit Full GC): 2,006,375,248 / 2,109,712,016 bytes free.
Initial test: 7.085482 ms.
Testing file /home/marlin/mapbench/bin/../maps/CircleTests.ser for 1485 loops ...
cleanup (explicit Full GC): 2,084,559,200 / 2,109,725,920 bytes free.
1 threads and 1485 loops per thread, time: 10423.246152 ms
CircleTests.ser                              	1	1485	7.016	7.039	7.018	0.018	6.992	7.226	142.533	1485	2.000


Loading drawing commands from file: /home/marlin/mapbench/bin/../maps/EllipseTests-fill-false.ser
Loaded DrawingCommands: DrawingCommands{width=2000, height=2000, commands=198}
drawing[EllipseTests-fill-false.ser][width = 2000, height = 2000] ...
cleanup (explicit Full GC): 1,989,649,728 / 2,104,871,280 bytes free.
Initial test: 56.529639 ms.

Warming up with 2 threads and 55 loops on /home/marlin/mapbench/bin/../maps/EllipseTests-fill-false.ser
cleanup (explicit Full GC): 2,080,495,680 / 2,110,140,120 bytes free.
Warm up took 1814.794965 ms
EllipseTests-fill-false.ser                  	2	110	15.722	16.839	16.475	4.163	15.610	55.965	63.606	110	0.500
cleanup (explicit Full GC): 2,069,764,504 / 2,110,138,312 bytes free.
Initial test: 15.9071 ms.
Testing file /home/marlin/mapbench/bin/../maps/EllipseTests-fill-false.ser for 661 loops ...
cleanup (explicit Full GC): 2,085,762,712 / 2,110,140,120 bytes free.
1 threads and 661 loops per thread, time: 10389.091795 ms
EllipseTests-fill-false.ser                  	1	661	15.611	16.320	15.715	0.261	15.567	17.915	64.056	661	0.500


Loading drawing commands from file: /home/marlin/mapbench/bin/../maps/EllipseTests-fill-true.ser
Loaded DrawingCommands: DrawingCommands{width=2000, height=2000, commands=198}
drawing[EllipseTests-fill-true.ser][width = 2000, height = 2000] ...
cleanup (explicit Full GC): 2,077,388,968 / 2,104,884,392 bytes free.
Initial test: 74.60189 ms.

Warming up with 2 threads and 42 loops on /home/marlin/mapbench/bin/../maps/EllipseTests-fill-true.ser
cleanup (explicit Full GC): 2,080,508,792 / 2,094,138,264 bytes free.
Warm up took 5377.582075 ms
EllipseTests-fill-true.ser                   	2	84	63.998	64.806	63.989	0.401	63.509	65.778	15.625	84	0.286
cleanup (explicit Full GC): 2,053,762,648 / 2,110,138,616 bytes free.
Initial test: 64.254892 ms.
Testing file /home/marlin/mapbench/bin/../maps/EllipseTests-fill-true.ser for 163 loops ...
cleanup (explicit Full GC): 2,085,763,016 / 2,110,140,104 bytes free.
1 threads and 163 loops per thread, time: 10432.52596 ms
EllipseTests-fill-true.ser                   	1	163	64.012	64.479	63.994	0.930	63.460	74.630	15.622	163	0.286


Loading drawing commands from file: /home/marlin/mapbench/bin/../maps/dc_boulder_2013-13-30-06-13-17.ser
Loaded DrawingCommands: DrawingCommands{width=1400, height=800, commands=4398}
drawing[dc_boulder_2013-13-30-06-13-17.ser][width = 1400, height = 800] ...
cleanup (explicit Full GC): 2,085,764,504 / 2,103,234,984 bytes free.
Initial test: 57.098968 ms.

Warming up with 2 threads and 55 loops on /home/marlin/mapbench/bin/../maps/dc_boulder_2013-13-30-06-13-17.ser
cleanup (explicit Full GC): 2,089,275,712 / 2,108,317,752 bytes free.
Warm up took 2264.708403 ms
dc_boulder_2013-13-30-06-13-17.ser           	2	110	17.986	43.019	20.571	8.126	17.925	57.972	55.598	110	1.000
cleanup (explicit Full GC): 2,081,502,832 / 2,108,315,864 bytes free.
Initial test: 18.046834 ms.
Testing file /home/marlin/mapbench/bin/../maps/dc_boulder_2013-13-30-06-13-17.ser for 583 loops ...
cleanup (explicit Full GC): 2,099,940,280 / 2,108,317,672 bytes free.
1 threads and 583 loops per thread, time: 10528.094469 ms
dc_boulder_2013-13-30-06-13-17.ser           	1	583	17.958	18.656	18.056	0.216	17.922	19.048	55.686	583	1.000


Loading drawing commands from file: /home/marlin/mapbench/bin/../maps/dc_boulder_2013-13-30-06-13-20.ser
Loaded DrawingCommands: DrawingCommands{width=1400, height=800, commands=2425}
drawing[dc_boulder_2013-13-30-06-13-20.ser][width = 1400, height = 800] ...
cleanup (explicit Full GC): 2,013,394,368 / 2,104,037,656 bytes free.
Initial test: 16.947831 ms.

Warming up with 2 threads and 186 loops on /home/marlin/mapbench/bin/../maps/dc_boulder_2013-13-30-06-13-20.ser
cleanup (explicit Full GC): 2,095,662,072 / 2,109,265,928 bytes free.
Warm up took 3180.345701 ms
dc_boulder_2013-13-30-06-13-20.ser           	2	372	8.179	8.891	8.545	1.677	8.154	18.212	122.257	372	2.000
cleanup (explicit Full GC): 2,068,491,688 / 2,109,259,928 bytes free.
Initial test: 8.234497 ms.
Testing file /home/marlin/mapbench/bin/../maps/dc_boulder_2013-13-30-06-13-20.ser for 1278 loops ...
cleanup (explicit Full GC): 2,100,884,344 / 2,109,265,928 bytes free.
1 threads and 1278 loops per thread, time: 10511.301987 ms
dc_boulder_2013-13-30-06-13-20.ser           	1	1278	8.182	8.581	8.224	0.133	8.163	9.039	122.215	1278	2.000


Loading drawing commands from file: /home/marlin/mapbench/bin/../maps/dc_shp_alllayers_2013-00-30-07-00-43.ser
Loaded DrawingCommands: DrawingCommands{width=1400, height=800, commands=568}
drawing[dc_shp_alllayers_2013-00-30-07-00-43.ser][width = 1400, height = 800] ...
cleanup (explicit Full GC): 2,003,175,104 / 2,104,532,792 bytes free.
Initial test: 4.808799 ms.

Warming up with 2 threads and 656 loops on /home/marlin/mapbench/bin/../maps/dc_shp_alllayers_2013-00-30-07-00-43.ser
cleanup (explicit Full GC): 2,096,157,208 / 2,109,792,424 bytes free.
Warm up took 6017.59546 ms
dc_shp_alllayers_2013-00-30-07-00-43.ser     	2	1312	4.563	4.744	4.585	0.095	4.548	6.113	219.137	1312	2.000
cleanup (explicit Full GC): 2,074,601,912 / 2,109,771,384 bytes free.
Initial test: 4.604962 ms.
Testing file /home/marlin/mapbench/bin/../maps/dc_shp_alllayers_2013-00-30-07-00-43.ser for 2285 loops ...
cleanup (explicit Full GC): 2,101,395,800 / 2,109,792,424 bytes free.
1 threads and 2285 loops per thread, time: 10529.421745 ms
dc_shp_alllayers_2013-00-30-07-00-43.ser     	1	2285	4.578	4.825	4.607	0.118	4.564	5.330	218.458	2285	2.000


Loading drawing commands from file: /home/marlin/mapbench/bin/../maps/dc_shp_alllayers_2013-00-30-07-00-47.ser
Loaded DrawingCommands: DrawingCommands{width=1400, height=800, commands=135213}
drawing[dc_shp_alllayers_2013-00-30-07-00-47.ser][width = 1400, height = 800] ...
cleanup (explicit Full GC): 1,923,996,456 / 2,065,211,608 bytes free.
Initial test: 170.193388 ms.

Warming up with 2 threads and 18 loops on /home/marlin/mapbench/bin/../maps/dc_shp_alllayers_2013-00-30-07-00-47.ser
cleanup (explicit Full GC): 2,040,798,304 / 2,066,528,160 bytes free.
Warm up took 6144.12046 ms
dc_shp_alllayers_2013-00-30-07-00-47.ser     	2	36	170.419	170.810	170.387	0.350	169.941	171.400	5.868	36	0.125
cleanup (explicit Full GC): 1,900,833,528 / 2,066,527,536 bytes free.
Initial test: 170.482859 ms.
Testing file /home/marlin/mapbench/bin/../maps/dc_shp_alllayers_2013-00-30-07-00-47.ser for 61 loops ...
cleanup (explicit Full GC): 2,042,898,416 / 2,066,528,160 bytes free.
1 threads and 61 loops per thread, time: 10392.614768 ms
dc_shp_alllayers_2013-00-30-07-00-47.ser     	1	61	170.273	171.095	170.279	0.736	169.197	173.855	5.873	61	0.125


Loading drawing commands from file: /home/marlin/mapbench/bin/../maps/dc_spearfish_2013-11-30-06-11-15.ser
Loaded DrawingCommands: DrawingCommands{width=512, height=359, commands=1232}
drawing[dc_spearfish_2013-11-30-06-11-15.ser][width = 512, height = 359] ...
cleanup (explicit Full GC): 1,791,992,216 / 2,104,493,160 bytes free.
Initial test: 11.475732 ms.

Warming up with 2 threads and 275 loops on /home/marlin/mapbench/bin/../maps/dc_spearfish_2013-11-30-06-11-15.ser
cleanup (explicit Full GC): 2,099,577,352 / 2,108,961,520 bytes free.
Warm up took 4980.551563 ms
dc_spearfish_2013-11-30-06-11-15.ser         	2	550	9.053	9.150	9.054	0.174	8.960	12.251	110.458	550	10.000
cleanup (explicit Full GC): 2,084,502,664 / 2,109,689,192 bytes free.
Initial test: 9.065705 ms.
Testing file /home/marlin/mapbench/bin/../maps/dc_spearfish_2013-11-30-06-11-15.ser for 1161 loops ...
cleanup (explicit Full GC): 2,104,773,384 / 2,109,698,136 bytes free.
1 threads and 1161 loops per thread, time: 10440.382897 ms
dc_spearfish_2013-11-30-06-11-15.ser         	1	1161	8.934	9.462	8.992	0.172	8.914	10.128	111.929	1161	10.000


Loading drawing commands from file: /home/marlin/mapbench/bin/../maps/dc_spearfish_2013-11-30-06-11-19.ser
Loaded DrawingCommands: DrawingCommands{width=512, height=359, commands=349}
drawing[dc_spearfish_2013-11-30-06-11-19.ser][width = 512, height = 359] ...
cleanup (explicit Full GC): 2,060,112,504 / 2,104,766,512 bytes free.
Initial test: 6.214045 ms.

Warming up with 2 threads and 508 loops on /home/marlin/mapbench/bin/../maps/dc_spearfish_2013-11-30-06-11-19.ser
cleanup (explicit Full GC): 2,099,850,704 / 2,110,021,184 bytes free.
Warm up took 5263.937125 ms
dc_spearfish_2013-11-30-06-11-19.ser         	2	1016	5.138	5.478	5.180	0.138	5.125	6.094	194.634	1016	10.000
cleanup (explicit Full GC): 2,093,937,920 / 2,110,004,880 bytes free.
Initial test: 5.147953 ms.
Testing file /home/marlin/mapbench/bin/../maps/dc_spearfish_2013-11-30-06-11-19.ser for 2044 loops ...
cleanup (explicit Full GC): 2,105,089,072 / 2,110,021,184 bytes free.
1 threads and 2044 loops per thread, time: 10584.228436 ms
dc_spearfish_2013-11-30-06-11-19.ser         	1	2044	5.145	5.440	5.178	0.123	5.132	5.965	194.360	2044	10.000


Loading drawing commands from file: /home/marlin/mapbench/bin/../maps/dc_topp:states_2013-11-30-06-11-06.ser
Loaded DrawingCommands: DrawingCommands{width=780, height=330, commands=119}
drawing[dc_topp:states_2013-11-30-06-11-06.ser][width = 780, height = 330] ...
cleanup (explicit Full GC): 2,082,770,464 / 2,099,123,168 bytes free.
Initial test: 7.927126 ms.

Warming up with 2 threads and 398 loops on /home/marlin/mapbench/bin/../maps/dc_topp:states_2013-11-30-06-11-06.ser
cleanup (explicit Full GC): 2,094,207,360 / 2,108,949,608 bytes free.
Warm up took 5316.236557 ms
dc_topp:states_2013-11-30-06-11-06.ser       	2	796	6.601	7.143	6.678	0.470	6.581	18.103	151.500	796	1.000
cleanup (explicit Full GC): 2,101,241,936 / 2,109,968,168 bytes free.
Initial test: 6.611903 ms.
Testing file /home/marlin/mapbench/bin/../maps/dc_topp:states_2013-11-30-06-11-06.ser for 1592 loops ...
cleanup (explicit Full GC): 2,105,052,360 / 2,109,981,048 bytes free.
1 threads and 1592 loops per thread, time: 10569.581443 ms
dc_topp:states_2013-11-30-06-11-06.ser       	1	1592	6.604	6.902	6.639	0.122	6.587	7.443	151.420	1592	1.000


Loading drawing commands from file: /home/marlin/mapbench/bin/../maps/dc_topp:states_2013-11-30-06-11-07.ser
Loaded DrawingCommands: DrawingCommands{width=780, height=330, commands=144}
drawing[dc_topp:states_2013-11-30-06-11-07.ser][width = 780, height = 330] ...
cleanup (explicit Full GC): 2,099,481,512 / 2,104,734,824 bytes free.
Initial test: 5.917981 ms.

Warming up with 2 threads and 533 loops on /home/marlin/mapbench/bin/../maps/dc_topp:states_2013-11-30-06-11-07.ser
cleanup (explicit Full GC): 2,099,819,016 / 2,110,001,200 bytes free.
Warm up took 6096.512086 ms
dc_topp:states_2013-11-30-06-11-07.ser       	2	1066	5.683	5.820	5.718	0.064	5.663	6.648	175.949	1066	1.000
cleanup (explicit Full GC): 2,102,293,528 / 2,109,984,096 bytes free.
Initial test: 5.751975 ms.
Testing file /home/marlin/mapbench/bin/../maps/dc_topp:states_2013-11-30-06-11-07.ser for 1830 loops ...
cleanup (explicit Full GC): 2,105,068,288 / 2,110,001,200 bytes free.
1 threads and 1830 loops per thread, time: 10445.999425 ms
dc_topp:states_2013-11-30-06-11-07.ser       	1	1830	5.674	5.765	5.708	0.061	5.653	6.641	176.231	1830	1.000


Loading drawing commands from file: /home/marlin/mapbench/bin/../maps/spiralTest-dash-false.ser
Loaded DrawingCommands: DrawingCommands{width=4096, height=4096, commands=1}
drawing[spiralTest-dash-false.ser][width = 4096, height = 4096] ...
cleanup (explicit Full GC): 2,022,257,304 / 2,102,077,328 bytes free.
Initial test: 71.12834 ms.

Warming up with 2 threads and 44 loops on /home/marlin/mapbench/bin/../maps/spiralTest-dash-false.ser
cleanup (explicit Full GC): 1,986,012,400 / 2,101,766,280 bytes free.
Warm up took 5424.352262 ms
spiralTest-dash-false.ser                    	2	88	60.366	64.432	61.545	1.656	60.172	69.057	16.566	88	0.100
cleanup (explicit Full GC): 1,913,008,784 / 2,101,764,848 bytes free.
Initial test: 60.912202 ms.
Testing file /home/marlin/mapbench/bin/../maps/spiralTest-dash-false.ser for 172 loops ...
cleanup (explicit Full GC): 1,981,957,760 / 2,101,766,136 bytes free.
1 threads and 172 loops per thread, time: 10393.810697 ms
spiralTest-dash-false.ser                    	1	172	60.242	61.291	60.405	0.576	60.113	64.666	16.600	172	0.100


Loading drawing commands from file: /home/marlin/mapbench/bin/../maps/spiralTest-fill.ser
Loaded DrawingCommands: DrawingCommands{width=4096, height=4096, commands=1}
drawing[spiralTest-fill.ser][width = 4096, height = 4096] ...
cleanup (explicit Full GC): 1,834,265,392 / 2,093,479,072 bytes free.
Initial test: 77.918147 ms.

Warming up with 2 threads and 40 loops on /home/marlin/mapbench/bin/../maps/spiralTest-fill.ser
cleanup (explicit Full GC): 2,020,188,360 / 2,093,141,736 bytes free.
Warm up took 6223.860051 ms
spiralTest-fill.ser                          	2	80	77.619	79.839	77.696	0.969	76.835	81.664	12.883	80	0.125
cleanup (explicit Full GC): 1,949,950,288 / 2,091,325,344 bytes free.
Initial test: 77.346366 ms.
Testing file /home/marlin/mapbench/bin/../maps/spiralTest-fill.ser for 136 loops ...
cleanup (explicit Full GC): 2,018,785,216 / 2,093,141,304 bytes free.
1 threads and 136 loops per thread, time: 10530.088779 ms
spiralTest-fill.ser                          	1	136	77.507	77.952	77.395	0.662	76.714	82.290	12.902	136	0.125


Loading drawing commands from file: /home/marlin/mapbench/bin/../maps/test_z_625k.ser
Loaded DrawingCommands: DrawingCommands{width=1272, height=1261, commands=23345}
drawing[test_z_625k.ser][width = 1272, height = 1261] ...
cleanup (explicit Full GC): 1,999,703,856 / 2,098,000,264 bytes free.
Initial test: 31.117042 ms.

Warming up with 2 threads and 101 loops on /home/marlin/mapbench/bin/../maps/test_z_625k.ser
cleanup (explicit Full GC): 2,081,965,248 / 2,102,439,464 bytes free.
Warm up took 5070.442986 ms
test_z_625k.ser                              	2	202	24.993	25.480	25.092	0.207	24.915	26.059	40.011	202	0.667
cleanup (explicit Full GC): 1,932,019,672 / 2,102,436,184 bytes free.
Initial test: 25.141365 ms.
Testing file /home/marlin/mapbench/bin/../maps/test_z_625k.ser for 418 loops ...
cleanup (explicit Full GC): 2,089,384,888 / 2,102,439,464 bytes free.
1 threads and 418 loops per thread, time: 10500.981608 ms
test_z_625k.ser                              	1	418	24.933	25.663	25.118	0.708	24.865	38.351	40.108	418	0.667


WARMUP results:
Test                                         	Threads	Ops	Med	Pct95	Avg	StdDev	Min	Max	FPS(med)	TotalOps	Scale	[ms/op]
<<< Calib 1
[calibration]                                	1	3000	0.290	0.309	0.294	0.032	0.284	1.540	3445.603	3000	1.000
>>> Calib 1
<<< Warmup 1
CircleTests.ser                              	1	80	6.994	29.938	12.271	14.018	6.967	118.676	142.981	80	2.000
>>> Warmup 1
<<< Warmup 2
CircleTests.ser                              	1	160	6.967	7.001	6.975	0.027	6.952	7.218	143.528	160	2.000
>>> Warmup 2
CircleTests.ser                              	2	888	7.012	7.055	7.021	0.075	6.989	9.066	142.622	888	2.000
EllipseTests-fill-false.ser                  	2	110	15.722	16.839	16.475	4.163	15.610	55.965	63.606	110	0.500
EllipseTests-fill-true.ser                   	2	84	63.998	64.806	63.989	0.401	63.509	65.778	15.625	84	0.286
dc_boulder_2013-13-30-06-13-17.ser           	2	110	17.986	43.019	20.571	8.126	17.925	57.972	55.598	110	1.000
dc_boulder_2013-13-30-06-13-20.ser           	2	372	8.179	8.891	8.545	1.677	8.154	18.212	122.257	372	2.000
dc_shp_alllayers_2013-00-30-07-00-43.ser     	2	1312	4.563	4.744	4.585	0.095	4.548	6.113	219.137	1312	2.000
dc_shp_alllayers_2013-00-30-07-00-47.ser     	2	36	170.419	170.810	170.387	0.350	169.941	171.400	5.868	36	0.125
dc_spearfish_2013-11-30-06-11-15.ser         	2	550	9.053	9.150	9.054	0.174	8.960	12.251	110.458	550	10.000
dc_spearfish_2013-11-30-06-11-19.ser         	2	1016	5.138	5.478	5.180	0.138	5.125	6.094	194.634	1016	10.000
dc_topp:states_2013-11-30-06-11-06.ser       	2	796	6.601	7.143	6.678	0.470	6.581	18.103	151.500	796	1.000
dc_topp:states_2013-11-30-06-11-07.ser       	2	1066	5.683	5.820	5.718	0.064	5.663	6.648	175.949	1066	1.000
spiralTest-dash-false.ser                    	2	88	60.366	64.432	61.545	1.656	60.172	69.057	16.566	88	0.100
spiralTest-fill.ser                          	2	80	77.619	79.839	77.696	0.969	76.835	81.664	12.883	80	0.125
test_z_625k.ser                              	2	202	24.993	25.480	25.092	0.207	24.915	26.059	40.011	202	0.667

TEST results:
Test                                         	Threads	Ops	Med	Pct95	Avg	StdDev	Min	Max	FPS(med)	TotalOps	Scale	[ms/op]
CircleTests.ser                              	1	1485	7.016	7.039	7.018	0.018	6.992	7.226	142.533	1485	2.000
EllipseTests-fill-false.ser                  	1	661	15.611	16.320	15.715	0.261	15.567	17.915	64.056	661	0.500
EllipseTests-fill-true.ser                   	1	163	64.012	64.479	63.994	0.930	63.460	74.630	15.622	163	0.286
dc_boulder_2013-13-30-06-13-17.ser           	1	583	17.958	18.656	18.056	0.216	17.922	19.048	55.686	583	1.000
dc_boulder_2013-13-30-06-13-20.ser           	1	1278	8.182	8.581	8.224	0.133	8.163	9.039	122.215	1278	2.000
dc_shp_alllayers_2013-00-30-07-00-43.ser     	1	2285	4.578	4.825	4.607	0.118	4.564	5.330	218.458	2285	2.000
dc_shp_alllayers_2013-00-30-07-00-47.ser     	1	61	170.273	171.095	170.279	0.736	169.197	173.855	5.873	61	0.125
dc_spearfish_2013-11-30-06-11-15.ser         	1	1161	8.934	9.462	8.992	0.172	8.914	10.128	111.929	1161	10.000
dc_spearfish_2013-11-30-06-11-19.ser         	1	2044	5.145	5.440	5.178	0.123	5.132	5.965	194.360	2044	10.000
dc_topp:states_2013-11-30-06-11-06.ser       	1	1592	6.604	6.902	6.639	0.122	6.587	7.443	151.420	1592	1.000
dc_topp:states_2013-11-30-06-11-07.ser       	1	1830	5.674	5.765	5.708	0.061	5.653	6.641	176.231	1830	1.000
spiralTest-dash-false.ser                    	1	172	60.242	61.291	60.405	0.576	60.113	64.666	16.600	172	0.100
spiralTest-fill.ser                          	1	136	77.507	77.952	77.395	0.662	76.714	82.290	12.902	136	0.125
test_z_625k.ser                              	1	418	24.933	25.663	25.118	0.708	24.865	38.351	40.108	418	0.667

Scores:
Tests	14	14	
Threads	1	1	
Med	20.735	20.735	
Pct95	21.585	21.585	
FPS	94.857	94.857	

