
date:
lundi 12 février 2018, 14:42:33 (UTC+0100)
CLASSPATH:   ../lib/mapbench-0.4.0.jar
Boot CP:     
Java opts:   -Dsun.java2d.renderer.cubic_dec_d2=2.5 -Dsun.java2d.renderer.cubic_inc_d1=1.0 -Dsun.java2d.renderer.quad_dec_d2=1.0 -Dsun.java2d.renderer=sun.dc.DuctusRenderingEngine -DMapBench.skipDraw=false -DMapBench.skipFill=false -DMapBench.clip.small=false -DMapBench.qualityMode=true -DMapBench.premultiplied=true -DMapBench.acceleration=false -DMapBench.volatile=false -server
Java tuning:  -Xms2g  -Xmx2g -XX:+UseConcMarkSweepGC
JVM path
/home/bourgesl/libs/marlin/jetbrains/jdk8u/build/linux-x86_64-normal-server-release/images/j2sdk-image//bin//java
Java version
openjdk version "1.8.0-internal"
OpenJDK Runtime Environment (build 1.8.0-internal-bourgesl_2018_02_12_12_12-b00)
OpenJDK 64-Bit Server VM (build 25.71-b00, mixed mode)
##############################################################
# Java: 1.8.0-internal-bourgesl_2018_02_12_12_12-b00
#   VM: OpenJDK 64-Bit Server VM 25.71-b00 (mixed mode)
#   OS: Linux 4.10.0-42-generic (amd64)
# CPUs: 4 (virtual)
##############################################################
# Renderer: DMarlinRenderingEngine 
# Quality mode: QUALITY...
# Filter shape on size: DISABLED...
# skipDraw: false 
# skipFill: false 
# useClipSmall: false 
# Using BufferedImage INT_ARGB_PRE...
##############################################################
profileName: shared_1T_4K_dashed
Loading profile file: /home/marlin/mapbench/bin/../profiles/shared_1T_4K_dashed.properties
Loading scale file: /home/marlin/mapbench/bin/../profiles/mapbench-scales.properties
Profile properties (merged with defaults):
  dashLength=3.0
  doClip=false
  doCreateStrokedShape=false
  doRotate=false
  doScale=false
  doShear=false
  doTranslate=false
  doUseDashedStroke=true
  doUseGradient=false
  doUseTexture=false
  doUseWingRuleEvenOdd=false
  doUseWingRuleNonZero=false
  imageX=3840
  imageY=2160
  iteration=1
  maxThreads=1
  minDuration=10000.0
  minLoops=10
  pass=1
  rotateAngle=17.333
  scaleX=4.0
  scaleY=4.0
  shearX=2.0
  shearY=2.0
  translateX=0.0
  translateY=0.0
  useSharedImage=true
  warmupLoopsMin=80
### Test Scales:
  spiralTest-fill.ser=800
  CircleTests.ser=50
  EllipseTests-fill-false.ser=200
  dc_spearfish_2013-11-30-06-11-15.ser=10
  spiralTest-dash-false.ser=1000
  dc_topp=states_2013-11-30-06-11-07.ser=10
  dc_shp_alllayers_2013-00-30-07-00-43.ser=50
  test_z_150k.ser=150
  test_z_625k.ser=150
  test_z_300k.ser=150
  test_z_5M.ser=50
  EllipseTests-fill-true.ser=350
  dc_boulder_2013-13-30-06-13-20.ser=50
  dc_boulder_2013-13-30-06-13-17.ser=100
  test_z_1.25M.ser=150
  dc_spearfish_2013-11-30-06-11-19.ser=10
  dc_shp_alllayers_2013-00-30-07-00-47.ser=800
##############################################################
# Min duration per test = 10000.0 ms.
##############################################################
Loading maps from = /home/marlin/mapbench/bin/../maps
Results format: 
Test                                         	Threads	Ops	Med	Pct95	Avg	StdDev	Min	Max	FPS(med)	TotalOps	Scale	[ms/op]

Calibrating up with 1 threads and 3000 loops
cleanup (explicit Full GC): 2,101,451,128 / 2,106,142,048 bytes free.
Calibration up took 1529.09611 ms
[calibration]                                	1	3000	0.490	0.506	0.495	0.036	0.488	1.941	2042.822	3000	1.000
Loading drawing commands from file: /home/marlin/mapbench/bin/../maps/CircleTests.ser
Loaded DrawingCommands: DrawingCommands{width=2048, height=2048, commands=2001}
scaling[1.875]
translating[0.0 x -840.0]
drawing[CircleTests.ser][width = 3840, height = 2160] ...

Warming up with 1 threads and 80 loops on /home/marlin/mapbench/bin/../maps/CircleTests.ser
cleanup (explicit Full GC): 2,097,766,464 / 2,108,216,984 bytes free.
Warm up took 7667.406889 ms
CircleTests.ser                              	1	80	92.888	94.975	95.766	22.501	92.046	294.111	10.766	80	2.000

Warming up with 1 threads and 160 loops on /home/marlin/mapbench/bin/../maps/CircleTests.ser
cleanup (explicit Full GC): 2,052,704,536 / 2,110,706,512 bytes free.
Warm up took 14780.213269 ms
CircleTests.ser                              	1	160	92.541	93.060	92.356	0.485	91.418	93.478	10.806	160	2.000
cleanup (explicit Full GC): 2,052,402,184 / 2,110,705,152 bytes free.
Initial test: 92.63253 ms.

Warming up with 2 threads and 34 loops on /home/marlin/mapbench/bin/../maps/CircleTests.ser
cleanup (explicit Full GC): 2,069,151,976 / 2,110,707,608 bytes free.
Warm up took 6274.509484 ms
CircleTests.ser                              	2	68	92.263	92.972	92.188	0.434	91.374	93.330	10.839	68	2.000
cleanup (explicit Full GC): 2,024,809,400 / 2,110,706,304 bytes free.
Initial test: 92.625559 ms.
Testing file /home/marlin/mapbench/bin/../maps/CircleTests.ser for 113 loops ...
cleanup (explicit Full GC): 2,069,153,128 / 2,110,707,272 bytes free.
1 threads and 113 loops per thread, time: 10431.663018 ms
CircleTests.ser                              	1	113	92.437	93.258	92.291	0.521	91.427	93.512	10.818	113	2.000


Loading drawing commands from file: /home/marlin/mapbench/bin/../maps/EllipseTests-fill-false.ser
Loaded DrawingCommands: DrawingCommands{width=2000, height=2000, commands=198}
scaling[1.92]
translating[0.0 x -840.0]
drawing[EllipseTests-fill-false.ser][width = 3840, height = 2160] ...
cleanup (explicit Full GC): 2,057,986,656 / 2,111,456,488 bytes free.
Initial test: 401.181473 ms.

Warming up with 2 threads and 10 loops on /home/marlin/mapbench/bin/../maps/EllipseTests-fill-false.ser
cleanup (explicit Full GC): 2,069,903,232 / 2,111,119,832 bytes free.
Warm up took 8050.372056 ms
EllipseTests-fill-false.ser                  	2	20	402.398	403.228	402.294	0.762	400.415	403.588	2.485	20	0.500
cleanup (explicit Full GC): 2,036,389,040 / 2,111,119,440 bytes free.
Initial test: 401.97265 ms.
Testing file /home/marlin/mapbench/bin/../maps/EllipseTests-fill-false.ser for 26 loops ...
cleanup (explicit Full GC): 2,069,566,264 / 2,111,119,832 bytes free.
1 threads and 26 loops per thread, time: 10440.20481 ms
EllipseTests-fill-false.ser                  	1	26	401.383	402.131	401.453	0.722	400.790	404.354	2.491	26	0.500


Loading drawing commands from file: /home/marlin/mapbench/bin/../maps/EllipseTests-fill-true.ser
Loaded DrawingCommands: DrawingCommands{width=2000, height=2000, commands=198}
scaling[1.92]
translating[0.0 x -840.0]
drawing[EllipseTests-fill-true.ser][width = 3840, height = 2160] ...
cleanup (explicit Full GC): 2,063,982,968 / 2,111,457,784 bytes free.
Initial test: 1014.481815 ms.

Warming up with 2 threads and 10 loops on /home/marlin/mapbench/bin/../maps/EllipseTests-fill-true.ser
cleanup (explicit Full GC): 2,069,904,528 / 2,111,118,680 bytes free.
Warm up took 20429.034526 ms
EllipseTests-fill-true.ser                   	2	20	1020.783	1023.777	1021.230	1.265	1019.696	1023.824	0.980	20	0.286
cleanup (explicit Full GC): 2,030,804,192 / 2,111,118,352 bytes free.
Initial test: 1020.419581 ms.
Testing file /home/marlin/mapbench/bin/../maps/EllipseTests-fill-true.ser for 10 loops ...
cleanup (explicit Full GC): 2,063,981,480 / 2,105,534,736 bytes free.
1 threads and 10 loops per thread, time: 10190.818566 ms
EllipseTests-fill-true.ser                   	1	10	1018.718	1020.195	1018.864	0.798	1017.896	1020.822	0.982	10	0.286


Loading drawing commands from file: /home/marlin/mapbench/bin/../maps/dc_boulder_2013-13-30-06-13-17.ser
Loaded DrawingCommands: DrawingCommands{width=1400, height=800, commands=4398}
scaling[2.742857142857143]
translating[0.0 x -17.14285714285711]
drawing[dc_boulder_2013-13-30-06-13-17.ser][width = 3840, height = 2160] ...
cleanup (explicit Full GC): 2,063,981,552 / 2,109,930,920 bytes free.
Initial test: 289.370394 ms.

Warming up with 2 threads and 10 loops on /home/marlin/mapbench/bin/../maps/dc_boulder_2013-13-30-06-13-17.ser
cleanup (explicit Full GC): 2,063,724,592 / 2,109,592,232 bytes free.
Warm up took 2880.90579 ms
dc_boulder_2013-13-30-06-13-17.ser           	2	20	143.724	144.119	143.774	0.214	143.527	144.361	6.958	20	1.000
cleanup (explicit Full GC): 2,032,069,560 / 2,109,591,848 bytes free.
Initial test: 143.808407 ms.
Testing file /home/marlin/mapbench/bin/../maps/dc_boulder_2013-13-30-06-13-17.ser for 73 loops ...
cleanup (explicit Full GC): 2,068,969,280 / 2,109,592,240 bytes free.
1 threads and 73 loops per thread, time: 10495.862359 ms
dc_boulder_2013-13-30-06-13-17.ser           	1	73	143.719	143.896	143.734	0.120	143.577	144.324	6.958	73	1.000


Loading drawing commands from file: /home/marlin/mapbench/bin/../maps/dc_boulder_2013-13-30-06-13-20.ser
Loaded DrawingCommands: DrawingCommands{width=1400, height=800, commands=2425}
scaling[2.742857142857143]
translating[0.0 x -17.14285714285711]
drawing[dc_boulder_2013-13-30-06-13-20.ser][width = 3840, height = 2160] ...
cleanup (explicit Full GC): 2,052,218,480 / 2,110,667,096 bytes free.
Initial test: 103.454703 ms.

Warming up with 2 threads and 30 loops on /home/marlin/mapbench/bin/../maps/dc_boulder_2013-13-30-06-13-20.ser
cleanup (explicit Full GC): 2,069,113,840 / 2,110,328,568 bytes free.
Warm up took 6175.813659 ms
dc_boulder_2013-13-30-06-13-20.ser           	2	60	102.920	103.667	102.846	0.502	101.816	104.262	9.716	60	2.000
cleanup (explicit Full GC): 2,030,014,048 / 2,110,327,536 bytes free.
Initial test: 102.492407 ms.
Testing file /home/marlin/mapbench/bin/../maps/dc_boulder_2013-13-30-06-13-20.ser for 102 loops ...
cleanup (explicit Full GC): 2,068,774,352 / 2,110,328,568 bytes free.
1 threads and 102 loops per thread, time: 10447.823104 ms
dc_boulder_2013-13-30-06-13-20.ser           	1	102	102.443	103.226	102.401	0.418	101.585	103.381	9.762	102	2.000


Loading drawing commands from file: /home/marlin/mapbench/bin/../maps/dc_shp_alllayers_2013-00-30-07-00-43.ser
Loaded DrawingCommands: DrawingCommands{width=1400, height=800, commands=568}
scaling[2.742857142857143]
translating[0.0 x -17.14285714285711]
drawing[dc_shp_alllayers_2013-00-30-07-00-43.ser][width = 3840, height = 2160] ...
cleanup (explicit Full GC): 2,060,399,800 / 2,111,171,600 bytes free.
Initial test: 145.447238 ms.

Warming up with 2 threads and 21 loops on /home/marlin/mapbench/bin/../maps/dc_shp_alllayers_2013-00-30-07-00-43.ser
cleanup (explicit Full GC): 2,069,618,344 / 2,110,834,408 bytes free.
Warm up took 3484.40281 ms
dc_shp_alllayers_2013-00-30-07-00-43.ser     	2	42	82.743	83.533	82.854	0.290	82.576	83.605	12.086	42	2.000
cleanup (explicit Full GC): 2,036,103,608 / 2,110,833,680 bytes free.
Initial test: 82.753471 ms.
Testing file /home/marlin/mapbench/bin/../maps/dc_shp_alllayers_2013-00-30-07-00-43.ser for 127 loops ...
cleanup (explicit Full GC): 2,069,280,496 / 2,110,834,424 bytes free.
1 threads and 127 loops per thread, time: 10486.597895 ms
dc_shp_alllayers_2013-00-30-07-00-43.ser     	1	127	82.464	83.282	82.552	0.280	82.373	84.392	12.127	127	2.000


Loading drawing commands from file: /home/marlin/mapbench/bin/../maps/dc_shp_alllayers_2013-00-30-07-00-47.ser
Loaded DrawingCommands: DrawingCommands{width=1400, height=800, commands=135213}
scaling[2.742857142857143]
translating[0.0 x -17.14285714285711]
drawing[dc_shp_alllayers_2013-00-30-07-00-47.ser][width = 3840, height = 2160] ...
cleanup (explicit Full GC): 1,976,874,912 / 2,072,115,792 bytes free.
Initial test: 733.108115 ms.

Warming up with 2 threads and 10 loops on /home/marlin/mapbench/bin/../maps/dc_shp_alllayers_2013-00-30-07-00-47.ser
cleanup (explicit Full GC): 2,011,019,504 / 2,071,779,528 bytes free.
Warm up took 14687.181733 ms
dc_shp_alllayers_2013-00-30-07-00-47.ser     	2	20	733.839	734.064	733.663	0.372	733.124	734.073	1.363	20	0.125
cleanup (explicit Full GC): 1,863,039,384 / 2,071,779,256 bytes free.
Initial test: 733.400742 ms.
Testing file /home/marlin/mapbench/bin/../maps/dc_shp_alllayers_2013-00-30-07-00-47.ser for 14 loops ...
cleanup (explicit Full GC): 2,012,604,520 / 2,071,779,528 bytes free.
1 threads and 14 loops per thread, time: 10273.506723 ms
dc_shp_alllayers_2013-00-30-07-00-47.ser     	1	14	733.258	733.489	733.257	0.159	733.021	733.602	1.364	14	0.125


Loading drawing commands from file: /home/marlin/mapbench/bin/../maps/dc_spearfish_2013-11-30-06-11-15.ser
Loaded DrawingCommands: DrawingCommands{width=512, height=359, commands=1232}
scaling[7.5]
translating[0.0 x -266.25]
drawing[dc_spearfish_2013-11-30-06-11-15.ser][width = 3840, height = 2160] ...
cleanup (explicit Full GC): 1,939,274,976 / 2,111,069,584 bytes free.
Initial test: 56.260777 ms.

Warming up with 2 threads and 56 loops on /home/marlin/mapbench/bin/../maps/dc_spearfish_2013-11-30-06-11-15.ser
cleanup (explicit Full GC): 2,071,420,680 / 2,110,729,992 bytes free.
Warm up took 6219.484013 ms
dc_spearfish_2013-11-30-06-11-15.ser         	2	112	55.398	56.231	55.491	0.302	55.214	56.780	18.051	112	10.000
cleanup (explicit Full GC): 2,026,736,136 / 2,110,727,920 bytes free.
Initial test: 55.84262 ms.
Testing file /home/marlin/mapbench/bin/../maps/dc_spearfish_2013-11-30-06-11-15.ser for 188 loops ...
cleanup (explicit Full GC): 2,071,079,096 / 2,110,729,784 bytes free.
1 threads and 188 loops per thread, time: 10447.952501 ms
dc_spearfish_2013-11-30-06-11-15.ser         	1	188	55.543	55.855	55.561	0.524	55.185	62.044	18.004	188	10.000


Loading drawing commands from file: /home/marlin/mapbench/bin/../maps/dc_spearfish_2013-11-30-06-11-19.ser
Loaded DrawingCommands: DrawingCommands{width=512, height=359, commands=349}
scaling[7.5]
translating[0.0 x -266.25]
drawing[dc_spearfish_2013-11-30-06-11-19.ser][width = 3840, height = 2160] ...
cleanup (explicit Full GC): 2,059,913,528 / 2,111,348,272 bytes free.
Initial test: 43.670345 ms.

Warming up with 2 threads and 72 loops on /home/marlin/mapbench/bin/../maps/dc_spearfish_2013-11-30-06-11-19.ser
cleanup (explicit Full GC): 2,071,699,368 / 2,077,833,480 bytes free.
Warm up took 6095.56748 ms
dc_spearfish_2013-11-30-06-11-19.ser         	2	144	42.268	42.527	42.300	0.136	42.153	43.226	23.658	144	10.000
cleanup (explicit Full GC): 2,005,007,040 / 2,111,010,080 bytes free.
Initial test: 42.573952 ms.
Testing file /home/marlin/mapbench/bin/../maps/dc_spearfish_2013-11-30-06-11-19.ser for 247 loops ...
cleanup (explicit Full GC): 2,071,361,256 / 2,111,012,576 bytes free.
1 threads and 247 loops per thread, time: 10458.684602 ms
dc_spearfish_2013-11-30-06-11-19.ser         	1	247	42.313	42.523	42.333	0.099	42.200	43.067	23.634	247	10.000


Loading drawing commands from file: /home/marlin/mapbench/bin/../maps/dc_topp:states_2013-11-30-06-11-06.ser
Loaded DrawingCommands: DrawingCommands{width=780, height=330, commands=119}
scaling[6.545454545454546]
translating[-632.727272727273 x 0.0]
drawing[dc_topp:states_2013-11-30-06-11-06.ser][width = 3840, height = 2160] ...
cleanup (explicit Full GC): 2,062,988,208 / 2,111,340,392 bytes free.
Initial test: 79.751636 ms.

Warming up with 2 threads and 39 loops on /home/marlin/mapbench/bin/../maps/dc_topp:states_2013-11-30-06-11-06.ser
cleanup (explicit Full GC): 2,071,691,568 / 2,111,004,168 bytes free.
Warm up took 6226.592021 ms
dc_topp:states_2013-11-30-06-11-06.ser       	2	78	79.547	80.308	79.768	1.343	79.476	91.427	12.571	78	1.000
cleanup (explicit Full GC): 2,038,177,720 / 2,111,002,856 bytes free.
Initial test: 79.892748 ms.
Testing file /home/marlin/mapbench/bin/../maps/dc_topp:states_2013-11-30-06-11-06.ser for 131 loops ...
cleanup (explicit Full GC): 2,071,354,024 / 2,111,004,176 bytes free.
1 threads and 131 loops per thread, time: 10428.510296 ms
dc_topp:states_2013-11-30-06-11-06.ser       	1	131	79.524	80.122	79.589	0.226	79.428	80.881	12.575	131	1.000


Loading drawing commands from file: /home/marlin/mapbench/bin/../maps/dc_topp:states_2013-11-30-06-11-07.ser
Loaded DrawingCommands: DrawingCommands{width=780, height=330, commands=144}
scaling[6.545454545454546]
translating[-632.727272727273 x 0.0]
drawing[dc_topp:states_2013-11-30-06-11-07.ser][width = 3840, height = 2160] ...
cleanup (explicit Full GC): 2,071,355,344 / 2,111,356,792 bytes free.
Initial test: 51.698628 ms.

Warming up with 2 threads and 61 loops on /home/marlin/mapbench/bin/../maps/dc_topp:states_2013-11-30-06-11-07.ser
cleanup (explicit Full GC): 2,071,707,968 / 2,111,018,192 bytes free.
Warm up took 6295.988332 ms
dc_topp:states_2013-11-30-06-11-07.ser       	2	122	51.554	51.647	51.571	0.085	51.490	52.099	19.397	122	1.000
cleanup (explicit Full GC): 2,038,191,744 / 2,111,016,168 bytes free.
Initial test: 52.110714 ms.
Testing file /home/marlin/mapbench/bin/../maps/dc_topp:states_2013-11-30-06-11-07.ser for 201 loops ...
cleanup (explicit Full GC): 2,071,367,336 / 2,111,018,192 bytes free.
1 threads and 201 loops per thread, time: 10370.401468 ms
dc_topp:states_2013-11-30-06-11-07.ser       	1	201	51.570	51.656	51.582	0.070	51.522	52.156	19.391	201	1.000


Loading drawing commands from file: /home/marlin/mapbench/bin/../maps/spiralTest-dash-false.ser
Loaded DrawingCommands: DrawingCommands{width=4096, height=4096, commands=1}
scaling[0.9375]
translating[0.0 x -840.0]
drawing[spiralTest-dash-false.ser][width = 3840, height = 2160] ...
cleanup (explicit Full GC): 2,064,680,816 / 2,103,949,912 bytes free.
Initial test: 391.146003 ms.

Warming up with 2 threads and 10 loops on /home/marlin/mapbench/bin/../maps/spiralTest-dash-false.ser
cleanup (explicit Full GC): 2,064,301,008 / 2,103,614,440 bytes free.
Warm up took 7805.264798 ms
spiralTest-dash-false.ser                    	2	20	389.893	390.528	390.048	0.521	389.742	392.221	2.565	20	0.100
cleanup (explicit Full GC): 2,030,788,000 / 2,103,614,048 bytes free.
Initial test: 389.749746 ms.
Testing file /home/marlin/mapbench/bin/../maps/spiralTest-dash-false.ser for 27 loops ...
cleanup (explicit Full GC): 2,063,965,224 / 2,103,614,440 bytes free.
1 threads and 27 loops per thread, time: 10526.899039 ms
spiralTest-dash-false.ser                    	1	27	389.594	391.140	389.801	0.504	389.442	391.387	2.567	27	0.100


Loading drawing commands from file: /home/marlin/mapbench/bin/../maps/spiralTest-fill.ser
Loaded DrawingCommands: DrawingCommands{width=4096, height=4096, commands=1}
scaling[0.9375]
translating[0.0 x -840.0]
drawing[spiralTest-fill.ser][width = 3840, height = 2160] ...
cleanup (explicit Full GC): 2,050,304,344 / 2,096,108,184 bytes free.
Initial test: 407.844348 ms.

Warming up with 2 threads and 10 loops on /home/marlin/mapbench/bin/../maps/spiralTest-fill.ser
cleanup (explicit Full GC): 2,056,459,280 / 2,095,770,176 bytes free.
Warm up took 8209.059906 ms
spiralTest-fill.ser                          	2	20	409.588	415.019	410.236	1.932	409.127	416.551	2.441	20	0.125
cleanup (explicit Full GC): 2,022,943,728 / 2,095,769,784 bytes free.
Initial test: 408.925758 ms.
Testing file /home/marlin/mapbench/bin/../maps/spiralTest-fill.ser for 25 loops ...
cleanup (explicit Full GC): 2,056,120,952 / 2,095,770,176 bytes free.
1 threads and 25 loops per thread, time: 10235.987925 ms
spiralTest-fill.ser                          	1	25	408.784	413.255	409.334	1.679	408.454	415.559	2.446	25	0.125


Loading drawing commands from file: /home/marlin/mapbench/bin/../maps/test_z_625k.ser
Loaded DrawingCommands: DrawingCommands{width=1272, height=1261, commands=23345}
scaling[3.018867924528302]
translating[-2.2737367544323206E-13 x -823.3962264150946]
drawing[test_z_625k.ser][width = 3840, height = 2160] ...
cleanup (explicit Full GC): 2,041,223,672 / 2,104,683,000 bytes free.
Initial test: 171.74 ms.

Warming up with 2 threads and 18 loops on /home/marlin/mapbench/bin/../maps/test_z_625k.ser
cleanup (explicit Full GC): 2,062,242,232 / 2,104,343,792 bytes free.
Warm up took 6180.459138 ms
test_z_625k.ser                              	2	36	171.463	172.269	171.538	0.260	171.276	172.304	5.832	36	0.667
cleanup (explicit Full GC): 1,989,639,440 / 2,104,343,024 bytes free.
Initial test: 171.486964 ms.
Testing file /home/marlin/mapbench/bin/../maps/test_z_625k.ser for 61 loops ...
cleanup (explicit Full GC): 2,061,902,328 / 2,104,343,672 bytes free.
1 threads and 61 loops per thread, time: 10469.946732 ms
test_z_625k.ser                              	1	61	171.481	172.286	171.587	0.266	171.353	172.427	5.832	61	0.667


WARMUP results:
Test                                         	Threads	Ops	Med	Pct95	Avg	StdDev	Min	Max	FPS(med)	TotalOps	Scale	[ms/op]
<<< Calib 1
[calibration]                                	1	3000	0.490	0.506	0.495	0.036	0.488	1.941	2042.822	3000	1.000
>>> Calib 1
<<< Warmup 1
CircleTests.ser                              	1	80	92.888	94.975	95.766	22.501	92.046	294.111	10.766	80	2.000
>>> Warmup 1
<<< Warmup 2
CircleTests.ser                              	1	160	92.541	93.060	92.356	0.485	91.418	93.478	10.806	160	2.000
>>> Warmup 2
CircleTests.ser                              	2	68	92.263	92.972	92.188	0.434	91.374	93.330	10.839	68	2.000
EllipseTests-fill-false.ser                  	2	20	402.398	403.228	402.294	0.762	400.415	403.588	2.485	20	0.500
EllipseTests-fill-true.ser                   	2	20	1020.783	1023.777	1021.230	1.265	1019.696	1023.824	0.980	20	0.286
dc_boulder_2013-13-30-06-13-17.ser           	2	20	143.724	144.119	143.774	0.214	143.527	144.361	6.958	20	1.000
dc_boulder_2013-13-30-06-13-20.ser           	2	60	102.920	103.667	102.846	0.502	101.816	104.262	9.716	60	2.000
dc_shp_alllayers_2013-00-30-07-00-43.ser     	2	42	82.743	83.533	82.854	0.290	82.576	83.605	12.086	42	2.000
dc_shp_alllayers_2013-00-30-07-00-47.ser     	2	20	733.839	734.064	733.663	0.372	733.124	734.073	1.363	20	0.125
dc_spearfish_2013-11-30-06-11-15.ser         	2	112	55.398	56.231	55.491	0.302	55.214	56.780	18.051	112	10.000
dc_spearfish_2013-11-30-06-11-19.ser         	2	144	42.268	42.527	42.300	0.136	42.153	43.226	23.658	144	10.000
dc_topp:states_2013-11-30-06-11-06.ser       	2	78	79.547	80.308	79.768	1.343	79.476	91.427	12.571	78	1.000
dc_topp:states_2013-11-30-06-11-07.ser       	2	122	51.554	51.647	51.571	0.085	51.490	52.099	19.397	122	1.000
spiralTest-dash-false.ser                    	2	20	389.893	390.528	390.048	0.521	389.742	392.221	2.565	20	0.100
spiralTest-fill.ser                          	2	20	409.588	415.019	410.236	1.932	409.127	416.551	2.441	20	0.125
test_z_625k.ser                              	2	36	171.463	172.269	171.538	0.260	171.276	172.304	5.832	36	0.667

TEST results:
Test                                         	Threads	Ops	Med	Pct95	Avg	StdDev	Min	Max	FPS(med)	TotalOps	Scale	[ms/op]
CircleTests.ser                              	1	113	92.437	93.258	92.291	0.521	91.427	93.512	10.818	113	2.000
EllipseTests-fill-false.ser                  	1	26	401.383	402.131	401.453	0.722	400.790	404.354	2.491	26	0.500
EllipseTests-fill-true.ser                   	1	10	1018.718	1020.195	1018.864	0.798	1017.896	1020.822	0.982	10	0.286
dc_boulder_2013-13-30-06-13-17.ser           	1	73	143.719	143.896	143.734	0.120	143.577	144.324	6.958	73	1.000
dc_boulder_2013-13-30-06-13-20.ser           	1	102	102.443	103.226	102.401	0.418	101.585	103.381	9.762	102	2.000
dc_shp_alllayers_2013-00-30-07-00-43.ser     	1	127	82.464	83.282	82.552	0.280	82.373	84.392	12.127	127	2.000
dc_shp_alllayers_2013-00-30-07-00-47.ser     	1	14	733.258	733.489	733.257	0.159	733.021	733.602	1.364	14	0.125
dc_spearfish_2013-11-30-06-11-15.ser         	1	188	55.543	55.855	55.561	0.524	55.185	62.044	18.004	188	10.000
dc_spearfish_2013-11-30-06-11-19.ser         	1	247	42.313	42.523	42.333	0.099	42.200	43.067	23.634	247	10.000
dc_topp:states_2013-11-30-06-11-06.ser       	1	131	79.524	80.122	79.589	0.226	79.428	80.881	12.575	131	1.000
dc_topp:states_2013-11-30-06-11-07.ser       	1	201	51.570	51.656	51.582	0.070	51.522	52.156	19.391	201	1.000
spiralTest-dash-false.ser                    	1	27	389.594	391.140	389.801	0.504	389.442	391.387	2.567	27	0.100
spiralTest-fill.ser                          	1	25	408.784	413.255	409.334	1.679	408.454	415.559	2.446	25	0.125
test_z_625k.ser                              	1	61	171.481	172.286	171.587	0.266	171.353	172.427	5.832	61	0.667

Scores:
Tests	14	14	
Threads	1	1	
Med	185.418	185.418	
Pct95	186.346	186.346	
FPS	9.211	9.211	


