
date:
lundi 29 janvier 2018, 11:59:31 (UTC+0100)
CLASSPATH:   ../lib/mapbench-0.4.0.jar
Boot CP:     -Xbootclasspath/p:../lib/marlin-0.9.1-Unsafe-sun-java2d.jar -Xbootclasspath/a:../lib/marlin-0.9.1-Unsafe.jar
Java opts:   -Dsun.java2d.renderer.doStats=false -Dsun.java2d.renderer.enableRLE=true -Dsun.java2d.renderer.forceRLE=false -Dsun.java2d.renderer.forceNoRLE=false -Dsun.java2d.renderer.useTileFlags=true -Dsun.java2d.renderer.useTileFlags.useHeuristics=true -Dsun.java2d.renderer.blockSize_log2=5 -Dsun.java2d.renderer.rleMinWidth=64 -Dsun.java2d.renderer.clip=true -Dsun.java2d.renderer.log=true -Dsun.java2d.renderer.logCreateContext=false -Dsun.java2d.renderer.logUnsafeMalloc=false -Dsun.java2d.renderer.clip.curves= -Dsun.java2d.renderer.subPixel_log2_X=8 -Dsun.java2d.renderer.subPixel_log2_Y=3 -Dsun.java2d.renderer.useThreadLocal=true -Dsun.java2d.renderer.useSimplifier=false -Dsun.java2d.renderer.useRef=soft -Dsun.java2d.renderer.pixelWidth=4096 -Dsun.java2d.renderer.pixelHeight=2176 -Dsun.java2d.renderer.tileSize_log2=6 -Dsun.java2d.renderer.tileWidth_log2=7 -Dsun.java2d.renderer=org.marlin.pisces.DMarlinRenderingEngine -Dsun.java2d.renderer.usePathSimplifier=false -Dsun.java2d.renderer.pathSimplifier.pixTol=0.125 -Dsun.java2d.renderer.clip.subdivider=true -Dsun.java2d.renderer.clip.subdivider.minLength=100.0 -Dsun.java2d.renderer.cubic_dec_d2=2.5 -Dsun.java2d.renderer.cubic_inc_d1=0.5 -Dsun.java2d.renderer.quad_dec_d2=1.0 -DMapBench.skipDraw=false -DMapBench.skipFill=false -DMapBench.clip.small=false -DMapBench.qualityMode=true -DMapBench.premultiplied=true -DMapBench.acceleration=false -DMapBench.volatile=false -server
Java tuning:  -Xms2g  -Xmx2g -XX:+UseConcMarkSweepGC
JVM path
/home/bourgesl/apps/jdk1.8.0//bin//java
Java version
java version "1.8.0_152"
Java(TM) SE Runtime Environment (build 1.8.0_152-b16)
Java HotSpot(TM) 64-Bit Server VM (build 25.152-b16, mixed mode)
##############################################################
# Java: 1.8.0_152-b16
#   VM: Java HotSpot(TM) 64-Bit Server VM 25.152-b16 (mixed mode)
#   OS: Linux 4.10.0-42-generic (amd64)
# CPUs: 4 (virtual)
##############################################################
INFO: ===============================================================================
INFO: Marlin software rasterizer           = ENABLED
INFO: Version                              = [marlin-0.9.1-Unsafe]
INFO: sun.java2d.renderer                  = org.marlin.pisces.MarlinRenderingEngine
INFO: sun.java2d.renderer.useThreadLocal   = true
INFO: sun.java2d.renderer.useRef           = soft
INFO: sun.java2d.renderer.edges            = 4096
INFO: sun.java2d.renderer.pixelWidth       = 4096
INFO: sun.java2d.renderer.pixelHeight      = 2176
INFO: sun.java2d.renderer.subPixel_log2_X  = 8
INFO: sun.java2d.renderer.subPixel_log2_Y  = 3
INFO: sun.java2d.renderer.tileSize_log2    = 6
INFO: sun.java2d.renderer.tileWidth_log2   = 7
INFO: sun.java2d.renderer.blockSize_log2   = 5
INFO: sun.java2d.renderer.forceRLE         = false
INFO: sun.java2d.renderer.forceNoRLE       = false
INFO: sun.java2d.renderer.useTileFlags     = true
INFO: sun.java2d.renderer.useTileFlags.useHeuristics = true
INFO: sun.java2d.renderer.rleMinWidth      = 64
INFO: sun.java2d.renderer.useSimplifier    = false
INFO: sun.java2d.renderer.usePathSimplifier= false
INFO: sun.java2d.renderer.pathSimplifier.pixTol = 0.125
INFO: sun.java2d.renderer.clip             = true
INFO: sun.java2d.renderer.clip.runtime.enable = false
INFO: sun.java2d.renderer.doStats          = false
INFO: sun.java2d.renderer.doMonitors       = false
INFO: sun.java2d.renderer.doChecks         = false
INFO: sun.java2d.renderer.useLogger        = false
INFO: sun.java2d.renderer.logCreateContext = false
INFO: sun.java2d.renderer.logUnsafeMalloc  = false
INFO: sun.java2d.renderer.cubic_dec_d2     = 2.5
INFO: sun.java2d.renderer.cubic_inc_d1     = 0.5
INFO: sun.java2d.renderer.quad_dec_d2      = 1.0
INFO: Renderer settings:
INFO: CUB_DEC_BND  = 640.0
INFO: CUB_INC_BND  = 128.0
INFO: QUAD_DEC_BND = 256.0
INFO: INITIAL_EDGES_CAPACITY               = 98304
INFO: INITIAL_CROSSING_COUNT               = 1024
INFO: ===============================================================================
INFO: ===============================================================================
INFO: Marlin software rasterizer           = ENABLED
INFO: Version                              = [marlin-0.9.1-Unsafe]
INFO: sun.java2d.renderer                  = org.marlin.pisces.DMarlinRenderingEngine
INFO: sun.java2d.renderer.useThreadLocal   = true
INFO: sun.java2d.renderer.useRef           = soft
INFO: sun.java2d.renderer.edges            = 4096
INFO: sun.java2d.renderer.pixelWidth       = 4096
INFO: sun.java2d.renderer.pixelHeight      = 2176
INFO: sun.java2d.renderer.subPixel_log2_X  = 8
INFO: sun.java2d.renderer.subPixel_log2_Y  = 3
INFO: sun.java2d.renderer.tileSize_log2    = 6
INFO: sun.java2d.renderer.tileWidth_log2   = 7
INFO: sun.java2d.renderer.blockSize_log2   = 5
INFO: sun.java2d.renderer.forceRLE         = false
INFO: sun.java2d.renderer.forceNoRLE       = false
INFO: sun.java2d.renderer.useTileFlags     = true
INFO: sun.java2d.renderer.useTileFlags.useHeuristics = true
INFO: sun.java2d.renderer.rleMinWidth      = 64
INFO: sun.java2d.renderer.useSimplifier    = false
INFO: sun.java2d.renderer.usePathSimplifier= false
INFO: sun.java2d.renderer.pathSimplifier.pixTol = 0.125
INFO: sun.java2d.renderer.clip             = true
INFO: sun.java2d.renderer.clip.runtime.enable = false
INFO: sun.java2d.renderer.clip.subdivider  = true
INFO: sun.java2d.renderer.clip.subdivider.minLength = 100.0
INFO: sun.java2d.renderer.doStats          = false
INFO: sun.java2d.renderer.doMonitors       = false
INFO: sun.java2d.renderer.doChecks         = false
INFO: sun.java2d.renderer.useLogger        = false
INFO: sun.java2d.renderer.logCreateContext = false
INFO: sun.java2d.renderer.logUnsafeMalloc  = false
INFO: sun.java2d.renderer.cubic_dec_d2     = 2.5
INFO: sun.java2d.renderer.cubic_inc_d1     = 0.5
INFO: sun.java2d.renderer.quad_dec_d2      = 1.0
INFO: Renderer settings:
QUAD_DEC_BND: 256.0
CUB_DEC_BND: 640.0
CUB_INC_BND: 128.0
INFO: CUB_DEC_BND  = 640.0
INFO: CUB_INC_BND  = 128.0
INFO: QUAD_DEC_BND = 256.0
INFO: INITIAL_EDGES_CAPACITY               = 98304
INFO: INITIAL_CROSSING_COUNT               = 1024
INFO: ===============================================================================
# Renderer: DMarlinRenderingEngine 
# Quality mode: QUALITY...
# Filter shape on size: DISABLED...
# skipDraw: false 
# skipFill: false 
# useClipSmall: false 
# Using BufferedImage INT_ARGB_PRE...
##############################################################
profileName: shared_1T_4K_dashed
Loading profile file: /home/marlin/mapbench/bin/../profiles/shared_1T_4K_dashed.properties
Loading scale file: /home/marlin/mapbench/bin/../profiles/mapbench-scales.properties
Profile properties (merged with defaults):
  dashLength=3.0
  doClip=false
  doCreateStrokedShape=false
  doRotate=false
  doScale=false
  doShear=false
  doTranslate=false
  doUseDashedStroke=true
  doUseGradient=false
  doUseTexture=false
  doUseWingRuleEvenOdd=false
  doUseWingRuleNonZero=false
  imageX=3840
  imageY=2160
  iteration=1
  maxThreads=1
  minDuration=10000.0
  minLoops=10
  pass=1
  rotateAngle=17.333
  scaleX=4.0
  scaleY=4.0
  shearX=2.0
  shearY=2.0
  translateX=0.0
  translateY=0.0
  useSharedImage=true
  warmupLoopsMin=80
### Test Scales:
  spiralTest-fill.ser=800
  CircleTests.ser=50
  EllipseTests-fill-false.ser=200
  dc_spearfish_2013-11-30-06-11-15.ser=10
  spiralTest-dash-false.ser=1000
  dc_topp=states_2013-11-30-06-11-07.ser=10
  dc_shp_alllayers_2013-00-30-07-00-43.ser=50
  test_z_150k.ser=150
  test_z_625k.ser=150
  test_z_300k.ser=150
  test_z_5M.ser=50
  EllipseTests-fill-true.ser=350
  dc_boulder_2013-13-30-06-13-20.ser=50
  dc_boulder_2013-13-30-06-13-17.ser=100
  test_z_1.25M.ser=150
  dc_spearfish_2013-11-30-06-11-19.ser=10
  dc_shp_alllayers_2013-00-30-07-00-47.ser=800
##############################################################
# Min duration per test = 10000.0 ms.
##############################################################
Loading maps from = /home/marlin/mapbench/bin/../maps
Results format: 
Test                                         	Threads	Ops	Med	Pct95	Avg	StdDev	Min	Max	FPS(med)	TotalOps	Scale	[ms/op]

Calibrating up with 1 threads and 3000 loops
cleanup (explicit Full GC): 2,101,451,128 / 2,106,070,376 bytes free.
Calibration up took 1520.922187 ms
[calibration]                                	1	3000	0.489	0.497	0.492	0.066	0.488	4.100	2042.997	3000	1.000
Loading drawing commands from file: /home/marlin/mapbench/bin/../maps/CircleTests.ser
Loaded DrawingCommands: DrawingCommands{width=2048, height=2048, commands=2001}
scaling[1.875]
translating[0.0 x -840.0]
drawing[CircleTests.ser][width = 3840, height = 2160] ...

Warming up with 1 threads and 80 loops on /home/marlin/mapbench/bin/../maps/CircleTests.ser
cleanup (explicit Full GC): 2,097,694,824 / 2,108,153,904 bytes free.
INFO: AAShapePipe: overriding JDK implementation: marlin-renderer TILE patch enabled.
Warm up took 8690.535191 ms
CircleTests.ser                              	1	80	103.691	105.407	108.550	31.438	103.523	365.333	9.644	80	2.000

Warming up with 1 threads and 160 loops on /home/marlin/mapbench/bin/../maps/CircleTests.ser
cleanup (explicit Full GC): 2,052,641,456 / 2,110,196,872 bytes free.
Warm up took 16610.480784 ms
CircleTests.ser                              	1	160	103.680	104.391	103.792	0.278	103.469	104.594	9.645	160	2.000
cleanup (explicit Full GC): 2,051,892,544 / 2,110,195,504 bytes free.
Initial test: 104.268465 ms.

Warming up with 2 threads and 30 loops on /home/marlin/mapbench/bin/../maps/CircleTests.ser
cleanup (explicit Full GC): 2,068,642,328 / 2,110,197,840 bytes free.
Warm up took 6275.742891 ms
CircleTests.ser                              	2	60	104.407	105.151	104.477	0.348	103.980	105.330	9.578	60	2.000
cleanup (explicit Full GC): 2,024,299,632 / 2,110,196,784 bytes free.
Initial test: 104.331799 ms.
Testing file /home/marlin/mapbench/bin/../maps/CircleTests.ser for 100 loops ...
cleanup (explicit Full GC): 2,068,643,608 / 2,110,197,624 bytes free.
1 threads and 100 loops per thread, time: 10417.172638 ms
CircleTests.ser                              	1	100	104.071	104.592	104.139	0.216	103.977	105.488	9.609	100	2.000


Loading drawing commands from file: /home/marlin/mapbench/bin/../maps/EllipseTests-fill-false.ser
Loaded DrawingCommands: DrawingCommands{width=2000, height=2000, commands=198}
scaling[1.92]
translating[0.0 x -840.0]
drawing[EllipseTests-fill-false.ser][width = 3840, height = 2160] ...
cleanup (explicit Full GC): 2,057,477,008 / 2,110,947,040 bytes free.
Initial test: 385.128384 ms.

Warming up with 2 threads and 10 loops on /home/marlin/mapbench/bin/../maps/EllipseTests-fill-false.ser
cleanup (explicit Full GC): 2,069,393,784 / 2,110,610,184 bytes free.
Warm up took 7713.581362 ms
EllipseTests-fill-false.ser                  	2	20	385.371	385.731	385.402	0.148	385.215	385.818	2.595	20	0.500
cleanup (explicit Full GC): 2,035,879,392 / 2,110,609,800 bytes free.
Initial test: 385.906401 ms.
Testing file /home/marlin/mapbench/bin/../maps/EllipseTests-fill-false.ser for 27 loops ...
cleanup (explicit Full GC): 2,069,056,624 / 2,110,610,192 bytes free.
1 threads and 27 loops per thread, time: 10411.137551 ms
EllipseTests-fill-false.ser                  	1	27	385.431	385.790	385.491	0.140	385.298	385.874	2.594	27	0.500


Loading drawing commands from file: /home/marlin/mapbench/bin/../maps/EllipseTests-fill-true.ser
Loaded DrawingCommands: DrawingCommands{width=2000, height=2000, commands=198}
scaling[1.92]
translating[0.0 x -840.0]
drawing[EllipseTests-fill-true.ser][width = 3840, height = 2160] ...
cleanup (explicit Full GC): 2,063,473,328 / 2,110,947,472 bytes free.
Initial test: 729.784622 ms.

Warming up with 2 threads and 10 loops on /home/marlin/mapbench/bin/../maps/EllipseTests-fill-true.ser
cleanup (explicit Full GC): 2,069,394,216 / 2,110,608,392 bytes free.
Warm up took 14519.649972 ms
EllipseTests-fill-true.ser                   	2	20	725.669	726.531	725.704	0.491	724.989	726.732	1.378	20	0.286
cleanup (explicit Full GC): 2,030,293,904 / 2,110,607,832 bytes free.
Initial test: 723.984112 ms.
Testing file /home/marlin/mapbench/bin/../maps/EllipseTests-fill-true.ser for 14 loops ...
cleanup (explicit Full GC): 2,069,054,648 / 2,110,608,224 bytes free.
1 threads and 14 loops per thread, time: 10138.355788 ms
EllipseTests-fill-true.ser                   	1	14	723.989	724.236	723.970	0.224	723.314	724.279	1.381	14	0.286


Loading drawing commands from file: /home/marlin/mapbench/bin/../maps/dc_boulder_2013-13-30-06-13-17.ser
Loaded DrawingCommands: DrawingCommands{width=1400, height=800, commands=4398}
scaling[2.742857142857143]
translating[0.0 x -17.14285714285711]
drawing[dc_boulder_2013-13-30-06-13-17.ser][width = 3840, height = 2160] ...
cleanup (explicit Full GC): 2,069,055,040 / 2,109,420,728 bytes free.
Initial test: 278.891297 ms.

Warming up with 2 threads and 11 loops on /home/marlin/mapbench/bin/../maps/dc_boulder_2013-13-30-06-13-17.ser
cleanup (explicit Full GC): 2,062,283,784 / 2,109,082,208 bytes free.
Warm up took 3337.830599 ms
dc_boulder_2013-13-30-06-13-17.ser           	2	22	147.512	147.908	151.414	17.678	147.322	232.423	6.779	22	1.000
cleanup (explicit Full GC): 2,031,559,544 / 2,109,081,784 bytes free.
Initial test: 149.236919 ms.
Testing file /home/marlin/mapbench/bin/../maps/dc_boulder_2013-13-30-06-13-17.ser for 70 loops ...
cleanup (explicit Full GC): 2,067,528,600 / 2,109,082,208 bytes free.
1 threads and 70 loops per thread, time: 10426.824564 ms
dc_boulder_2013-13-30-06-13-17.ser           	1	70	148.850	149.242	148.901	0.148	148.738	149.410	6.718	70	1.000


Loading drawing commands from file: /home/marlin/mapbench/bin/../maps/dc_boulder_2013-13-30-06-13-20.ser
Loaded DrawingCommands: DrawingCommands{width=1400, height=800, commands=2425}
scaling[2.742857142857143]
translating[0.0 x -17.14285714285711]
drawing[dc_boulder_2013-13-30-06-13-20.ser][width = 3840, height = 2160] ...
cleanup (explicit Full GC): 2,053,569,728 / 2,110,157,112 bytes free.
Initial test: 102.286216 ms.

Warming up with 2 threads and 30 loops on /home/marlin/mapbench/bin/../maps/dc_boulder_2013-13-30-06-13-20.ser
cleanup (explicit Full GC): 2,068,603,856 / 2,109,818,536 bytes free.
Warm up took 6141.250334 ms
dc_boulder_2013-13-30-06-13-20.ser           	2	60	102.220	102.549	102.255	0.116	102.096	102.594	9.783	60	2.000
cleanup (explicit Full GC): 2,029,504,016 / 2,109,817,504 bytes free.
Initial test: 102.193689 ms.
Testing file /home/marlin/mapbench/bin/../maps/dc_boulder_2013-13-30-06-13-20.ser for 103 loops ...
cleanup (explicit Full GC): 2,068,264,320 / 2,109,818,536 bytes free.
1 threads and 103 loops per thread, time: 10522.284446 ms
dc_boulder_2013-13-30-06-13-20.ser           	1	103	102.095	102.469	102.125	0.120	102.001	102.737	9.795	103	2.000


Loading drawing commands from file: /home/marlin/mapbench/bin/../maps/dc_shp_alllayers_2013-00-30-07-00-43.ser
Loaded DrawingCommands: DrawingCommands{width=1400, height=800, commands=568}
scaling[2.742857142857143]
translating[0.0 x -17.14285714285711]
drawing[dc_shp_alllayers_2013-00-30-07-00-43.ser][width = 3840, height = 2160] ...
cleanup (explicit Full GC): 2,059,889,768 / 2,110,661,144 bytes free.
Initial test: 175.359164 ms.

Warming up with 2 threads and 18 loops on /home/marlin/mapbench/bin/../maps/dc_shp_alllayers_2013-00-30-07-00-43.ser
cleanup (explicit Full GC): 2,069,107,888 / 2,110,324,376 bytes free.
Warm up took 2978.821853 ms
dc_shp_alllayers_2013-00-30-07-00-43.ser     	2	36	82.464	84.762	82.590	1.086	81.469	86.902	12.127	36	2.000
cleanup (explicit Full GC): 2,035,593,576 / 2,077,145,208 bytes free.
Initial test: 82.762208 ms.
Testing file /home/marlin/mapbench/bin/../maps/dc_shp_alllayers_2013-00-30-07-00-43.ser for 127 loops ...
cleanup (explicit Full GC): 2,035,592,024 / 2,110,324,184 bytes free.
1 threads and 127 loops per thread, time: 10372.120901 ms
dc_shp_alllayers_2013-00-30-07-00-43.ser     	1	127	81.610	81.921	81.647	0.166	81.483	82.599	12.253	127	2.000


Loading drawing commands from file: /home/marlin/mapbench/bin/../maps/dc_shp_alllayers_2013-00-30-07-00-47.ser
Loaded DrawingCommands: DrawingCommands{width=1400, height=800, commands=135213}
scaling[2.742857142857143]
translating[0.0 x -17.14285714285711]
drawing[dc_shp_alllayers_2013-00-30-07-00-47.ser][width = 3840, height = 2160] ...
cleanup (explicit Full GC): 1,976,364,696 / 2,071,606,944 bytes free.
Initial test: 742.768299 ms.

Warming up with 2 threads and 10 loops on /home/marlin/mapbench/bin/../maps/dc_shp_alllayers_2013-00-30-07-00-47.ser
cleanup (explicit Full GC): 2,010,510,656 / 2,071,269,288 bytes free.
Warm up took 14832.847736 ms
dc_shp_alllayers_2013-00-30-07-00-47.ser     	2	20	740.320	743.552	740.885	1.487	739.233	744.344	1.351	20	0.125
cleanup (explicit Full GC): 1,862,529,144 / 2,071,268,896 bytes free.
Initial test: 740.282105 ms.
Testing file /home/marlin/mapbench/bin/../maps/dc_shp_alllayers_2013-00-30-07-00-47.ser for 14 loops ...
cleanup (explicit Full GC): 2,012,094,160 / 2,071,269,288 bytes free.
1 threads and 14 loops per thread, time: 10365.266661 ms
dc_shp_alllayers_2013-00-30-07-00-47.ser     	1	14	739.563	741.635	739.825	0.821	738.945	741.727	1.352	14	0.125


Loading drawing commands from file: /home/marlin/mapbench/bin/../maps/dc_spearfish_2013-11-30-06-11-15.ser
Loaded DrawingCommands: DrawingCommands{width=512, height=359, commands=1232}
scaling[7.5]
translating[0.0 x -266.25]
drawing[dc_spearfish_2013-11-30-06-11-15.ser][width = 3840, height = 2160] ...
cleanup (explicit Full GC): 1,938,764,736 / 2,110,558,184 bytes free.
Initial test: 57.184285 ms.

Warming up with 2 threads and 55 loops on /home/marlin/mapbench/bin/../maps/dc_spearfish_2013-11-30-06-11-15.ser
cleanup (explicit Full GC): 2,070,909,280 / 2,110,219,872 bytes free.
Warm up took 6101.299057 ms
dc_spearfish_2013-11-30-06-11-15.ser         	2	110	55.318	56.063	55.414	0.372	55.109	57.560	18.077	110	10.000
cleanup (explicit Full GC): 2,026,226,016 / 2,110,218,072 bytes free.
Initial test: 55.465914 ms.
Testing file /home/marlin/mapbench/bin/../maps/dc_spearfish_2013-11-30-06-11-15.ser for 189 loops ...
cleanup (explicit Full GC): 2,070,569,248 / 2,110,219,664 bytes free.
1 threads and 189 loops per thread, time: 10455.6149 ms
dc_spearfish_2013-11-30-06-11-15.ser         	1	189	55.248	55.682	55.304	0.210	55.061	56.656	18.100	189	10.000


Loading drawing commands from file: /home/marlin/mapbench/bin/../maps/dc_spearfish_2013-11-30-06-11-19.ser
Loaded DrawingCommands: DrawingCommands{width=512, height=359, commands=349}
scaling[7.5]
translating[0.0 x -266.25]
drawing[dc_spearfish_2013-11-30-06-11-19.ser][width = 3840, height = 2160] ...
cleanup (explicit Full GC): 2,059,403,408 / 2,110,838,128 bytes free.
Initial test: 44.253286 ms.

Warming up with 2 threads and 71 loops on /home/marlin/mapbench/bin/../maps/dc_spearfish_2013-11-30-06-11-19.ser
cleanup (explicit Full GC): 2,071,189,224 / 2,110,502,688 bytes free.
Warm up took 6230.318985 ms
dc_spearfish_2013-11-30-06-11-19.ser         	2	142	43.713	44.851	43.836	0.403	43.570	46.275	22.876	142	10.000
cleanup (explicit Full GC): 2,037,676,248 / 2,110,500,112 bytes free.
Initial test: 43.961567 ms.
Testing file /home/marlin/mapbench/bin/../maps/dc_spearfish_2013-11-30-06-11-19.ser for 239 loops ...
cleanup (explicit Full GC): 2,070,851,288 / 2,110,502,456 bytes free.
1 threads and 239 loops per thread, time: 10531.612549 ms
dc_spearfish_2013-11-30-06-11-19.ser         	1	239	43.828	44.733	44.053	0.541	43.526	46.956	22.817	239	10.000


Loading drawing commands from file: /home/marlin/mapbench/bin/../maps/dc_topp:states_2013-11-30-06-11-06.ser
Loaded DrawingCommands: DrawingCommands{width=780, height=330, commands=119}
scaling[6.545454545454546]
translating[-632.727272727273 x 0.0]
drawing[dc_topp:states_2013-11-30-06-11-06.ser][width = 3840, height = 2160] ...
cleanup (explicit Full GC): 2,068,061,776 / 2,110,830,472 bytes free.
Initial test: 84.485647 ms.

Warming up with 2 threads and 37 loops on /home/marlin/mapbench/bin/../maps/dc_topp:states_2013-11-30-06-11-06.ser
cleanup (explicit Full GC): 2,071,181,648 / 2,110,494,128 bytes free.
Warm up took 6241.830402 ms
dc_topp:states_2013-11-30-06-11-06.ser       	2	74	84.252	84.473	84.274	0.155	84.081	85.149	11.869	74	1.000
cleanup (explicit Full GC): 2,037,667,680 / 2,110,492,880 bytes free.
Initial test: 84.553921 ms.
Testing file /home/marlin/mapbench/bin/../maps/dc_topp:states_2013-11-30-06-11-06.ser for 124 loops ...
cleanup (explicit Full GC): 2,070,844,048 / 2,110,494,136 bytes free.
1 threads and 124 loops per thread, time: 10461.467949 ms
dc_topp:states_2013-11-30-06-11-06.ser       	1	124	84.350	84.521	84.343	0.109	84.161	84.685	11.855	124	1.000


Loading drawing commands from file: /home/marlin/mapbench/bin/../maps/dc_topp:states_2013-11-30-06-11-07.ser
Loaded DrawingCommands: DrawingCommands{width=780, height=330, commands=144}
scaling[6.545454545454546]
translating[-632.727272727273 x 0.0]
drawing[dc_topp:states_2013-11-30-06-11-07.ser][width = 3840, height = 2160] ...
cleanup (explicit Full GC): 2,070,845,304 / 2,110,846,856 bytes free.
Initial test: 53.563264 ms.

Warming up with 2 threads and 58 loops on /home/marlin/mapbench/bin/../maps/dc_topp:states_2013-11-30-06-11-07.ser
cleanup (explicit Full GC): 2,071,198,032 / 2,110,508,152 bytes free.
Warm up took 6250.007478 ms
dc_topp:states_2013-11-30-06-11-07.ser       	2	116	53.701	54.506	53.832	0.520	53.272	55.188	18.622	116	1.000
cleanup (explicit Full GC): 2,037,681,704 / 2,110,506,224 bytes free.
Initial test: 54.444775 ms.
Testing file /home/marlin/mapbench/bin/../maps/dc_topp:states_2013-11-30-06-11-07.ser for 193 loops ...
cleanup (explicit Full GC): 2,070,857,392 / 2,110,508,152 bytes free.
1 threads and 193 loops per thread, time: 10366.332382 ms
dc_topp:states_2013-11-30-06-11-07.ser       	1	193	53.512	54.396	53.696	0.448	53.220	55.203	18.687	193	1.000


Loading drawing commands from file: /home/marlin/mapbench/bin/../maps/spiralTest-dash-false.ser
Loaded DrawingCommands: DrawingCommands{width=4096, height=4096, commands=1}
scaling[0.9375]
translating[0.0 x -840.0]
drawing[spiralTest-dash-false.ser][width = 3840, height = 2160] ...
cleanup (explicit Full GC): 2,064,170,776 / 2,103,441,000 bytes free.
Initial test: 392.916308 ms.

Warming up with 2 threads and 10 loops on /home/marlin/mapbench/bin/../maps/spiralTest-dash-false.ser
cleanup (explicit Full GC): 2,063,792,096 / 2,103,104,400 bytes free.
Warm up took 7830.11513 ms
spiralTest-dash-false.ser                    	2	20	391.329	392.327	391.235	1.014	390.042	392.689	2.555	20	0.100
cleanup (explicit Full GC): 2,030,277,960 / 2,103,104,008 bytes free.
Initial test: 391.080585 ms.
Testing file /home/marlin/mapbench/bin/../maps/spiralTest-dash-false.ser for 26 loops ...
cleanup (explicit Full GC): 2,063,455,184 / 2,103,104,400 bytes free.
1 threads and 26 loops per thread, time: 10167.811711 ms
spiralTest-dash-false.ser                    	1	26	390.980	391.213	390.959	0.179	390.587	391.489	2.558	26	0.100


Loading drawing commands from file: /home/marlin/mapbench/bin/../maps/spiralTest-fill.ser
Loaded DrawingCommands: DrawingCommands{width=4096, height=4096, commands=1}
scaling[0.9375]
translating[0.0 x -840.0]
drawing[spiralTest-fill.ser][width = 3840, height = 2160] ...
cleanup (explicit Full GC): 2,044,210,616 / 2,095,597,992 bytes free.
Initial test: 422.171694 ms.

Warming up with 2 threads and 10 loops on /home/marlin/mapbench/bin/../maps/spiralTest-fill.ser
cleanup (explicit Full GC): 2,055,949,088 / 2,095,259,976 bytes free.
Warm up took 8380.851285 ms
spiralTest-fill.ser                          	2	20	418.808	419.165	418.767	0.286	418.274	419.212	2.388	20	0.125
cleanup (explicit Full GC): 2,016,849,840 / 2,095,259,232 bytes free.
Initial test: 418.574546 ms.
Testing file /home/marlin/mapbench/bin/../maps/spiralTest-fill.ser for 25 loops ...
cleanup (explicit Full GC): 2,055,610,400 / 2,095,259,624 bytes free.
1 threads and 25 loops per thread, time: 10467.825861 ms
spiralTest-fill.ser                          	1	25	418.573	419.063	418.601	0.285	418.125	419.323	2.389	25	0.125


Loading drawing commands from file: /home/marlin/mapbench/bin/../maps/test_z_625k.ser
Loaded DrawingCommands: DrawingCommands{width=1272, height=1261, commands=23345}
scaling[3.018867924528302]
translating[-2.2737367544323206E-13 x -823.3962264150946]
drawing[test_z_625k.ser][width = 3840, height = 2160] ...
cleanup (explicit Full GC): 2,040,713,120 / 2,104,171,168 bytes free.
Initial test: 165.91866 ms.

Warming up with 2 threads and 19 loops on /home/marlin/mapbench/bin/../maps/test_z_625k.ser
cleanup (explicit Full GC): 2,061,730,400 / 2,103,833,120 bytes free.
Warm up took 6289.718714 ms
test_z_625k.ser                              	2	38	165.322	165.608	165.351	0.142	165.145	165.757	6.049	38	0.667
cleanup (explicit Full GC): 1,986,336,912 / 2,103,832,440 bytes free.
Initial test: 165.27982 ms.
Testing file /home/marlin/mapbench/bin/../maps/test_z_625k.ser for 63 loops ...
cleanup (explicit Full GC): 2,061,391,744 / 2,103,833,120 bytes free.
1 threads and 63 loops per thread, time: 10444.606991 ms
test_z_625k.ser                              	1	63	165.612	166.312	165.727	0.452	165.150	166.744	6.038	63	0.667


WARMUP results:
Test                                         	Threads	Ops	Med	Pct95	Avg	StdDev	Min	Max	FPS(med)	TotalOps	Scale	[ms/op]
<<< Calib 1
[calibration]                                	1	3000	0.489	0.497	0.492	0.066	0.488	4.100	2042.997	3000	1.000
>>> Calib 1
<<< Warmup 1
CircleTests.ser                              	1	80	103.691	105.407	108.550	31.438	103.523	365.333	9.644	80	2.000
>>> Warmup 1
<<< Warmup 2
CircleTests.ser                              	1	160	103.680	104.391	103.792	0.278	103.469	104.594	9.645	160	2.000
>>> Warmup 2
CircleTests.ser                              	2	60	104.407	105.151	104.477	0.348	103.980	105.330	9.578	60	2.000
EllipseTests-fill-false.ser                  	2	20	385.371	385.731	385.402	0.148	385.215	385.818	2.595	20	0.500
EllipseTests-fill-true.ser                   	2	20	725.669	726.531	725.704	0.491	724.989	726.732	1.378	20	0.286
dc_boulder_2013-13-30-06-13-17.ser           	2	22	147.512	147.908	151.414	17.678	147.322	232.423	6.779	22	1.000
dc_boulder_2013-13-30-06-13-20.ser           	2	60	102.220	102.549	102.255	0.116	102.096	102.594	9.783	60	2.000
dc_shp_alllayers_2013-00-30-07-00-43.ser     	2	36	82.464	84.762	82.590	1.086	81.469	86.902	12.127	36	2.000
dc_shp_alllayers_2013-00-30-07-00-47.ser     	2	20	740.320	743.552	740.885	1.487	739.233	744.344	1.351	20	0.125
dc_spearfish_2013-11-30-06-11-15.ser         	2	110	55.318	56.063	55.414	0.372	55.109	57.560	18.077	110	10.000
dc_spearfish_2013-11-30-06-11-19.ser         	2	142	43.713	44.851	43.836	0.403	43.570	46.275	22.876	142	10.000
dc_topp:states_2013-11-30-06-11-06.ser       	2	74	84.252	84.473	84.274	0.155	84.081	85.149	11.869	74	1.000
dc_topp:states_2013-11-30-06-11-07.ser       	2	116	53.701	54.506	53.832	0.520	53.272	55.188	18.622	116	1.000
spiralTest-dash-false.ser                    	2	20	391.329	392.327	391.235	1.014	390.042	392.689	2.555	20	0.100
spiralTest-fill.ser                          	2	20	418.808	419.165	418.767	0.286	418.274	419.212	2.388	20	0.125
test_z_625k.ser                              	2	38	165.322	165.608	165.351	0.142	165.145	165.757	6.049	38	0.667

TEST results:
Test                                         	Threads	Ops	Med	Pct95	Avg	StdDev	Min	Max	FPS(med)	TotalOps	Scale	[ms/op]
CircleTests.ser                              	1	100	104.071	104.592	104.139	0.216	103.977	105.488	9.609	100	2.000
EllipseTests-fill-false.ser                  	1	27	385.431	385.790	385.491	0.140	385.298	385.874	2.594	27	0.500
EllipseTests-fill-true.ser                   	1	14	723.989	724.236	723.970	0.224	723.314	724.279	1.381	14	0.286
dc_boulder_2013-13-30-06-13-17.ser           	1	70	148.850	149.242	148.901	0.148	148.738	149.410	6.718	70	1.000
dc_boulder_2013-13-30-06-13-20.ser           	1	103	102.095	102.469	102.125	0.120	102.001	102.737	9.795	103	2.000
dc_shp_alllayers_2013-00-30-07-00-43.ser     	1	127	81.610	81.921	81.647	0.166	81.483	82.599	12.253	127	2.000
dc_shp_alllayers_2013-00-30-07-00-47.ser     	1	14	739.563	741.635	739.825	0.821	738.945	741.727	1.352	14	0.125
dc_spearfish_2013-11-30-06-11-15.ser         	1	189	55.248	55.682	55.304	0.210	55.061	56.656	18.100	189	10.000
dc_spearfish_2013-11-30-06-11-19.ser         	1	239	43.828	44.733	44.053	0.541	43.526	46.956	22.817	239	10.000
dc_topp:states_2013-11-30-06-11-06.ser       	1	124	84.350	84.521	84.343	0.109	84.161	84.685	11.855	124	1.000
dc_topp:states_2013-11-30-06-11-07.ser       	1	193	53.512	54.396	53.696	0.448	53.220	55.203	18.687	193	1.000
spiralTest-dash-false.ser                    	1	26	390.980	391.213	390.959	0.179	390.587	391.489	2.558	26	0.100
spiralTest-fill.ser                          	1	25	418.573	419.063	418.601	0.285	418.125	419.323	2.389	25	0.125
test_z_625k.ser                              	1	63	165.612	166.312	165.727	0.452	165.150	166.744	6.038	63	0.667

Scores:
Tests	14	14	
Threads	1	1	
Med	181.919	181.919	
Pct95	183.226	183.226	
FPS	9.011	9.011	


