
date:
lundi 12 février 2018, 16:33:12 (UTC+0100)
CLASSPATH:   ../lib/mapbench-0.4.0.jar
Boot CP:     
Java opts:   -DMapBench.skipDraw=false -DMapBench.skipFill=false -DMapBench.clip.small=false -DMapBench.qualityMode=true -DMapBench.premultiplied=true -DMapBench.acceleration=false -DMapBench.volatile=false -server
Java tuning:  -Xms2g  -Xmx2g -XX:+UseConcMarkSweepGC
JVM path
/home/bourgesl/libs/marlin/jetbrains/jdk8u/build/linux-x86_64-normal-server-release/images/j2sdk-image//bin//java
Java version
openjdk version "1.8.0-internal"
OpenJDK Runtime Environment (build 1.8.0-internal-bourgesl_2018_02_12_12_12-b00)
OpenJDK 64-Bit Server VM (build 25.71-b00, mixed mode)
##############################################################
# Java: 1.8.0-internal-bourgesl_2018_02_12_12_12-b00
#   VM: OpenJDK 64-Bit Server VM 25.71-b00 (mixed mode)
#   OS: Linux 4.10.0-42-generic (amd64)
# CPUs: 4 (virtual)
##############################################################
# Renderer: MarlinRenderingEngine 
# Quality mode: QUALITY...
# Filter shape on size: DISABLED...
# skipDraw: false 
# skipFill: false 
# useClipSmall: false 
# Using BufferedImage INT_ARGB_PRE...
##############################################################
profileName: shared_1T_4K_dashed
Loading profile file: /home/marlin/mapbench/bin/../profiles/shared_1T_4K_dashed.properties
Loading scale file: /home/marlin/mapbench/bin/../profiles/mapbench-scales.properties
Profile properties (merged with defaults):
  dashLength=3.0
  doClip=false
  doCreateStrokedShape=false
  doRotate=false
  doScale=false
  doShear=false
  doTranslate=false
  doUseDashedStroke=true
  doUseGradient=false
  doUseTexture=false
  doUseWingRuleEvenOdd=false
  doUseWingRuleNonZero=false
  imageX=3840
  imageY=2160
  iteration=1
  maxThreads=1
  minDuration=10000.0
  minLoops=10
  pass=1
  rotateAngle=17.333
  scaleX=4.0
  scaleY=4.0
  shearX=2.0
  shearY=2.0
  translateX=0.0
  translateY=0.0
  useSharedImage=true
  warmupLoopsMin=80
### Test Scales:
  spiralTest-fill.ser=800
  CircleTests.ser=50
  EllipseTests-fill-false.ser=200
  dc_spearfish_2013-11-30-06-11-15.ser=10
  spiralTest-dash-false.ser=1000
  dc_topp=states_2013-11-30-06-11-07.ser=10
  dc_shp_alllayers_2013-00-30-07-00-43.ser=50
  test_z_150k.ser=150
  test_z_625k.ser=150
  test_z_300k.ser=150
  test_z_5M.ser=50
  EllipseTests-fill-true.ser=350
  dc_boulder_2013-13-30-06-13-20.ser=50
  dc_boulder_2013-13-30-06-13-17.ser=100
  test_z_1.25M.ser=150
  dc_spearfish_2013-11-30-06-11-19.ser=10
  dc_shp_alllayers_2013-00-30-07-00-47.ser=800
##############################################################
# Min duration per test = 10000.0 ms.
##############################################################
Loading maps from = /home/marlin/mapbench/bin/../maps
Results format: 
Test                                         	Threads	Ops	Med	Pct95	Avg	StdDev	Min	Max	FPS(med)	TotalOps	Scale	[ms/op]

Calibrating up with 1 threads and 3000 loops
cleanup (explicit Full GC): 2,101,451,128 / 2,106,236,064 bytes free.
Calibration up took 1535.106331 ms
[calibration]                                	1	3000	0.489	0.501	0.497	0.102	0.488	4.197	2043.193	3000	1.000
Loading drawing commands from file: /home/marlin/mapbench/bin/../maps/CircleTests.ser
Loaded DrawingCommands: DrawingCommands{width=2048, height=2048, commands=2001}
scaling[1.875]
translating[0.0 x -840.0]
drawing[CircleTests.ser][width = 3840, height = 2160] ...

Warming up with 1 threads and 80 loops on /home/marlin/mapbench/bin/../maps/CircleTests.ser
cleanup (explicit Full GC): 2,097,860,480 / 2,111,033,192 bytes free.
Warm up took 7745.828287 ms
CircleTests.ser                              	1	80	92.522	95.343	96.743	25.371	91.444	296.472	10.808	80	2.000

Warming up with 1 threads and 160 loops on /home/marlin/mapbench/bin/../maps/CircleTests.ser
cleanup (explicit Full GC): 2,055,520,752 / 2,110,782,752 bytes free.
Warm up took 14784.442254 ms
CircleTests.ser                              	1	160	92.436	93.207	92.384	0.499	91.551	93.824	10.818	160	2.000
cleanup (explicit Full GC): 2,052,478,416 / 2,110,781,472 bytes free.
Initial test: 92.278651 ms.

Warming up with 2 threads and 34 loops on /home/marlin/mapbench/bin/../maps/CircleTests.ser
cleanup (explicit Full GC): 2,069,228,296 / 2,110,783,808 bytes free.
Warm up took 6286.648504 ms
CircleTests.ser                              	2	68	92.542	92.974	92.366	0.535	91.454	94.063	10.806	68	2.000
cleanup (explicit Full GC): 2,024,885,600 / 2,110,782,624 bytes free.
Initial test: 92.56305 ms.
Testing file /home/marlin/mapbench/bin/../maps/CircleTests.ser for 113 loops ...
cleanup (explicit Full GC): 2,069,229,448 / 2,110,783,592 bytes free.
1 threads and 113 loops per thread, time: 10436.055234 ms
CircleTests.ser                              	1	113	92.503	93.141	92.329	0.479	91.410	93.381	10.810	113	2.000


Loading drawing commands from file: /home/marlin/mapbench/bin/../maps/EllipseTests-fill-false.ser
Loaded DrawingCommands: DrawingCommands{width=2000, height=2000, commands=198}
scaling[1.92]
translating[0.0 x -840.0]
drawing[EllipseTests-fill-false.ser][width = 3840, height = 2160] ...
cleanup (explicit Full GC): 2,058,062,976 / 2,111,463,288 bytes free.
Initial test: 403.736223 ms.

Warming up with 2 threads and 10 loops on /home/marlin/mapbench/bin/../maps/EllipseTests-fill-false.ser
cleanup (explicit Full GC): 2,069,910,032 / 2,111,195,992 bytes free.
Warm up took 8019.498396 ms
EllipseTests-fill-false.ser                  	2	20	400.418	401.584	400.731	0.544	400.129	401.876	2.497	20	0.500
cleanup (explicit Full GC): 2,036,465,200 / 2,111,195,840 bytes free.
Initial test: 401.356259 ms.
Testing file /home/marlin/mapbench/bin/../maps/EllipseTests-fill-false.ser for 26 loops ...
cleanup (explicit Full GC): 2,069,642,664 / 2,111,195,992 bytes free.
1 threads and 26 loops per thread, time: 10417.532336 ms
EllipseTests-fill-false.ser                  	1	26	400.263	401.182	400.581	0.472	400.038	401.227	2.498	26	0.500


Loading drawing commands from file: /home/marlin/mapbench/bin/../maps/EllipseTests-fill-true.ser
Loaded DrawingCommands: DrawingCommands{width=2000, height=2000, commands=198}
scaling[1.92]
translating[0.0 x -840.0]
drawing[EllipseTests-fill-true.ser][width = 3840, height = 2160] ...
cleanup (explicit Full GC): 2,069,642,816 / 2,111,464,504 bytes free.
Initial test: 1020.093678 ms.

Warming up with 2 threads and 10 loops on /home/marlin/mapbench/bin/../maps/EllipseTests-fill-true.ser
cleanup (explicit Full GC): 2,069,911,248 / 2,111,194,920 bytes free.
Warm up took 20430.783622 ms
EllipseTests-fill-true.ser                   	2	20	1021.128	1023.675	1021.316	1.205	1019.633	1024.276	0.979	20	0.286
cleanup (explicit Full GC): 2,030,880,432 / 2,111,194,352 bytes free.
Initial test: 1023.661022 ms.
Testing file /home/marlin/mapbench/bin/../maps/EllipseTests-fill-true.ser for 10 loops ...
cleanup (explicit Full GC): 2,069,641,168 / 2,111,194,744 bytes free.
1 threads and 10 loops per thread, time: 10215.627496 ms
EllipseTests-fill-true.ser                   	1	10	1021.173	1023.516	1021.336	1.395	1020.134	1025.329	0.979	10	0.286


Loading drawing commands from file: /home/marlin/mapbench/bin/../maps/dc_boulder_2013-13-30-06-13-17.ser
Loaded DrawingCommands: DrawingCommands{width=1400, height=800, commands=4398}
scaling[2.742857142857143]
translating[0.0 x -17.14285714285711]
drawing[dc_boulder_2013-13-30-06-13-17.ser][width = 3840, height = 2160] ...
cleanup (explicit Full GC): 2,069,641,560 / 2,109,937,920 bytes free.
Initial test: 258.836065 ms.

Warming up with 2 threads and 12 loops on /home/marlin/mapbench/bin/../maps/dc_boulder_2013-13-30-06-13-17.ser
cleanup (explicit Full GC): 2,062,800,976 / 2,109,668,648 bytes free.
Warm up took 3567.760381 ms
dc_boulder_2013-13-30-06-13-17.ser           	2	24	145.452	146.387	148.424	14.073	144.940	215.888	6.875	24	1.000
cleanup (explicit Full GC): 2,029,354,128 / 2,109,668,200 bytes free.
Initial test: 145.408954 ms.
Testing file /home/marlin/mapbench/bin/../maps/dc_boulder_2013-13-30-06-13-17.ser for 72 loops ...
cleanup (explicit Full GC): 2,068,115,016 / 2,109,668,776 bytes free.
1 threads and 72 loops per thread, time: 10463.298375 ms
dc_boulder_2013-13-30-06-13-17.ser           	1	72	145.144	146.026	145.277	0.381	144.812	146.437	6.890	72	1.000


Loading drawing commands from file: /home/marlin/mapbench/bin/../maps/dc_boulder_2013-13-30-06-13-20.ser
Loaded DrawingCommands: DrawingCommands{width=1400, height=800, commands=2425}
scaling[2.742857142857143]
translating[0.0 x -17.14285714285711]
drawing[dc_boulder_2013-13-30-06-13-20.ser][width = 3840, height = 2160] ...
cleanup (explicit Full GC): 2,051,364,432 / 2,110,674,008 bytes free.
Initial test: 101.767784 ms.

Warming up with 2 threads and 31 loops on /home/marlin/mapbench/bin/../maps/dc_boulder_2013-13-30-06-13-20.ser
cleanup (explicit Full GC): 2,063,537,064 / 2,110,404,904 bytes free.
Warm up took 6292.090448 ms
dc_boulder_2013-13-30-06-13-20.ser           	2	62	101.350	101.785	101.405	0.163	101.255	101.984	9.867	62	2.000
cleanup (explicit Full GC): 2,030,090,384 / 2,110,403,840 bytes free.
Initial test: 101.496082 ms.
Testing file /home/marlin/mapbench/bin/../maps/dc_boulder_2013-13-30-06-13-20.ser for 103 loops ...
cleanup (explicit Full GC): 2,068,850,656 / 2,110,404,904 bytes free.
1 threads and 103 loops per thread, time: 10453.313083 ms
dc_boulder_2013-13-30-06-13-20.ser           	1	103	101.428	101.670	101.460	0.129	101.254	101.919	9.859	103	2.000


Loading drawing commands from file: /home/marlin/mapbench/bin/../maps/dc_shp_alllayers_2013-00-30-07-00-43.ser
Loaded DrawingCommands: DrawingCommands{width=1400, height=800, commands=568}
scaling[2.742857142857143]
translating[0.0 x -17.14285714285711]
drawing[dc_shp_alllayers_2013-00-30-07-00-43.ser][width = 3840, height = 2160] ...
cleanup (explicit Full GC): 2,060,476,136 / 2,111,178,000 bytes free.
Initial test: 320.587172 ms.

Warming up with 2 threads and 10 loops on /home/marlin/mapbench/bin/../maps/dc_shp_alllayers_2013-00-30-07-00-43.ser
cleanup (explicit Full GC): 2,069,624,744 / 2,110,910,744 bytes free.
Warm up took 1677.213863 ms
dc_shp_alllayers_2013-00-30-07-00-43.ser     	2	20	82.861	84.206	83.631	2.916	82.741	96.299	12.068	20	2.000
cleanup (explicit Full GC): 2,036,179,944 / 2,110,910,368 bytes free.
Initial test: 82.994869 ms.
Testing file /home/marlin/mapbench/bin/../maps/dc_shp_alllayers_2013-00-30-07-00-43.ser for 126 loops ...
cleanup (explicit Full GC): 2,069,357,184 / 2,110,910,760 bytes free.
1 threads and 126 loops per thread, time: 10431.381556 ms
dc_shp_alllayers_2013-00-30-07-00-43.ser     	1	126	82.700	83.270	82.769	0.235	82.596	84.500	12.092	126	2.000


Loading drawing commands from file: /home/marlin/mapbench/bin/../maps/dc_shp_alllayers_2013-00-30-07-00-47.ser
Loaded DrawingCommands: DrawingCommands{width=1400, height=800, commands=135213}
scaling[2.742857142857143]
translating[0.0 x -17.14285714285711]
drawing[dc_shp_alllayers_2013-00-30-07-00-47.ser][width = 3840, height = 2160] ...
cleanup (explicit Full GC): 1,976,951,272 / 2,072,122,624 bytes free.
Initial test: 745.623132 ms.

Warming up with 2 threads and 10 loops on /home/marlin/mapbench/bin/../maps/dc_shp_alllayers_2013-00-30-07-00-47.ser
cleanup (explicit Full GC): 2,011,026,336 / 2,071,855,744 bytes free.
Warm up took 14850.604051 ms
dc_shp_alllayers_2013-00-30-07-00-47.ser     	2	20	740.712	744.420	742.017	2.655	739.840	751.499	1.350	20	0.125
cleanup (explicit Full GC): 1,863,115,600 / 2,071,855,352 bytes free.
Initial test: 739.768965 ms.
Testing file /home/marlin/mapbench/bin/../maps/dc_shp_alllayers_2013-00-30-07-00-47.ser for 14 loops ...
cleanup (explicit Full GC): 2,012,680,616 / 2,071,855,744 bytes free.
1 threads and 14 loops per thread, time: 10354.301139 ms
dc_shp_alllayers_2013-00-30-07-00-47.ser     	1	14	739.054	739.515	739.085	0.273	738.622	739.869	1.353	14	0.125


Loading drawing commands from file: /home/marlin/mapbench/bin/../maps/dc_spearfish_2013-11-30-06-11-15.ser
Loaded DrawingCommands: DrawingCommands{width=512, height=359, commands=1232}
scaling[7.5]
translating[0.0 x -266.25]
drawing[dc_spearfish_2013-11-30-06-11-15.ser][width = 3840, height = 2160] ...
cleanup (explicit Full GC): 1,939,351,192 / 2,111,076,400 bytes free.
Initial test: 56.44165 ms.

Warming up with 2 threads and 55 loops on /home/marlin/mapbench/bin/../maps/dc_spearfish_2013-11-30-06-11-15.ser
cleanup (explicit Full GC): 2,071,427,496 / 2,110,806,328 bytes free.
Warm up took 6123.591018 ms
dc_spearfish_2013-11-30-06-11-15.ser         	2	110	55.500	56.473	55.627	0.474	55.326	59.526	18.018	110	10.000
cleanup (explicit Full GC): 2,026,812,472 / 2,110,804,288 bytes free.
Initial test: 55.785322 ms.
Testing file /home/marlin/mapbench/bin/../maps/dc_spearfish_2013-11-30-06-11-15.ser for 188 loops ...
cleanup (explicit Full GC): 2,071,155,464 / 2,110,806,120 bytes free.
1 threads and 188 loops per thread, time: 10431.835564 ms
dc_spearfish_2013-11-30-06-11-15.ser         	1	188	55.442	55.679	55.475	0.184	55.302	57.159	18.037	188	10.000


Loading drawing commands from file: /home/marlin/mapbench/bin/../maps/dc_spearfish_2013-11-30-06-11-19.ser
Loaded DrawingCommands: DrawingCommands{width=512, height=359, commands=349}
scaling[7.5]
translating[0.0 x -266.25]
drawing[dc_spearfish_2013-11-30-06-11-19.ser][width = 3840, height = 2160] ...
cleanup (explicit Full GC): 2,059,989,864 / 2,111,355,088 bytes free.
Initial test: 42.840667 ms.

Warming up with 2 threads and 73 loops on /home/marlin/mapbench/bin/../maps/dc_spearfish_2013-11-30-06-11-19.ser
cleanup (explicit Full GC): 2,071,706,184 / 2,111,089,144 bytes free.
Warm up took 6188.589939 ms
dc_spearfish_2013-11-30-06-11-19.ser         	2	146	42.328	42.534	42.357	0.139	42.203	43.354	23.625	146	10.000
cleanup (explicit Full GC): 2,038,262,704 / 2,111,086,504 bytes free.
Initial test: 42.545166 ms.
Testing file /home/marlin/mapbench/bin/../maps/dc_spearfish_2013-11-30-06-11-19.ser for 247 loops ...
cleanup (explicit Full GC): 2,071,437,680 / 2,111,088,912 bytes free.
1 threads and 247 loops per thread, time: 10483.854695 ms
dc_spearfish_2013-11-30-06-11-19.ser         	1	247	42.417	42.686	42.435	0.178	42.181	43.465	23.575	247	10.000


Loading drawing commands from file: /home/marlin/mapbench/bin/../maps/dc_topp:states_2013-11-30-06-11-06.ser
Loaded DrawingCommands: DrawingCommands{width=780, height=330, commands=119}
scaling[6.545454545454546]
translating[-632.727272727273 x 0.0]
drawing[dc_topp:states_2013-11-30-06-11-06.ser][width = 3840, height = 2160] ...
cleanup (explicit Full GC): 2,063,064,544 / 2,111,347,144 bytes free.
Initial test: 80.644614 ms.

Warming up with 2 threads and 39 loops on /home/marlin/mapbench/bin/../maps/dc_topp:states_2013-11-30-06-11-06.ser
cleanup (explicit Full GC): 2,071,698,320 / 2,111,080,440 bytes free.
Warm up took 6218.358256 ms
dc_topp:states_2013-11-30-06-11-06.ser       	2	78	79.590	80.117	79.666	0.203	79.513	80.438	12.564	78	1.000
cleanup (explicit Full GC): 2,038,253,992 / 2,111,079,128 bytes free.
Initial test: 79.671075 ms.
Testing file /home/marlin/mapbench/bin/../maps/dc_topp:states_2013-11-30-06-11-06.ser for 132 loops ...
cleanup (explicit Full GC): 2,071,430,296 / 2,111,080,448 bytes free.
1 threads and 132 loops per thread, time: 10512.369601 ms
dc_topp:states_2013-11-30-06-11-06.ser       	1	132	79.571	79.905	79.621	0.168	79.511	80.421	12.567	132	1.000


Loading drawing commands from file: /home/marlin/mapbench/bin/../maps/dc_topp:states_2013-11-30-06-11-07.ser
Loaded DrawingCommands: DrawingCommands{width=780, height=330, commands=144}
scaling[6.545454545454546]
translating[-632.727272727273 x 0.0]
drawing[dc_topp:states_2013-11-30-06-11-07.ser][width = 3840, height = 2160] ...
cleanup (explicit Full GC): 2,065,847,928 / 2,111,363,176 bytes free.
Initial test: 51.919057 ms.

Warming up with 2 threads and 60 loops on /home/marlin/mapbench/bin/../maps/dc_topp:states_2013-11-30-06-11-07.ser
cleanup (explicit Full GC): 2,071,714,352 / 2,111,094,112 bytes free.
Warm up took 6216.444213 ms
dc_topp:states_2013-11-30-06-11-07.ser       	2	120	51.752	51.915	51.767	0.111	51.642	52.368	19.323	120	1.000
cleanup (explicit Full GC): 2,038,267,664 / 2,111,092,360 bytes free.
Initial test: 51.956703 ms.
Testing file /home/marlin/mapbench/bin/../maps/dc_topp:states_2013-11-30-06-11-07.ser for 202 loops ...
cleanup (explicit Full GC): 2,071,443,528 / 2,111,094,232 bytes free.
1 threads and 202 loops per thread, time: 10460.859622 ms
dc_topp:states_2013-11-30-06-11-07.ser       	1	202	51.769	51.930	51.774	0.096	51.661	52.413	19.317	202	1.000


Loading drawing commands from file: /home/marlin/mapbench/bin/../maps/spiralTest-dash-false.ser
Loaded DrawingCommands: DrawingCommands{width=4096, height=4096, commands=1}
scaling[0.9375]
translating[0.0 x -840.0]
drawing[spiralTest-dash-false.ser][width = 3840, height = 2160] ...
cleanup (explicit Full GC): 2,064,756,856 / 2,103,956,176 bytes free.
Initial test: 396.304846 ms.

Warming up with 2 threads and 10 loops on /home/marlin/mapbench/bin/../maps/spiralTest-dash-false.ser
cleanup (explicit Full GC): 2,064,307,272 / 2,103,690,360 bytes free.
Warm up took 7912.064546 ms
spiralTest-dash-false.ser                    	2	20	395.340	395.803	395.382	0.175	395.123	395.819	2.529	20	0.100
cleanup (explicit Full GC): 2,030,863,920 / 2,103,689,968 bytes free.
Initial test: 396.248992 ms.
Testing file /home/marlin/mapbench/bin/../maps/spiralTest-dash-false.ser for 26 loops ...
cleanup (explicit Full GC): 2,064,041,144 / 2,103,690,360 bytes free.
1 threads and 26 loops per thread, time: 10329.691892 ms
spiralTest-dash-false.ser                    	1	26	397.758	398.364	397.206	0.986	395.980	398.479	2.514	26	0.100


Loading drawing commands from file: /home/marlin/mapbench/bin/../maps/spiralTest-fill.ser
Loaded DrawingCommands: DrawingCommands{width=4096, height=4096, commands=1}
scaling[0.9375]
translating[0.0 x -840.0]
drawing[spiralTest-fill.ser][width = 3840, height = 2160] ...
cleanup (explicit Full GC): 2,050,380,264 / 2,096,114,600 bytes free.
Initial test: 408.847697 ms.

Warming up with 2 threads and 10 loops on /home/marlin/mapbench/bin/../maps/spiralTest-fill.ser
cleanup (explicit Full GC): 2,056,465,696 / 2,095,846,096 bytes free.
Warm up took 8182.156786 ms
spiralTest-fill.ser                          	2	20	408.753	411.360	408.887	0.978	407.789	411.746	2.446	20	0.125
cleanup (explicit Full GC): 2,023,019,648 / 2,095,845,704 bytes free.
Initial test: 409.150288 ms.
Testing file /home/marlin/mapbench/bin/../maps/spiralTest-fill.ser for 25 loops ...
cleanup (explicit Full GC): 2,056,196,872 / 2,095,846,096 bytes free.
1 threads and 25 loops per thread, time: 10244.031428 ms
spiralTest-fill.ser                          	1	25	409.053	414.220	409.670	1.910	408.195	416.477	2.445	25	0.125


Loading drawing commands from file: /home/marlin/mapbench/bin/../maps/test_z_625k.ser
Loaded DrawingCommands: DrawingCommands{width=1272, height=1261, commands=23345}
scaling[3.018867924528302]
translating[-2.2737367544323206E-13 x -823.3962264150946]
drawing[test_z_625k.ser][width = 3840, height = 2160] ...
cleanup (explicit Full GC): 2,041,299,592 / 2,104,689,400 bytes free.
Initial test: 172.107774 ms.

Warming up with 2 threads and 18 loops on /home/marlin/mapbench/bin/../maps/test_z_625k.ser
cleanup (explicit Full GC): 2,062,248,632 / 2,104,419,592 bytes free.
Warm up took 6196.576082 ms
test_z_625k.ser                              	2	36	171.956	172.227	171.981	0.125	171.813	172.343	5.815	36	0.667
cleanup (explicit Full GC): 1,989,715,240 / 2,104,418,944 bytes free.
Initial test: 173.591263 ms.
Testing file /home/marlin/mapbench/bin/../maps/test_z_625k.ser for 60 loops ...
cleanup (explicit Full GC): 2,061,978,248 / 2,104,419,592 bytes free.
1 threads and 60 loops per thread, time: 10409.035197 ms
test_z_625k.ser                              	1	60	173.424	173.586	173.434	0.107	173.241	173.810	5.766	60	0.667


WARMUP results:
Test                                         	Threads	Ops	Med	Pct95	Avg	StdDev	Min	Max	FPS(med)	TotalOps	Scale	[ms/op]
<<< Calib 1
[calibration]                                	1	3000	0.489	0.501	0.497	0.102	0.488	4.197	2043.193	3000	1.000
>>> Calib 1
<<< Warmup 1
CircleTests.ser                              	1	80	92.522	95.343	96.743	25.371	91.444	296.472	10.808	80	2.000
>>> Warmup 1
<<< Warmup 2
CircleTests.ser                              	1	160	92.436	93.207	92.384	0.499	91.551	93.824	10.818	160	2.000
>>> Warmup 2
CircleTests.ser                              	2	68	92.542	92.974	92.366	0.535	91.454	94.063	10.806	68	2.000
EllipseTests-fill-false.ser                  	2	20	400.418	401.584	400.731	0.544	400.129	401.876	2.497	20	0.500
EllipseTests-fill-true.ser                   	2	20	1021.128	1023.675	1021.316	1.205	1019.633	1024.276	0.979	20	0.286
dc_boulder_2013-13-30-06-13-17.ser           	2	24	145.452	146.387	148.424	14.073	144.940	215.888	6.875	24	1.000
dc_boulder_2013-13-30-06-13-20.ser           	2	62	101.350	101.785	101.405	0.163	101.255	101.984	9.867	62	2.000
dc_shp_alllayers_2013-00-30-07-00-43.ser     	2	20	82.861	84.206	83.631	2.916	82.741	96.299	12.068	20	2.000
dc_shp_alllayers_2013-00-30-07-00-47.ser     	2	20	740.712	744.420	742.017	2.655	739.840	751.499	1.350	20	0.125
dc_spearfish_2013-11-30-06-11-15.ser         	2	110	55.500	56.473	55.627	0.474	55.326	59.526	18.018	110	10.000
dc_spearfish_2013-11-30-06-11-19.ser         	2	146	42.328	42.534	42.357	0.139	42.203	43.354	23.625	146	10.000
dc_topp:states_2013-11-30-06-11-06.ser       	2	78	79.590	80.117	79.666	0.203	79.513	80.438	12.564	78	1.000
dc_topp:states_2013-11-30-06-11-07.ser       	2	120	51.752	51.915	51.767	0.111	51.642	52.368	19.323	120	1.000
spiralTest-dash-false.ser                    	2	20	395.340	395.803	395.382	0.175	395.123	395.819	2.529	20	0.100
spiralTest-fill.ser                          	2	20	408.753	411.360	408.887	0.978	407.789	411.746	2.446	20	0.125
test_z_625k.ser                              	2	36	171.956	172.227	171.981	0.125	171.813	172.343	5.815	36	0.667

TEST results:
Test                                         	Threads	Ops	Med	Pct95	Avg	StdDev	Min	Max	FPS(med)	TotalOps	Scale	[ms/op]
CircleTests.ser                              	1	113	92.503	93.141	92.329	0.479	91.410	93.381	10.810	113	2.000
EllipseTests-fill-false.ser                  	1	26	400.263	401.182	400.581	0.472	400.038	401.227	2.498	26	0.500
EllipseTests-fill-true.ser                   	1	10	1021.173	1023.516	1021.336	1.395	1020.134	1025.329	0.979	10	0.286
dc_boulder_2013-13-30-06-13-17.ser           	1	72	145.144	146.026	145.277	0.381	144.812	146.437	6.890	72	1.000
dc_boulder_2013-13-30-06-13-20.ser           	1	103	101.428	101.670	101.460	0.129	101.254	101.919	9.859	103	2.000
dc_shp_alllayers_2013-00-30-07-00-43.ser     	1	126	82.700	83.270	82.769	0.235	82.596	84.500	12.092	126	2.000
dc_shp_alllayers_2013-00-30-07-00-47.ser     	1	14	739.054	739.515	739.085	0.273	738.622	739.869	1.353	14	0.125
dc_spearfish_2013-11-30-06-11-15.ser         	1	188	55.442	55.679	55.475	0.184	55.302	57.159	18.037	188	10.000
dc_spearfish_2013-11-30-06-11-19.ser         	1	247	42.417	42.686	42.435	0.178	42.181	43.465	23.575	247	10.000
dc_topp:states_2013-11-30-06-11-06.ser       	1	132	79.571	79.905	79.621	0.168	79.511	80.421	12.567	132	1.000
dc_topp:states_2013-11-30-06-11-07.ser       	1	202	51.769	51.930	51.774	0.096	51.661	52.413	19.317	202	1.000
spiralTest-dash-false.ser                    	1	26	397.758	398.364	397.206	0.986	395.980	398.479	2.514	26	0.100
spiralTest-fill.ser                          	1	25	409.053	414.220	409.670	1.910	408.195	416.477	2.445	25	0.125
test_z_625k.ser                              	1	60	173.424	173.586	173.434	0.107	173.241	173.810	5.766	60	0.667

Scores:
Tests	14	14	
Threads	1	1	
Med	185.652	185.652	
Pct95	186.463	186.463	
FPS	9.193	9.193	


