
date:
jeudi 25 janvier 2018, 23:13:52 (UTC+0100)
CLASSPATH:   ../lib/mapbench-0.4.0.jar
Boot CP:     -Xbootclasspath/p:../lib/marlin-0.8.2-Unsafe-sun-java2d.jar -Xbootclasspath/a:../lib/marlin-0.8.2-Unsafe.jar
Java opts:   -Dsun.java2d.renderer.doStats=false -Dsun.java2d.renderer.enableRLE=true -Dsun.java2d.renderer.forceRLE=false -Dsun.java2d.renderer.forceNoRLE=false -Dsun.java2d.renderer.useTileFlags=true -Dsun.java2d.renderer.useTileFlags.useHeuristics=true -Dsun.java2d.renderer.blockSize_log2=5 -Dsun.java2d.renderer.rleMinWidth=64 -Dsun.java2d.renderer.clip=true -Dsun.java2d.renderer.log=true -Dsun.java2d.renderer.logCreateContext=false -Dsun.java2d.renderer.logUnsafeMalloc=false -Dsun.java2d.renderer.clip.curves= -Dsun.java2d.renderer.subPixel_log2_X=8 -Dsun.java2d.renderer.subPixel_log2_Y=3 -Dsun.java2d.renderer.useThreadLocal=true -Dsun.java2d.renderer.useSimplifier=false -Dsun.java2d.renderer.useRef=soft -Dsun.java2d.renderer.pixelWidth=4096 -Dsun.java2d.renderer.pixelHeight=2176 -Dsun.java2d.renderer.tileSize_log2=6 -Dsun.java2d.renderer.tileWidth_log2=7 -Dsun.java2d.renderer=org.marlin.pisces.DMarlinRenderingEngine -Dsun.java2d.renderer.usePathSimplifier=false -Dsun.java2d.renderer.pathSimplifier.pixTol=0.125 -Dsun.java2d.renderer.clip.subdivider=true -Dsun.java2d.renderer.clip.subdivider.minLength=100.0 -Dsun.java2d.renderer.cubic_dec_d2=2.5 -Dsun.java2d.renderer.cubic_inc_d1=1.0 -Dsun.java2d.renderer.quad_dec_d2=1.0 -DMapBench.skipDraw=false -DMapBench.skipFill=false -DMapBench.clip.small=true -DMapBench.qualityMode=true -DMapBench.premultiplied=true -DMapBench.acceleration=false -DMapBench.volatile=false -server
Java tuning:  -Xms2g  -Xmx2g -XX:+UseConcMarkSweepGC
JVM path
/home/bourgesl/apps/jdk1.8.0//bin//java
Java version
java version "1.8.0_152"
Java(TM) SE Runtime Environment (build 1.8.0_152-b16)
Java HotSpot(TM) 64-Bit Server VM (build 25.152-b16, mixed mode)
##############################################################
# Java: 1.8.0_152-b16
#   VM: Java HotSpot(TM) 64-Bit Server VM 25.152-b16 (mixed mode)
#   OS: Linux 4.10.0-42-generic (amd64)
# CPUs: 4 (virtual)
##############################################################
INFO: ===============================================================================
INFO: Marlin software rasterizer           = ENABLED
INFO: Version                              = [marlin-0.8.2-Unsafe]
INFO: sun.java2d.renderer                  = org.marlin.pisces.MarlinRenderingEngine
INFO: sun.java2d.renderer.useThreadLocal   = true
INFO: sun.java2d.renderer.useRef           = soft
INFO: sun.java2d.renderer.edges            = 4096
INFO: sun.java2d.renderer.pixelsize        = 2048
INFO: sun.java2d.renderer.subPixel_log2_X  = 8
INFO: sun.java2d.renderer.subPixel_log2_Y  = 3
INFO: sun.java2d.renderer.tileSize_log2    = 6
INFO: sun.java2d.renderer.tileWidth_log2   = 7
INFO: sun.java2d.renderer.blockSize_log2   = 5
INFO: sun.java2d.renderer.forceRLE         = false
INFO: sun.java2d.renderer.forceNoRLE       = false
INFO: sun.java2d.renderer.useTileFlags     = true
INFO: sun.java2d.renderer.useTileFlags.useHeuristics = true
INFO: sun.java2d.renderer.rleMinWidth      = 64
INFO: sun.java2d.renderer.useSimplifier    = false
INFO: sun.java2d.renderer.clip             = true
INFO: sun.java2d.renderer.doStats          = false
INFO: sun.java2d.renderer.doMonitors       = false
INFO: sun.java2d.renderer.doChecks         = false
INFO: sun.java2d.renderer.useLogger        = false
INFO: sun.java2d.renderer.logCreateContext = false
INFO: sun.java2d.renderer.logUnsafeMalloc  = false
INFO: sun.java2d.renderer.cubic_dec_d2     = 2.5
INFO: sun.java2d.renderer.cubic_inc_d1     = 1.0
INFO: sun.java2d.renderer.quad_dec_d2      = 1.0
INFO: Renderer settings:
INFO: CUB_DEC_BND  = 452.76923
INFO: CUB_INC_BND  = 181.1077
INFO: QUAD_DEC_BND = 181.1077
INFO: INITIAL_EDGES_CAPACITY               = 98304
INFO: INITIAL_CROSSING_COUNT               = 1024
INFO: ===============================================================================
INFO: ===============================================================================
INFO: Marlin software rasterizer           = ENABLED
INFO: Version                              = [marlin-0.8.2-Unsafe]
INFO: sun.java2d.renderer                  = org.marlin.pisces.DMarlinRenderingEngine
INFO: sun.java2d.renderer.useThreadLocal   = true
INFO: sun.java2d.renderer.useRef           = soft
INFO: sun.java2d.renderer.edges            = 4096
INFO: sun.java2d.renderer.pixelsize        = 2048
INFO: sun.java2d.renderer.subPixel_log2_X  = 8
INFO: sun.java2d.renderer.subPixel_log2_Y  = 3
INFO: sun.java2d.renderer.tileSize_log2    = 6
INFO: sun.java2d.renderer.tileWidth_log2   = 7
INFO: sun.java2d.renderer.blockSize_log2   = 5
INFO: sun.java2d.renderer.forceRLE         = false
INFO: sun.java2d.renderer.forceNoRLE       = false
INFO: sun.java2d.renderer.useTileFlags     = true
INFO: sun.java2d.renderer.useTileFlags.useHeuristics = true
INFO: sun.java2d.renderer.rleMinWidth      = 64
INFO: sun.java2d.renderer.useSimplifier    = false
INFO: sun.java2d.renderer.clip             = true
INFO: sun.java2d.renderer.doStats          = false
INFO: sun.java2d.renderer.doMonitors       = false
INFO: sun.java2d.renderer.doChecks         = false
INFO: sun.java2d.renderer.useLogger        = false
INFO: sun.java2d.renderer.logCreateContext = false
INFO: sun.java2d.renderer.logUnsafeMalloc  = false
INFO: sun.java2d.renderer.cubic_dec_d2     = 2.5
INFO: sun.java2d.renderer.cubic_inc_d1     = 1.0
INFO: sun.java2d.renderer.quad_dec_d2      = 1.0
INFO: Renderer settings:
INFO: CUB_DEC_BND  = 452.7692413330078
INFO: CUB_INC_BND  = 181.10769653320312
INFO: QUAD_DEC_BND = 181.10769653320312
INFO: INITIAL_EDGES_CAPACITY               = 98304
INFO: INITIAL_CROSSING_COUNT               = 1024
INFO: ===============================================================================
# Renderer: DMarlinRenderingEngine 
# Quality mode: QUALITY...
# Filter shape on size: DISABLED...
# skipDraw: false 
# skipFill: false 
# useClipSmall: true 
# Using BufferedImage INT_ARGB_PRE...
##############################################################
profileName: shared_1T
Loading profile file: /home/marlin/mapbench/bin/../profiles/shared_1T.properties
Loading scale file: /home/marlin/mapbench/bin/../profiles/mapbench-scales.properties
Profile properties (merged with defaults):
  dashLength=3.0
  doClip=false
  doCreateStrokedShape=false
  doRotate=false
  doScale=false
  doShear=false
  doTranslate=false
  doUseDashedStroke=false
  doUseGradient=false
  doUseTexture=false
  doUseWingRuleEvenOdd=false
  doUseWingRuleNonZero=false
  imageX=NaN
  imageY=NaN
  iteration=1
  maxThreads=1
  minDuration=10000.0
  minLoops=10
  pass=1
  rotateAngle=17.333
  scaleX=0.1
  scaleY=0.1
  shearX=2.0
  shearY=2.0
  translateX=0.0
  translateY=0.0
  useSharedImage=true
  warmupLoopsMin=80
### Test Scales:
  spiralTest-fill.ser=800
  CircleTests.ser=50
  EllipseTests-fill-false.ser=200
  dc_spearfish_2013-11-30-06-11-15.ser=10
  spiralTest-dash-false.ser=1000
  dc_topp=states_2013-11-30-06-11-07.ser=10
  dc_shp_alllayers_2013-00-30-07-00-43.ser=50
  test_z_150k.ser=150
  test_z_625k.ser=150
  test_z_300k.ser=150
  test_z_5M.ser=50
  EllipseTests-fill-true.ser=350
  dc_boulder_2013-13-30-06-13-20.ser=50
  dc_boulder_2013-13-30-06-13-17.ser=100
  test_z_1.25M.ser=150
  dc_spearfish_2013-11-30-06-11-19.ser=10
  dc_shp_alllayers_2013-00-30-07-00-47.ser=800
##############################################################
# Min duration per test = 10000.0 ms.
##############################################################
Loading maps from = /home/marlin/mapbench/bin/../maps
Results format: 
Test                                         	Threads	Ops	Med	Pct95	Avg	StdDev	Min	Max	FPS(med)	TotalOps	Scale	[ms/op]

Calibrating up with 1 threads and 3000 loops
cleanup (explicit Full GC): 2,101,451,128 / 2,106,072,024 bytes free.
Calibration up took 1522.795802 ms
[calibration]                                	1	3000	0.490	0.504	0.494	0.066	0.489	4.008	2039.584	3000	1.000
Loading drawing commands from file: /home/marlin/mapbench/bin/../maps/CircleTests.ser
Loaded DrawingCommands: DrawingCommands{width=2048, height=2048, commands=2001}
drawing[CircleTests.ser][width = 2048, height = 2048] ...

Warming up with 1 threads and 80 loops on /home/marlin/mapbench/bin/../maps/CircleTests.ser
cleanup (explicit Full GC): 2,097,696,472 / 2,108,155,992 bytes free.
INFO: AAShapePipe: overriding JDK implementation: marlin-renderer TILE patch enabled.
Warm up took 993.016605 ms
CircleTests.ser                              	1	80	9.112	16.522	12.358	10.318	8.958	100.259	109.740	80	2.000

Warming up with 1 threads and 160 loops on /home/marlin/mapbench/bin/../maps/CircleTests.ser
cleanup (explicit Full GC): 2,074,627,672 / 2,110,678,816 bytes free.
Warm up took 1440.349672 ms
CircleTests.ser                              	1	160	8.967	9.028	8.989	0.116	8.956	10.122	111.518	160	2.000
cleanup (explicit Full GC): 2,077,150,408 / 2,110,677,656 bytes free.
Initial test: 9.075453 ms.

Warming up with 2 threads and 347 loops on /home/marlin/mapbench/bin/../maps/CircleTests.ser
cleanup (explicit Full GC): 2,085,524,840 / 2,110,679,872 bytes free.
Warm up took 6274.833269 ms
CircleTests.ser                              	2	694	9.021	9.154	9.036	0.069	9.002	9.876	110.849	694	2.000
cleanup (explicit Full GC): 2,021,288,168 / 2,105,084,976 bytes free.
Initial test: 9.117769 ms.
Testing file /home/marlin/mapbench/bin/../maps/CircleTests.ser for 1154 loops ...
cleanup (explicit Full GC): 2,079,932,160 / 2,110,679,568 bytes free.
1 threads and 1154 loops per thread, time: 10423.459017 ms
CircleTests.ser                              	1	1154	9.020	9.054	9.031	0.069	9.003	9.938	110.868	1154	2.000


Loading drawing commands from file: /home/marlin/mapbench/bin/../maps/EllipseTests-fill-false.ser
Loaded DrawingCommands: DrawingCommands{width=2000, height=2000, commands=198}
drawing[EllipseTests-fill-false.ser][width = 2000, height = 2000] ...
cleanup (explicit Full GC): 2,012,938,288 / 2,111,395,216 bytes free.
Initial test: 58.059701 ms.

Warming up with 2 threads and 54 loops on /home/marlin/mapbench/bin/../maps/EllipseTests-fill-false.ser
cleanup (explicit Full GC): 2,087,950,232 / 2,111,093,736 bytes free.
Warm up took 3928.867221 ms
EllipseTests-fill-false.ser                  	2	108	36.099	37.101	36.352	0.503	35.952	38.932	27.702	108	0.500
cleanup (explicit Full GC): 2,071,648,736 / 2,111,091,928 bytes free.
Initial test: 36.188783 ms.
Testing file /home/marlin/mapbench/bin/../maps/EllipseTests-fill-false.ser for 290 loops ...
cleanup (explicit Full GC): 2,087,646,944 / 2,111,093,728 bytes free.
1 threads and 290 loops per thread, time: 10514.042039 ms
EllipseTests-fill-false.ser                  	1	290	36.041	36.796	36.249	0.430	35.966	38.727	27.746	290	0.500


Loading drawing commands from file: /home/marlin/mapbench/bin/../maps/EllipseTests-fill-true.ser
Loaded DrawingCommands: DrawingCommands{width=2000, height=2000, commands=198}
drawing[EllipseTests-fill-true.ser][width = 2000, height = 2000] ...
cleanup (explicit Full GC): 2,080,203,808 / 2,111,408,936 bytes free.
Initial test: 100.221183 ms.

Warming up with 2 threads and 31 loops on /home/marlin/mapbench/bin/../maps/EllipseTests-fill-true.ser
cleanup (explicit Full GC): 2,087,033,336 / 2,111,092,616 bytes free.
Warm up took 3221.762275 ms
EllipseTests-fill-true.ser                   	2	62	51.827	52.903	51.917	0.480	51.354	53.438	19.295	62	0.286
cleanup (explicit Full GC): 2,070,717,000 / 2,111,091,560 bytes free.
Initial test: 51.609567 ms.
Testing file /home/marlin/mapbench/bin/../maps/EllipseTests-fill-true.ser for 203 loops ...
cleanup (explicit Full GC): 2,086,715,960 / 2,111,092,624 bytes free.
1 threads and 203 loops per thread, time: 10523.236605 ms
EllipseTests-fill-true.ser                   	1	203	51.600	52.516	51.831	0.499	51.396	54.135	19.380	203	0.286


Loading drawing commands from file: /home/marlin/mapbench/bin/../maps/dc_boulder_2013-13-30-06-13-17.ser
Loaded DrawingCommands: DrawingCommands{width=1400, height=800, commands=4398}
drawing[dc_boulder_2013-13-30-06-13-17.ser][width = 1400, height = 800] ...
cleanup (explicit Full GC): 2,086,717,024 / 2,109,883,544 bytes free.
Initial test: 34.973612 ms.

Warming up with 2 threads and 90 loops on /home/marlin/mapbench/bin/../maps/dc_boulder_2013-13-30-06-13-17.ser
cleanup (explicit Full GC): 2,095,924,272 / 2,109,402,200 bytes free.
Warm up took 3675.187763 ms
dc_boulder_2013-13-30-06-13-17.ser           	2	180	18.025	33.240	20.405	5.656	17.982	43.356	55.478	180	1.000
cleanup (explicit Full GC): 2,071,419,824 / 2,109,399,128 bytes free.
Initial test: 17.878676 ms.
Testing file /home/marlin/mapbench/bin/../maps/dc_boulder_2013-13-30-06-13-17.ser for 588 loops ...
cleanup (explicit Full GC): 2,101,023,544 / 2,109,402,080 bytes free.
1 threads and 588 loops per thread, time: 10475.563716 ms
dc_boulder_2013-13-30-06-13-17.ser           	1	588	17.808	17.856	17.813	0.024	17.777	18.023	56.155	588	1.000


Loading drawing commands from file: /home/marlin/mapbench/bin/../maps/dc_boulder_2013-13-30-06-13-20.ser
Loaded DrawingCommands: DrawingCommands{width=1400, height=800, commands=2425}
drawing[dc_boulder_2013-13-30-06-13-20.ser][width = 1400, height = 800] ...
cleanup (explicit Full GC): 2,014,478,704 / 2,110,613,600 bytes free.
Initial test: 20.269654 ms.

Warming up with 2 threads and 155 loops on /home/marlin/mapbench/bin/../maps/dc_boulder_2013-13-30-06-13-20.ser
cleanup (explicit Full GC): 2,102,238,016 / 2,110,276,504 bytes free.
Warm up took 2777.435307 ms
dc_boulder_2013-13-30-06-13-20.ser           	2	310	8.454	14.744	8.954	1.726	8.432	17.507	118.290	310	2.000
cleanup (explicit Full GC): 2,075,085,992 / 2,110,271,480 bytes free.
Initial test: 8.441135 ms.
Testing file /home/marlin/mapbench/bin/../maps/dc_boulder_2013-13-30-06-13-20.ser for 1247 loops ...
cleanup (explicit Full GC): 2,101,895,896 / 2,110,276,512 bytes free.
1 threads and 1247 loops per thread, time: 10571.734017 ms
dc_boulder_2013-13-30-06-13-20.ser           	1	1247	8.421	8.972	8.477	0.170	8.402	9.533	118.745	1247	2.000


Loading drawing commands from file: /home/marlin/mapbench/bin/../maps/dc_shp_alllayers_2013-00-30-07-00-43.ser
Loaded DrawingCommands: DrawingCommands{width=1400, height=800, commands=568}
drawing[dc_shp_alllayers_2013-00-30-07-00-43.ser][width = 1400, height = 800] ...
cleanup (explicit Full GC): 2,006,977,552 / 2,111,109,752 bytes free.
Initial test: 4.884013 ms.

Warming up with 2 threads and 646 loops on /home/marlin/mapbench/bin/../maps/dc_shp_alllayers_2013-00-30-07-00-43.ser
cleanup (explicit Full GC): 2,102,734,168 / 2,110,802,720 bytes free.
Warm up took 6279.815612 ms
dc_shp_alllayers_2013-00-30-07-00-43.ser     	2	1292	4.857	4.873	4.859	0.011	4.842	5.055	205.873	1292	2.000
cleanup (explicit Full GC): 2,075,612,208 / 2,110,782,096 bytes free.
Initial test: 4.857785 ms.
Testing file /home/marlin/mapbench/bin/../maps/dc_shp_alllayers_2013-00-30-07-00-43.ser for 2166 loops ...
cleanup (explicit Full GC): 2,102,406,512 / 2,110,802,600 bytes free.
1 threads and 2166 loops per thread, time: 10508.100507 ms
dc_shp_alllayers_2013-00-30-07-00-43.ser     	1	2166	4.849	4.864	4.851	0.008	4.837	4.992	206.216	2166	2.000


Loading drawing commands from file: /home/marlin/mapbench/bin/../maps/dc_shp_alllayers_2013-00-30-07-00-47.ser
Loaded DrawingCommands: DrawingCommands{width=1400, height=800, commands=135213}
drawing[dc_shp_alllayers_2013-00-30-07-00-47.ser][width = 1400, height = 800] ...
cleanup (explicit Full GC): 1,966,792,584 / 2,072,040,136 bytes free.
Initial test: 175.269112 ms.

Warming up with 2 threads and 18 loops on /home/marlin/mapbench/bin/../maps/dc_shp_alllayers_2013-00-30-07-00-47.ser
cleanup (explicit Full GC): 2,047,833,480 / 2,067,789,056 bytes free.
Warm up took 6218.580793 ms
dc_shp_alllayers_2013-00-30-07-00-47.ser     	2	36	172.427	173.134	172.547	0.660	171.446	175.665	5.800	36	0.125
cleanup (explicit Full GC): 1,902,301,064 / 2,067,788,280 bytes free.
Initial test: 172.154911 ms.
Testing file /home/marlin/mapbench/bin/../maps/dc_shp_alllayers_2013-00-30-07-00-47.ser for 61 loops ...
cleanup (explicit Full GC): 2,044,278,400 / 2,067,788,928 bytes free.
1 threads and 61 loops per thread, time: 10505.043536 ms
dc_shp_alllayers_2013-00-30-07-00-47.ser     	1	61	171.960	173.046	172.122	0.676	171.382	175.943	5.815	61	0.125


Loading drawing commands from file: /home/marlin/mapbench/bin/../maps/dc_spearfish_2013-11-30-06-11-15.ser
Loaded DrawingCommands: DrawingCommands{width=512, height=359, commands=1232}
drawing[dc_spearfish_2013-11-30-06-11-15.ser][width = 512, height = 359] ...
cleanup (explicit Full GC): 1,793,135,848 / 2,111,023,240 bytes free.
Initial test: 11.419029 ms.

Warming up with 2 threads and 276 loops on /home/marlin/mapbench/bin/../maps/dc_spearfish_2013-11-30-06-11-15.ser
cleanup (explicit Full GC): 2,106,194,712 / 2,109,926,632 bytes free.
Warm up took 4970.564562 ms
dc_spearfish_2013-11-30-06-11-15.ser         	2	552	8.953	9.371	9.004	0.137	8.933	9.841	111.696	552	10.000
cleanup (explicit Full GC): 2,085,555,104 / 2,110,654,016 bytes free.
Initial test: 9.012111 ms.
Testing file /home/marlin/mapbench/bin/../maps/dc_spearfish_2013-11-30-06-11-15.ser for 1168 loops ...
cleanup (explicit Full GC): 2,105,825,488 / 2,110,663,040 bytes free.
1 threads and 1168 loops per thread, time: 10635.320163 ms
dc_spearfish_2013-11-30-06-11-15.ser         	1	1168	9.047	9.608	9.105	0.187	9.027	11.655	110.539	1168	10.000


Loading drawing commands from file: /home/marlin/mapbench/bin/../maps/dc_spearfish_2013-11-30-06-11-19.ser
Loaded DrawingCommands: DrawingCommands{width=512, height=359, commands=349}
drawing[dc_spearfish_2013-11-30-06-11-19.ser][width = 512, height = 359] ...
cleanup (explicit Full GC): 2,061,164,688 / 2,111,288,368 bytes free.
Initial test: 5.983935 ms.

Warming up with 2 threads and 527 loops on /home/marlin/mapbench/bin/../maps/dc_spearfish_2013-11-30-06-11-19.ser
cleanup (explicit Full GC): 2,106,459,840 / 2,110,978,144 bytes free.
Warm up took 5436.760261 ms
dc_spearfish_2013-11-30-06-11-19.ser         	2	1054	5.152	5.169	5.158	0.032	5.139	5.548	194.105	1054	10.000
cleanup (explicit Full GC): 2,094,982,160 / 2,110,961,096 bytes free.
Initial test: 5.168194 ms.
Testing file /home/marlin/mapbench/bin/../maps/dc_spearfish_2013-11-30-06-11-19.ser for 2036 loops ...
cleanup (explicit Full GC): 2,106,132,568 / 2,110,978,032 bytes free.
1 threads and 2036 loops per thread, time: 10508.513085 ms
dc_spearfish_2013-11-30-06-11-19.ser         	1	2036	5.160	5.173	5.161	0.008	5.148	5.288	193.814	2036	10.000


Loading drawing commands from file: /home/marlin/mapbench/bin/../maps/dc_topp:states_2013-11-30-06-11-06.ser
Loaded DrawingCommands: DrawingCommands{width=780, height=330, commands=119}
drawing[dc_topp:states_2013-11-30-06-11-06.ser][width = 780, height = 330] ...
cleanup (explicit Full GC): 2,083,814,592 / 2,111,267,680 bytes free.
Initial test: 7.986186 ms.

Warming up with 2 threads and 395 loops on /home/marlin/mapbench/bin/../maps/dc_topp:states_2013-11-30-06-11-06.ser
cleanup (explicit Full GC): 2,106,439,152 / 2,110,976,800 bytes free.
Warm up took 5269.9303 ms
dc_topp:states_2013-11-30-06-11-06.ser       	2	790	6.679	6.721	6.670	0.094	6.605	7.670	149.727	790	1.000
cleanup (explicit Full GC): 2,102,326,792 / 2,110,963,520 bytes free.
Initial test: 6.795877 ms.
Testing file /home/marlin/mapbench/bin/../maps/dc_topp:states_2013-11-30-06-11-06.ser for 1548 loops ...
cleanup (explicit Full GC): 2,106,134,992 / 2,110,976,232 bytes free.
1 threads and 1548 loops per thread, time: 10254.052721 ms
dc_topp:states_2013-11-30-06-11-06.ser       	1	1548	6.618	6.633	6.624	0.057	6.601	7.469	151.114	1548	1.000


Loading drawing commands from file: /home/marlin/mapbench/bin/../maps/dc_topp:states_2013-11-30-06-11-07.ser
Loaded DrawingCommands: DrawingCommands{width=780, height=330, commands=144}
drawing[dc_topp:states_2013-11-30-06-11-07.ser][width = 780, height = 330] ...
cleanup (explicit Full GC): 2,100,563,976 / 2,111,289,464 bytes free.
Initial test: 5.813399 ms.

Warming up with 2 threads and 543 loops on /home/marlin/mapbench/bin/../maps/dc_topp:states_2013-11-30-06-11-07.ser
cleanup (explicit Full GC): 2,106,460,936 / 2,110,990,136 bytes free.
Warm up took 6227.425775 ms
dc_topp:states_2013-11-30-06-11-07.ser       	2	1086	5.729	5.743	5.734	0.049	5.714	6.571	174.563	1086	1.000
cleanup (explicit Full GC): 2,102,340,128 / 2,110,972,688 bytes free.
Initial test: 5.739952 ms.
Testing file /home/marlin/mapbench/bin/../maps/dc_topp:states_2013-11-30-06-11-07.ser for 1833 loops ...
cleanup (explicit Full GC): 2,106,144,160 / 2,110,990,136 bytes free.
1 threads and 1833 loops per thread, time: 10514.557206 ms
dc_topp:states_2013-11-30-06-11-07.ser       	1	1833	5.731	5.744	5.736	0.053	5.714	6.591	174.505	1833	1.000


Loading drawing commands from file: /home/marlin/mapbench/bin/../maps/spiralTest-dash-false.ser
Loaded DrawingCommands: DrawingCommands{width=4096, height=4096, commands=1}
drawing[spiralTest-dash-false.ser][width = 4096, height = 4096] ...
cleanup (explicit Full GC): 2,091,097,472 / 2,103,878,872 bytes free.
Initial test: 71.116928 ms.

Warming up with 2 threads and 44 loops on /home/marlin/mapbench/bin/../maps/spiralTest-dash-false.ser
cleanup (explicit Full GC): 1,987,901,224 / 2,103,587,896 bytes free.
Warm up took 6152.695754 ms
spiralTest-dash-false.ser                    	2	88	68.786	71.630	69.784	1.352	68.617	74.561	14.538	88	0.100
cleanup (explicit Full GC): 1,914,917,680 / 2,103,586,192 bytes free.
Initial test: 68.27706 ms.
Testing file /home/marlin/mapbench/bin/../maps/spiralTest-dash-false.ser for 154 loops ...
cleanup (explicit Full GC): 1,983,834,896 / 2,103,587,464 bytes free.
1 threads and 154 loops per thread, time: 10677.90473 ms
spiralTest-dash-false.ser                    	1	154	69.144	69.984	69.299	0.651	69.043	75.068	14.462	154	0.100


Loading drawing commands from file: /home/marlin/mapbench/bin/../maps/spiralTest-fill.ser
Loaded DrawingCommands: DrawingCommands{width=4096, height=4096, commands=1}
drawing[spiralTest-fill.ser][width = 4096, height = 4096] ...
cleanup (explicit Full GC): 1,972,966,752 / 2,096,061,992 bytes free.
Initial test: 78.964678 ms.

Warming up with 2 threads and 39 loops on /home/marlin/mapbench/bin/../maps/spiralTest-fill.ser
cleanup (explicit Full GC): 2,023,447,144 / 2,095,742,608 bytes free.
Warm up took 6181.239916 ms
spiralTest-fill.ser                          	2	78	78.728	79.560	79.101	2.257	78.657	98.331	12.702	78	0.125
cleanup (explicit Full GC): 1,956,018,880 / 2,095,741,296 bytes free.
Initial test: 79.287492 ms.
Testing file /home/marlin/mapbench/bin/../maps/spiralTest-fill.ser for 132 loops ...
cleanup (explicit Full GC): 2,023,595,016 / 2,095,742,616 bytes free.
1 threads and 132 loops per thread, time: 10484.552351 ms
spiralTest-fill.ser                          	1	132	79.130	80.021	79.388	0.964	79.084	84.934	12.637	132	0.125


Loading drawing commands from file: /home/marlin/mapbench/bin/../maps/test_z_625k.ser
Loaded DrawingCommands: DrawingCommands{width=1272, height=1261, commands=23345}
drawing[test_z_625k.ser][width = 1272, height = 1261] ...
cleanup (explicit Full GC): 2,008,850,416 / 2,104,634,360 bytes free.
Initial test: 30.92464 ms.

Warming up with 2 threads and 102 loops on /home/marlin/mapbench/bin/../maps/test_z_625k.ser
cleanup (explicit Full GC): 2,088,993,192 / 2,103,508,008 bytes free.
Warm up took 5141.898337 ms
test_z_625k.ser                              	2	204	25.167	25.311	25.195	0.122	25.127	26.116	39.734	204	0.667
cleanup (explicit Full GC): 1,930,690,200 / 2,103,504,672 bytes free.
Initial test: 24.993679 ms.
Testing file /home/marlin/mapbench/bin/../maps/test_z_625k.ser for 421 loops ...
cleanup (explicit Full GC): 2,090,700,088 / 2,103,508,008 bytes free.
1 threads and 421 loops per thread, time: 10518.840145 ms
test_z_625k.ser                              	1	421	24.928	25.060	24.981	0.673	24.884	38.631	40.116	421	0.667


WARMUP results:
Test                                         	Threads	Ops	Med	Pct95	Avg	StdDev	Min	Max	FPS(med)	TotalOps	Scale	[ms/op]
<<< Calib 1
[calibration]                                	1	3000	0.490	0.504	0.494	0.066	0.489	4.008	2039.584	3000	1.000
>>> Calib 1
<<< Warmup 1
CircleTests.ser                              	1	80	9.112	16.522	12.358	10.318	8.958	100.259	109.740	80	2.000
>>> Warmup 1
<<< Warmup 2
CircleTests.ser                              	1	160	8.967	9.028	8.989	0.116	8.956	10.122	111.518	160	2.000
>>> Warmup 2
CircleTests.ser                              	2	694	9.021	9.154	9.036	0.069	9.002	9.876	110.849	694	2.000
EllipseTests-fill-false.ser                  	2	108	36.099	37.101	36.352	0.503	35.952	38.932	27.702	108	0.500
EllipseTests-fill-true.ser                   	2	62	51.827	52.903	51.917	0.480	51.354	53.438	19.295	62	0.286
dc_boulder_2013-13-30-06-13-17.ser           	2	180	18.025	33.240	20.405	5.656	17.982	43.356	55.478	180	1.000
dc_boulder_2013-13-30-06-13-20.ser           	2	310	8.454	14.744	8.954	1.726	8.432	17.507	118.290	310	2.000
dc_shp_alllayers_2013-00-30-07-00-43.ser     	2	1292	4.857	4.873	4.859	0.011	4.842	5.055	205.873	1292	2.000
dc_shp_alllayers_2013-00-30-07-00-47.ser     	2	36	172.427	173.134	172.547	0.660	171.446	175.665	5.800	36	0.125
dc_spearfish_2013-11-30-06-11-15.ser         	2	552	8.953	9.371	9.004	0.137	8.933	9.841	111.696	552	10.000
dc_spearfish_2013-11-30-06-11-19.ser         	2	1054	5.152	5.169	5.158	0.032	5.139	5.548	194.105	1054	10.000
dc_topp:states_2013-11-30-06-11-06.ser       	2	790	6.679	6.721	6.670	0.094	6.605	7.670	149.727	790	1.000
dc_topp:states_2013-11-30-06-11-07.ser       	2	1086	5.729	5.743	5.734	0.049	5.714	6.571	174.563	1086	1.000
spiralTest-dash-false.ser                    	2	88	68.786	71.630	69.784	1.352	68.617	74.561	14.538	88	0.100
spiralTest-fill.ser                          	2	78	78.728	79.560	79.101	2.257	78.657	98.331	12.702	78	0.125
test_z_625k.ser                              	2	204	25.167	25.311	25.195	0.122	25.127	26.116	39.734	204	0.667

TEST results:
Test                                         	Threads	Ops	Med	Pct95	Avg	StdDev	Min	Max	FPS(med)	TotalOps	Scale	[ms/op]
CircleTests.ser                              	1	1154	9.020	9.054	9.031	0.069	9.003	9.938	110.868	1154	2.000
EllipseTests-fill-false.ser                  	1	290	36.041	36.796	36.249	0.430	35.966	38.727	27.746	290	0.500
EllipseTests-fill-true.ser                   	1	203	51.600	52.516	51.831	0.499	51.396	54.135	19.380	203	0.286
dc_boulder_2013-13-30-06-13-17.ser           	1	588	17.808	17.856	17.813	0.024	17.777	18.023	56.155	588	1.000
dc_boulder_2013-13-30-06-13-20.ser           	1	1247	8.421	8.972	8.477	0.170	8.402	9.533	118.745	1247	2.000
dc_shp_alllayers_2013-00-30-07-00-43.ser     	1	2166	4.849	4.864	4.851	0.008	4.837	4.992	206.216	2166	2.000
dc_shp_alllayers_2013-00-30-07-00-47.ser     	1	61	171.960	173.046	172.122	0.676	171.382	175.943	5.815	61	0.125
dc_spearfish_2013-11-30-06-11-15.ser         	1	1168	9.047	9.608	9.105	0.187	9.027	11.655	110.539	1168	10.000
dc_spearfish_2013-11-30-06-11-19.ser         	1	2036	5.160	5.173	5.161	0.008	5.148	5.288	193.814	2036	10.000
dc_topp:states_2013-11-30-06-11-06.ser       	1	1548	6.618	6.633	6.624	0.057	6.601	7.469	151.114	1548	1.000
dc_topp:states_2013-11-30-06-11-07.ser       	1	1833	5.731	5.744	5.736	0.053	5.714	6.591	174.505	1833	1.000
spiralTest-dash-false.ser                    	1	154	69.144	69.984	69.299	0.651	69.043	75.068	14.462	154	0.100
spiralTest-fill.ser                          	1	132	79.130	80.021	79.388	0.964	79.084	84.934	12.637	132	0.125
test_z_625k.ser                              	1	421	24.928	25.060	24.981	0.673	24.884	38.631	40.116	421	0.667

Scores:
Tests	14	14	
Threads	1	1	
Med	21.749	21.749	
Pct95	22.326	22.326	
FPS	88.722	88.722	
