
date:
dimanche 28 janvier 2018, 10:46:17 (UTC+0100)
CLASSPATH:   ../lib/mapbench-0.4.0.jar
Boot CP:     -Xbootclasspath/p:../lib/marlin-0.9.1-Unsafe-sun-java2d.jar -Xbootclasspath/a:../lib/marlin-0.9.1-Unsafe.jar
Java opts:   -Dsun.java2d.renderer.doStats=false -Dsun.java2d.renderer.enableRLE=true -Dsun.java2d.renderer.forceRLE=false -Dsun.java2d.renderer.forceNoRLE=false -Dsun.java2d.renderer.useTileFlags=true -Dsun.java2d.renderer.useTileFlags.useHeuristics=true -Dsun.java2d.renderer.blockSize_log2=5 -Dsun.java2d.renderer.rleMinWidth=64 -Dsun.java2d.renderer.clip=true -Dsun.java2d.renderer.log=true -Dsun.java2d.renderer.logCreateContext=false -Dsun.java2d.renderer.logUnsafeMalloc=false -Dsun.java2d.renderer.clip.curves= -Dsun.java2d.renderer.subPixel_log2_X=8 -Dsun.java2d.renderer.subPixel_log2_Y=3 -Dsun.java2d.renderer.useThreadLocal=true -Dsun.java2d.renderer.useSimplifier=false -Dsun.java2d.renderer.useRef=soft -Dsun.java2d.renderer.pixelWidth=4096 -Dsun.java2d.renderer.pixelHeight=2176 -Dsun.java2d.renderer.tileSize_log2=6 -Dsun.java2d.renderer.tileWidth_log2=7 -Dsun.java2d.renderer=org.marlin.pisces.DMarlinRenderingEngine -Dsun.java2d.renderer.usePathSimplifier=false -Dsun.java2d.renderer.pathSimplifier.pixTol=0.125 -Dsun.java2d.renderer.clip.subdivider=true -Dsun.java2d.renderer.clip.subdivider.minLength=100.0 -Dsun.java2d.renderer.cubic_dec_d2=2.5 -Dsun.java2d.renderer.cubic_inc_d1=0.5 -Dsun.java2d.renderer.quad_dec_d2=1.0 -DMapBench.skipDraw=false -DMapBench.skipFill=false -DMapBench.clip.small=true -DMapBench.qualityMode=true -DMapBench.premultiplied=true -DMapBench.acceleration=false -DMapBench.volatile=false -server
Java tuning:  -Xms2g  -Xmx2g -XX:+UseConcMarkSweepGC
JVM path
/home/bourgesl/apps/jdk1.8.0//bin//java
Java version
java version "1.8.0_152"
Java(TM) SE Runtime Environment (build 1.8.0_152-b16)
Java HotSpot(TM) 64-Bit Server VM (build 25.152-b16, mixed mode)
##############################################################
# Java: 1.8.0_152-b16
#   VM: Java HotSpot(TM) 64-Bit Server VM 25.152-b16 (mixed mode)
#   OS: Linux 4.10.0-42-generic (amd64)
# CPUs: 4 (virtual)
##############################################################
INFO: ===============================================================================
INFO: Marlin software rasterizer           = ENABLED
INFO: Version                              = [marlin-0.9.1-Unsafe]
INFO: sun.java2d.renderer                  = org.marlin.pisces.MarlinRenderingEngine
INFO: sun.java2d.renderer.useThreadLocal   = true
INFO: sun.java2d.renderer.useRef           = soft
INFO: sun.java2d.renderer.edges            = 4096
INFO: sun.java2d.renderer.pixelWidth       = 4096
INFO: sun.java2d.renderer.pixelHeight      = 2176
INFO: sun.java2d.renderer.subPixel_log2_X  = 8
INFO: sun.java2d.renderer.subPixel_log2_Y  = 3
INFO: sun.java2d.renderer.tileSize_log2    = 6
INFO: sun.java2d.renderer.tileWidth_log2   = 7
INFO: sun.java2d.renderer.blockSize_log2   = 5
INFO: sun.java2d.renderer.forceRLE         = false
INFO: sun.java2d.renderer.forceNoRLE       = false
INFO: sun.java2d.renderer.useTileFlags     = true
INFO: sun.java2d.renderer.useTileFlags.useHeuristics = true
INFO: sun.java2d.renderer.rleMinWidth      = 64
INFO: sun.java2d.renderer.useSimplifier    = false
INFO: sun.java2d.renderer.usePathSimplifier= false
INFO: sun.java2d.renderer.pathSimplifier.pixTol = 0.125
INFO: sun.java2d.renderer.clip             = true
INFO: sun.java2d.renderer.clip.runtime.enable = false
INFO: sun.java2d.renderer.doStats          = false
INFO: sun.java2d.renderer.doMonitors       = false
INFO: sun.java2d.renderer.doChecks         = false
INFO: sun.java2d.renderer.useLogger        = false
INFO: sun.java2d.renderer.logCreateContext = false
INFO: sun.java2d.renderer.logUnsafeMalloc  = false
INFO: sun.java2d.renderer.cubic_dec_d2     = 2.5
INFO: sun.java2d.renderer.cubic_inc_d1     = 0.5
INFO: sun.java2d.renderer.quad_dec_d2      = 1.0
INFO: Renderer settings:
INFO: CUB_DEC_BND  = 640.0
INFO: CUB_INC_BND  = 128.0
INFO: QUAD_DEC_BND = 256.0
INFO: INITIAL_EDGES_CAPACITY               = 98304
INFO: INITIAL_CROSSING_COUNT               = 1024
INFO: ===============================================================================
INFO: ===============================================================================
INFO: Marlin software rasterizer           = ENABLED
INFO: Version                              = [marlin-0.9.1-Unsafe]
INFO: sun.java2d.renderer                  = org.marlin.pisces.DMarlinRenderingEngine
INFO: sun.java2d.renderer.useThreadLocal   = true
INFO: sun.java2d.renderer.useRef           = soft
INFO: sun.java2d.renderer.edges            = 4096
INFO: sun.java2d.renderer.pixelWidth       = 4096
INFO: sun.java2d.renderer.pixelHeight      = 2176
INFO: sun.java2d.renderer.subPixel_log2_X  = 8
INFO: sun.java2d.renderer.subPixel_log2_Y  = 3
INFO: sun.java2d.renderer.tileSize_log2    = 6
INFO: sun.java2d.renderer.tileWidth_log2   = 7
INFO: sun.java2d.renderer.blockSize_log2   = 5
INFO: sun.java2d.renderer.forceRLE         = false
INFO: sun.java2d.renderer.forceNoRLE       = false
INFO: sun.java2d.renderer.useTileFlags     = true
INFO: sun.java2d.renderer.useTileFlags.useHeuristics = true
INFO: sun.java2d.renderer.rleMinWidth      = 64
INFO: sun.java2d.renderer.useSimplifier    = false
INFO: sun.java2d.renderer.usePathSimplifier= false
INFO: sun.java2d.renderer.pathSimplifier.pixTol = 0.125
INFO: sun.java2d.renderer.clip             = true
INFO: sun.java2d.renderer.clip.runtime.enable = false
INFO: sun.java2d.renderer.clip.subdivider  = true
INFO: sun.java2d.renderer.clip.subdivider.minLength = 100.0
INFO: sun.java2d.renderer.doStats          = false
INFO: sun.java2d.renderer.doMonitors       = false
INFO: sun.java2d.renderer.doChecks         = false
INFO: sun.java2d.renderer.useLogger        = false
INFO: sun.java2d.renderer.logCreateContext = false
INFO: sun.java2d.renderer.logUnsafeMalloc  = false
INFO: sun.java2d.renderer.cubic_dec_d2     = 2.5
INFO: sun.java2d.renderer.cubic_inc_d1     = 0.5
INFO: sun.java2d.renderer.quad_dec_d2      = 1.0
INFO: Renderer settings:
QUAD_DEC_BND: 256.0
CUB_DEC_BND: 640.0
CUB_INC_BND: 128.0
INFO: CUB_DEC_BND  = 640.0
INFO: CUB_INC_BND  = 128.0
INFO: QUAD_DEC_BND = 256.0
INFO: INITIAL_EDGES_CAPACITY               = 98304
INFO: INITIAL_CROSSING_COUNT               = 1024
INFO: ===============================================================================
# Renderer: DMarlinRenderingEngine 
# Quality mode: QUALITY...
# Filter shape on size: DISABLED...
# skipDraw: false 
# skipFill: false 
# useClipSmall: true 
# Using BufferedImage INT_ARGB_PRE...
##############################################################
profileName: shared_1T
Loading profile file: /home/marlin/mapbench/bin/../profiles/shared_1T.properties
Loading scale file: /home/marlin/mapbench/bin/../profiles/mapbench-scales.properties
Profile properties (merged with defaults):
  dashLength=3.0
  doClip=false
  doCreateStrokedShape=false
  doRotate=false
  doScale=false
  doShear=false
  doTranslate=false
  doUseDashedStroke=false
  doUseGradient=false
  doUseTexture=false
  doUseWingRuleEvenOdd=false
  doUseWingRuleNonZero=false
  imageX=NaN
  imageY=NaN
  iteration=1
  maxThreads=1
  minDuration=10000.0
  minLoops=10
  pass=1
  rotateAngle=17.333
  scaleX=0.1
  scaleY=0.1
  shearX=2.0
  shearY=2.0
  translateX=0.0
  translateY=0.0
  useSharedImage=true
  warmupLoopsMin=80
### Test Scales:
  spiralTest-fill.ser=800
  CircleTests.ser=50
  EllipseTests-fill-false.ser=200
  dc_spearfish_2013-11-30-06-11-15.ser=10
  spiralTest-dash-false.ser=1000
  dc_topp=states_2013-11-30-06-11-07.ser=10
  dc_shp_alllayers_2013-00-30-07-00-43.ser=50
  test_z_150k.ser=150
  test_z_625k.ser=150
  test_z_300k.ser=150
  test_z_5M.ser=50
  EllipseTests-fill-true.ser=350
  dc_boulder_2013-13-30-06-13-20.ser=50
  dc_boulder_2013-13-30-06-13-17.ser=100
  test_z_1.25M.ser=150
  dc_spearfish_2013-11-30-06-11-19.ser=10
  dc_shp_alllayers_2013-00-30-07-00-47.ser=800
##############################################################
# Min duration per test = 10000.0 ms.
##############################################################
Loading maps from = /home/marlin/mapbench/bin/../maps
Results format: 
Test                                         	Threads	Ops	Med	Pct95	Avg	StdDev	Min	Max	FPS(med)	TotalOps	Scale	[ms/op]

Calibrating up with 1 threads and 3000 loops
cleanup (explicit Full GC): 2,101,451,128 / 2,106,070,528 bytes free.
Calibration up took 1524.73604 ms
[calibration]                                	1	3000	0.490	0.505	0.494	0.064	0.489	3.915	2039.023	3000	1.000
Loading drawing commands from file: /home/marlin/mapbench/bin/../maps/CircleTests.ser
Loaded DrawingCommands: DrawingCommands{width=2048, height=2048, commands=2001}
drawing[CircleTests.ser][width = 2048, height = 2048] ...

Warming up with 1 threads and 80 loops on /home/marlin/mapbench/bin/../maps/CircleTests.ser
cleanup (explicit Full GC): 2,097,694,976 / 2,108,154,144 bytes free.
INFO: AAShapePipe: overriding JDK implementation: marlin-renderer TILE patch enabled.
Warm up took 910.502923 ms
CircleTests.ser                              	1	80	8.644	16.311	11.326	10.898	8.614	105.097	115.682	80	2.000

Warming up with 1 threads and 160 loops on /home/marlin/mapbench/bin/../maps/CircleTests.ser
cleanup (explicit Full GC): 2,071,833,960 / 2,110,556,008 bytes free.
Warm up took 1381.083518 ms
CircleTests.ser                              	1	160	8.613	8.645	8.618	0.026	8.598	8.874	116.103	160	2.000
cleanup (explicit Full GC): 2,077,027,600 / 2,110,554,728 bytes free.
Initial test: 8.701424 ms.

Warming up with 2 threads and 362 loops on /home/marlin/mapbench/bin/../maps/CircleTests.ser
cleanup (explicit Full GC): 2,085,401,912 / 2,110,557,064 bytes free.
Warm up took 6255.803726 ms
CircleTests.ser                              	2	724	8.626	8.672	8.636	0.051	8.613	9.619	115.935	724	2.000
cleanup (explicit Full GC): 2,012,789,808 / 2,110,545,296 bytes free.
Initial test: 8.741202 ms.
Testing file /home/marlin/mapbench/bin/../maps/CircleTests.ser for 1204 loops ...
cleanup (explicit Full GC): 2,085,392,480 / 2,110,556,760 bytes free.
1 threads and 1204 loops per thread, time: 10501.702865 ms
CircleTests.ser                              	1	1204	8.699	9.061	8.720	0.159	8.607	10.689	114.957	1204	2.000


Loading drawing commands from file: /home/marlin/mapbench/bin/../maps/EllipseTests-fill-false.ser
Loaded DrawingCommands: DrawingCommands{width=2000, height=2000, commands=198}
drawing[EllipseTests-fill-false.ser][width = 2000, height = 2000] ...
cleanup (explicit Full GC): 2,010,023,616 / 2,111,290,208 bytes free.
Initial test: 40.41307 ms.

Warming up with 2 threads and 78 loops on /home/marlin/mapbench/bin/../maps/EllipseTests-fill-false.ser
cleanup (explicit Full GC): 2,087,845,224 / 2,110,610,072 bytes free.
Warm up took 2523.691432 ms
EllipseTests-fill-false.ser                  	2	156	15.769	16.491	16.158	2.404	15.704	37.935	63.417	156	0.500
cleanup (explicit Full GC): 2,071,165,072 / 2,110,607,496 bytes free.
Initial test: 15.79216 ms.
Testing file /home/marlin/mapbench/bin/../maps/EllipseTests-fill-false.ser for 666 loops ...
cleanup (explicit Full GC): 2,087,162,512 / 2,110,610,064 bytes free.
1 threads and 666 loops per thread, time: 10505.558263 ms
EllipseTests-fill-false.ser                  	1	666	15.768	15.798	15.772	0.018	15.749	16.006	63.418	666	0.500


Loading drawing commands from file: /home/marlin/mapbench/bin/../maps/EllipseTests-fill-true.ser
Loaded DrawingCommands: DrawingCommands{width=2000, height=2000, commands=198}
drawing[EllipseTests-fill-true.ser][width = 2000, height = 2000] ...
cleanup (explicit Full GC): 2,077,858,896 / 2,110,937,856 bytes free.
Initial test: 90.247107 ms.

Warming up with 2 threads and 34 loops on /home/marlin/mapbench/bin/../maps/EllipseTests-fill-true.ser
cleanup (explicit Full GC): 2,086,562,256 / 2,110,608,696 bytes free.
Warm up took 3540.55233 ms
EllipseTests-fill-true.ser                   	2	68	51.772	54.694	52.021	0.926	51.283	55.069	19.315	68	0.286
cleanup (explicit Full GC): 2,070,233,080 / 2,110,607,544 bytes free.
Initial test: 52.270919 ms.
Testing file /home/marlin/mapbench/bin/../maps/EllipseTests-fill-true.ser for 201 loops ...
cleanup (explicit Full GC): 2,086,231,944 / 2,110,608,704 bytes free.
1 threads and 201 loops per thread, time: 10434.643433 ms
EllipseTests-fill-true.ser                   	1	201	51.696	52.542	51.905	0.729	51.325	55.663	19.344	201	0.286


Loading drawing commands from file: /home/marlin/mapbench/bin/../maps/dc_boulder_2013-13-30-06-13-17.ser
Loaded DrawingCommands: DrawingCommands{width=1400, height=800, commands=4398}
drawing[dc_boulder_2013-13-30-06-13-17.ser][width = 1400, height = 800] ...
cleanup (explicit Full GC): 2,086,233,104 / 2,109,419,536 bytes free.
Initial test: 37.850481 ms.

Warming up with 2 threads and 83 loops on /home/marlin/mapbench/bin/../maps/dc_boulder_2013-13-30-06-13-17.ser
cleanup (explicit Full GC): 2,095,460,264 / 2,104,436,472 bytes free.
Warm up took 3157.375249 ms
dc_boulder_2013-13-30-06-13-17.ser           	2	166	17.217	32.552	19.008	5.209	17.178	42.118	58.081	166	1.000
cleanup (explicit Full GC): 2,069,245,960 / 2,108,915,312 bytes free.
Initial test: 17.271967 ms.
Testing file /home/marlin/mapbench/bin/../maps/dc_boulder_2013-13-30-06-13-17.ser for 609 loops ...
cleanup (explicit Full GC): 2,100,539,728 / 2,108,918,160 bytes free.
1 threads and 609 loops per thread, time: 10485.888127 ms
dc_boulder_2013-13-30-06-13-17.ser           	1	609	17.207	17.263	17.215	0.030	17.172	17.377	58.114	609	1.000


Loading drawing commands from file: /home/marlin/mapbench/bin/../maps/dc_boulder_2013-13-30-06-13-20.ser
Loaded DrawingCommands: DrawingCommands{width=1400, height=800, commands=2425}
drawing[dc_boulder_2013-13-30-06-13-20.ser][width = 1400, height = 800] ...
cleanup (explicit Full GC): 2,008,411,056 / 2,110,148,784 bytes free.
Initial test: 63.169543 ms.

Warming up with 2 threads and 49 loops on /home/marlin/mapbench/bin/../maps/dc_boulder_2013-13-30-06-13-20.ser
cleanup (explicit Full GC): 2,101,773,200 / 2,109,792,584 bytes free.
Warm up took 825.567661 ms
dc_boulder_2013-13-30-06-13-20.ser           	2	98	8.391	8.471	8.408	0.061	8.370	8.906	119.180	98	2.000
cleanup (explicit Full GC): 2,091,353,256 / 2,109,790,960 bytes free.
Initial test: 8.41264 ms.
Testing file /home/marlin/mapbench/bin/../maps/dc_boulder_2013-13-30-06-13-20.ser for 1251 loops ...
cleanup (explicit Full GC): 2,101,415,376 / 2,109,792,600 bytes free.
1 threads and 1251 loops per thread, time: 10494.165061 ms
dc_boulder_2013-13-30-06-13-20.ser           	1	1251	8.384	8.408	8.387	0.018	8.366	8.562	119.272	1251	2.000


Loading drawing commands from file: /home/marlin/mapbench/bin/../maps/dc_shp_alllayers_2013-00-30-07-00-43.ser
Loaded DrawingCommands: DrawingCommands{width=1400, height=800, commands=568}
drawing[dc_shp_alllayers_2013-00-30-07-00-43.ser][width = 1400, height = 800] ...
cleanup (explicit Full GC): 2,006,493,640 / 2,110,644,368 bytes free.
Initial test: 4.920347 ms.

Warming up with 2 threads and 641 loops on /home/marlin/mapbench/bin/../maps/dc_shp_alllayers_2013-00-30-07-00-43.ser
cleanup (explicit Full GC): 2,102,268,784 / 2,110,318,800 bytes free.
Warm up took 6277.12646 ms
dc_shp_alllayers_2013-00-30-07-00-43.ser     	2	1282	4.890	4.906	4.895	0.055	4.878	5.850	204.507	1282	2.000
cleanup (explicit Full GC): 2,075,128,288 / 2,110,298,096 bytes free.
Initial test: 5.033684 ms.
Testing file /home/marlin/mapbench/bin/../maps/dc_shp_alllayers_2013-00-30-07-00-43.ser for 2091 loops ...
cleanup (explicit Full GC): 2,101,922,512 / 2,110,318,680 bytes free.
1 threads and 2091 loops per thread, time: 10275.617089 ms
dc_shp_alllayers_2013-00-30-07-00-43.ser     	1	2091	4.911	4.927	4.914	0.025	4.898	5.916	203.611	2091	2.000


Loading drawing commands from file: /home/marlin/mapbench/bin/../maps/dc_shp_alllayers_2013-00-30-07-00-47.ser
Loaded DrawingCommands: DrawingCommands{width=1400, height=800, commands=135213}
drawing[dc_shp_alllayers_2013-00-30-07-00-47.ser][width = 1400, height = 800] ...
cleanup (explicit Full GC): 1,969,100,744 / 2,071,574,736 bytes free.
Initial test: 172.813528 ms.

Warming up with 2 threads and 18 loops on /home/marlin/mapbench/bin/../maps/dc_shp_alllayers_2013-00-30-07-00-47.ser
cleanup (explicit Full GC): 2,047,331,072 / 2,067,305,016 bytes free.
Warm up took 6211.274732 ms
dc_shp_alllayers_2013-00-30-07-00-47.ser     	2	36	172.176	173.089	172.347	0.645	171.563	175.318	5.808	36	0.125
cleanup (explicit Full GC): 1,901,780,016 / 2,067,304,360 bytes free.
Initial test: 170.506915 ms.
Testing file /home/marlin/mapbench/bin/../maps/dc_shp_alllayers_2013-00-30-07-00-47.ser for 61 loops ...
cleanup (explicit Full GC): 2,043,772,776 / 2,067,304,728 bytes free.
1 threads and 61 loops per thread, time: 10410.108512 ms
dc_shp_alllayers_2013-00-30-07-00-47.ser     	1	61	170.497	170.816	170.565	0.159	170.310	170.934	5.865	61	0.125


Loading drawing commands from file: /home/marlin/mapbench/bin/../maps/dc_spearfish_2013-11-30-06-11-15.ser
Loaded DrawingCommands: DrawingCommands{width=512, height=359, commands=1232}
drawing[dc_spearfish_2013-11-30-06-11-15.ser][width = 512, height = 359] ...
cleanup (explicit Full GC): 1,792,666,736 / 2,110,557,640 bytes free.
Initial test: 12.189253 ms.

Warming up with 2 threads and 259 loops on /home/marlin/mapbench/bin/../maps/dc_spearfish_2013-11-30-06-11-15.ser
cleanup (explicit Full GC): 2,105,713,480 / 2,110,179,472 bytes free.
Warm up took 4690.909859 ms
dc_spearfish_2013-11-30-06-11-15.ser         	2	518	9.006	9.475	9.054	0.193	8.906	10.609	111.034	518	10.000
cleanup (explicit Full GC): 2,080,208,624 / 2,110,170,272 bytes free.
Initial test: 9.110917 ms.
Testing file /home/marlin/mapbench/bin/../maps/dc_spearfish_2013-11-30-06-11-15.ser for 1155 loops ...
cleanup (explicit Full GC): 2,105,326,112 / 2,110,178,632 bytes free.
1 threads and 1155 loops per thread, time: 10453.188197 ms
dc_spearfish_2013-11-30-06-11-15.ser         	1	1155	9.006	9.548	9.050	0.348	8.911	19.232	111.036	1155	10.000


Loading drawing commands from file: /home/marlin/mapbench/bin/../maps/dc_spearfish_2013-11-30-06-11-19.ser
Loaded DrawingCommands: DrawingCommands{width=512, height=359, commands=349}
drawing[dc_spearfish_2013-11-30-06-11-19.ser][width = 512, height = 359] ...
cleanup (explicit Full GC): 2,060,664,648 / 2,110,823,048 bytes free.
Initial test: 6.039235 ms.

Warming up with 2 threads and 522 loops on /home/marlin/mapbench/bin/../maps/dc_spearfish_2013-11-30-06-11-19.ser
cleanup (explicit Full GC): 2,105,978,888 / 2,110,493,616 bytes free.
Warm up took 5353.333552 ms
dc_spearfish_2013-11-30-06-11-19.ser         	2	1044	5.121	5.139	5.127	0.032	5.108	5.487	195.272	1044	10.000
cleanup (explicit Full GC): 2,094,482,000 / 2,109,731,480 bytes free.
Initial test: 5.128659 ms.
Testing file /home/marlin/mapbench/bin/../maps/dc_spearfish_2013-11-30-06-11-19.ser for 2052 loops ...
cleanup (explicit Full GC): 2,104,887,320 / 2,110,493,504 bytes free.
1 threads and 2052 loops per thread, time: 10524.829271 ms
dc_spearfish_2013-11-30-06-11-19.ser         	1	2052	5.119	5.130	5.129	0.083	5.106	6.383	195.333	2052	10.000


Loading drawing commands from file: /home/marlin/mapbench/bin/../maps/dc_topp:states_2013-11-30-06-11-06.ser
Loaded DrawingCommands: DrawingCommands{width=780, height=330, commands=119}
drawing[dc_topp:states_2013-11-30-06-11-06.ser][width = 780, height = 330] ...
cleanup (explicit Full GC): 2,083,314,432 / 2,110,802,896 bytes free.
Initial test: 7.762056 ms.

Warming up with 2 threads and 406 loops on /home/marlin/mapbench/bin/../maps/dc_topp:states_2013-11-30-06-11-06.ser
cleanup (explicit Full GC): 2,105,958,736 / 2,110,492,392 bytes free.
Warm up took 5413.60292 ms
dc_topp:states_2013-11-30-06-11-06.ser       	2	812	6.642	6.663	6.666	0.145	6.627	7.749	150.554	812	1.000
cleanup (explicit Full GC): 2,101,826,752 / 2,110,478,760 bytes free.
Initial test: 6.656389 ms.
Testing file /home/marlin/mapbench/bin/../maps/dc_topp:states_2013-11-30-06-11-06.ser for 1581 loops ...
cleanup (explicit Full GC): 2,105,634,600 / 2,110,491,824 bytes free.
1 threads and 1581 loops per thread, time: 10524.179113 ms
dc_topp:states_2013-11-30-06-11-06.ser       	1	1581	6.655	6.669	6.656	0.008	6.638	6.791	150.263	1581	1.000


Loading drawing commands from file: /home/marlin/mapbench/bin/../maps/dc_topp:states_2013-11-30-06-11-07.ser
Loaded DrawingCommands: DrawingCommands{width=780, height=330, commands=144}
drawing[dc_topp:states_2013-11-30-06-11-07.ser][width = 780, height = 330] ...
cleanup (explicit Full GC): 2,100,063,936 / 2,110,823,376 bytes free.
Initial test: 6.046283 ms.

Warming up with 2 threads and 522 loops on /home/marlin/mapbench/bin/../maps/dc_topp:states_2013-11-30-06-11-07.ser
cleanup (explicit Full GC): 2,105,979,216 / 2,110,505,728 bytes free.
Warm up took 6039.014872 ms
dc_topp:states_2013-11-30-06-11-07.ser       	2	1044	5.751	5.829	5.784	0.333	5.734	15.426	173.874	1044	1.000
cleanup (explicit Full GC): 2,101,840,088 / 2,110,488,952 bytes free.
Initial test: 5.967944 ms.
Testing file /home/marlin/mapbench/bin/../maps/dc_topp:states_2013-11-30-06-11-07.ser for 1763 loops ...
cleanup (explicit Full GC): 2,105,644,792 / 2,110,505,728 bytes free.
1 threads and 1763 loops per thread, time: 10236.065816 ms
dc_topp:states_2013-11-30-06-11-07.ser       	1	1763	5.750	6.049	5.805	0.107	5.729	6.764	173.906	1763	1.000


Loading drawing commands from file: /home/marlin/mapbench/bin/../maps/spiralTest-dash-false.ser
Loaded DrawingCommands: DrawingCommands{width=4096, height=4096, commands=1}
drawing[spiralTest-dash-false.ser][width = 4096, height = 4096] ...
cleanup (explicit Full GC): 2,093,389,296 / 2,103,414,184 bytes free.
Initial test: 71.038952 ms.

Warming up with 2 threads and 44 loops on /home/marlin/mapbench/bin/../maps/spiralTest-dash-false.ser
cleanup (explicit Full GC): 1,987,420,904 / 2,103,103,368 bytes free.
Warm up took 6046.143321 ms
spiralTest-dash-false.ser                    	2	88	67.789	70.498	68.584	1.309	67.401	73.397	14.752	88	0.100
cleanup (explicit Full GC): 1,914,417,520 / 2,103,101,784 bytes free.
Initial test: 68.253499 ms.
Testing file /home/marlin/mapbench/bin/../maps/spiralTest-dash-false.ser for 154 loops ...
cleanup (explicit Full GC): 1,986,132,344 / 2,103,103,264 bytes free.
1 threads and 154 loops per thread, time: 10421.023533 ms
spiralTest-dash-false.ser                    	1	154	67.395	68.353	67.633	0.776	67.327	73.364	14.838	154	0.100


Loading drawing commands from file: /home/marlin/mapbench/bin/../maps/spiralTest-fill.ser
Loaded DrawingCommands: DrawingCommands{width=4096, height=4096, commands=1}
drawing[spiralTest-fill.ser][width = 4096, height = 4096] ...
cleanup (explicit Full GC): 1,969,680,696 / 2,095,594,952 bytes free.
Initial test: 79.506813 ms.

Warming up with 2 threads and 39 loops on /home/marlin/mapbench/bin/../maps/spiralTest-fill.ser
cleanup (explicit Full GC): 2,022,970,056 / 2,095,258,248 bytes free.
Warm up took 6162.288811 ms
spiralTest-fill.ser                          	2	78	78.670	79.617	78.865	0.893	78.590	84.080	12.711	78	0.125
cleanup (explicit Full GC): 1,952,732,616 / 2,095,256,584 bytes free.
Initial test: 78.827847 ms.
Testing file /home/marlin/mapbench/bin/../maps/spiralTest-fill.ser for 133 loops ...
cleanup (explicit Full GC): 2,023,140,680 / 2,095,257,904 bytes free.
1 threads and 133 loops per thread, time: 10488.394242 ms
spiralTest-fill.ser                          	1	133	78.642	78.895	78.819	0.850	78.581	84.029	12.716	133	0.125


Loading drawing commands from file: /home/marlin/mapbench/bin/../maps/test_z_625k.ser
Loaded DrawingCommands: DrawingCommands{width=1272, height=1261, commands=23345}
drawing[test_z_625k.ser][width = 1272, height = 1261] ...
cleanup (explicit Full GC): 2,008,292,240 / 2,104,167,792 bytes free.
Initial test: 31.572116 ms.

Warming up with 2 threads and 100 loops on /home/marlin/mapbench/bin/../maps/test_z_625k.ser
cleanup (explicit Full GC): 2,088,557,000 / 2,103,023,296 bytes free.
Warm up took 5010.702106 ms
test_z_625k.ser                              	2	200	24.886	25.653	25.042	0.325	24.707	26.562	40.184	200	0.667
cleanup (explicit Full GC): 1,933,027,728 / 2,103,020,024 bytes free.
Initial test: 24.814609 ms.
Testing file /home/marlin/mapbench/bin/../maps/test_z_625k.ser for 424 loops ...
cleanup (explicit Full GC): 2,090,237,440 / 2,103,023,296 bytes free.
1 threads and 424 loops per thread, time: 10567.7491 ms
test_z_625k.ser                              	1	424	24.772	25.575	24.920	0.679	24.715	37.720	40.368	424	0.667


WARMUP results:
Test                                         	Threads	Ops	Med	Pct95	Avg	StdDev	Min	Max	FPS(med)	TotalOps	Scale	[ms/op]
<<< Calib 1
[calibration]                                	1	3000	0.490	0.505	0.494	0.064	0.489	3.915	2039.023	3000	1.000
>>> Calib 1
<<< Warmup 1
CircleTests.ser                              	1	80	8.644	16.311	11.326	10.898	8.614	105.097	115.682	80	2.000
>>> Warmup 1
<<< Warmup 2
CircleTests.ser                              	1	160	8.613	8.645	8.618	0.026	8.598	8.874	116.103	160	2.000
>>> Warmup 2
CircleTests.ser                              	2	724	8.626	8.672	8.636	0.051	8.613	9.619	115.935	724	2.000
EllipseTests-fill-false.ser                  	2	156	15.769	16.491	16.158	2.404	15.704	37.935	63.417	156	0.500
EllipseTests-fill-true.ser                   	2	68	51.772	54.694	52.021	0.926	51.283	55.069	19.315	68	0.286
dc_boulder_2013-13-30-06-13-17.ser           	2	166	17.217	32.552	19.008	5.209	17.178	42.118	58.081	166	1.000
dc_boulder_2013-13-30-06-13-20.ser           	2	98	8.391	8.471	8.408	0.061	8.370	8.906	119.180	98	2.000
dc_shp_alllayers_2013-00-30-07-00-43.ser     	2	1282	4.890	4.906	4.895	0.055	4.878	5.850	204.507	1282	2.000
dc_shp_alllayers_2013-00-30-07-00-47.ser     	2	36	172.176	173.089	172.347	0.645	171.563	175.318	5.808	36	0.125
dc_spearfish_2013-11-30-06-11-15.ser         	2	518	9.006	9.475	9.054	0.193	8.906	10.609	111.034	518	10.000
dc_spearfish_2013-11-30-06-11-19.ser         	2	1044	5.121	5.139	5.127	0.032	5.108	5.487	195.272	1044	10.000
dc_topp:states_2013-11-30-06-11-06.ser       	2	812	6.642	6.663	6.666	0.145	6.627	7.749	150.554	812	1.000
dc_topp:states_2013-11-30-06-11-07.ser       	2	1044	5.751	5.829	5.784	0.333	5.734	15.426	173.874	1044	1.000
spiralTest-dash-false.ser                    	2	88	67.789	70.498	68.584	1.309	67.401	73.397	14.752	88	0.100
spiralTest-fill.ser                          	2	78	78.670	79.617	78.865	0.893	78.590	84.080	12.711	78	0.125
test_z_625k.ser                              	2	200	24.886	25.653	25.042	0.325	24.707	26.562	40.184	200	0.667

TEST results:
Test                                         	Threads	Ops	Med	Pct95	Avg	StdDev	Min	Max	FPS(med)	TotalOps	Scale	[ms/op]
CircleTests.ser                              	1	1204	8.699	9.061	8.720	0.159	8.607	10.689	114.957	1204	2.000
EllipseTests-fill-false.ser                  	1	666	15.768	15.798	15.772	0.018	15.749	16.006	63.418	666	0.500
EllipseTests-fill-true.ser                   	1	201	51.696	52.542	51.905	0.729	51.325	55.663	19.344	201	0.286
dc_boulder_2013-13-30-06-13-17.ser           	1	609	17.207	17.263	17.215	0.030	17.172	17.377	58.114	609	1.000
dc_boulder_2013-13-30-06-13-20.ser           	1	1251	8.384	8.408	8.387	0.018	8.366	8.562	119.272	1251	2.000
dc_shp_alllayers_2013-00-30-07-00-43.ser     	1	2091	4.911	4.927	4.914	0.025	4.898	5.916	203.611	2091	2.000
dc_shp_alllayers_2013-00-30-07-00-47.ser     	1	61	170.497	170.816	170.565	0.159	170.310	170.934	5.865	61	0.125
dc_spearfish_2013-11-30-06-11-15.ser         	1	1155	9.006	9.548	9.050	0.348	8.911	19.232	111.036	1155	10.000
dc_spearfish_2013-11-30-06-11-19.ser         	1	2052	5.119	5.130	5.129	0.083	5.106	6.383	195.333	2052	10.000
dc_topp:states_2013-11-30-06-11-06.ser       	1	1581	6.655	6.669	6.656	0.008	6.638	6.791	150.263	1581	1.000
dc_topp:states_2013-11-30-06-11-07.ser       	1	1763	5.750	6.049	5.805	0.107	5.729	6.764	173.906	1763	1.000
spiralTest-dash-false.ser                    	1	154	67.395	68.353	67.633	0.776	67.327	73.364	14.838	154	0.100
spiralTest-fill.ser                          	1	133	78.642	78.895	78.819	0.850	78.581	84.029	12.716	133	0.125
test_z_625k.ser                              	1	424	24.772	25.575	24.920	0.679	24.715	37.720	40.368	424	0.667

Scores:
Tests	14	14	
Threads	1	1	
Med	20.851	20.851	
Pct95	21.398	21.398	
FPS	91.646	91.646	


