
date:
mercredi 24 janvier 2018, 23:16:25 (UTC+0100)
CLASSPATH:   ../lib/mapbench-0.4.0.jar
Boot CP:     -Xbootclasspath/p:../lib/marlin-0.9.1-Unsafe-sun-java2d.jar -Xbootclasspath/a:../lib/marlin-0.9.1-Unsafe.jar
Java opts:   -Dsun.java2d.renderer.doStats=false -Dsun.java2d.renderer.enableRLE=true -Dsun.java2d.renderer.forceRLE=false -Dsun.java2d.renderer.forceNoRLE=false -Dsun.java2d.renderer.useTileFlags=true -Dsun.java2d.renderer.useTileFlags.useHeuristics=true -Dsun.java2d.renderer.blockSize_log2=5 -Dsun.java2d.renderer.rleMinWidth=64 -Dsun.java2d.renderer.clip=true -Dsun.java2d.renderer.log=true -Dsun.java2d.renderer.logCreateContext=false -Dsun.java2d.renderer.logUnsafeMalloc=false -Dsun.java2d.renderer.clip.curves= -Dsun.java2d.renderer.subPixel_log2_X=8 -Dsun.java2d.renderer.subPixel_log2_Y=3 -Dsun.java2d.renderer.useThreadLocal=true -Dsun.java2d.renderer.useSimplifier=false -Dsun.java2d.renderer.useRef=soft -Dsun.java2d.renderer.pixelWidth=4096 -Dsun.java2d.renderer.pixelHeight=2176 -Dsun.java2d.renderer.tileSize_log2=6 -Dsun.java2d.renderer.tileWidth_log2=7 -Dsun.java2d.renderer=org.marlin.pisces.DMarlinRenderingEngine -Dsun.java2d.renderer.usePathSimplifier=false -Dsun.java2d.renderer.pathSimplifier.pixTol=0.125 -Dsun.java2d.renderer.clip.subdivider=true -Dsun.java2d.renderer.clip.subdivider.minLength=100.0 -Dsun.java2d.renderer.cubic_dec_d2=2.5 -Dsun.java2d.renderer.cubic_inc_d1=0.5 -Dsun.java2d.renderer.quad_dec_d2=1.0 -DMapBench.skipDraw=false -DMapBench.skipFill=false -DMapBench.clip.small=true -DMapBench.qualityMode=true -DMapBench.premultiplied=true -DMapBench.acceleration=false -DMapBench.volatile=false -server
Java tuning:  -Xms2g  -Xmx2g -XX:+UseConcMarkSweepGC
JVM path
/home/bourgesl/apps/jdk1.8.0//bin//java
Java version
java version "1.8.0_152"
Java(TM) SE Runtime Environment (build 1.8.0_152-b16)
Java HotSpot(TM) 64-Bit Server VM (build 25.152-b16, mixed mode)
##############################################################
# Java: 1.8.0_152-b16
#   VM: Java HotSpot(TM) 64-Bit Server VM 25.152-b16 (mixed mode)
#   OS: Linux 4.10.0-42-generic (amd64)
# CPUs: 4 (virtual)
##############################################################
INFO: ===============================================================================
INFO: Marlin software rasterizer           = ENABLED
INFO: Version                              = [marlin-0.9.1-Unsafe]
INFO: sun.java2d.renderer                  = org.marlin.pisces.MarlinRenderingEngine
INFO: sun.java2d.renderer.useThreadLocal   = true
INFO: sun.java2d.renderer.useRef           = soft
INFO: sun.java2d.renderer.edges            = 4096
INFO: sun.java2d.renderer.pixelWidth       = 4096
INFO: sun.java2d.renderer.pixelHeight      = 2176
INFO: sun.java2d.renderer.subPixel_log2_X  = 8
INFO: sun.java2d.renderer.subPixel_log2_Y  = 3
INFO: sun.java2d.renderer.tileSize_log2    = 6
INFO: sun.java2d.renderer.tileWidth_log2   = 7
INFO: sun.java2d.renderer.blockSize_log2   = 5
INFO: sun.java2d.renderer.forceRLE         = false
INFO: sun.java2d.renderer.forceNoRLE       = false
INFO: sun.java2d.renderer.useTileFlags     = true
INFO: sun.java2d.renderer.useTileFlags.useHeuristics = true
INFO: sun.java2d.renderer.rleMinWidth      = 64
INFO: sun.java2d.renderer.useSimplifier    = false
INFO: sun.java2d.renderer.usePathSimplifier= false
INFO: sun.java2d.renderer.pathSimplifier.pixTol = 0.125
INFO: sun.java2d.renderer.clip             = true
INFO: sun.java2d.renderer.clip.runtime.enable = false
INFO: sun.java2d.renderer.doStats          = false
INFO: sun.java2d.renderer.doMonitors       = false
INFO: sun.java2d.renderer.doChecks         = false
INFO: sun.java2d.renderer.useLogger        = false
INFO: sun.java2d.renderer.logCreateContext = false
INFO: sun.java2d.renderer.logUnsafeMalloc  = false
INFO: sun.java2d.renderer.cubic_dec_d2     = 2.5
INFO: sun.java2d.renderer.cubic_inc_d1     = 0.5
INFO: sun.java2d.renderer.quad_dec_d2      = 1.0
INFO: Renderer settings:
INFO: CUB_DEC_BND  = 640.0
INFO: CUB_INC_BND  = 128.0
INFO: QUAD_DEC_BND = 256.0
INFO: INITIAL_EDGES_CAPACITY               = 98304
INFO: INITIAL_CROSSING_COUNT               = 1024
INFO: ===============================================================================
INFO: ===============================================================================
INFO: Marlin software rasterizer           = ENABLED
INFO: Version                              = [marlin-0.9.1-Unsafe]
INFO: sun.java2d.renderer                  = org.marlin.pisces.DMarlinRenderingEngine
INFO: sun.java2d.renderer.useThreadLocal   = true
INFO: sun.java2d.renderer.useRef           = soft
INFO: sun.java2d.renderer.edges            = 4096
INFO: sun.java2d.renderer.pixelWidth       = 4096
INFO: sun.java2d.renderer.pixelHeight      = 2176
INFO: sun.java2d.renderer.subPixel_log2_X  = 8
INFO: sun.java2d.renderer.subPixel_log2_Y  = 3
INFO: sun.java2d.renderer.tileSize_log2    = 6
INFO: sun.java2d.renderer.tileWidth_log2   = 7
INFO: sun.java2d.renderer.blockSize_log2   = 5
INFO: sun.java2d.renderer.forceRLE         = false
INFO: sun.java2d.renderer.forceNoRLE       = false
INFO: sun.java2d.renderer.useTileFlags     = true
INFO: sun.java2d.renderer.useTileFlags.useHeuristics = true
INFO: sun.java2d.renderer.rleMinWidth      = 64
INFO: sun.java2d.renderer.useSimplifier    = false
INFO: sun.java2d.renderer.usePathSimplifier= false
INFO: sun.java2d.renderer.pathSimplifier.pixTol = 0.125
INFO: sun.java2d.renderer.clip             = true
INFO: sun.java2d.renderer.clip.runtime.enable = false
INFO: sun.java2d.renderer.clip.subdivider  = true
INFO: sun.java2d.renderer.clip.subdivider.minLength = 100.0
INFO: sun.java2d.renderer.doStats          = false
INFO: sun.java2d.renderer.doMonitors       = false
INFO: sun.java2d.renderer.doChecks         = false
INFO: sun.java2d.renderer.useLogger        = false
INFO: sun.java2d.renderer.logCreateContext = false
INFO: sun.java2d.renderer.logUnsafeMalloc  = false
INFO: sun.java2d.renderer.cubic_dec_d2     = 2.5
INFO: sun.java2d.renderer.cubic_inc_d1     = 0.5
INFO: sun.java2d.renderer.quad_dec_d2      = 1.0
INFO: Renderer settings:
QUAD_DEC_BND: 256.0
CUB_DEC_BND: 640.0
CUB_INC_BND: 128.0
INFO: CUB_DEC_BND  = 640.0
INFO: CUB_INC_BND  = 128.0
INFO: QUAD_DEC_BND = 256.0
INFO: INITIAL_EDGES_CAPACITY               = 98304
INFO: INITIAL_CROSSING_COUNT               = 1024
INFO: ===============================================================================
# Renderer: DMarlinRenderingEngine 
# Quality mode: QUALITY...
# Filter shape on size: DISABLED...
# skipDraw: false 
# skipFill: false 
# useClipSmall: true 
# Using BufferedImage INT_ARGB_PRE...
##############################################################
profileName: shared_1T
Loading profile file: /home/marlin/mapbench/bin/../profiles/shared_1T.properties
Loading scale file: /home/marlin/mapbench/bin/../profiles/mapbench-scales.properties
Profile properties (merged with defaults):
  dashLength=3.0
  doClip=false
  doCreateStrokedShape=false
  doRotate=false
  doScale=false
  doShear=false
  doTranslate=false
  doUseDashedStroke=false
  doUseGradient=false
  doUseTexture=false
  doUseWingRuleEvenOdd=false
  doUseWingRuleNonZero=false
  imageX=NaN
  imageY=NaN
  iteration=1
  maxThreads=1
  minDuration=10000.0
  minLoops=10
  pass=1
  rotateAngle=17.333
  scaleX=0.1
  scaleY=0.1
  shearX=2.0
  shearY=2.0
  translateX=0.0
  translateY=0.0
  useSharedImage=true
  warmupLoopsMin=80
### Test Scales:
  spiralTest-fill.ser=800
  CircleTests.ser=50
  EllipseTests-fill-false.ser=200
  dc_spearfish_2013-11-30-06-11-15.ser=10
  spiralTest-dash-false.ser=1000
  dc_topp=states_2013-11-30-06-11-07.ser=10
  dc_shp_alllayers_2013-00-30-07-00-43.ser=50
  test_z_150k.ser=150
  test_z_625k.ser=150
  test_z_300k.ser=150
  test_z_5M.ser=50
  EllipseTests-fill-true.ser=350
  dc_boulder_2013-13-30-06-13-20.ser=50
  dc_boulder_2013-13-30-06-13-17.ser=100
  test_z_1.25M.ser=150
  dc_spearfish_2013-11-30-06-11-19.ser=10
  dc_shp_alllayers_2013-00-30-07-00-47.ser=800
##############################################################
# Min duration per test = 10000.0 ms.
##############################################################
Loading maps from = /home/marlin/mapbench/bin/../maps
Results format: 
Test                                         	Threads	Ops	Med	Pct95	Avg	StdDev	Min	Max	FPS(med)	TotalOps	Scale	[ms/op]

Calibrating up with 1 threads and 3000 loops
cleanup (explicit Full GC): 2,101,451,128 / 2,106,070,272 bytes free.
Calibration up took 1537.534248 ms
[calibration]                                	1	3000	0.490	0.509	0.499	0.113	0.489	4.431	2039.828	3000	1.000
Loading drawing commands from file: /home/marlin/mapbench/bin/../maps/CircleTests.ser
Loaded DrawingCommands: DrawingCommands{width=2048, height=2048, commands=2001}
drawing[CircleTests.ser][width = 2048, height = 2048] ...

Warming up with 1 threads and 80 loops on /home/marlin/mapbench/bin/../maps/CircleTests.ser
cleanup (explicit Full GC): 2,097,694,720 / 2,108,154,024 bytes free.
INFO: AAShapePipe: overriding JDK implementation: marlin-renderer TILE patch enabled.
CHECK_DASH: false
Warm up took 927.177474 ms
CircleTests.ser                              	1	80	8.759	16.184	11.535	12.771	8.631	122.389	114.164	80	2.000

Warming up with 1 threads and 160 loops on /home/marlin/mapbench/bin/../maps/CircleTests.ser
cleanup (explicit Full GC): 2,071,833,840 / 2,110,555,816 bytes free.
Warm up took 1396.414647 ms
CircleTests.ser                              	1	160	8.715	8.812	8.714	0.113	8.628	9.603	114.746	160	2.000
cleanup (explicit Full GC): 2,077,027,408 / 2,110,554,536 bytes free.
Initial test: 8.843588 ms.

Warming up with 2 threads and 357 loops on /home/marlin/mapbench/bin/../maps/CircleTests.ser
cleanup (explicit Full GC): 2,085,401,720 / 2,110,556,872 bytes free.
Warm up took 6231.294967 ms
CircleTests.ser                              	2	714	8.721	8.874	8.722	0.124	8.625	10.023	114.662	714	2.000
cleanup (explicit Full GC): 2,018,373,304 / 2,104,961,656 bytes free.
Initial test: 9.937703 ms.
Testing file /home/marlin/mapbench/bin/../maps/CircleTests.ser for 1059 loops ...
cleanup (explicit Full GC): 2,079,808,840 / 2,110,556,568 bytes free.
1 threads and 1059 loops per thread, time: 9175.622262 ms
CircleTests.ser                              	1	1059	8.640	8.719	8.662	0.208	8.622	13.179	115.743	1059	2.000


Loading drawing commands from file: /home/marlin/mapbench/bin/../maps/EllipseTests-fill-false.ser
Loaded DrawingCommands: DrawingCommands{width=2000, height=2000, commands=198}
drawing[EllipseTests-fill-false.ser][width = 2000, height = 2000] ...
cleanup (explicit Full GC): 2,018,399,016 / 2,111,292,328 bytes free.
Initial test: 31.467894 ms.

Warming up with 2 threads and 100 loops on /home/marlin/mapbench/bin/../maps/EllipseTests-fill-false.ser
cleanup (explicit Full GC): 2,087,847,344 / 2,110,609,880 bytes free.
Warm up took 3176.513569 ms
EllipseTests-fill-false.ser                  	2	200	15.797	16.296	15.869	0.296	15.779	19.244	63.304	200	0.500
cleanup (explicit Full GC): 2,071,164,880 / 2,110,606,600 bytes free.
Initial test: 15.830965 ms.
Testing file /home/marlin/mapbench/bin/../maps/EllipseTests-fill-false.ser for 664 loops ...
cleanup (explicit Full GC): 2,087,161,616 / 2,110,609,872 bytes free.
1 threads and 664 loops per thread, time: 10491.748432 ms
EllipseTests-fill-false.ser                  	1	664	15.795	15.824	15.798	0.020	15.773	16.046	63.312	664	0.500


Loading drawing commands from file: /home/marlin/mapbench/bin/../maps/EllipseTests-fill-true.ser
Loaded DrawingCommands: DrawingCommands{width=2000, height=2000, commands=198}
drawing[EllipseTests-fill-true.ser][width = 2000, height = 2000] ...
cleanup (explicit Full GC): 2,077,858,704 / 2,110,937,688 bytes free.
Initial test: 101.171911 ms.

Warming up with 2 threads and 31 loops on /home/marlin/mapbench/bin/../maps/EllipseTests-fill-true.ser
cleanup (explicit Full GC): 2,086,562,088 / 2,110,608,760 bytes free.
Warm up took 3251.697347 ms
EllipseTests-fill-true.ser                   	2	62	52.339	52.796	52.401	0.207	52.160	52.899	19.106	62	0.286
cleanup (explicit Full GC): 2,070,233,144 / 2,110,607,704 bytes free.
Initial test: 52.331641 ms.
Testing file /home/marlin/mapbench/bin/../maps/EllipseTests-fill-true.ser for 201 loops ...
cleanup (explicit Full GC): 2,086,232,104 / 2,110,608,768 bytes free.
1 threads and 201 loops per thread, time: 10519.502743 ms
EllipseTests-fill-true.ser                   	1	201	52.324	52.378	52.328	0.034	52.264	52.537	19.112	201	0.286


Loading drawing commands from file: /home/marlin/mapbench/bin/../maps/dc_boulder_2013-13-30-06-13-17.ser
Loaded DrawingCommands: DrawingCommands{width=1400, height=800, commands=4398}
drawing[dc_boulder_2013-13-30-06-13-17.ser][width = 1400, height = 800] ...
cleanup (explicit Full GC): 2,086,233,168 / 2,109,418,560 bytes free.
Initial test: 35.836818 ms.

Warming up with 2 threads and 88 loops on /home/marlin/mapbench/bin/../maps/dc_boulder_2013-13-30-06-13-17.ser
cleanup (explicit Full GC): 2,095,459,288 / 2,104,436,536 bytes free.
Warm up took 3164.2688 ms
dc_boulder_2013-13-30-06-13-17.ser           	2	176	17.574	20.732	17.967	1.060	17.479	23.595	56.903	176	1.000
cleanup (explicit Full GC): 2,069,246,024 / 2,108,915,216 bytes free.
Initial test: 19.213581 ms.
Testing file /home/marlin/mapbench/bin/../maps/dc_boulder_2013-13-30-06-13-17.ser for 547 loops ...
cleanup (explicit Full GC): 2,100,539,632 / 2,108,918,224 bytes free.
1 threads and 547 loops per thread, time: 9690.483561 ms
dc_boulder_2013-13-30-06-13-17.ser           	1	547	17.661	17.824	17.713	0.171	17.630	19.389	56.621	547	1.000


Loading drawing commands from file: /home/marlin/mapbench/bin/../maps/dc_boulder_2013-13-30-06-13-20.ser
Loaded DrawingCommands: DrawingCommands{width=1400, height=800, commands=2425}
drawing[dc_boulder_2013-13-30-06-13-20.ser][width = 1400, height = 800] ...
cleanup (explicit Full GC): 2,019,578,592 / 2,110,148,552 bytes free.
Initial test: 13.086041 ms.

Warming up with 2 threads and 241 loops on /home/marlin/mapbench/bin/../maps/dc_boulder_2013-13-30-06-13-20.ser
cleanup (explicit Full GC): 2,101,772,968 / 2,109,792,648 bytes free.
Warm up took 4441.135641 ms
dc_boulder_2013-13-30-06-13-20.ser           	2	482	8.426	15.567	9.210	2.493	8.331	20.666	118.683	482	2.000
cleanup (explicit Full GC): 2,060,642,816 / 2,109,784,872 bytes free.
Initial test: 8.787969 ms.
Testing file /home/marlin/mapbench/bin/../maps/dc_boulder_2013-13-30-06-13-20.ser for 1197 loops ...
cleanup (explicit Full GC): 2,101,409,288 / 2,109,792,656 bytes free.
1 threads and 1197 loops per thread, time: 10065.094333 ms
dc_boulder_2013-13-30-06-13-20.ser           	1	1197	8.418	8.502	8.407	0.113	8.326	9.485	118.795	1197	2.000


Loading drawing commands from file: /home/marlin/mapbench/bin/../maps/dc_shp_alllayers_2013-00-30-07-00-43.ser
Loaded DrawingCommands: DrawingCommands{width=1400, height=800, commands=568}
drawing[dc_shp_alllayers_2013-00-30-07-00-43.ser][width = 1400, height = 800] ...
cleanup (explicit Full GC): 2,009,285,560 / 2,110,644,008 bytes free.
Initial test: 4.898785 ms.

Warming up with 2 threads and 644 loops on /home/marlin/mapbench/bin/../maps/dc_shp_alllayers_2013-00-30-07-00-43.ser
cleanup (explicit Full GC): 2,102,268,424 / 2,110,318,744 bytes free.
Warm up took 6287.677331 ms
dc_shp_alllayers_2013-00-30-07-00-43.ser     	2	1288	4.880	4.890	4.881	0.008	4.867	5.017	204.934	1288	2.000
cleanup (explicit Full GC): 2,075,128,232 / 2,110,298,064 bytes free.
Initial test: 4.885261 ms.
Testing file /home/marlin/mapbench/bin/../maps/dc_shp_alllayers_2013-00-30-07-00-43.ser for 2154 loops ...
cleanup (explicit Full GC): 2,101,922,480 / 2,110,318,744 bytes free.
1 threads and 2154 loops per thread, time: 10497.69627 ms
dc_shp_alllayers_2013-00-30-07-00-43.ser     	1	2154	4.872	4.882	4.873	0.007	4.860	4.995	205.246	2154	2.000


Loading drawing commands from file: /home/marlin/mapbench/bin/../maps/dc_shp_alllayers_2013-00-30-07-00-47.ser
Loaded DrawingCommands: DrawingCommands{width=1400, height=800, commands=135213}
drawing[dc_shp_alllayers_2013-00-30-07-00-47.ser][width = 1400, height = 800] ...
cleanup (explicit Full GC): 1,966,308,832 / 2,071,573,904 bytes free.
Initial test: 165.798552 ms.

Warming up with 2 threads and 19 loops on /home/marlin/mapbench/bin/../maps/dc_shp_alllayers_2013-00-30-07-00-47.ser
cleanup (explicit Full GC): 2,047,367,240 / 2,067,305,200 bytes free.
Warm up took 6320.157861 ms
dc_shp_alllayers_2013-00-30-07-00-47.ser     	2	38	165.971	166.345	166.041	0.171	165.837	166.586	6.025	38	0.125
cleanup (explicit Full GC): 1,893,441,608 / 2,067,304,392 bytes free.
Initial test: 166.140512 ms.
Testing file /home/marlin/mapbench/bin/../maps/dc_shp_alllayers_2013-00-30-07-00-47.ser for 63 loops ...
cleanup (explicit Full GC): 2,043,758,280 / 2,067,305,072 bytes free.
1 threads and 63 loops per thread, time: 10494.537625 ms
dc_shp_alllayers_2013-00-30-07-00-47.ser     	1	63	166.154	166.537	166.491	2.074	166.006	182.770	6.019	63	0.125


Loading drawing commands from file: /home/marlin/mapbench/bin/../maps/dc_spearfish_2013-11-30-06-11-15.ser
Loaded DrawingCommands: DrawingCommands{width=512, height=359, commands=1232}
drawing[dc_spearfish_2013-11-30-06-11-15.ser][width = 512, height = 359] ...
cleanup (explicit Full GC): 2,056,267,080 / 2,110,559,224 bytes free.
Initial test: 9.192057 ms.

Warming up with 2 threads and 343 loops on /home/marlin/mapbench/bin/../maps/dc_spearfish_2013-11-30-06-11-15.ser
cleanup (explicit Full GC): 2,105,732,872 / 2,110,179,936 bytes free.
Warm up took 6154.409811 ms
dc_spearfish_2013-11-30-06-11-15.ser         	2	686	8.955	9.083	8.970	0.264	8.860	13.806	111.664	686	10.000
cleanup (explicit Full GC): 2,074,643,168 / 2,110,167,928 bytes free.
Initial test: 8.954034 ms.
Testing file /home/marlin/mapbench/bin/../maps/dc_spearfish_2013-11-30-06-11-15.ser for 1175 loops ...
cleanup (explicit Full GC): 2,105,341,576 / 2,110,178,976 bytes free.
1 threads and 1175 loops per thread, time: 10503.970367 ms
dc_spearfish_2013-11-30-06-11-15.ser         	1	1175	8.948	9.025	8.939	0.114	8.855	9.964	111.761	1175	10.000


Loading drawing commands from file: /home/marlin/mapbench/bin/../maps/dc_spearfish_2013-11-30-06-11-19.ser
Loaded DrawingCommands: DrawingCommands{width=512, height=359, commands=349}
drawing[dc_spearfish_2013-11-30-06-11-19.ser][width = 512, height = 359] ...
cleanup (explicit Full GC): 2,060,682,800 / 2,110,822,672 bytes free.
Initial test: 6.138478 ms.

Warming up with 2 threads and 514 loops on /home/marlin/mapbench/bin/../maps/dc_spearfish_2013-11-30-06-11-19.ser
cleanup (explicit Full GC): 2,105,996,320 / 2,110,493,968 bytes free.
Warm up took 5263.771095 ms
dc_spearfish_2013-11-30-06-11-19.ser         	2	1028	5.100	5.139	5.120	0.298	5.087	14.544	196.062	1028	10.000
cleanup (explicit Full GC): 2,094,500,160 / 2,110,477,440 bytes free.
Initial test: 5.281913 ms.
Testing file /home/marlin/mapbench/bin/../maps/dc_spearfish_2013-11-30-06-11-19.ser for 1992 loops ...
cleanup (explicit Full GC): 2,105,651,088 / 2,110,493,960 bytes free.
1 threads and 1992 loops per thread, time: 10193.499057 ms
dc_spearfish_2013-11-30-06-11-19.ser         	1	1992	5.116	5.124	5.117	0.017	5.103	5.742	195.473	1992	10.000


Loading drawing commands from file: /home/marlin/mapbench/bin/../maps/dc_topp:states_2013-11-30-06-11-06.ser
Loaded DrawingCommands: DrawingCommands{width=780, height=330, commands=119}
drawing[dc_topp:states_2013-11-30-06-11-06.ser][width = 780, height = 330] ...
cleanup (explicit Full GC): 2,083,332,696 / 2,110,804,608 bytes free.
Initial test: 15.596517 ms.

Warming up with 2 threads and 202 loops on /home/marlin/mapbench/bin/../maps/dc_topp:states_2013-11-30-06-11-06.ser
cleanup (explicit Full GC): 2,105,978,256 / 2,109,463,024 bytes free.
Warm up took 2724.729576 ms
dc_topp:states_2013-11-30-06-11-06.ser       	2	404	6.599	7.124	6.742	0.874	6.582	20.855	151.533	404	1.000
cleanup (explicit Full GC): 2,103,607,056 / 2,110,487,776 bytes free.
Initial test: 6.631527 ms.
Testing file /home/marlin/mapbench/bin/../maps/dc_topp:states_2013-11-30-06-11-06.ser for 1587 loops ...
cleanup (explicit Full GC): 2,105,661,424 / 2,110,494,432 bytes free.
1 threads and 1587 loops per thread, time: 10536.29895 ms
dc_topp:states_2013-11-30-06-11-06.ser       	1	1587	6.598	6.970	6.639	0.139	6.581	7.863	151.553	1587	1.000


Loading drawing commands from file: /home/marlin/mapbench/bin/../maps/dc_topp:states_2013-11-30-06-11-07.ser
Loaded DrawingCommands: DrawingCommands{width=780, height=330, commands=144}
drawing[dc_topp:states_2013-11-30-06-11-07.ser][width = 780, height = 330] ...
cleanup (explicit Full GC): 2,100,084,352 / 2,110,825,064 bytes free.
Initial test: 5.756663 ms.

Warming up with 2 threads and 548 loops on /home/marlin/mapbench/bin/../maps/dc_topp:states_2013-11-30-06-11-07.ser
cleanup (explicit Full GC): 2,105,998,712 / 2,110,507,768 bytes free.
Warm up took 6251.520434 ms
dc_topp:states_2013-11-30-06-11-07.ser       	2	1096	5.702	5.714	5.703	0.011	5.685	5.927	175.366	1096	1.000
cleanup (explicit Full GC): 2,101,859,936 / 2,110,490,160 bytes free.
Initial test: 5.762263 ms.
Testing file /home/marlin/mapbench/bin/../maps/dc_topp:states_2013-11-30-06-11-07.ser for 1826 loops ...
cleanup (explicit Full GC): 2,105,663,808 / 2,110,507,768 bytes free.
1 threads and 1826 loops per thread, time: 10517.329759 ms
dc_topp:states_2013-11-30-06-11-07.ser       	1	1826	5.758	5.769	5.759	0.011	5.739	5.984	173.662	1826	1.000


Loading drawing commands from file: /home/marlin/mapbench/bin/../maps/spiralTest-dash-false.ser
Loaded DrawingCommands: DrawingCommands{width=4096, height=4096, commands=1}
drawing[spiralTest-dash-false.ser][width = 4096, height = 4096] ...
cleanup (explicit Full GC): 2,090,617,280 / 2,103,416,488 bytes free.
Initial test: 71.641505 ms.

Warming up with 2 threads and 44 loops on /home/marlin/mapbench/bin/../maps/spiralTest-dash-false.ser
cleanup (explicit Full GC): 1,987,441,016 / 2,103,105,528 bytes free.
Warm up took 5952.788599 ms
spiralTest-dash-false.ser                    	2	88	66.639	68.903	67.524	1.213	66.548	72.689	15.006	88	0.100
cleanup (explicit Full GC): 1,914,437,488 / 2,103,104,064 bytes free.
Initial test: 66.734202 ms.
Testing file /home/marlin/mapbench/bin/../maps/spiralTest-dash-false.ser for 157 loops ...
cleanup (explicit Full GC): 1,986,146,008 / 2,103,105,304 bytes free.
1 threads and 157 loops per thread, time: 10495.693167 ms
spiralTest-dash-false.ser                    	1	157	66.714	66.969	66.817	0.599	66.653	72.713	14.989	157	0.100


Loading drawing commands from file: /home/marlin/mapbench/bin/../maps/spiralTest-fill.ser
Loaded DrawingCommands: DrawingCommands{width=4096, height=4096, commands=1}
drawing[spiralTest-fill.ser][width = 4096, height = 4096] ...
cleanup (explicit Full GC): 1,969,694,120 / 2,095,596,936 bytes free.
Initial test: 84.762906 ms.

Warming up with 2 threads and 37 loops on /home/marlin/mapbench/bin/../maps/spiralTest-fill.ser
cleanup (explicit Full GC): 2,022,983,480 / 2,095,260,712 bytes free.
Warm up took 6316.551 ms
spiralTest-fill.ser                          	2	74	85.089	86.003	85.216	0.723	84.688	89.161	11.752	74	0.125
cleanup (explicit Full GC): 1,955,538,376 / 2,028,147,872 bytes free.
Initial test: 86.175782 ms.
Testing file /home/marlin/mapbench/bin/../maps/spiralTest-fill.ser for 122 loops ...
cleanup (explicit Full GC): 1,956,002,480 / 2,095,260,248 bytes free.
1 threads and 122 loops per thread, time: 10535.854454 ms
spiralTest-fill.ser                          	1	122	86.139	86.860	86.315	0.777	86.090	91.344	11.609	122	0.125


Loading drawing commands from file: /home/marlin/mapbench/bin/../maps/test_z_625k.ser
Loaded DrawingCommands: DrawingCommands{width=1272, height=1261, commands=23345}
drawing[test_z_625k.ser][width = 1272, height = 1261] ...
cleanup (explicit Full GC): 2,008,372,424 / 2,104,170,424 bytes free.
Initial test: 33.463666 ms.

Warming up with 2 threads and 94 loops on /home/marlin/mapbench/bin/../maps/test_z_625k.ser
cleanup (explicit Full GC): 2,088,530,144 / 2,103,025,760 bytes free.
Warm up took 4757.825601 ms
test_z_625k.ser                              	2	188	25.211	25.813	25.296	0.435	25.102	29.706	39.665	188	0.667
cleanup (explicit Full GC): 1,944,168,160 / 2,103,020,984 bytes free.
Initial test: 25.421755 ms.
Testing file /home/marlin/mapbench/bin/../maps/test_z_625k.ser for 414 loops ...
cleanup (explicit Full GC): 2,090,231,552 / 2,103,024,064 bytes free.
1 threads and 414 loops per thread, time: 10394.878068 ms
test_z_625k.ser                              	1	414	25.031	25.295	25.105	0.585	24.984	36.371	39.951	414	0.667


WARMUP results:
Test                                         	Threads	Ops	Med	Pct95	Avg	StdDev	Min	Max	FPS(med)	TotalOps	Scale	[ms/op]
<<< Calib 1
[calibration]                                	1	3000	0.490	0.509	0.499	0.113	0.489	4.431	2039.828	3000	1.000
>>> Calib 1
<<< Warmup 1
CircleTests.ser                              	1	80	8.759	16.184	11.535	12.771	8.631	122.389	114.164	80	2.000
>>> Warmup 1
<<< Warmup 2
CircleTests.ser                              	1	160	8.715	8.812	8.714	0.113	8.628	9.603	114.746	160	2.000
>>> Warmup 2
CircleTests.ser                              	2	714	8.721	8.874	8.722	0.124	8.625	10.023	114.662	714	2.000
EllipseTests-fill-false.ser                  	2	200	15.797	16.296	15.869	0.296	15.779	19.244	63.304	200	0.500
EllipseTests-fill-true.ser                   	2	62	52.339	52.796	52.401	0.207	52.160	52.899	19.106	62	0.286
dc_boulder_2013-13-30-06-13-17.ser           	2	176	17.574	20.732	17.967	1.060	17.479	23.595	56.903	176	1.000
dc_boulder_2013-13-30-06-13-20.ser           	2	482	8.426	15.567	9.210	2.493	8.331	20.666	118.683	482	2.000
dc_shp_alllayers_2013-00-30-07-00-43.ser     	2	1288	4.880	4.890	4.881	0.008	4.867	5.017	204.934	1288	2.000
dc_shp_alllayers_2013-00-30-07-00-47.ser     	2	38	165.971	166.345	166.041	0.171	165.837	166.586	6.025	38	0.125
dc_spearfish_2013-11-30-06-11-15.ser         	2	686	8.955	9.083	8.970	0.264	8.860	13.806	111.664	686	10.000
dc_spearfish_2013-11-30-06-11-19.ser         	2	1028	5.100	5.139	5.120	0.298	5.087	14.544	196.062	1028	10.000
dc_topp:states_2013-11-30-06-11-06.ser       	2	404	6.599	7.124	6.742	0.874	6.582	20.855	151.533	404	1.000
dc_topp:states_2013-11-30-06-11-07.ser       	2	1096	5.702	5.714	5.703	0.011	5.685	5.927	175.366	1096	1.000
spiralTest-dash-false.ser                    	2	88	66.639	68.903	67.524	1.213	66.548	72.689	15.006	88	0.100
spiralTest-fill.ser                          	2	74	85.089	86.003	85.216	0.723	84.688	89.161	11.752	74	0.125
test_z_625k.ser                              	2	188	25.211	25.813	25.296	0.435	25.102	29.706	39.665	188	0.667

TEST results:
Test                                         	Threads	Ops	Med	Pct95	Avg	StdDev	Min	Max	FPS(med)	TotalOps	Scale	[ms/op]
CircleTests.ser                              	1	1059	8.640	8.719	8.662	0.208	8.622	13.179	115.743	1059	2.000
EllipseTests-fill-false.ser                  	1	664	15.795	15.824	15.798	0.020	15.773	16.046	63.312	664	0.500
EllipseTests-fill-true.ser                   	1	201	52.324	52.378	52.328	0.034	52.264	52.537	19.112	201	0.286
dc_boulder_2013-13-30-06-13-17.ser           	1	547	17.661	17.824	17.713	0.171	17.630	19.389	56.621	547	1.000
dc_boulder_2013-13-30-06-13-20.ser           	1	1197	8.418	8.502	8.407	0.113	8.326	9.485	118.795	1197	2.000
dc_shp_alllayers_2013-00-30-07-00-43.ser     	1	2154	4.872	4.882	4.873	0.007	4.860	4.995	205.246	2154	2.000
dc_shp_alllayers_2013-00-30-07-00-47.ser     	1	63	166.154	166.537	166.491	2.074	166.006	182.770	6.019	63	0.125
dc_spearfish_2013-11-30-06-11-15.ser         	1	1175	8.948	9.025	8.939	0.114	8.855	9.964	111.761	1175	10.000
dc_spearfish_2013-11-30-06-11-19.ser         	1	1992	5.116	5.124	5.117	0.017	5.103	5.742	195.473	1992	10.000
dc_topp:states_2013-11-30-06-11-06.ser       	1	1587	6.598	6.970	6.639	0.139	6.581	7.863	151.553	1587	1.000
dc_topp:states_2013-11-30-06-11-07.ser       	1	1826	5.758	5.769	5.759	0.011	5.739	5.984	173.662	1826	1.000
spiralTest-dash-false.ser                    	1	157	66.714	66.969	66.817	0.599	66.653	72.713	14.989	157	0.100
spiralTest-fill.ser                          	1	122	86.139	86.860	86.315	0.777	86.090	91.344	11.609	122	0.125
test_z_625k.ser                              	1	414	25.031	25.295	25.105	0.585	24.984	36.371	39.951	414	0.667

Scores:
Tests	14	14	
Threads	1	1	
Med	20.875	20.875	
Pct95	21.027	21.027	
FPS	91.703	91.703	


