CPU_CORE_IDS: 3
date:
ven. 26 nov. 2021 12:24:40 CET
JAVA_HOME: /home/bourgesl/apps/openjdk-jdk-linux-x86_64-server-release/jdk-arraycopy/
CLASSPATH:   ../lib/mapbench-0.5.0.jar:../lib/org.jfree.svg-4.1-bourgesl-0.1.jar
Boot CP:     
Java opts:   -Dsun.java2d.renderer.useDPQS=true --patch-module java.desktop=../lib/marlin-0.9.4.5-Unsafe-OpenJDK11.jar -Dsun.java2d.renderer.clip=true -Dsun.java2d.renderer.log=true -Dsun.java2d.renderer.logCreateContext=false -Dsun.java2d.renderer.logUnsafeMalloc=false -Dsun.java2d.renderer.clip.curves= -Dsun.java2d.renderer.subPixel_log2_X=8 -Dsun.java2d.renderer.subPixel_log2_Y=3 -Dsun.java2d.renderer.useThreadLocal=true -Dsun.java2d.renderer.useSimplifier=false -Dsun.java2d.renderer.useRef=soft -Dsun.java2d.renderer.pixelWidth=4096 -Dsun.java2d.renderer.pixelHeight=2176 -Dsun.java2d.renderer.tileSize_log2=6 -Dsun.java2d.renderer.tileWidth_log2=7 -Dsun.java2d.renderer=sun.java2d.marlin.DMarlinRenderingEngine -Dsun.java2d.renderer.clip.subdivider=true -Dsun.java2d.renderer.clip.subdivider.minLength=100.0 -DMapBench.noAAclear=true -DMapBench.skipDraw=false -DMapBench.skipFill=false -DMapBench.clip.small=false -DMapBench.qualityMode=true -DMapBench.premultiplied=true -DMapBench.acceleration=false -DMapBench.volatile=false -DMapBench.4bytes=false -server
Java tuning:  -Xms2g  -Xmx2g -XX:+UseParallelGC -XX:+AlwaysPreTouch -XX:+UseTransparentHugePages
JVM path
/home/bourgesl/apps/openjdk-jdk-linux-x86_64-server-release/jdk-arraycopy//bin//java
Java version
openjdk version "18-testing" 2022-03-15
OpenJDK Runtime Environment (build 18-testing+0-builds.shipilev.net-openjdk-jdk-arraycopy-b2-20211125)
OpenJDK 64-Bit Server VM (build 18-testing+0-builds.shipilev.net-openjdk-jdk-arraycopy-b2-20211125, mixed mode, sharing)
##############################################################
# Java: 18-testing+0-builds.shipilev.net-openjdk-jdk-arraycopy-b2-20211125
#   VM: OpenJDK 64-Bit Server VM 18-testing+0-builds.shipilev.net-openjdk-jdk-arraycopy-b2-20211125 (mixed mode)
#   OS: Linux 5.4.0-90-generic (amd64)
# CPUs: 4 (virtual)
##############################################################
ERROR: Unable to get RenderingEngine.getInstance()
# Renderer: unknown 
# Quality mode: QUALITY...
# Filter shape on size: DISABLED...
# disableAA:         false 
# disableAAForClear: true 
# skipDraw:     false 
# skipFill:     false 
# useClipSmall: false 
INFO: ===============================================================================
INFO: Marlin software rasterizer           = ENABLED
INFO: Version                              = [marlin-0.9.4.5-Unsafe-OpenJDK]
INFO: sun.java2d.renderer                  = sun.java2d.marlin.DMarlinRenderingEngine
INFO: sun.java2d.renderer.useThreadLocal   = true
INFO: sun.java2d.renderer.useRef           = soft
INFO: sun.java2d.renderer.edges            = 4096
INFO: sun.java2d.renderer.pixelWidth       = 4096
INFO: sun.java2d.renderer.pixelHeight      = 2176
INFO: sun.java2d.renderer.profile          = quality
INFO: sun.java2d.renderer.subPixel_log2_X  = 8
INFO: sun.java2d.renderer.subPixel_log2_Y  = 3
INFO: sun.java2d.renderer.tileSize_log2    = 6
INFO: sun.java2d.renderer.tileWidth_log2   = 7
INFO: sun.java2d.renderer.blockSize_log2   = 5
INFO: sun.java2d.renderer.forceRLE         = false
INFO: sun.java2d.renderer.forceNoRLE       = false
INFO: sun.java2d.renderer.useTileFlags     = true
INFO: sun.java2d.renderer.useTileFlags.useHeuristics = true
INFO: sun.java2d.renderer.rleMinWidth      = 64
INFO: sun.java2d.renderer.useSimplifier    = false
INFO: sun.java2d.renderer.usePathSimplifier= false
INFO: sun.java2d.renderer.pathSimplifier.pixTol = 0.125
INFO: sun.java2d.renderer.clip             = true
INFO: sun.java2d.renderer.clip.runtime.enable = false
INFO: sun.java2d.renderer.clip.subdivider  = true
INFO: sun.java2d.renderer.clip.subdivider.minLength = 100.0
INFO: sun.java2d.renderer.doStats          = false
INFO: sun.java2d.renderer.doMonitors       = false
INFO: sun.java2d.renderer.doChecks         = false
INFO: sun.java2d.renderer.useLogger        = false
INFO: sun.java2d.renderer.logCreateContext = false
INFO: sun.java2d.renderer.logUnsafeMalloc  = false
INFO: sun.java2d.renderer.curve_len_err    = 0.01
INFO: sun.java2d.renderer.cubic_dec_d2     = 1.0
INFO: sun.java2d.renderer.cubic_inc_d1     = 0.2
INFO: sun.java2d.renderer.quad_dec_d2      = 0.5
INFO: Renderer settings:
INFO: MergeSort: DPQS_THRESHOLD: 256
INFO: MergeSort: DISABLE_ISORT_THRESHOLD: 1000
INFO: SORT         = DPQS_20191112
INFO: CUB_DEC_BND  = 256.0
INFO: CUB_INC_BND  = 51.20000076293945
INFO: QUAD_DEC_BND = 128.0
INFO: INITIAL_EDGES_CAPACITY               = 98304
INFO: INITIAL_CROSSING_COUNT               = 1024
INFO: ===============================================================================
# Using BufferedImage INT_ARGB_PRE...
##############################################################
profileName: shared_1T
Loading profile file: /home/marlin/mapbench/bin/../profiles/shared_1T.properties
Loading scale file: /home/marlin/mapbench/bin/../profiles/mapbench-scales.properties
Profile properties (merged with defaults):
  dashLength=3.0
  doClip=false
  doCreateStrokedShape=false
  doRotate=false
  doScale=false
  doShear=false
  doTranslate=false
  doUseDashedStroke=false
  doUseGradient=false
  doUseTexture=false
  doUseWingRuleEvenOdd=false
  doUseWingRuleNonZero=false
  imageX=NaN
  imageY=NaN
  iteration=1
  maxThreads=1
  minDuration=10000.0
  minLoops=20
  minThreads=1
  pass=1
  rotateAngle=17.333
  scaleX=0.1
  scaleY=0.1
  shearX=2.0
  shearY=2.0
  translateX=0.0
  translateY=0.0
  useSharedImage=true
  warmupCalibration=true
  warmupLoopsMax=160
  warmupLoopsMin=80
  warmupLoopsMinTest=20
### Test Scales:
  dc_shp_alllayers_2013-00-30-07-00-47.ser=800
  dc_spearfish_2013-11-30-06-11-19.ser=5
  dc_boulder_2013-13-30-06-13-17.ser=100
  dc_boulder_2013-13-30-06-13-20.ser=50
  test_z_300k.ser=150
  dc_topp:states_2013-11-30-06-11-07.ser=10
  test_z_2.5M.ser=50
  EllipseTests-fill-false.ser=200
  test_z_1.25M.ser=100
  test_z_150k.ser=100
  dc_spearfish_2013-11-30-06-11-15.ser=10
  spiralTest-fill.ser=800
  test_z_10M.ser=50
  spiralTest-dash-false.ser=1000
  CircleTests.ser=50
  EllipseTests-fill-true.ser=350
  dc_shp_alllayers_2013-00-30-07-00-43.ser=50
  test_z_625k.ser=150
  test_z_5M.ser=50
  dc_topp:states_2013-11-30-06-11-06.ser=10
##############################################################
# Min duration per test = 10000.0 ms.
##############################################################
Loading maps from = /home/marlin/mapbench/bin/../maps
Results format: 
Test                                         	Threads	Ops	Med	Pct95	Avg	StdDev	Min	Max	FPS(med)	TotalOps	Scale	[ms/op]

Calibrating up with 1 threads and 3000 loops
cleanup (explicit Full GC): 2,016,285,464 / 2,047,055,344 bytes free.
No scaling factor found for test [[calibration]], use scale = 1.0
Calibration up took 353.928541 ms
[calibration]                                	1	3000	0.112	0.120	0.114	0.009	0.112	0.320	8920.129	3000	1.000
Loading drawing commands from file: /home/marlin/mapbench/bin/../maps/CircleTests.ser
Loaded DrawingCommands: DrawingCommands{width=2048, height=2048, commands=2001}
drawing[CircleTests.ser][width = 2048, height = 2048] ...

Warming up with 1 threads and 80 loops on /home/marlin/mapbench/bin/../maps/CircleTests.ser
cleanup (explicit Full GC): 2,032,682,736 / 2,046,410,080 bytes free.
Warm up took 5278.546913 ms
CircleTests.ser                              	1	80	62.010	63.442	65.950	24.616	61.600	257.114	16.127	80	2.000

Warming up with 1 threads and 160 loops on /home/marlin/mapbench/bin/../maps/CircleTests.ser
cleanup (explicit Full GC): 2,000,887,808 / 2,056,864,008 bytes free.
Warm up took 9833.774219 ms
CircleTests.ser                              	1	160	61.393	61.761	61.450	0.157	61.255	62.082	16.288	160	2.000
cleanup (explicit Full GC): 2,018,527,960 / 2,056,862,888 bytes free.
Initial test: 61.445201 ms.

Warming up with 2 threads and 51 loops on /home/marlin/mapbench/bin/../maps/CircleTests.ser
cleanup (explicit Full GC): 2,025,713,144 / 2,056,865,272 bytes free.
Warm up took 6265.404997 ms
CircleTests.ser                              	2	102	61.323	61.808	61.396	0.172	61.190	61.919	16.307	102	2.000
cleanup (explicit Full GC): 2,005,345,144 / 2,056,863,592 bytes free.
Initial test: 61.328867 ms.
Testing file /home/marlin/mapbench/bin/../maps/CircleTests.ser for 171 loops ...
cleanup (explicit Full GC): 2,025,713,848 / 2,056,865,112 bytes free.
1 threads and 171 loops per thread, time: 10501.634599 ms
CircleTests.ser                              	1	171	61.343	61.747	61.403	0.159	61.216	62.008	16.302	171	2.000


Loading drawing commands from file: /home/marlin/mapbench/bin/../maps/EllipseTests-fill-false.ser
Loaded DrawingCommands: DrawingCommands{width=2000, height=2000, commands=198}
drawing[EllipseTests-fill-false.ser][width = 2000, height = 2000] ...
cleanup (explicit Full GC): 2,004,156,536 / 2,057,636,512 bytes free.
Initial test: 279.274654 ms.

Warming up with 2 threads and 20 loops on /home/marlin/mapbench/bin/../maps/EllipseTests-fill-false.ser
cleanup (explicit Full GC): 2,014,688,056 / 2,057,279,120 bytes free.
Warm up took 11089.162688 ms
EllipseTests-fill-false.ser                  	2	40	277.136	277.626	277.169	0.287	276.794	278.223	3.608	40	0.500
cleanup (explicit Full GC): 2,009,110,024 / 2,057,278,360 bytes free.
Initial test: 276.883763 ms.
Testing file /home/marlin/mapbench/bin/../maps/EllipseTests-fill-false.ser for 38 loops ...
cleanup (explicit Full GC): 2,025,109,280 / 2,057,279,048 bytes free.
1 threads and 38 loops per thread, time: 10479.146426 ms
EllipseTests-fill-false.ser                  	1	38	275.708	275.967	275.730	0.129	275.557	276.170	3.627	38	0.500


Loading drawing commands from file: /home/marlin/mapbench/bin/../maps/EllipseTests-fill-true.ser
Loaded DrawingCommands: DrawingCommands{width=2000, height=2000, commands=198}
drawing[EllipseTests-fill-true.ser][width = 2000, height = 2000] ...
cleanup (explicit Full GC): 2,025,109,968 / 2,057,638,328 bytes free.
Initial test: 327.457187 ms.

Warming up with 2 threads and 20 loops on /home/marlin/mapbench/bin/../maps/EllipseTests-fill-true.ser
cleanup (explicit Full GC): 2,025,469,248 / 2,057,278,984 bytes free.
Warm up took 13067.460167 ms
EllipseTests-fill-true.ser                   	2	40	326.333	327.799	326.625	0.920	325.461	329.629	3.064	40	0.286
cleanup (explicit Full GC): 1,998,330,496 / 2,057,278,256 bytes free.
Initial test: 325.551617 ms.
Testing file /home/marlin/mapbench/bin/../maps/EllipseTests-fill-true.ser for 32 loops ...
cleanup (explicit Full GC): 2,025,109,176 / 2,057,278,944 bytes free.
1 threads and 32 loops per thread, time: 10439.027615 ms
EllipseTests-fill-true.ser                   	1	32	326.242	327.115	326.179	0.741	325.004	327.400	3.065	32	0.286


Loading drawing commands from file: /home/marlin/mapbench/bin/../maps/LineWidthColorGridTest.ser
Loaded DrawingCommands: DrawingCommands{width=1260, height=1260, commands=3808}
drawing[LineWidthColorGridTest.ser][width = 1260, height = 1260] ...
cleanup (explicit Full GC): 2,025,109,864 / 2,056,473,064 bytes free.
No scaling factor found for test [LineWidthColorGridTest.ser], use scale = 1.0
Initial test: 114.580413 ms.

Warming up with 2 threads and 27 loops on /home/marlin/mapbench/bin/../maps/LineWidthColorGridTest.ser
cleanup (explicit Full GC): 2,040,304,000 / 2,056,112,896 bytes free.
No scaling factor found for test [LineWidthColorGridTest.ser], use scale = 1.0
Warm up took 2956.029978 ms
LineWidthColorGridTest.ser                   	2	54	54.565	55.738	54.704	0.405	54.424	56.228	18.327	54	1.000
cleanup (explicit Full GC): 2,028,203,712 / 2,056,111,984 bytes free.
No scaling factor found for test [LineWidthColorGridTest.ser], use scale = 1.0
Initial test: 53.85588 ms.
Testing file /home/marlin/mapbench/bin/../maps/LineWidthColorGridTest.ser for 195 loops ...
cleanup (explicit Full GC): 2,039,942,920 / 2,056,112,896 bytes free.
No scaling factor found for test [LineWidthColorGridTest.ser], use scale = 1.0
1 threads and 195 loops per thread, time: 10500.952758 ms
LineWidthColorGridTest.ser                   	1	195	53.719	55.373	53.843	0.400	53.622	55.434	18.616	195	1.000


Loading drawing commands from file: /home/marlin/mapbench/bin/../maps/dc_boulder_2013-13-30-06-13-17.ser
Loaded DrawingCommands: DrawingCommands{width=1400, height=800, commands=4398}
drawing[dc_boulder_2013-13-30-06-13-17.ser][width = 1400, height = 800] ...
cleanup (explicit Full GC): 2,007,605,328 / 2,055,978,000 bytes free.
Initial test: 318.575286 ms.

Warming up with 2 threads and 20 loops on /home/marlin/mapbench/bin/../maps/dc_boulder_2013-13-30-06-13-17.ser
cleanup (explicit Full GC): 2,029,029,560 / 2,055,456,272 bytes free.
Warm up took 3523.237858 ms
dc_boulder_2013-13-30-06-13-17.ser           	2	40	87.813	89.287	88.031	0.626	87.412	90.206	11.388	40	1.000
cleanup (explicit Full GC): 2,033,897,504 / 2,055,455,584 bytes free.
Initial test: 87.701335 ms.
Testing file /home/marlin/mapbench/bin/../maps/dc_boulder_2013-13-30-06-13-17.ser for 120 loops ...
cleanup (explicit Full GC): 2,039,286,520 / 2,055,456,272 bytes free.
1 threads and 120 loops per thread, time: 10533.530515 ms
dc_boulder_2013-13-30-06-13-17.ser           	1	120	87.546	89.133	87.766	0.505	87.327	89.236	11.423	120	1.000


Loading drawing commands from file: /home/marlin/mapbench/bin/../maps/dc_boulder_2013-13-30-06-13-20.ser
Loaded DrawingCommands: DrawingCommands{width=1400, height=800, commands=2425}
drawing[dc_boulder_2013-13-30-06-13-20.ser][width = 1400, height = 800] ...
cleanup (explicit Full GC): 2,023,118,096 / 2,056,788,432 bytes free.
Initial test: 45.281073 ms.

Warming up with 2 threads and 69 loops on /home/marlin/mapbench/bin/../maps/dc_boulder_2013-13-30-06-13-20.ser
cleanup (explicit Full GC): 2,040,619,368 / 2,056,404,144 bytes free.
Warm up took 6168.646354 ms
dc_boulder_2013-13-30-06-13-20.ser           	2	138	44.601	45.156	44.689	0.220	44.538	45.598	22.421	138	2.000
cleanup (explicit Full GC): 2,024,066,000 / 2,056,401,600 bytes free.
Initial test: 45.148429 ms.
Testing file /home/marlin/mapbench/bin/../maps/dc_boulder_2013-13-30-06-13-20.ser for 233 loops ...
cleanup (explicit Full GC): 2,040,232,536 / 2,056,403,856 bytes free.
1 threads and 233 loops per thread, time: 10451.496664 ms
dc_boulder_2013-13-30-06-13-20.ser           	1	233	44.795	45.356	44.851	0.203	44.638	45.726	22.324	233	2.000


Loading drawing commands from file: /home/marlin/mapbench/bin/../maps/dc_shp_alllayers_2013-00-30-07-00-43.ser
Loaded DrawingCommands: DrawingCommands{width=1400, height=800, commands=568}
drawing[dc_shp_alllayers_2013-00-30-07-00-43.ser][width = 1400, height = 800] ...
cleanup (explicit Full GC): 2,024,065,680 / 2,057,292,464 bytes free.
Initial test: 37.928928 ms.

Warming up with 2 threads and 83 loops on /home/marlin/mapbench/bin/../maps/dc_shp_alllayers_2013-00-30-07-00-43.ser
cleanup (explicit Full GC): 2,041,123,400 / 2,056,930,288 bytes free.
Warm up took 6301.434598 ms
dc_shp_alllayers_2013-00-30-07-00-43.ser     	2	166	37.911	38.265	37.953	0.138	37.875	38.713	26.378	166	2.000
cleanup (explicit Full GC): 2,040,761,224 / 2,056,927,584 bytes free.
Initial test: 37.984252 ms.
Testing file /home/marlin/mapbench/bin/../maps/dc_shp_alllayers_2013-00-30-07-00-43.ser for 277 loops ...
cleanup (explicit Full GC): 2,040,758,520 / 2,056,930,288 bytes free.
1 threads and 277 loops per thread, time: 10521.320026 ms
dc_shp_alllayers_2013-00-30-07-00-43.ser     	1	277	37.871	38.445	37.980	0.342	37.818	39.616	26.406	277	2.000


Loading drawing commands from file: /home/marlin/mapbench/bin/../maps/dc_shp_alllayers_2013-00-30-07-00-47.ser
Loaded DrawingCommands: DrawingCommands{width=1400, height=800, commands=135213}
drawing[dc_shp_alllayers_2013-00-30-07-00-47.ser][width = 1400, height = 800] ...
cleanup (explicit Full GC): 1,894,861,496 / 2,017,986,256 bytes free.
Initial test: 880.812661 ms.

Warming up with 2 threads and 20 loops on /home/marlin/mapbench/bin/../maps/dc_shp_alllayers_2013-00-30-07-00-47.ser
cleanup (explicit Full GC): 1,985,648,072 / 2,013,666,024 bytes free.
Warm up took 35433.899062 ms
dc_shp_alllayers_2013-00-30-07-00-47.ser     	2	40	885.613	886.011	885.641	0.249	885.303	886.535	1.129	40	0.125
cleanup (explicit Full GC): 1,825,026,432 / 2,013,665,336 bytes free.
Initial test: 888.238773 ms.
Testing file /home/marlin/mapbench/bin/../maps/dc_shp_alllayers_2013-00-30-07-00-47.ser for 20 loops ...
cleanup (explicit Full GC): 1,986,716,864 / 2,013,666,024 bytes free.
1 threads and 20 loops per thread, time: 17670.863544 ms
dc_shp_alllayers_2013-00-30-07-00-47.ser     	1	20	884.972	885.625	883.259	2.298	880.301	885.806	1.130	20	0.125


Loading drawing commands from file: /home/marlin/mapbench/bin/../maps/dc_spearfish_2013-11-30-06-11-15.ser
Loaded DrawingCommands: DrawingCommands{width=512, height=359, commands=1232}
drawing[dc_spearfish_2013-11-30-06-11-15.ser][width = 512, height = 359] ...
cleanup (explicit Full GC): 1,911,261,696 / 2,057,236,552 bytes free.
Initial test: 14.410084 ms.

Warming up with 2 threads and 219 loops on /home/marlin/mapbench/bin/../maps/dc_spearfish_2013-11-30-06-11-15.ser
cleanup (explicit Full GC): 2,041,067,488 / 2,056,836,240 bytes free.
Warm up took 5282.59685 ms
dc_spearfish_2013-11-30-06-11-15.ser         	2	438	12.052	12.080	12.059	0.040	12.030	12.460	82.975	438	10.000
cleanup (explicit Full GC): 2,013,718,688 / 2,056,829,120 bytes free.
Initial test: 12.06331 ms.
Testing file /home/marlin/mapbench/bin/../maps/dc_spearfish_2013-11-30-06-11-15.ser for 872 loops ...
cleanup (explicit Full GC): 2,040,660,056 / 2,056,836,176 bytes free.
1 threads and 872 loops per thread, time: 10503.084761 ms
dc_spearfish_2013-11-30-06-11-15.ser         	1	872	12.043	12.060	12.044	0.016	12.022	12.359	83.037	872	10.000


Loading drawing commands from file: /home/marlin/mapbench/bin/../maps/dc_spearfish_2013-11-30-06-11-19.ser
Loaded DrawingCommands: DrawingCommands{width=512, height=359, commands=349}
drawing[dc_spearfish_2013-11-30-06-11-19.ser][width = 512, height = 359] ...
cleanup (explicit Full GC): 2,008,328,888 / 2,057,514,264 bytes free.
Initial test: 6.15067 ms.

Warming up with 2 threads and 513 loops on /home/marlin/mapbench/bin/../maps/dc_spearfish_2013-11-30-06-11-19.ser
cleanup (explicit Full GC): 2,041,345,200 / 2,057,159,224 bytes free.
Warm up took 6081.496777 ms
dc_spearfish_2013-11-30-06-11-19.ser         	2	1026	5.924	5.940	5.927	0.019	5.906	6.248	168.815	1026	20.000
cleanup (explicit Full GC): 2,030,210,752 / 2,057,142,760 bytes free.
Initial test: 5.925546 ms.
Testing file /home/marlin/mapbench/bin/../maps/dc_spearfish_2013-11-30-06-11-19.ser for 1776 loops ...
cleanup (explicit Full GC): 2,040,973,696 / 2,057,159,224 bytes free.
1 threads and 1776 loops per thread, time: 10517.903897 ms
dc_spearfish_2013-11-30-06-11-19.ser         	1	1776	5.921	5.931	5.922	0.012	5.903	6.097	168.901	1776	20.000


Loading drawing commands from file: /home/marlin/mapbench/bin/../maps/dc_topp:states_2013-11-30-06-11-06.ser
Loaded DrawingCommands: DrawingCommands{width=780, height=330, commands=119}
drawing[dc_topp:states_2013-11-30-06-11-06.ser][width = 780, height = 330] ...
cleanup (explicit Full GC): 2,014,041,672 / 2,057,455,576 bytes free.
Initial test: 11.416202 ms.

Warming up with 2 threads and 276 loops on /home/marlin/mapbench/bin/../maps/dc_topp:states_2013-11-30-06-11-06.ser
cleanup (explicit Full GC): 2,041,286,512 / 2,057,120,456 bytes free.
Warm up took 6258.447437 ms
dc_topp:states_2013-11-30-06-11-06.ser       	2	552	11.334	11.352	11.337	0.018	11.310	11.503	88.227	552	10.000
cleanup (explicit Full GC): 2,040,951,392 / 2,057,111,576 bytes free.
Initial test: 11.360266 ms.
Testing file /home/marlin/mapbench/bin/../maps/dc_topp:states_2013-11-30-06-11-06.ser for 926 loops ...
cleanup (explicit Full GC): 2,040,942,512 / 2,057,120,456 bytes free.
1 threads and 926 loops per thread, time: 10524.332738 ms
dc_topp:states_2013-11-30-06-11-06.ser       	1	926	11.363	11.378	11.365	0.017	11.338	11.529	88.006	926	10.000


Loading drawing commands from file: /home/marlin/mapbench/bin/../maps/dc_topp:states_2013-11-30-06-11-07.ser
Loaded DrawingCommands: DrawingCommands{width=780, height=330, commands=144}
drawing[dc_topp:states_2013-11-30-06-11-07.ser][width = 780, height = 330] ...
cleanup (explicit Full GC): 2,040,951,392 / 2,057,490,408 bytes free.
Initial test: 7.246294 ms.

Warming up with 2 threads and 435 loops on /home/marlin/mapbench/bin/../maps/dc_topp:states_2013-11-30-06-11-07.ser
cleanup (explicit Full GC): 2,041,321,344 / 2,057,141,040 bytes free.
Warm up took 6264.179914 ms
dc_topp:states_2013-11-30-06-11-07.ser       	2	870	7.180	7.264	7.199	0.043	7.144	7.448	139.284	870	10.000
cleanup (explicit Full GC): 2,040,971,976 / 2,057,127,072 bytes free.
Initial test: 7.17981 ms.
Testing file /home/marlin/mapbench/bin/../maps/dc_topp:states_2013-11-30-06-11-07.ser for 1466 loops ...
cleanup (explicit Full GC): 2,030,178,632 / 2,057,140,976 bytes free.
1 threads and 1466 loops per thread, time: 10556.553008 ms
dc_topp:states_2013-11-30-06-11-07.ser       	1	1466	7.205	7.251	7.200	0.042	7.142	7.484	138.799	1466	10.000


Loading drawing commands from file: /home/marlin/mapbench/bin/../maps/spiralTest-dash-false.ser
Loaded DrawingCommands: DrawingCommands{width=4096, height=4096, commands=1}
drawing[spiralTest-dash-false.ser][width = 4096, height = 4096] ...
cleanup (explicit Full GC): 1,969,700,040 / 2,049,243,096 bytes free.
Initial test: 1039.784489 ms.

Warming up with 2 threads and 20 loops on /home/marlin/mapbench/bin/../maps/spiralTest-dash-false.ser
cleanup (explicit Full GC): 1,885,224,720 / 2,048,872,464 bytes free.
Warm up took 36929.922985 ms
spiralTest-dash-false.ser                    	2	40	924.360	925.080	923.045	2.386	919.925	930.362	1.082	40	0.100
cleanup (explicit Full GC): 1,806,965,832 / 2,048,871,504 bytes free.
Initial test: 920.363582 ms.
Testing file /home/marlin/mapbench/bin/../maps/spiralTest-dash-false.ser for 20 loops ...
cleanup (explicit Full GC): 1,884,853,128 / 2,048,872,192 bytes free.
1 threads and 20 loops per thread, time: 18401.911489 ms
spiralTest-dash-false.ser                    	1	20	919.596	920.432	919.897	1.265	919.137	925.278	1.087	20	0.100


Loading drawing commands from file: /home/marlin/mapbench/bin/../maps/spiralTest-fill.ser
Loaded DrawingCommands: DrawingCommands{width=4096, height=4096, commands=1}
drawing[spiralTest-fill.ser][width = 4096, height = 4096] ...
cleanup (explicit Full GC): 1,742,390,792 / 2,040,640,560 bytes free.
Initial test: 794.392167 ms.

Warming up with 2 threads and 20 loops on /home/marlin/mapbench/bin/../maps/spiralTest-fill.ser
cleanup (explicit Full GC): 1,961,853,744 / 2,040,248,192 bytes free.
Warm up took 31873.942454 ms
spiralTest-fill.ser                          	2	40	796.543	798.901	796.648	1.174	794.072	800.432	1.255	40	0.125
cleanup (explicit Full GC): 1,894,352,496 / 2,040,247,504 bytes free.
Initial test: 797.073058 ms.
Testing file /home/marlin/mapbench/bin/../maps/spiralTest-fill.ser for 20 loops ...
cleanup (explicit Full GC): 1,961,460,688 / 2,040,248,192 bytes free.
1 threads and 20 loops per thread, time: 16010.136614 ms
spiralTest-fill.ser                          	1	20	800.441	801.580	800.308	0.976	798.754	802.790	1.249	20	0.125


Loading drawing commands from file: /home/marlin/mapbench/bin/../maps/test_z_625k.ser
Loaded DrawingCommands: DrawingCommands{width=1272, height=1261, commands=23345}
drawing[test_z_625k.ser][width = 1272, height = 1261] ...
cleanup (explicit Full GC): 1,943,495,160 / 2,050,746,864 bytes free.
Initial test: 149.56329 ms.

Warming up with 2 threads and 21 loops on /home/marlin/mapbench/bin/../maps/test_z_625k.ser
cleanup (explicit Full GC): 2,025,594,712 / 2,049,579,160 bytes free.
Warm up took 6251.908718 ms
test_z_625k.ser                              	2	42	148.680	149.369	148.803	0.330	148.510	150.262	6.726	42	0.667
cleanup (explicit Full GC): 2,001,841,880 / 2,049,577,392 bytes free.
Initial test: 149.029444 ms.
Testing file /home/marlin/mapbench/bin/../maps/test_z_625k.ser for 70 loops ...
cleanup (explicit Full GC): 2,035,204,616 / 2,049,578,112 bytes free.
1 threads and 70 loops per thread, time: 10452.534425 ms
test_z_625k.ser                              	1	70	149.231	149.728	149.299	0.237	149.046	150.303	6.701	70	0.667


WARMUP results:
Test                                         	Threads	Ops	Med	Pct95	Avg	StdDev	Min	Max	FPS(med)	TotalOps	Scale	[ms/op]
<<< Calib 1
[calibration]                                	1	3000	0.112	0.120	0.114	0.009	0.112	0.320	8920.129	3000	1.000
>>> Calib 1
<<< Warmup 1
CircleTests.ser                              	1	80	62.010	63.442	65.950	24.616	61.600	257.114	16.127	80	2.000
>>> Warmup 1
<<< Warmup 2
CircleTests.ser                              	1	160	61.393	61.761	61.450	0.157	61.255	62.082	16.288	160	2.000
>>> Warmup 2
CircleTests.ser                              	2	102	61.323	61.808	61.396	0.172	61.190	61.919	16.307	102	2.000
EllipseTests-fill-false.ser                  	2	40	277.136	277.626	277.169	0.287	276.794	278.223	3.608	40	0.500
EllipseTests-fill-true.ser                   	2	40	326.333	327.799	326.625	0.920	325.461	329.629	3.064	40	0.286
LineWidthColorGridTest.ser                   	2	54	54.565	55.738	54.704	0.405	54.424	56.228	18.327	54	1.000
dc_boulder_2013-13-30-06-13-17.ser           	2	40	87.813	89.287	88.031	0.626	87.412	90.206	11.388	40	1.000
dc_boulder_2013-13-30-06-13-20.ser           	2	138	44.601	45.156	44.689	0.220	44.538	45.598	22.421	138	2.000
dc_shp_alllayers_2013-00-30-07-00-43.ser     	2	166	37.911	38.265	37.953	0.138	37.875	38.713	26.378	166	2.000
dc_shp_alllayers_2013-00-30-07-00-47.ser     	2	40	885.613	886.011	885.641	0.249	885.303	886.535	1.129	40	0.125
dc_spearfish_2013-11-30-06-11-15.ser         	2	438	12.052	12.080	12.059	0.040	12.030	12.460	82.975	438	10.000
dc_spearfish_2013-11-30-06-11-19.ser         	2	1026	5.924	5.940	5.927	0.019	5.906	6.248	168.815	1026	20.000
dc_topp:states_2013-11-30-06-11-06.ser       	2	552	11.334	11.352	11.337	0.018	11.310	11.503	88.227	552	10.000
dc_topp:states_2013-11-30-06-11-07.ser       	2	870	7.180	7.264	7.199	0.043	7.144	7.448	139.284	870	10.000
spiralTest-dash-false.ser                    	2	40	924.360	925.080	923.045	2.386	919.925	930.362	1.082	40	0.100
spiralTest-fill.ser                          	2	40	796.543	798.901	796.648	1.174	794.072	800.432	1.255	40	0.125
test_z_625k.ser                              	2	42	148.680	149.369	148.803	0.330	148.510	150.262	6.726	42	0.667

TEST results:
Test                                         	Threads	Ops	Med	Pct95	Avg	StdDev	Min	Max	FPS(med)	TotalOps	Scale	[ms/op]
CircleTests.ser                              	1	171	61.343	61.747	61.403	0.159	61.216	62.008	16.302	171	2.000
EllipseTests-fill-false.ser                  	1	38	275.708	275.967	275.730	0.129	275.557	276.170	3.627	38	0.500
EllipseTests-fill-true.ser                   	1	32	326.242	327.115	326.179	0.741	325.004	327.400	3.065	32	0.286
LineWidthColorGridTest.ser                   	1	195	53.719	55.373	53.843	0.400	53.622	55.434	18.616	195	1.000
dc_boulder_2013-13-30-06-13-17.ser           	1	120	87.546	89.133	87.766	0.505	87.327	89.236	11.423	120	1.000
dc_boulder_2013-13-30-06-13-20.ser           	1	233	44.795	45.356	44.851	0.203	44.638	45.726	22.324	233	2.000
dc_shp_alllayers_2013-00-30-07-00-43.ser     	1	277	37.871	38.445	37.980	0.342	37.818	39.616	26.406	277	2.000
dc_shp_alllayers_2013-00-30-07-00-47.ser     	1	20	884.972	885.625	883.259	2.298	880.301	885.806	1.130	20	0.125
dc_spearfish_2013-11-30-06-11-15.ser         	1	872	12.043	12.060	12.044	0.016	12.022	12.359	83.037	872	10.000
dc_spearfish_2013-11-30-06-11-19.ser         	1	1776	5.921	5.931	5.922	0.012	5.903	6.097	168.901	1776	20.000
dc_topp:states_2013-11-30-06-11-06.ser       	1	926	11.363	11.378	11.365	0.017	11.338	11.529	88.006	926	10.000
dc_topp:states_2013-11-30-06-11-07.ser       	1	1466	7.205	7.251	7.200	0.042	7.142	7.484	138.799	1466	10.000
spiralTest-dash-false.ser                    	1	20	919.596	920.432	919.897	1.265	919.137	925.278	1.087	20	0.100
spiralTest-fill.ser                          	1	20	800.441	801.580	800.308	0.976	798.754	802.790	1.249	20	0.125
test_z_625k.ser                              	1	70	149.231	149.728	149.299	0.237	149.046	150.303	6.701	70	0.667

Scores:
Tests	15	15	
Threads	1	1	
Med	99.132	99.132	
Pct95	99.688	99.688	
FPS	39.378	39.378	

