
CPU_CORE_IDS: 3
date:
ven. 26 nov. 2021 09:59:14 CET
JAVA_HOME: /home/bourgesl/apps/openjdk-jdk-linux-x86_64-server-release/jdk-arraycopy/
CLASSPATH:   ../lib/mapbench-0.5.0.jar:../lib/org.jfree.svg-4.1-bourgesl-0.1.jar
Boot CP:     
Java opts:   -Dsun.java2d.renderer.useDPQS=true --patch-module java.desktop=../lib/marlin-0.9.4.5-Unsafe-OpenJDK11.jar -Dsun.java2d.renderer.clip=true -Dsun.java2d.renderer.log=true -Dsun.java2d.renderer.logCreateContext=false -Dsun.java2d.renderer.logUnsafeMalloc=false -Dsun.java2d.renderer.clip.curves= -Dsun.java2d.renderer.subPixel_log2_X=8 -Dsun.java2d.renderer.subPixel_log2_Y=3 -Dsun.java2d.renderer.useThreadLocal=true -Dsun.java2d.renderer.useSimplifier=false -Dsun.java2d.renderer.useRef=soft -Dsun.java2d.renderer.pixelWidth=4096 -Dsun.java2d.renderer.pixelHeight=2176 -Dsun.java2d.renderer.tileSize_log2=6 -Dsun.java2d.renderer.tileWidth_log2=7 -Dsun.java2d.renderer=sun.java2d.marlin.DMarlinRenderingEngine -Dsun.java2d.renderer.clip.subdivider=true -Dsun.java2d.renderer.clip.subdivider.minLength=100.0 -DMapBench.noAAclear=true -DMapBench.skipDraw=false -DMapBench.skipFill=false -DMapBench.clip.small=false -DMapBench.qualityMode=true -DMapBench.premultiplied=true -DMapBench.acceleration=false -DMapBench.volatile=false -DMapBench.4bytes=false -server
Java tuning:  -Xms2g  -Xmx2g -XX:+UseParallelGC -XX:+AlwaysPreTouch -XX:+UseTransparentHugePages
JVM path
/home/bourgesl/apps/openjdk-jdk-linux-x86_64-server-release/jdk-arraycopy//bin//java
Java version
openjdk version "18-testing" 2022-03-15
OpenJDK Runtime Environment (build 18-testing+0-builds.shipilev.net-openjdk-jdk-arraycopy-b2-20211125)
OpenJDK 64-Bit Server VM (build 18-testing+0-builds.shipilev.net-openjdk-jdk-arraycopy-b2-20211125, mixed mode, sharing)
##############################################################
# Java: 18-testing+0-builds.shipilev.net-openjdk-jdk-arraycopy-b2-20211125
#   VM: OpenJDK 64-Bit Server VM 18-testing+0-builds.shipilev.net-openjdk-jdk-arraycopy-b2-20211125 (mixed mode)
#   OS: Linux 5.4.0-90-generic (amd64)
# CPUs: 4 (virtual)
##############################################################
ERROR: Unable to get RenderingEngine.getInstance()
# Renderer: unknown 
# Quality mode: QUALITY...
# Filter shape on size: DISABLED...
# disableAA:         false 
# disableAAForClear: true 
# skipDraw:     false 
# skipFill:     false 
# useClipSmall: false 
INFO: ===============================================================================
INFO: Marlin software rasterizer           = ENABLED
INFO: Version                              = [marlin-0.9.4.5-Unsafe-OpenJDK]
INFO: sun.java2d.renderer                  = sun.java2d.marlin.DMarlinRenderingEngine
INFO: sun.java2d.renderer.useThreadLocal   = true
INFO: sun.java2d.renderer.useRef           = soft
INFO: sun.java2d.renderer.edges            = 4096
INFO: sun.java2d.renderer.pixelWidth       = 4096
INFO: sun.java2d.renderer.pixelHeight      = 2176
INFO: sun.java2d.renderer.profile          = quality
INFO: sun.java2d.renderer.subPixel_log2_X  = 8
INFO: sun.java2d.renderer.subPixel_log2_Y  = 3
INFO: sun.java2d.renderer.tileSize_log2    = 6
INFO: sun.java2d.renderer.tileWidth_log2   = 7
INFO: sun.java2d.renderer.blockSize_log2   = 5
INFO: sun.java2d.renderer.forceRLE         = false
INFO: sun.java2d.renderer.forceNoRLE       = false
INFO: sun.java2d.renderer.useTileFlags     = true
INFO: sun.java2d.renderer.useTileFlags.useHeuristics = true
INFO: sun.java2d.renderer.rleMinWidth      = 64
INFO: sun.java2d.renderer.useSimplifier    = false
INFO: sun.java2d.renderer.usePathSimplifier= false
INFO: sun.java2d.renderer.pathSimplifier.pixTol = 0.125
INFO: sun.java2d.renderer.clip             = true
INFO: sun.java2d.renderer.clip.runtime.enable = false
INFO: sun.java2d.renderer.clip.subdivider  = true
INFO: sun.java2d.renderer.clip.subdivider.minLength = 100.0
INFO: sun.java2d.renderer.doStats          = false
INFO: sun.java2d.renderer.doMonitors       = false
INFO: sun.java2d.renderer.doChecks         = false
INFO: sun.java2d.renderer.useLogger        = false
INFO: sun.java2d.renderer.logCreateContext = false
INFO: sun.java2d.renderer.logUnsafeMalloc  = false
INFO: sun.java2d.renderer.curve_len_err    = 0.01
INFO: sun.java2d.renderer.cubic_dec_d2     = 1.0
INFO: sun.java2d.renderer.cubic_inc_d1     = 0.2
INFO: sun.java2d.renderer.quad_dec_d2      = 0.5
INFO: Renderer settings:
INFO: MergeSort: DPQS_THRESHOLD: 256
INFO: MergeSort: DISABLE_ISORT_THRESHOLD: 1000
INFO: SORT         = DPQS_20191112
INFO: CUB_DEC_BND  = 256.0
INFO: CUB_INC_BND  = 51.20000076293945
INFO: QUAD_DEC_BND = 128.0
INFO: INITIAL_EDGES_CAPACITY               = 98304
INFO: INITIAL_CROSSING_COUNT               = 1024
INFO: ===============================================================================
# Using BufferedImage INT_ARGB_PRE...
##############################################################
profileName: shared_1T
Loading profile file: /home/marlin/mapbench/bin/../profiles/shared_1T.properties
Loading scale file: /home/marlin/mapbench/bin/../profiles/mapbench-scales.properties
Profile properties (merged with defaults):
  dashLength=3.0
  doClip=false
  doCreateStrokedShape=false
  doRotate=false
  doScale=false
  doShear=false
  doTranslate=false
  doUseDashedStroke=false
  doUseGradient=false
  doUseTexture=false
  doUseWingRuleEvenOdd=false
  doUseWingRuleNonZero=false
  imageX=NaN
  imageY=NaN
  iteration=1
  maxThreads=1
  minDuration=10000.0
  minLoops=20
  minThreads=1
  pass=1
  rotateAngle=17.333
  scaleX=0.1
  scaleY=0.1
  shearX=2.0
  shearY=2.0
  translateX=0.0
  translateY=0.0
  useSharedImage=true
  warmupCalibration=true
  warmupLoopsMax=160
  warmupLoopsMin=80
  warmupLoopsMinTest=20
### Test Scales:
  dc_shp_alllayers_2013-00-30-07-00-47.ser=800
  dc_spearfish_2013-11-30-06-11-19.ser=5
  dc_boulder_2013-13-30-06-13-17.ser=100
  dc_boulder_2013-13-30-06-13-20.ser=50
  test_z_300k.ser=150
  dc_topp:states_2013-11-30-06-11-07.ser=10
  test_z_2.5M.ser=50
  EllipseTests-fill-false.ser=200
  test_z_1.25M.ser=100
  test_z_150k.ser=100
  dc_spearfish_2013-11-30-06-11-15.ser=10
  spiralTest-fill.ser=800
  test_z_10M.ser=50
  spiralTest-dash-false.ser=1000
  CircleTests.ser=50
  EllipseTests-fill-true.ser=350
  dc_shp_alllayers_2013-00-30-07-00-43.ser=50
  test_z_625k.ser=150
  test_z_5M.ser=50
  dc_topp:states_2013-11-30-06-11-06.ser=10
##############################################################
# Min duration per test = 10000.0 ms.
##############################################################
Loading maps from = /home/marlin/mapbench/bin/../maps
Results format: 
Test                                         	Threads	Ops	Med	Pct95	Avg	StdDev	Min	Max	FPS(med)	TotalOps	Scale	[ms/op]

Calibrating up with 1 threads and 3000 loops
cleanup (explicit Full GC): 2,016,285,464 / 2,047,055,408 bytes free.
No scaling factor found for test [[calibration]], use scale = 1.0
Calibration up took 351.884419 ms
[calibration]                                	1	3000	0.112	0.120	0.113	0.005	0.112	0.320	8923.791	3000	1.000
Loading drawing commands from file: /home/marlin/mapbench/bin/../maps/CircleTests.ser
Loaded DrawingCommands: DrawingCommands{width=2048, height=2048, commands=2001}
drawing[CircleTests.ser][width = 2048, height = 2048] ...

Warming up with 1 threads and 80 loops on /home/marlin/mapbench/bin/../maps/CircleTests.ser
cleanup (explicit Full GC): 2,029,089,648 / 2,046,409,248 bytes free.
Warm up took 5278.875319 ms
CircleTests.ser                              	1	80	62.133	63.692	65.954	23.208	61.841	244.358	16.094	80	2.000

Warming up with 1 threads and 160 loops on /home/marlin/mapbench/bin/../maps/CircleTests.ser
cleanup (explicit Full GC): 2,000,886,976 / 2,056,863,656 bytes free.
Warm up took 9879.017576 ms
CircleTests.ser                              	1	160	61.663	62.036	61.733	0.166	61.524	62.222	16.217	160	2.000
cleanup (explicit Full GC): 2,018,527,608 / 2,056,862,104 bytes free.
Initial test: 62.028102 ms.

Warming up with 2 threads and 50 loops on /home/marlin/mapbench/bin/../maps/CircleTests.ser
cleanup (explicit Full GC): 2,025,712,360 / 2,056,864,488 bytes free.
Warm up took 6182.158134 ms
CircleTests.ser                              	2	100	61.756	62.129	61.792	0.188	61.574	62.417	16.193	100	2.000
cleanup (explicit Full GC): 2,005,344,360 / 2,056,862,840 bytes free.
Initial test: 61.946338 ms.
Testing file /home/marlin/mapbench/bin/../maps/CircleTests.ser for 169 loops ...
cleanup (explicit Full GC): 2,025,713,096 / 2,056,864,328 bytes free.
1 threads and 169 loops per thread, time: 10446.406415 ms
CircleTests.ser                              	1	169	61.627	63.260	61.803	0.475	61.493	64.029	16.227	169	2.000


Loading drawing commands from file: /home/marlin/mapbench/bin/../maps/EllipseTests-fill-false.ser
Loaded DrawingCommands: DrawingCommands{width=2000, height=2000, commands=198}
drawing[EllipseTests-fill-false.ser][width = 2000, height = 2000] ...
cleanup (explicit Full GC): 2,004,155,752 / 2,057,635,760 bytes free.
Initial test: 274.999461 ms.

Warming up with 2 threads and 20 loops on /home/marlin/mapbench/bin/../maps/EllipseTests-fill-false.ser
cleanup (explicit Full GC): 2,014,687,304 / 2,057,278,336 bytes free.
Warm up took 11006.07268 ms
EllipseTests-fill-false.ser                  	2	40	274.726	276.512	275.092	0.846	274.158	276.999	3.640	40	0.500
cleanup (explicit Full GC): 2,009,109,240 / 2,057,277,512 bytes free.
Initial test: 276.299104 ms.
Testing file /home/marlin/mapbench/bin/../maps/EllipseTests-fill-false.ser for 38 loops ...
cleanup (explicit Full GC): 2,025,108,432 / 2,057,278,200 bytes free.
1 threads and 38 loops per thread, time: 10437.469299 ms
EllipseTests-fill-false.ser                  	1	38	274.641	274.908	274.637	0.171	274.369	274.947	3.641	38	0.500


Loading drawing commands from file: /home/marlin/mapbench/bin/../maps/EllipseTests-fill-true.ser
Loaded DrawingCommands: DrawingCommands{width=2000, height=2000, commands=198}
drawing[EllipseTests-fill-true.ser][width = 2000, height = 2000] ...
cleanup (explicit Full GC): 2,025,109,120 / 2,057,637,480 bytes free.
Initial test: 328.783122 ms.

Warming up with 2 threads and 20 loops on /home/marlin/mapbench/bin/../maps/EllipseTests-fill-true.ser
cleanup (explicit Full GC): 2,025,468,400 / 2,057,277,920 bytes free.
Warm up took 13012.900696 ms
EllipseTests-fill-true.ser                   	2	40	325.114	326.094	325.262	0.769	324.384	328.439	3.076	40	0.286
cleanup (explicit Full GC): 1,998,329,432 / 2,057,277,192 bytes free.
Initial test: 325.914072 ms.
Testing file /home/marlin/mapbench/bin/../maps/EllipseTests-fill-true.ser for 32 loops ...
cleanup (explicit Full GC): 2,025,108,112 / 2,057,277,880 bytes free.
1 threads and 32 loops per thread, time: 10398.488113 ms
EllipseTests-fill-true.ser                   	1	32	324.262	327.334	324.912	1.309	323.417	327.616	3.084	32	0.286


Loading drawing commands from file: /home/marlin/mapbench/bin/../maps/LineWidthColorGridTest.ser
Loaded DrawingCommands: DrawingCommands{width=1260, height=1260, commands=3808}
drawing[LineWidthColorGridTest.ser][width = 1260, height = 1260] ...
cleanup (explicit Full GC): 2,025,108,800 / 2,056,472,288 bytes free.
No scaling factor found for test [LineWidthColorGridTest.ser], use scale = 1.0
Initial test: 57.549364 ms.

Warming up with 2 threads and 54 loops on /home/marlin/mapbench/bin/../maps/LineWidthColorGridTest.ser
cleanup (explicit Full GC): 2,040,303,224 / 2,056,112,120 bytes free.
No scaling factor found for test [LineWidthColorGridTest.ser], use scale = 1.0
Warm up took 5817.866674 ms
LineWidthColorGridTest.ser                   	2	108	53.764	54.115	53.849	0.451	53.552	57.266	18.600	108	1.000
cleanup (explicit Full GC): 2,022,813,232 / 2,056,110,096 bytes free.
No scaling factor found for test [LineWidthColorGridTest.ser], use scale = 1.0
Initial test: 54.106313 ms.
Testing file /home/marlin/mapbench/bin/../maps/LineWidthColorGridTest.ser for 194 loops ...
cleanup (explicit Full GC): 2,039,941,032 / 2,056,111,872 bytes free.
No scaling factor found for test [LineWidthColorGridTest.ser], use scale = 1.0
1 threads and 194 loops per thread, time: 10442.697775 ms
LineWidthColorGridTest.ser                   	1	194	53.794	54.112	53.820	0.140	53.604	54.336	18.589	194	1.000


Loading drawing commands from file: /home/marlin/mapbench/bin/../maps/dc_boulder_2013-13-30-06-13-17.ser
Loaded DrawingCommands: DrawingCommands{width=1400, height=800, commands=4398}
drawing[dc_boulder_2013-13-30-06-13-17.ser][width = 1400, height = 800] ...
cleanup (explicit Full GC): 2,007,604,592 / 2,055,976,992 bytes free.
Initial test: 217.842873 ms.

Warming up with 2 threads and 20 loops on /home/marlin/mapbench/bin/../maps/dc_boulder_2013-13-30-06-13-17.ser
cleanup (explicit Full GC): 2,029,028,552 / 2,055,455,240 bytes free.
Warm up took 3663.715158 ms
dc_boulder_2013-13-30-06-13-17.ser           	2	40	88.967	89.635	91.542	16.288	88.376	193.226	11.240	40	1.000
cleanup (explicit Full GC): 2,033,896,472 / 2,055,454,472 bytes free.
Initial test: 88.865845 ms.
Testing file /home/marlin/mapbench/bin/../maps/dc_boulder_2013-13-30-06-13-17.ser for 118 loops ...
cleanup (explicit Full GC): 2,039,285,408 / 2,055,455,160 bytes free.
1 threads and 118 loops per thread, time: 10444.033021 ms
dc_boulder_2013-13-30-06-13-17.ser           	1	118	88.388	89.060	88.495	0.300	88.112	89.289	11.314	118	1.000


Loading drawing commands from file: /home/marlin/mapbench/bin/../maps/dc_boulder_2013-13-30-06-13-20.ser
Loaded DrawingCommands: DrawingCommands{width=1400, height=800, commands=2425}
drawing[dc_boulder_2013-13-30-06-13-20.ser][width = 1400, height = 800] ...
cleanup (explicit Full GC): 2,023,116,984 / 2,056,787,352 bytes free.
Initial test: 46.160118 ms.

Warming up with 2 threads and 68 loops on /home/marlin/mapbench/bin/../maps/dc_boulder_2013-13-30-06-13-20.ser
cleanup (explicit Full GC): 2,029,838,912 / 2,056,402,808 bytes free.
Warm up took 6160.489985 ms
dc_boulder_2013-13-30-06-13-20.ser           	2	136	45.095	45.971	45.287	0.442	44.991	47.679	22.175	136	2.000
cleanup (explicit Full GC): 2,034,844,040 / 2,056,400,584 bytes free.
Initial test: 45.968164 ms.
Testing file /home/marlin/mapbench/bin/../maps/dc_boulder_2013-13-30-06-13-20.ser for 228 loops ...
cleanup (explicit Full GC): 2,040,231,520 / 2,056,402,808 bytes free.
1 threads and 228 loops per thread, time: 10369.167502 ms
dc_boulder_2013-13-30-06-13-20.ser           	1	228	45.373	45.937	45.473	0.209	45.316	46.443	22.040	228	2.000


Loading drawing commands from file: /home/marlin/mapbench/bin/../maps/dc_shp_alllayers_2013-00-30-07-00-43.ser
Loaded DrawingCommands: DrawingCommands{width=1400, height=800, commands=568}
drawing[dc_shp_alllayers_2013-00-30-07-00-43.ser][width = 1400, height = 800] ...
cleanup (explicit Full GC): 2,024,064,632 / 2,057,291,496 bytes free.
Initial test: 38.993382 ms.

Warming up with 2 threads and 80 loops on /home/marlin/mapbench/bin/../maps/dc_shp_alllayers_2013-00-30-07-00-43.ser
cleanup (explicit Full GC): 2,041,122,432 / 2,056,929,240 bytes free.
Warm up took 6118.597878 ms
dc_shp_alllayers_2013-00-30-07-00-43.ser     	2	160	38.078	38.802	38.234	0.412	38.017	40.536	26.262	160	2.000
cleanup (explicit Full GC): 2,040,760,176 / 2,056,926,632 bytes free.
Initial test: 38.843055 ms.
Testing file /home/marlin/mapbench/bin/../maps/dc_shp_alllayers_2013-00-30-07-00-43.ser for 270 loops ...
cleanup (explicit Full GC): 2,040,757,568 / 2,056,929,240 bytes free.
1 threads and 270 loops per thread, time: 10335.915942 ms
dc_shp_alllayers_2013-00-30-07-00-43.ser     	1	270	38.225	38.677	38.278	0.170	38.111	39.160	26.161	270	2.000


Loading drawing commands from file: /home/marlin/mapbench/bin/../maps/dc_shp_alllayers_2013-00-30-07-00-47.ser
Loaded DrawingCommands: DrawingCommands{width=1400, height=800, commands=135213}
drawing[dc_shp_alllayers_2013-00-30-07-00-47.ser][width = 1400, height = 800] ...
cleanup (explicit Full GC): 1,909,965,760 / 2,017,985,320 bytes free.
Initial test: 880.68902 ms.

Warming up with 2 threads and 20 loops on /home/marlin/mapbench/bin/../maps/dc_shp_alllayers_2013-00-30-07-00-47.ser
cleanup (explicit Full GC): 1,985,647,136 / 2,013,664,976 bytes free.
Warm up took 35138.145839 ms
dc_shp_alllayers_2013-00-30-07-00-47.ser     	2	40	878.165	878.643	878.250	0.294	877.864	879.466	1.139	40	0.125
cleanup (explicit Full GC): 1,825,025,384 / 2,013,664,288 bytes free.
Initial test: 879.412828 ms.
Testing file /home/marlin/mapbench/bin/../maps/dc_shp_alllayers_2013-00-30-07-00-47.ser for 20 loops ...
cleanup (explicit Full GC): 1,986,715,816 / 2,013,664,976 bytes free.
1 threads and 20 loops per thread, time: 17601.318399 ms
dc_shp_alllayers_2013-00-30-07-00-47.ser     	1	20	879.731	880.297	879.787	0.321	879.268	880.664	1.137	20	0.125


Loading drawing commands from file: /home/marlin/mapbench/bin/../maps/dc_spearfish_2013-11-30-06-11-15.ser
Loaded DrawingCommands: DrawingCommands{width=512, height=359, commands=1232}
drawing[dc_spearfish_2013-11-30-06-11-15.ser][width = 512, height = 359] ...
cleanup (explicit Full GC): 1,900,481,272 / 2,057,235,504 bytes free.
Initial test: 14.647981 ms.

Warming up with 2 threads and 215 loops on /home/marlin/mapbench/bin/../maps/dc_spearfish_2013-11-30-06-11-15.ser
cleanup (explicit Full GC): 2,041,066,440 / 2,056,835,192 bytes free.
Warm up took 5270.198041 ms
dc_spearfish_2013-11-30-06-11-15.ser         	2	430	12.250	12.332	12.255	0.065	12.159	12.593	81.634	430	10.000
cleanup (explicit Full GC): 2,013,717,640 / 2,056,828,200 bytes free.
Initial test: 12.346935 ms.
Testing file /home/marlin/mapbench/bin/../maps/dc_spearfish_2013-11-30-06-11-15.ser for 852 loops ...
cleanup (explicit Full GC): 2,040,659,136 / 2,056,835,128 bytes free.
1 threads and 852 loops per thread, time: 10434.309745 ms
dc_spearfish_2013-11-30-06-11-15.ser         	1	852	12.250	12.317	12.246	0.048	12.156	12.582	81.635	852	10.000


Loading drawing commands from file: /home/marlin/mapbench/bin/../maps/dc_spearfish_2013-11-30-06-11-19.ser
Loaded DrawingCommands: DrawingCommands{width=512, height=359, commands=349}
drawing[dc_spearfish_2013-11-30-06-11-19.ser][width = 512, height = 359] ...
cleanup (explicit Full GC): 2,008,327,840 / 2,057,513,536 bytes free.
Initial test: 6.199219 ms.

Warming up with 2 threads and 509 loops on /home/marlin/mapbench/bin/../maps/dc_spearfish_2013-11-30-06-11-19.ser
cleanup (explicit Full GC): 2,041,344,472 / 2,057,158,176 bytes free.
Warm up took 6111.390724 ms
dc_spearfish_2013-11-30-06-11-19.ser         	2	1018	6.001	6.013	6.003	0.018	5.985	6.374	166.644	1018	20.000
cleanup (explicit Full GC): 2,030,209,704 / 2,057,141,840 bytes free.
Initial test: 6.012485 ms.
Testing file /home/marlin/mapbench/bin/../maps/dc_spearfish_2013-11-30-06-11-19.ser for 1750 loops ...
cleanup (explicit Full GC): 2,040,972,776 / 2,057,158,176 bytes free.
1 threads and 1750 loops per thread, time: 10521.662989 ms
dc_spearfish_2013-11-30-06-11-19.ser         	1	1750	6.000	6.010	6.012	0.143	5.984	8.370	166.676	1750	20.000


Loading drawing commands from file: /home/marlin/mapbench/bin/../maps/dc_topp:states_2013-11-30-06-11-06.ser
Loaded DrawingCommands: DrawingCommands{width=780, height=330, commands=119}
drawing[dc_topp:states_2013-11-30-06-11-06.ser][width = 780, height = 330] ...
cleanup (explicit Full GC): 2,014,040,624 / 2,057,454,944 bytes free.
Initial test: 11.579495 ms.

Warming up with 2 threads and 272 loops on /home/marlin/mapbench/bin/../maps/dc_topp:states_2013-11-30-06-11-06.ser
cleanup (explicit Full GC): 2,041,285,880 / 2,057,119,408 bytes free.
Warm up took 6261.493095 ms
dc_topp:states_2013-11-30-06-11-06.ser       	2	544	11.515	11.591	11.509	0.052	11.422	11.795	86.840	544	10.000
cleanup (explicit Full GC): 2,040,950,344 / 2,057,110,656 bytes free.
Initial test: 11.664855 ms.
Testing file /home/marlin/mapbench/bin/../maps/dc_topp:states_2013-11-30-06-11-06.ser for 902 loops ...
cleanup (explicit Full GC): 2,040,941,592 / 2,057,119,408 bytes free.
1 threads and 902 loops per thread, time: 10393.323719 ms
dc_topp:states_2013-11-30-06-11-06.ser       	1	902	11.530	11.592	11.522	0.048	11.436	11.788	86.729	902	10.000


Loading drawing commands from file: /home/marlin/mapbench/bin/../maps/dc_topp:states_2013-11-30-06-11-07.ser
Loaded DrawingCommands: DrawingCommands{width=780, height=330, commands=144}
drawing[dc_topp:states_2013-11-30-06-11-07.ser][width = 780, height = 330] ...
cleanup (explicit Full GC): 2,040,950,344 / 2,057,489,744 bytes free.
Initial test: 7.274301 ms.

Warming up with 2 threads and 434 loops on /home/marlin/mapbench/bin/../maps/dc_topp:states_2013-11-30-06-11-07.ser
cleanup (explicit Full GC): 2,041,320,680 / 2,057,139,992 bytes free.
Warm up took 6285.310532 ms
dc_topp:states_2013-11-30-06-11-07.ser       	2	868	7.239	7.251	7.240	0.015	7.220	7.405	138.145	868	10.000
cleanup (explicit Full GC): 2,040,970,928 / 2,057,126,056 bytes free.
Initial test: 7.254344 ms.
Testing file /home/marlin/mapbench/bin/../maps/dc_topp:states_2013-11-30-06-11-07.ser for 1451 loops ...
cleanup (explicit Full GC): 2,030,177,616 / 2,057,139,928 bytes free.
1 threads and 1451 loops per thread, time: 10511.73298 ms
dc_topp:states_2013-11-30-06-11-07.ser       	1	1451	7.243	7.255	7.244	0.010	7.226	7.405	138.060	1451	10.000


Loading drawing commands from file: /home/marlin/mapbench/bin/../maps/spiralTest-dash-false.ser
Loaded DrawingCommands: DrawingCommands{width=4096, height=4096, commands=1}
drawing[spiralTest-dash-false.ser][width = 4096, height = 4096] ...
cleanup (explicit Full GC): 1,969,698,992 / 2,049,242,288 bytes free.
Initial test: 1042.52605 ms.

Warming up with 2 threads and 20 loops on /home/marlin/mapbench/bin/../maps/spiralTest-dash-false.ser
cleanup (explicit Full GC): 1,885,223,912 / 2,048,871,272 bytes free.
Warm up took 37298.403338 ms
spiralTest-dash-false.ser                    	2	40	933.081	934.633	932.257	2.427	928.929	940.334	1.072	40	0.100
cleanup (explicit Full GC): 1,806,964,640 / 2,048,870,312 bytes free.
Initial test: 932.392825 ms.
Testing file /home/marlin/mapbench/bin/../maps/spiralTest-dash-false.ser for 20 loops ...
cleanup (explicit Full GC): 1,884,851,936 / 2,048,871,000 bytes free.
1 threads and 20 loops per thread, time: 18682.112968 ms
spiralTest-dash-false.ser                    	1	20	932.228	937.896	933.906	3.182	930.245	937.978	1.073	20	0.100


Loading drawing commands from file: /home/marlin/mapbench/bin/../maps/spiralTest-fill.ser
Loaded DrawingCommands: DrawingCommands{width=4096, height=4096, commands=1}
drawing[spiralTest-fill.ser][width = 4096, height = 4096] ...
cleanup (explicit Full GC): 1,742,389,600 / 2,040,639,368 bytes free.
Initial test: 797.941757 ms.

Warming up with 2 threads and 20 loops on /home/marlin/mapbench/bin/../maps/spiralTest-fill.ser
cleanup (explicit Full GC): 1,961,852,552 / 2,040,247,000 bytes free.
Warm up took 31921.165799 ms
spiralTest-fill.ser                          	2	40	797.886	799.212	797.826	0.739	796.528	799.406	1.253	40	0.125
cleanup (explicit Full GC): 1,894,351,304 / 2,040,246,312 bytes free.
Initial test: 797.846883 ms.
Testing file /home/marlin/mapbench/bin/../maps/spiralTest-fill.ser for 20 loops ...
cleanup (explicit Full GC): 1,961,459,496 / 2,040,247,000 bytes free.
1 threads and 20 loops per thread, time: 16008.223654 ms
spiralTest-fill.ser                          	1	20	800.401	801.488	800.213	0.960	797.880	802.127	1.249	20	0.125


Loading drawing commands from file: /home/marlin/mapbench/bin/../maps/test_z_625k.ser
Loaded DrawingCommands: DrawingCommands{width=1272, height=1261, commands=23345}
drawing[test_z_625k.ser][width = 1272, height = 1261] ...
cleanup (explicit Full GC): 1,943,493,984 / 2,050,745,672 bytes free.
Initial test: 148.977666 ms.

Warming up with 2 threads and 21 loops on /home/marlin/mapbench/bin/../maps/test_z_625k.ser
cleanup (explicit Full GC): 2,025,593,520 / 2,049,577,968 bytes free.
Warm up took 6244.811112 ms
test_z_625k.ser                              	2	42	148.544	149.263	148.639	0.408	148.129	150.101	6.732	42	0.667
cleanup (explicit Full GC): 2,001,840,688 / 2,049,577,248 bytes free.
Initial test: 149.197308 ms.
Testing file /home/marlin/mapbench/bin/../maps/test_z_625k.ser for 70 loops ...
cleanup (explicit Full GC): 2,035,204,472 / 2,049,577,968 bytes free.
1 threads and 70 loops per thread, time: 10388.203401 ms
test_z_625k.ser                              	1	70	148.226	149.073	148.380	0.331	148.047	149.590	6.746	70	0.667


WARMUP results:
Test                                         	Threads	Ops	Med	Pct95	Avg	StdDev	Min	Max	FPS(med)	TotalOps	Scale	[ms/op]
<<< Calib 1
[calibration]                                	1	3000	0.112	0.120	0.113	0.005	0.112	0.320	8923.791	3000	1.000
>>> Calib 1
<<< Warmup 1
CircleTests.ser                              	1	80	62.133	63.692	65.954	23.208	61.841	244.358	16.094	80	2.000
>>> Warmup 1
<<< Warmup 2
CircleTests.ser                              	1	160	61.663	62.036	61.733	0.166	61.524	62.222	16.217	160	2.000
>>> Warmup 2
CircleTests.ser                              	2	100	61.756	62.129	61.792	0.188	61.574	62.417	16.193	100	2.000
EllipseTests-fill-false.ser                  	2	40	274.726	276.512	275.092	0.846	274.158	276.999	3.640	40	0.500
EllipseTests-fill-true.ser                   	2	40	325.114	326.094	325.262	0.769	324.384	328.439	3.076	40	0.286
LineWidthColorGridTest.ser                   	2	108	53.764	54.115	53.849	0.451	53.552	57.266	18.600	108	1.000
dc_boulder_2013-13-30-06-13-17.ser           	2	40	88.967	89.635	91.542	16.288	88.376	193.226	11.240	40	1.000
dc_boulder_2013-13-30-06-13-20.ser           	2	136	45.095	45.971	45.287	0.442	44.991	47.679	22.175	136	2.000
dc_shp_alllayers_2013-00-30-07-00-43.ser     	2	160	38.078	38.802	38.234	0.412	38.017	40.536	26.262	160	2.000
dc_shp_alllayers_2013-00-30-07-00-47.ser     	2	40	878.165	878.643	878.250	0.294	877.864	879.466	1.139	40	0.125
dc_spearfish_2013-11-30-06-11-15.ser         	2	430	12.250	12.332	12.255	0.065	12.159	12.593	81.634	430	10.000
dc_spearfish_2013-11-30-06-11-19.ser         	2	1018	6.001	6.013	6.003	0.018	5.985	6.374	166.644	1018	20.000
dc_topp:states_2013-11-30-06-11-06.ser       	2	544	11.515	11.591	11.509	0.052	11.422	11.795	86.840	544	10.000
dc_topp:states_2013-11-30-06-11-07.ser       	2	868	7.239	7.251	7.240	0.015	7.220	7.405	138.145	868	10.000
spiralTest-dash-false.ser                    	2	40	933.081	934.633	932.257	2.427	928.929	940.334	1.072	40	0.100
spiralTest-fill.ser                          	2	40	797.886	799.212	797.826	0.739	796.528	799.406	1.253	40	0.125
test_z_625k.ser                              	2	42	148.544	149.263	148.639	0.408	148.129	150.101	6.732	42	0.667

TEST results:
Test                                         	Threads	Ops	Med	Pct95	Avg	StdDev	Min	Max	FPS(med)	TotalOps	Scale	[ms/op]
CircleTests.ser                              	1	169	61.627	63.260	61.803	0.475	61.493	64.029	16.227	169	2.000
EllipseTests-fill-false.ser                  	1	38	274.641	274.908	274.637	0.171	274.369	274.947	3.641	38	0.500
EllipseTests-fill-true.ser                   	1	32	324.262	327.334	324.912	1.309	323.417	327.616	3.084	32	0.286
LineWidthColorGridTest.ser                   	1	194	53.794	54.112	53.820	0.140	53.604	54.336	18.589	194	1.000
dc_boulder_2013-13-30-06-13-17.ser           	1	118	88.388	89.060	88.495	0.300	88.112	89.289	11.314	118	1.000
dc_boulder_2013-13-30-06-13-20.ser           	1	228	45.373	45.937	45.473	0.209	45.316	46.443	22.040	228	2.000
dc_shp_alllayers_2013-00-30-07-00-43.ser     	1	270	38.225	38.677	38.278	0.170	38.111	39.160	26.161	270	2.000
dc_shp_alllayers_2013-00-30-07-00-47.ser     	1	20	879.731	880.297	879.787	0.321	879.268	880.664	1.137	20	0.125
dc_spearfish_2013-11-30-06-11-15.ser         	1	852	12.250	12.317	12.246	0.048	12.156	12.582	81.635	852	10.000
dc_spearfish_2013-11-30-06-11-19.ser         	1	1750	6.000	6.010	6.012	0.143	5.984	8.370	166.676	1750	20.000
dc_topp:states_2013-11-30-06-11-06.ser       	1	902	11.530	11.592	11.522	0.048	11.436	11.788	86.729	902	10.000
dc_topp:states_2013-11-30-06-11-07.ser       	1	1451	7.243	7.255	7.244	0.010	7.226	7.405	138.060	1451	10.000
spiralTest-dash-false.ser                    	1	20	932.228	937.896	933.906	3.182	930.245	937.978	1.073	20	0.100
spiralTest-fill.ser                          	1	20	800.401	801.488	800.213	0.960	797.880	802.127	1.249	20	0.125
test_z_625k.ser                              	1	70	148.226	149.073	148.380	0.331	148.047	149.590	6.746	70	0.667

Scores:
Tests	15	15	
Threads	1	1	
Med	99.659	99.659	
Pct95	100.341	100.341	
FPS	38.957	38.957	


