CPU_CORE_IDS: 3
date:
ven. 26 nov. 2021 11:14:25 CET
JAVA_HOME: /home/bourgesl/apps/openjdk-jdk-linux-x86_64-server-release/jdk/
CLASSPATH:   ../lib/mapbench-0.5.0.jar:../lib/org.jfree.svg-4.1-bourgesl-0.1.jar
Boot CP:     
Java opts:   -Dsun.java2d.renderer.useDPQS=true --patch-module java.desktop=../lib/marlin-0.9.4.5-Unsafe-OpenJDK11.jar -Dsun.java2d.renderer.clip=true -Dsun.java2d.renderer.log=true -Dsun.java2d.renderer.logCreateContext=false -Dsun.java2d.renderer.logUnsafeMalloc=false -Dsun.java2d.renderer.clip.curves= -Dsun.java2d.renderer.subPixel_log2_X=8 -Dsun.java2d.renderer.subPixel_log2_Y=3 -Dsun.java2d.renderer.useThreadLocal=true -Dsun.java2d.renderer.useSimplifier=false -Dsun.java2d.renderer.useRef=soft -Dsun.java2d.renderer.pixelWidth=4096 -Dsun.java2d.renderer.pixelHeight=2176 -Dsun.java2d.renderer.tileSize_log2=6 -Dsun.java2d.renderer.tileWidth_log2=7 -Dsun.java2d.renderer=sun.java2d.marlin.DMarlinRenderingEngine -Dsun.java2d.renderer.clip.subdivider=true -Dsun.java2d.renderer.clip.subdivider.minLength=100.0 -DMapBench.noAAclear=true -DMapBench.skipDraw=false -DMapBench.skipFill=false -DMapBench.clip.small=false -DMapBench.qualityMode=true -DMapBench.premultiplied=true -DMapBench.acceleration=false -DMapBench.volatile=false -DMapBench.4bytes=false -server
Java tuning:  -Xms2g  -Xmx2g -XX:+UseParallelGC -XX:+AlwaysPreTouch -XX:+UseTransparentHugePages
JVM path
/home/bourgesl/apps/openjdk-jdk-linux-x86_64-server-release/jdk//bin//java
Java version
openjdk version "18-testing" 2022-03-15
OpenJDK Runtime Environment (build 18-testing+0-builds.shipilev.net-openjdk-jdk-b82-20211125)
OpenJDK 64-Bit Server VM (build 18-testing+0-builds.shipilev.net-openjdk-jdk-b82-20211125, mixed mode, sharing)
##############################################################
# Java: 18-testing+0-builds.shipilev.net-openjdk-jdk-b82-20211125
#   VM: OpenJDK 64-Bit Server VM 18-testing+0-builds.shipilev.net-openjdk-jdk-b82-20211125 (mixed mode)
#   OS: Linux 5.4.0-90-generic (amd64)
# CPUs: 4 (virtual)
##############################################################
ERROR: Unable to get RenderingEngine.getInstance()
# Renderer: unknown 
# Quality mode: QUALITY...
# Filter shape on size: DISABLED...
# disableAA:         false 
# disableAAForClear: true 
# skipDraw:     false 
# skipFill:     false 
# useClipSmall: false 
INFO: ===============================================================================
INFO: Marlin software rasterizer           = ENABLED
INFO: Version                              = [marlin-0.9.4.5-Unsafe-OpenJDK]
INFO: sun.java2d.renderer                  = sun.java2d.marlin.DMarlinRenderingEngine
INFO: sun.java2d.renderer.useThreadLocal   = true
INFO: sun.java2d.renderer.useRef           = soft
INFO: sun.java2d.renderer.edges            = 4096
INFO: sun.java2d.renderer.pixelWidth       = 4096
INFO: sun.java2d.renderer.pixelHeight      = 2176
INFO: sun.java2d.renderer.profile          = quality
INFO: sun.java2d.renderer.subPixel_log2_X  = 8
INFO: sun.java2d.renderer.subPixel_log2_Y  = 3
INFO: sun.java2d.renderer.tileSize_log2    = 6
INFO: sun.java2d.renderer.tileWidth_log2   = 7
INFO: sun.java2d.renderer.blockSize_log2   = 5
INFO: sun.java2d.renderer.forceRLE         = false
INFO: sun.java2d.renderer.forceNoRLE       = false
INFO: sun.java2d.renderer.useTileFlags     = true
INFO: sun.java2d.renderer.useTileFlags.useHeuristics = true
INFO: sun.java2d.renderer.rleMinWidth      = 64
INFO: sun.java2d.renderer.useSimplifier    = false
INFO: sun.java2d.renderer.usePathSimplifier= false
INFO: sun.java2d.renderer.pathSimplifier.pixTol = 0.125
INFO: sun.java2d.renderer.clip             = true
INFO: sun.java2d.renderer.clip.runtime.enable = false
INFO: sun.java2d.renderer.clip.subdivider  = true
INFO: sun.java2d.renderer.clip.subdivider.minLength = 100.0
INFO: sun.java2d.renderer.doStats          = false
INFO: sun.java2d.renderer.doMonitors       = false
INFO: sun.java2d.renderer.doChecks         = false
INFO: sun.java2d.renderer.useLogger        = false
INFO: sun.java2d.renderer.logCreateContext = false
INFO: sun.java2d.renderer.logUnsafeMalloc  = false
INFO: sun.java2d.renderer.curve_len_err    = 0.01
INFO: sun.java2d.renderer.cubic_dec_d2     = 1.0
INFO: sun.java2d.renderer.cubic_inc_d1     = 0.2
INFO: sun.java2d.renderer.quad_dec_d2      = 0.5
INFO: Renderer settings:
INFO: MergeSort: DPQS_THRESHOLD: 256
INFO: MergeSort: DISABLE_ISORT_THRESHOLD: 1000
INFO: SORT         = DPQS_20191112
INFO: CUB_DEC_BND  = 256.0
INFO: CUB_INC_BND  = 51.20000076293945
INFO: QUAD_DEC_BND = 128.0
INFO: INITIAL_EDGES_CAPACITY               = 98304
INFO: INITIAL_CROSSING_COUNT               = 1024
INFO: ===============================================================================
# Using BufferedImage INT_ARGB_PRE...
##############################################################
profileName: shared_1T
Loading profile file: /home/marlin/mapbench/bin/../profiles/shared_1T.properties
Loading scale file: /home/marlin/mapbench/bin/../profiles/mapbench-scales.properties
Profile properties (merged with defaults):
  dashLength=3.0
  doClip=false
  doCreateStrokedShape=false
  doRotate=false
  doScale=false
  doShear=false
  doTranslate=false
  doUseDashedStroke=false
  doUseGradient=false
  doUseTexture=false
  doUseWingRuleEvenOdd=false
  doUseWingRuleNonZero=false
  imageX=NaN
  imageY=NaN
  iteration=1
  maxThreads=1
  minDuration=10000.0
  minLoops=20
  minThreads=1
  pass=1
  rotateAngle=17.333
  scaleX=0.1
  scaleY=0.1
  shearX=2.0
  shearY=2.0
  translateX=0.0
  translateY=0.0
  useSharedImage=true
  warmupCalibration=true
  warmupLoopsMax=160
  warmupLoopsMin=80
  warmupLoopsMinTest=20
### Test Scales:
  dc_shp_alllayers_2013-00-30-07-00-47.ser=800
  dc_spearfish_2013-11-30-06-11-19.ser=5
  dc_boulder_2013-13-30-06-13-17.ser=100
  dc_boulder_2013-13-30-06-13-20.ser=50
  test_z_300k.ser=150
  dc_topp:states_2013-11-30-06-11-07.ser=10
  test_z_2.5M.ser=50
  EllipseTests-fill-false.ser=200
  test_z_1.25M.ser=100
  test_z_150k.ser=100
  dc_spearfish_2013-11-30-06-11-15.ser=10
  spiralTest-fill.ser=800
  test_z_10M.ser=50
  spiralTest-dash-false.ser=1000
  CircleTests.ser=50
  EllipseTests-fill-true.ser=350
  dc_shp_alllayers_2013-00-30-07-00-43.ser=50
  test_z_625k.ser=150
  test_z_5M.ser=50
  dc_topp:states_2013-11-30-06-11-06.ser=10
##############################################################
# Min duration per test = 10000.0 ms.
##############################################################
Loading maps from = /home/marlin/mapbench/bin/../maps
Results format: 
Test                                         	Threads	Ops	Med	Pct95	Avg	StdDev	Min	Max	FPS(med)	TotalOps	Scale	[ms/op]

Calibrating up with 1 threads and 3000 loops
cleanup (explicit Full GC): 2,016,285,464 / 2,047,056,096 bytes free.
No scaling factor found for test [[calibration]], use scale = 1.0
Calibration up took 351.595754 ms
[calibration]                                	1	3000	0.112	0.119	0.113	0.005	0.112	0.321	8921.005	3000	1.000
Loading drawing commands from file: /home/marlin/mapbench/bin/../maps/CircleTests.ser
Loaded DrawingCommands: DrawingCommands{width=2048, height=2048, commands=2001}
drawing[CircleTests.ser][width = 2048, height = 2048] ...

Warming up with 1 threads and 80 loops on /home/marlin/mapbench/bin/../maps/CircleTests.ser
cleanup (explicit Full GC): 2,032,683,488 / 2,046,409,904 bytes free.
Warm up took 5393.625202 ms
CircleTests.ser                              	1	80	62.023	64.184	67.389	27.397	61.743	255.332	16.123	80	2.000

Warming up with 1 threads and 160 loops on /home/marlin/mapbench/bin/../maps/CircleTests.ser
cleanup (explicit Full GC): 2,000,887,632 / 2,056,864,312 bytes free.
Warm up took 9877.40006 ms
CircleTests.ser                              	1	160	61.550	63.248	61.722	0.435	61.430	63.587	16.247	160	2.000
cleanup (explicit Full GC): 2,018,528,264 / 2,056,862,760 bytes free.
Initial test: 61.726713 ms.

Warming up with 2 threads and 51 loops on /home/marlin/mapbench/bin/../maps/CircleTests.ser
cleanup (explicit Full GC): 2,025,713,016 / 2,056,865,144 bytes free.
Warm up took 6341.922153 ms
CircleTests.ser                              	2	102	62.086	62.450	62.146	0.185	61.903	62.679	16.107	102	2.000
cleanup (explicit Full GC): 2,005,345,016 / 2,056,863,464 bytes free.
Initial test: 61.837757 ms.
Testing file /home/marlin/mapbench/bin/../maps/CircleTests.ser for 170 loops ...
cleanup (explicit Full GC): 2,025,713,720 / 2,056,864,984 bytes free.
1 threads and 170 loops per thread, time: 10525.796667 ms
CircleTests.ser                              	1	170	61.835	62.219	61.906	0.162	61.725	62.386	16.172	170	2.000


Loading drawing commands from file: /home/marlin/mapbench/bin/../maps/EllipseTests-fill-false.ser
Loaded DrawingCommands: DrawingCommands{width=2000, height=2000, commands=198}
drawing[EllipseTests-fill-false.ser][width = 2000, height = 2000] ...
cleanup (explicit Full GC): 2,004,156,408 / 2,057,636,400 bytes free.
Initial test: 291.530035 ms.

Warming up with 2 threads and 20 loops on /home/marlin/mapbench/bin/../maps/EllipseTests-fill-false.ser
cleanup (explicit Full GC): 2,014,687,944 / 2,057,278,992 bytes free.
Warm up took 10969.162531 ms
EllipseTests-fill-false.ser                  	2	40	273.785	275.449	274.168	0.794	273.374	275.718	3.653	40	0.500
cleanup (explicit Full GC): 2,009,109,896 / 2,057,278,232 bytes free.
Initial test: 275.148634 ms.
Testing file /home/marlin/mapbench/bin/../maps/EllipseTests-fill-false.ser for 38 loops ...
cleanup (explicit Full GC): 2,025,109,152 / 2,057,278,920 bytes free.
1 threads and 38 loops per thread, time: 10445.118427 ms
EllipseTests-fill-false.ser                  	1	38	274.838	275.203	274.837	0.201	274.464	275.229	3.639	38	0.500


Loading drawing commands from file: /home/marlin/mapbench/bin/../maps/EllipseTests-fill-true.ser
Loaded DrawingCommands: DrawingCommands{width=2000, height=2000, commands=198}
drawing[EllipseTests-fill-true.ser][width = 2000, height = 2000] ...
cleanup (explicit Full GC): 2,025,109,840 / 2,057,638,200 bytes free.
Initial test: 328.864902 ms.

Warming up with 2 threads and 20 loops on /home/marlin/mapbench/bin/../maps/EllipseTests-fill-true.ser
cleanup (explicit Full GC): 2,025,469,120 / 2,057,278,856 bytes free.
Warm up took 13023.903891 ms
EllipseTests-fill-true.ser                   	2	40	325.326	326.921	325.538	0.751	324.792	328.011	3.074	40	0.286
cleanup (explicit Full GC): 1,998,330,368 / 2,057,278,128 bytes free.
Initial test: 325.117054 ms.
Testing file /home/marlin/mapbench/bin/../maps/EllipseTests-fill-true.ser for 32 loops ...
cleanup (explicit Full GC): 2,025,109,048 / 2,057,278,816 bytes free.
1 threads and 32 loops per thread, time: 10401.688109 ms
EllipseTests-fill-true.ser                   	1	32	324.873	325.825	325.011	0.487	324.463	326.234	3.078	32	0.286


Loading drawing commands from file: /home/marlin/mapbench/bin/../maps/LineWidthColorGridTest.ser
Loaded DrawingCommands: DrawingCommands{width=1260, height=1260, commands=3808}
drawing[LineWidthColorGridTest.ser][width = 1260, height = 1260] ...
cleanup (explicit Full GC): 2,025,109,736 / 2,056,472,936 bytes free.
No scaling factor found for test [LineWidthColorGridTest.ser], use scale = 1.0
Initial test: 56.767665 ms.

Warming up with 2 threads and 55 loops on /home/marlin/mapbench/bin/../maps/LineWidthColorGridTest.ser
cleanup (explicit Full GC): 2,040,303,872 / 2,056,113,056 bytes free.
No scaling factor found for test [LineWidthColorGridTest.ser], use scale = 1.0
Warm up took 5842.289827 ms
LineWidthColorGridTest.ser                   	2	110	52.897	54.678	53.093	0.564	52.792	55.870	18.905	110	1.000
cleanup (explicit Full GC): 2,022,814,168 / 2,056,111,000 bytes free.
No scaling factor found for test [LineWidthColorGridTest.ser], use scale = 1.0
Initial test: 53.28585 ms.
Testing file /home/marlin/mapbench/bin/../maps/LineWidthColorGridTest.ser for 197 loops ...
cleanup (explicit Full GC): 2,039,941,936 / 2,056,112,808 bytes free.
No scaling factor found for test [LineWidthColorGridTest.ser], use scale = 1.0
1 threads and 197 loops per thread, time: 10440.225228 ms
LineWidthColorGridTest.ser                   	1	197	52.845	54.154	52.988	0.409	52.754	54.644	18.923	197	1.000


Loading drawing commands from file: /home/marlin/mapbench/bin/../maps/dc_boulder_2013-13-30-06-13-17.ser
Loaded DrawingCommands: DrawingCommands{width=1400, height=800, commands=4398}
drawing[dc_boulder_2013-13-30-06-13-17.ser][width = 1400, height = 800] ...
cleanup (explicit Full GC): 2,007,605,240 / 2,055,977,880 bytes free.
Initial test: 264.380287 ms.

Warming up with 2 threads and 20 loops on /home/marlin/mapbench/bin/../maps/dc_boulder_2013-13-30-06-13-17.ser
cleanup (explicit Full GC): 2,029,029,440 / 2,055,456,280 bytes free.
Warm up took 3534.476841 ms
dc_boulder_2013-13-30-06-13-17.ser           	2	40	88.066	89.269	88.311	0.650	87.762	90.798	11.355	40	1.000
cleanup (explicit Full GC): 2,033,897,512 / 2,055,455,496 bytes free.
Initial test: 88.021 ms.
Testing file /home/marlin/mapbench/bin/../maps/dc_boulder_2013-13-30-06-13-17.ser for 119 loops ...
cleanup (explicit Full GC): 2,039,286,432 / 2,055,456,184 bytes free.
1 threads and 119 loops per thread, time: 10472.871357 ms
dc_boulder_2013-13-30-06-13-17.ser           	1	119	87.728	89.653	87.994	0.604	87.557	90.087	11.399	119	1.000


Loading drawing commands from file: /home/marlin/mapbench/bin/../maps/dc_boulder_2013-13-30-06-13-20.ser
Loaded DrawingCommands: DrawingCommands{width=1400, height=800, commands=2425}
drawing[dc_boulder_2013-13-30-06-13-20.ser][width = 1400, height = 800] ...
cleanup (explicit Full GC): 2,023,118,008 / 2,046,008,984 bytes free.
Initial test: 45.297042 ms.

Warming up with 2 threads and 69 loops on /home/marlin/mapbench/bin/../maps/dc_boulder_2013-13-30-06-13-20.ser
cleanup (explicit Full GC): 2,029,839,920 / 2,056,403,832 bytes free.
Warm up took 6172.641026 ms
dc_boulder_2013-13-30-06-13-20.ser           	2	138	44.629	45.253	44.718	0.206	44.570	45.503	22.407	138	2.000
cleanup (explicit Full GC): 2,034,845,064 / 2,056,401,576 bytes free.
Initial test: 45.584985 ms.
Testing file /home/marlin/mapbench/bin/../maps/dc_boulder_2013-13-30-06-13-20.ser for 230 loops ...
cleanup (explicit Full GC): 2,040,232,512 / 2,056,403,832 bytes free.
1 threads and 230 loops per thread, time: 10274.972118 ms
dc_boulder_2013-13-30-06-13-20.ser           	1	230	44.494	45.416	44.668	0.403	44.450	46.267	22.475	230	2.000


Loading drawing commands from file: /home/marlin/mapbench/bin/../maps/dc_shp_alllayers_2013-00-30-07-00-43.ser
Loaded DrawingCommands: DrawingCommands{width=1400, height=800, commands=568}
drawing[dc_shp_alllayers_2013-00-30-07-00-43.ser][width = 1400, height = 800] ...
cleanup (explicit Full GC): 2,024,065,656 / 2,057,292,776 bytes free.
Initial test: 36.904969 ms.

Warming up with 2 threads and 85 loops on /home/marlin/mapbench/bin/../maps/dc_shp_alllayers_2013-00-30-07-00-43.ser
cleanup (explicit Full GC): 2,041,123,712 / 2,056,930,264 bytes free.
Warm up took 6297.636557 ms
dc_shp_alllayers_2013-00-30-07-00-43.ser     	2	170	36.920	37.480	37.038	0.378	36.878	39.335	27.085	170	2.000
cleanup (explicit Full GC): 2,040,761,200 / 2,056,927,496 bytes free.
Initial test: 36.909208 ms.
Testing file /home/marlin/mapbench/bin/../maps/dc_shp_alllayers_2013-00-30-07-00-43.ser for 285 loops ...
cleanup (explicit Full GC): 2,040,758,432 / 2,056,930,264 bytes free.
1 threads and 285 loops per thread, time: 10540.951662 ms
dc_shp_alllayers_2013-00-30-07-00-43.ser     	1	285	36.880	37.383	36.983	0.337	36.832	38.619	27.115	285	2.000


Loading drawing commands from file: /home/marlin/mapbench/bin/../maps/dc_shp_alllayers_2013-00-30-07-00-47.ser
Loaded DrawingCommands: DrawingCommands{width=1400, height=800, commands=135213}
drawing[dc_shp_alllayers_2013-00-30-07-00-47.ser][width = 1400, height = 800] ...
cleanup (explicit Full GC): 1,894,861,832 / 2,017,986,104 bytes free.
Initial test: 882.613064 ms.

Warming up with 2 threads and 20 loops on /home/marlin/mapbench/bin/../maps/dc_shp_alllayers_2013-00-30-07-00-47.ser
cleanup (explicit Full GC): 1,985,647,920 / 2,013,666,000 bytes free.
Warm up took 35343.585392 ms
dc_shp_alllayers_2013-00-30-07-00-47.ser     	2	40	883.401	883.867	883.384	0.357	882.526	884.092	1.132	40	0.125
cleanup (explicit Full GC): 1,825,026,408 / 2,013,665,312 bytes free.
Initial test: 884.938752 ms.
Testing file /home/marlin/mapbench/bin/../maps/dc_shp_alllayers_2013-00-30-07-00-47.ser for 20 loops ...
cleanup (explicit Full GC): 1,986,716,840 / 2,013,666,000 bytes free.
1 threads and 20 loops per thread, time: 17762.827206 ms
dc_shp_alllayers_2013-00-30-07-00-47.ser     	1	20	887.954	888.469	887.863	0.405	887.060	888.489	1.126	20	0.125


Loading drawing commands from file: /home/marlin/mapbench/bin/../maps/dc_spearfish_2013-11-30-06-11-15.ser
Loaded DrawingCommands: DrawingCommands{width=512, height=359, commands=1232}
drawing[dc_spearfish_2013-11-30-06-11-15.ser][width = 512, height = 359] ...
cleanup (explicit Full GC): 1,900,482,296 / 2,057,236,528 bytes free.
Initial test: 14.536476 ms.

Warming up with 2 threads and 217 loops on /home/marlin/mapbench/bin/../maps/dc_spearfish_2013-11-30-06-11-15.ser
cleanup (explicit Full GC): 2,041,067,464 / 2,056,836,216 bytes free.
Warm up took 5258.15808 ms
dc_spearfish_2013-11-30-06-11-15.ser         	2	434	12.088	12.133	12.114	0.187	12.063	13.944	82.730	434	10.000
cleanup (explicit Full GC): 2,013,718,664 / 2,056,829,160 bytes free.
Initial test: 12.09189 ms.
Testing file /home/marlin/mapbench/bin/../maps/dc_spearfish_2013-11-30-06-11-15.ser for 870 loops ...
cleanup (explicit Full GC): 2,040,660,096 / 2,056,836,152 bytes free.
1 threads and 870 loops per thread, time: 10513.08194 ms
dc_spearfish_2013-11-30-06-11-15.ser         	1	870	12.059	12.080	12.083	0.190	12.036	13.792	82.923	870	10.000


Loading drawing commands from file: /home/marlin/mapbench/bin/../maps/dc_spearfish_2013-11-30-06-11-19.ser
Loaded DrawingCommands: DrawingCommands{width=512, height=359, commands=349}
drawing[dc_spearfish_2013-11-30-06-11-19.ser][width = 512, height = 359] ...
cleanup (explicit Full GC): 2,008,328,864 / 2,057,514,272 bytes free.
Initial test: 6.049036 ms.

Warming up with 2 threads and 522 loops on /home/marlin/mapbench/bin/../maps/dc_spearfish_2013-11-30-06-11-19.ser
cleanup (explicit Full GC): 2,041,345,208 / 2,057,159,200 bytes free.
Warm up took 6181.240799 ms
dc_spearfish_2013-11-30-06-11-19.ser         	2	1044	5.908	5.921	5.920	0.113	5.890	7.620	169.270	1044	20.000
cleanup (explicit Full GC): 2,030,210,728 / 2,057,142,448 bytes free.
Initial test: 5.934218 ms.
Testing file /home/marlin/mapbench/bin/../maps/dc_spearfish_2013-11-30-06-11-19.ser for 1773 loops ...
cleanup (explicit Full GC): 2,040,973,384 / 2,057,159,200 bytes free.
1 threads and 1773 loops per thread, time: 10482.162524 ms
dc_spearfish_2013-11-30-06-11-19.ser         	1	1773	5.910	5.921	5.912	0.012	5.895	6.079	169.193	1773	20.000


Loading drawing commands from file: /home/marlin/mapbench/bin/../maps/dc_topp:states_2013-11-30-06-11-06.ser
Loaded DrawingCommands: DrawingCommands{width=780, height=330, commands=119}
drawing[dc_topp:states_2013-11-30-06-11-06.ser][width = 780, height = 330] ...
cleanup (explicit Full GC): 2,014,041,648 / 2,057,455,600 bytes free.
Initial test: 11.188767 ms.

Warming up with 2 threads and 282 loops on /home/marlin/mapbench/bin/../maps/dc_topp:states_2013-11-30-06-11-06.ser
cleanup (explicit Full GC): 2,041,286,536 / 2,057,120,432 bytes free.
Warm up took 6328.797408 ms
dc_topp:states_2013-11-30-06-11-06.ser       	2	564	11.230	11.291	11.220	0.044	11.137	11.418	89.046	564	10.000
cleanup (explicit Full GC): 2,040,951,368 / 2,057,111,360 bytes free.
Initial test: 11.17381 ms.
Testing file /home/marlin/mapbench/bin/../maps/dc_topp:states_2013-11-30-06-11-06.ser for 942 loops ...
cleanup (explicit Full GC): 2,040,942,296 / 2,057,120,432 bytes free.
1 threads and 942 loops per thread, time: 10514.809547 ms
dc_topp:states_2013-11-30-06-11-06.ser       	1	942	11.161	11.177	11.162	0.010	11.139	11.267	89.599	942	10.000


Loading drawing commands from file: /home/marlin/mapbench/bin/../maps/dc_topp:states_2013-11-30-06-11-07.ser
Loaded DrawingCommands: DrawingCommands{width=780, height=330, commands=144}
drawing[dc_topp:states_2013-11-30-06-11-07.ser][width = 780, height = 330] ...
cleanup (explicit Full GC): 2,040,951,368 / 2,057,490,128 bytes free.
Initial test: 7.184921 ms.

Warming up with 2 threads and 439 loops on /home/marlin/mapbench/bin/../maps/dc_topp:states_2013-11-30-06-11-07.ser
cleanup (explicit Full GC): 2,041,321,064 / 2,057,141,016 bytes free.
Warm up took 6315.169025 ms
dc_topp:states_2013-11-30-06-11-07.ser       	2	878	7.179	7.192	7.192	0.133	7.162	8.936	139.298	878	10.000
cleanup (explicit Full GC): 2,040,971,952 / 2,057,127,112 bytes free.
Initial test: 7.285444 ms.
Testing file /home/marlin/mapbench/bin/../maps/dc_topp:states_2013-11-30-06-11-07.ser for 1444 loops ...
cleanup (explicit Full GC): 2,030,178,672 / 2,057,140,952 bytes free.
1 threads and 1444 loops per thread, time: 10421.534139 ms
dc_topp:states_2013-11-30-06-11-07.ser       	1	1444	7.191	7.299	7.217	0.044	7.160	7.452	139.072	1444	10.000


Loading drawing commands from file: /home/marlin/mapbench/bin/../maps/spiralTest-dash-false.ser
Loaded DrawingCommands: DrawingCommands{width=4096, height=4096, commands=1}
drawing[spiralTest-dash-false.ser][width = 4096, height = 4096] ...
cleanup (explicit Full GC): 1,969,700,016 / 2,049,243,424 bytes free.
Initial test: 945.881846 ms.

Warming up with 2 threads and 20 loops on /home/marlin/mapbench/bin/../maps/spiralTest-dash-false.ser
cleanup (explicit Full GC): 1,885,225,048 / 2,048,872,440 bytes free.
Warm up took 37825.358382 ms
spiralTest-dash-false.ser                    	2	40	945.320	946.815	945.432	1.161	943.678	951.009	1.058	40	0.100
cleanup (explicit Full GC): 1,806,965,808 / 2,048,871,480 bytes free.
Initial test: 943.780994 ms.
Testing file /home/marlin/mapbench/bin/../maps/spiralTest-dash-false.ser for 20 loops ...
cleanup (explicit Full GC): 1,884,853,104 / 2,048,872,168 bytes free.
1 threads and 20 loops per thread, time: 18870.29069 ms
spiralTest-dash-false.ser                    	1	20	943.024	943.918	943.313	1.295	942.549	948.682	1.060	20	0.100


Loading drawing commands from file: /home/marlin/mapbench/bin/../maps/spiralTest-fill.ser
Loaded DrawingCommands: DrawingCommands{width=4096, height=4096, commands=1}
drawing[spiralTest-fill.ser][width = 4096, height = 4096] ...
cleanup (explicit Full GC): 1,742,390,768 / 2,040,640,536 bytes free.
Initial test: 780.523567 ms.

Warming up with 2 threads and 20 loops on /home/marlin/mapbench/bin/../maps/spiralTest-fill.ser
cleanup (explicit Full GC): 1,961,853,720 / 2,040,248,168 bytes free.
Warm up took 31164.602394 ms
spiralTest-fill.ser                          	2	40	778.935	780.164	778.913	0.935	777.229	782.876	1.284	40	0.125
cleanup (explicit Full GC): 1,894,352,472 / 2,040,247,192 bytes free.
Initial test: 778.872558 ms.
Testing file /home/marlin/mapbench/bin/../maps/spiralTest-fill.ser for 20 loops ...
cleanup (explicit Full GC): 1,961,460,376 / 2,040,247,880 bytes free.
1 threads and 20 loops per thread, time: 15576.097557 ms
spiralTest-fill.ser                          	1	20	778.772	780.213	778.605	1.054	776.372	780.796	1.284	20	0.125


Loading drawing commands from file: /home/marlin/mapbench/bin/../maps/test_z_625k.ser
Loaded DrawingCommands: DrawingCommands{width=1272, height=1261, commands=23345}
drawing[test_z_625k.ser][width = 1272, height = 1261] ...
cleanup (explicit Full GC): 1,943,494,848 / 2,050,746,552 bytes free.
Initial test: 150.207392 ms.

Warming up with 2 threads and 21 loops on /home/marlin/mapbench/bin/../maps/test_z_625k.ser
cleanup (explicit Full GC): 2,025,594,400 / 2,049,578,848 bytes free.
Warm up took 6297.830123 ms
test_z_625k.ser                              	2	42	149.879	150.461	149.898	0.342	149.344	150.972	6.672	42	0.667
cleanup (explicit Full GC): 2,001,841,568 / 2,049,577,496 bytes free.
Initial test: 149.475359 ms.
Testing file /home/marlin/mapbench/bin/../maps/test_z_625k.ser for 70 loops ...
cleanup (explicit Full GC): 2,035,204,720 / 2,049,578,216 bytes free.
1 threads and 70 loops per thread, time: 10464.077556 ms
test_z_625k.ser                              	1	70	149.367	150.037	149.463	0.305	148.990	150.273	6.695	70	0.667


WARMUP results:
Test                                         	Threads	Ops	Med	Pct95	Avg	StdDev	Min	Max	FPS(med)	TotalOps	Scale	[ms/op]
<<< Calib 1
[calibration]                                	1	3000	0.112	0.119	0.113	0.005	0.112	0.321	8921.005	3000	1.000
>>> Calib 1
<<< Warmup 1
CircleTests.ser                              	1	80	62.023	64.184	67.389	27.397	61.743	255.332	16.123	80	2.000
>>> Warmup 1
<<< Warmup 2
CircleTests.ser                              	1	160	61.550	63.248	61.722	0.435	61.430	63.587	16.247	160	2.000
>>> Warmup 2
CircleTests.ser                              	2	102	62.086	62.450	62.146	0.185	61.903	62.679	16.107	102	2.000
EllipseTests-fill-false.ser                  	2	40	273.785	275.449	274.168	0.794	273.374	275.718	3.653	40	0.500
EllipseTests-fill-true.ser                   	2	40	325.326	326.921	325.538	0.751	324.792	328.011	3.074	40	0.286
LineWidthColorGridTest.ser                   	2	110	52.897	54.678	53.093	0.564	52.792	55.870	18.905	110	1.000
dc_boulder_2013-13-30-06-13-17.ser           	2	40	88.066	89.269	88.311	0.650	87.762	90.798	11.355	40	1.000
dc_boulder_2013-13-30-06-13-20.ser           	2	138	44.629	45.253	44.718	0.206	44.570	45.503	22.407	138	2.000
dc_shp_alllayers_2013-00-30-07-00-43.ser     	2	170	36.920	37.480	37.038	0.378	36.878	39.335	27.085	170	2.000
dc_shp_alllayers_2013-00-30-07-00-47.ser     	2	40	883.401	883.867	883.384	0.357	882.526	884.092	1.132	40	0.125
dc_spearfish_2013-11-30-06-11-15.ser         	2	434	12.088	12.133	12.114	0.187	12.063	13.944	82.730	434	10.000
dc_spearfish_2013-11-30-06-11-19.ser         	2	1044	5.908	5.921	5.920	0.113	5.890	7.620	169.270	1044	20.000
dc_topp:states_2013-11-30-06-11-06.ser       	2	564	11.230	11.291	11.220	0.044	11.137	11.418	89.046	564	10.000
dc_topp:states_2013-11-30-06-11-07.ser       	2	878	7.179	7.192	7.192	0.133	7.162	8.936	139.298	878	10.000
spiralTest-dash-false.ser                    	2	40	945.320	946.815	945.432	1.161	943.678	951.009	1.058	40	0.100
spiralTest-fill.ser                          	2	40	778.935	780.164	778.913	0.935	777.229	782.876	1.284	40	0.125
test_z_625k.ser                              	2	42	149.879	150.461	149.898	0.342	149.344	150.972	6.672	42	0.667

TEST results:
Test                                         	Threads	Ops	Med	Pct95	Avg	StdDev	Min	Max	FPS(med)	TotalOps	Scale	[ms/op]
CircleTests.ser                              	1	170	61.835	62.219	61.906	0.162	61.725	62.386	16.172	170	2.000
EllipseTests-fill-false.ser                  	1	38	274.838	275.203	274.837	0.201	274.464	275.229	3.639	38	0.500
EllipseTests-fill-true.ser                   	1	32	324.873	325.825	325.011	0.487	324.463	326.234	3.078	32	0.286
LineWidthColorGridTest.ser                   	1	197	52.845	54.154	52.988	0.409	52.754	54.644	18.923	197	1.000
dc_boulder_2013-13-30-06-13-17.ser           	1	119	87.728	89.653	87.994	0.604	87.557	90.087	11.399	119	1.000
dc_boulder_2013-13-30-06-13-20.ser           	1	230	44.494	45.416	44.668	0.403	44.450	46.267	22.475	230	2.000
dc_shp_alllayers_2013-00-30-07-00-43.ser     	1	285	36.880	37.383	36.983	0.337	36.832	38.619	27.115	285	2.000
dc_shp_alllayers_2013-00-30-07-00-47.ser     	1	20	887.954	888.469	887.863	0.405	887.060	888.489	1.126	20	0.125
dc_spearfish_2013-11-30-06-11-15.ser         	1	870	12.059	12.080	12.083	0.190	12.036	13.792	82.923	870	10.000
dc_spearfish_2013-11-30-06-11-19.ser         	1	1773	5.910	5.921	5.912	0.012	5.895	6.079	169.193	1773	20.000
dc_topp:states_2013-11-30-06-11-06.ser       	1	942	11.161	11.177	11.162	0.010	11.139	11.267	89.599	942	10.000
dc_topp:states_2013-11-30-06-11-07.ser       	1	1444	7.191	7.299	7.217	0.044	7.160	7.452	139.072	1444	10.000
spiralTest-dash-false.ser                    	1	20	943.024	943.918	943.313	1.295	942.549	948.682	1.060	20	0.100
spiralTest-fill.ser                          	1	20	778.772	780.213	778.605	1.054	776.372	780.796	1.284	20	0.125
test_z_625k.ser                              	1	70	149.367	150.037	149.463	0.305	148.990	150.273	6.695	70	0.667

Scores:
Tests	15	15	
Threads	1	1	
Med	98.785	98.785	
Pct95	99.434	99.434	
FPS	39.584	39.584	

