CPU_CORE_IDS: 3
date:
ven. 26 nov. 2021 12:02:23 CET
JAVA_HOME: /home/bourgesl/apps/openjdk-jdk-linux-x86_64-server-release/jdk-arraycopy/
CLASSPATH:   ../lib/mapbench-0.5.0.jar:../lib/org.jfree.svg-4.1-bourgesl-0.1.jar
Boot CP:     
Java opts:   -Dsun.java2d.renderer.useDPQS=true --patch-module java.desktop=../lib/marlin-0.9.4.5-Unsafe-OpenJDK11.jar -Dsun.java2d.renderer.clip=true -Dsun.java2d.renderer.log=true -Dsun.java2d.renderer.logCreateContext=false -Dsun.java2d.renderer.logUnsafeMalloc=false -Dsun.java2d.renderer.clip.curves= -Dsun.java2d.renderer.subPixel_log2_X=8 -Dsun.java2d.renderer.subPixel_log2_Y=3 -Dsun.java2d.renderer.useThreadLocal=true -Dsun.java2d.renderer.useSimplifier=false -Dsun.java2d.renderer.useRef=soft -Dsun.java2d.renderer.pixelWidth=4096 -Dsun.java2d.renderer.pixelHeight=2176 -Dsun.java2d.renderer.tileSize_log2=6 -Dsun.java2d.renderer.tileWidth_log2=7 -Dsun.java2d.renderer=sun.java2d.marlin.DMarlinRenderingEngine -Dsun.java2d.renderer.clip.subdivider=true -Dsun.java2d.renderer.clip.subdivider.minLength=100.0 -DMapBench.noAAclear=true -DMapBench.skipDraw=false -DMapBench.skipFill=false -DMapBench.clip.small=false -DMapBench.qualityMode=true -DMapBench.premultiplied=true -DMapBench.acceleration=false -DMapBench.volatile=false -DMapBench.4bytes=false -server
Java tuning:  -Xms2g  -Xmx2g -XX:+UseParallelGC -XX:+AlwaysPreTouch -XX:+UseTransparentHugePages
JVM path
/home/bourgesl/apps/openjdk-jdk-linux-x86_64-server-release/jdk-arraycopy//bin//java
Java version
openjdk version "18-testing" 2022-03-15
OpenJDK Runtime Environment (build 18-testing+0-builds.shipilev.net-openjdk-jdk-arraycopy-b2-20211125)
OpenJDK 64-Bit Server VM (build 18-testing+0-builds.shipilev.net-openjdk-jdk-arraycopy-b2-20211125, mixed mode, sharing)
##############################################################
# Java: 18-testing+0-builds.shipilev.net-openjdk-jdk-arraycopy-b2-20211125
#   VM: OpenJDK 64-Bit Server VM 18-testing+0-builds.shipilev.net-openjdk-jdk-arraycopy-b2-20211125 (mixed mode)
#   OS: Linux 5.4.0-90-generic (amd64)
# CPUs: 4 (virtual)
##############################################################
ERROR: Unable to get RenderingEngine.getInstance()
# Renderer: unknown 
# Quality mode: QUALITY...
# Filter shape on size: DISABLED...
# disableAA:         false 
# disableAAForClear: true 
# skipDraw:     false 
# skipFill:     false 
# useClipSmall: false 
INFO: ===============================================================================
INFO: Marlin software rasterizer           = ENABLED
INFO: Version                              = [marlin-0.9.4.5-Unsafe-OpenJDK]
INFO: sun.java2d.renderer                  = sun.java2d.marlin.DMarlinRenderingEngine
INFO: sun.java2d.renderer.useThreadLocal   = true
INFO: sun.java2d.renderer.useRef           = soft
INFO: sun.java2d.renderer.edges            = 4096
INFO: sun.java2d.renderer.pixelWidth       = 4096
INFO: sun.java2d.renderer.pixelHeight      = 2176
INFO: sun.java2d.renderer.profile          = quality
INFO: sun.java2d.renderer.subPixel_log2_X  = 8
INFO: sun.java2d.renderer.subPixel_log2_Y  = 3
INFO: sun.java2d.renderer.tileSize_log2    = 6
INFO: sun.java2d.renderer.tileWidth_log2   = 7
INFO: sun.java2d.renderer.blockSize_log2   = 5
INFO: sun.java2d.renderer.forceRLE         = false
INFO: sun.java2d.renderer.forceNoRLE       = false
INFO: sun.java2d.renderer.useTileFlags     = true
INFO: sun.java2d.renderer.useTileFlags.useHeuristics = true
INFO: sun.java2d.renderer.rleMinWidth      = 64
INFO: sun.java2d.renderer.useSimplifier    = false
INFO: sun.java2d.renderer.usePathSimplifier= false
INFO: sun.java2d.renderer.pathSimplifier.pixTol = 0.125
INFO: sun.java2d.renderer.clip             = true
INFO: sun.java2d.renderer.clip.runtime.enable = false
INFO: sun.java2d.renderer.clip.subdivider  = true
INFO: sun.java2d.renderer.clip.subdivider.minLength = 100.0
INFO: sun.java2d.renderer.doStats          = false
INFO: sun.java2d.renderer.doMonitors       = false
INFO: sun.java2d.renderer.doChecks         = false
INFO: sun.java2d.renderer.useLogger        = false
INFO: sun.java2d.renderer.logCreateContext = false
INFO: sun.java2d.renderer.logUnsafeMalloc  = false
INFO: sun.java2d.renderer.curve_len_err    = 0.01
INFO: sun.java2d.renderer.cubic_dec_d2     = 1.0
INFO: sun.java2d.renderer.cubic_inc_d1     = 0.2
INFO: sun.java2d.renderer.quad_dec_d2      = 0.5
INFO: Renderer settings:
INFO: MergeSort: DPQS_THRESHOLD: 256
INFO: MergeSort: DISABLE_ISORT_THRESHOLD: 1000
INFO: SORT         = DPQS_20191112
INFO: CUB_DEC_BND  = 256.0
INFO: CUB_INC_BND  = 51.20000076293945
INFO: QUAD_DEC_BND = 128.0
INFO: INITIAL_EDGES_CAPACITY               = 98304
INFO: INITIAL_CROSSING_COUNT               = 1024
INFO: ===============================================================================
# Using BufferedImage INT_ARGB_PRE...
##############################################################
profileName: shared_1T
Loading profile file: /home/marlin/mapbench/bin/../profiles/shared_1T.properties
Loading scale file: /home/marlin/mapbench/bin/../profiles/mapbench-scales.properties
Profile properties (merged with defaults):
  dashLength=3.0
  doClip=false
  doCreateStrokedShape=false
  doRotate=false
  doScale=false
  doShear=false
  doTranslate=false
  doUseDashedStroke=false
  doUseGradient=false
  doUseTexture=false
  doUseWingRuleEvenOdd=false
  doUseWingRuleNonZero=false
  imageX=NaN
  imageY=NaN
  iteration=1
  maxThreads=1
  minDuration=10000.0
  minLoops=20
  minThreads=1
  pass=1
  rotateAngle=17.333
  scaleX=0.1
  scaleY=0.1
  shearX=2.0
  shearY=2.0
  translateX=0.0
  translateY=0.0
  useSharedImage=true
  warmupCalibration=true
  warmupLoopsMax=160
  warmupLoopsMin=80
  warmupLoopsMinTest=20
### Test Scales:
  dc_shp_alllayers_2013-00-30-07-00-47.ser=800
  dc_spearfish_2013-11-30-06-11-19.ser=5
  dc_boulder_2013-13-30-06-13-17.ser=100
  dc_boulder_2013-13-30-06-13-20.ser=50
  test_z_300k.ser=150
  dc_topp:states_2013-11-30-06-11-07.ser=10
  test_z_2.5M.ser=50
  EllipseTests-fill-false.ser=200
  test_z_1.25M.ser=100
  test_z_150k.ser=100
  dc_spearfish_2013-11-30-06-11-15.ser=10
  spiralTest-fill.ser=800
  test_z_10M.ser=50
  spiralTest-dash-false.ser=1000
  CircleTests.ser=50
  EllipseTests-fill-true.ser=350
  dc_shp_alllayers_2013-00-30-07-00-43.ser=50
  test_z_625k.ser=150
  test_z_5M.ser=50
  dc_topp:states_2013-11-30-06-11-06.ser=10
##############################################################
# Min duration per test = 10000.0 ms.
##############################################################
Loading maps from = /home/marlin/mapbench/bin/../maps
Results format: 
Test                                         	Threads	Ops	Med	Pct95	Avg	StdDev	Min	Max	FPS(med)	TotalOps	Scale	[ms/op]

Calibrating up with 1 threads and 3000 loops
cleanup (explicit Full GC): 2,016,285,464 / 2,047,055,616 bytes free.
No scaling factor found for test [[calibration]], use scale = 1.0
Calibration up took 353.29612 ms
[calibration]                                	1	3000	0.112	0.120	0.114	0.012	0.112	0.386	8935.113	3000	1.000
Loading drawing commands from file: /home/marlin/mapbench/bin/../maps/CircleTests.ser
Loaded DrawingCommands: DrawingCommands{width=2048, height=2048, commands=2001}
drawing[CircleTests.ser][width = 2048, height = 2048] ...

Warming up with 1 threads and 80 loops on /home/marlin/mapbench/bin/../maps/CircleTests.ser
cleanup (explicit Full GC): 2,032,683,008 / 2,046,410,304 bytes free.
Warm up took 5315.469507 ms
CircleTests.ser                              	1	80	61.901	63.153	66.412	27.597	61.607	261.108	16.155	80	2.000

Warming up with 1 threads and 160 loops on /home/marlin/mapbench/bin/../maps/CircleTests.ser
cleanup (explicit Full GC): 2,000,888,032 / 2,056,864,664 bytes free.
Warm up took 9893.838451 ms
CircleTests.ser                              	1	160	61.661	63.327	61.825	0.458	61.516	63.615	16.218	160	2.000
cleanup (explicit Full GC): 2,018,528,616 / 2,056,863,544 bytes free.
Initial test: 61.531735 ms.

Warming up with 2 threads and 51 loops on /home/marlin/mapbench/bin/../maps/CircleTests.ser
cleanup (explicit Full GC): 2,025,713,800 / 2,056,865,928 bytes free.
Warm up took 6309.431644 ms
CircleTests.ser                              	2	102	61.758	62.255	61.828	0.196	61.556	62.477	16.192	102	2.000
cleanup (explicit Full GC): 2,005,345,800 / 2,056,864,248 bytes free.
Initial test: 61.792333 ms.
Testing file /home/marlin/mapbench/bin/../maps/CircleTests.ser for 170 loops ...
cleanup (explicit Full GC): 2,025,714,504 / 2,056,865,768 bytes free.
1 threads and 170 loops per thread, time: 10470.933015 ms
CircleTests.ser                              	1	170	61.523	61.874	61.583	0.155	61.392	62.278	16.254	170	2.000


Loading drawing commands from file: /home/marlin/mapbench/bin/../maps/EllipseTests-fill-false.ser
Loaded DrawingCommands: DrawingCommands{width=2000, height=2000, commands=198}
drawing[EllipseTests-fill-false.ser][width = 2000, height = 2000] ...
cleanup (explicit Full GC): 2,004,157,192 / 2,057,637,184 bytes free.
Initial test: 275.56349 ms.

Warming up with 2 threads and 20 loops on /home/marlin/mapbench/bin/../maps/EllipseTests-fill-false.ser
cleanup (explicit Full GC): 2,014,688,728 / 2,057,279,776 bytes free.
Warm up took 10943.49541 ms
EllipseTests-fill-false.ser                  	2	40	273.557	274.191	273.527	0.349	273.000	274.249	3.656	40	0.500
cleanup (explicit Full GC): 2,009,110,680 / 2,057,279,016 bytes free.
Initial test: 273.22387 ms.
Testing file /home/marlin/mapbench/bin/../maps/EllipseTests-fill-false.ser for 38 loops ...
cleanup (explicit Full GC): 2,025,109,936 / 2,057,279,704 bytes free.
1 threads and 38 loops per thread, time: 10417.437117 ms
EllipseTests-fill-false.ser                  	1	38	274.082	274.422	274.110	0.143	273.946	274.517	3.649	38	0.500


Loading drawing commands from file: /home/marlin/mapbench/bin/../maps/EllipseTests-fill-true.ser
Loaded DrawingCommands: DrawingCommands{width=2000, height=2000, commands=198}
drawing[EllipseTests-fill-true.ser][width = 2000, height = 2000] ...
cleanup (explicit Full GC): 2,025,110,624 / 2,057,638,984 bytes free.
Initial test: 328.122679 ms.

Warming up with 2 threads and 20 loops on /home/marlin/mapbench/bin/../maps/EllipseTests-fill-true.ser
cleanup (explicit Full GC): 2,025,469,904 / 2,057,279,640 bytes free.
Warm up took 13002.833641 ms
EllipseTests-fill-true.ser                   	2	40	324.973	325.630	325.010	0.389	324.273	325.777	3.077	40	0.286
cleanup (explicit Full GC): 1,998,331,152 / 2,057,278,912 bytes free.
Initial test: 325.42968 ms.
Testing file /home/marlin/mapbench/bin/../maps/EllipseTests-fill-true.ser for 32 loops ...
cleanup (explicit Full GC): 2,025,109,832 / 2,057,279,600 bytes free.
1 threads and 32 loops per thread, time: 10424.16881 ms
EllipseTests-fill-true.ser                   	1	32	325.635	326.514	325.714	0.418	325.206	327.054	3.071	32	0.286


Loading drawing commands from file: /home/marlin/mapbench/bin/../maps/LineWidthColorGridTest.ser
Loaded DrawingCommands: DrawingCommands{width=1260, height=1260, commands=3808}
drawing[LineWidthColorGridTest.ser][width = 1260, height = 1260] ...
cleanup (explicit Full GC): 2,025,110,520 / 2,056,472,920 bytes free.
No scaling factor found for test [LineWidthColorGridTest.ser], use scale = 1.0
Initial test: 58.326147 ms.

Warming up with 2 threads and 54 loops on /home/marlin/mapbench/bin/../maps/LineWidthColorGridTest.ser
cleanup (explicit Full GC): 2,040,303,856 / 2,056,112,752 bytes free.
No scaling factor found for test [LineWidthColorGridTest.ser], use scale = 1.0
Warm up took 5904.819079 ms
LineWidthColorGridTest.ser                   	2	108	54.479	56.159	54.655	0.542	54.374	57.553	18.356	108	1.000
cleanup (explicit Full GC): 2,022,813,864 / 2,056,110,976 bytes free.
No scaling factor found for test [LineWidthColorGridTest.ser], use scale = 1.0
Initial test: 54.575022 ms.
Testing file /home/marlin/mapbench/bin/../maps/LineWidthColorGridTest.ser for 192 loops ...
cleanup (explicit Full GC): 2,039,941,912 / 2,056,112,752 bytes free.
No scaling factor found for test [LineWidthColorGridTest.ser], use scale = 1.0
1 threads and 192 loops per thread, time: 10503.583541 ms
LineWidthColorGridTest.ser                   	1	192	54.570	55.751	54.698	0.397	54.475	56.399	18.325	192	1.000


Loading drawing commands from file: /home/marlin/mapbench/bin/../maps/dc_boulder_2013-13-30-06-13-17.ser
Loaded DrawingCommands: DrawingCommands{width=1400, height=800, commands=4398}
drawing[dc_boulder_2013-13-30-06-13-17.ser][width = 1400, height = 800] ...
cleanup (explicit Full GC): 2,007,602,944 / 2,055,977,904 bytes free.
Initial test: 216.678856 ms.

Warming up with 2 threads and 20 loops on /home/marlin/mapbench/bin/../maps/dc_boulder_2013-13-30-06-13-17.ser
cleanup (explicit Full GC): 2,029,029,464 / 2,055,456,048 bytes free.
Warm up took 3664.765612 ms
dc_boulder_2013-13-30-06-13-17.ser           	2	40	88.995	90.975	91.566	14.983	88.749	185.080	11.237	40	1.000
cleanup (explicit Full GC): 2,033,897,280 / 2,055,455,144 bytes free.
Initial test: 90.183196 ms.
Testing file /home/marlin/mapbench/bin/../maps/dc_boulder_2013-13-30-06-13-17.ser for 116 loops ...
cleanup (explicit Full GC): 2,039,286,080 / 2,055,455,832 bytes free.
1 threads and 116 loops per thread, time: 10314.421721 ms
dc_boulder_2013-13-30-06-13-17.ser           	1	116	88.806	89.456	88.904	0.281	88.586	90.101	11.261	116	1.000


Loading drawing commands from file: /home/marlin/mapbench/bin/../maps/dc_boulder_2013-13-30-06-13-20.ser
Loaded DrawingCommands: DrawingCommands{width=1400, height=800, commands=2425}
drawing[dc_boulder_2013-13-30-06-13-20.ser][width = 1400, height = 800] ...
cleanup (explicit Full GC): 2,023,117,656 / 2,046,008,680 bytes free.
Initial test: 46.09579 ms.

Warming up with 2 threads and 68 loops on /home/marlin/mapbench/bin/../maps/dc_boulder_2013-13-30-06-13-20.ser
cleanup (explicit Full GC): 2,029,839,616 / 2,056,403,480 bytes free.
Warm up took 6169.987925 ms
dc_boulder_2013-13-30-06-13-20.ser           	2	136	45.258	45.881	45.356	0.239	45.188	46.692	22.096	136	2.000
cleanup (explicit Full GC): 2,034,844,712 / 2,056,401,256 bytes free.
Initial test: 45.174116 ms.
Testing file /home/marlin/mapbench/bin/../maps/dc_boulder_2013-13-30-06-13-20.ser for 233 loops ...
cleanup (explicit Full GC): 2,040,232,192 / 2,056,403,576 bytes free.
1 threads and 233 loops per thread, time: 10598.804582 ms
dc_boulder_2013-13-30-06-13-20.ser           	1	233	45.415	45.930	45.483	0.204	45.248	46.580	22.019	233	2.000


Loading drawing commands from file: /home/marlin/mapbench/bin/../maps/dc_shp_alllayers_2013-00-30-07-00-43.ser
Loaded DrawingCommands: DrawingCommands{width=1400, height=800, commands=568}
drawing[dc_shp_alllayers_2013-00-30-07-00-43.ser][width = 1400, height = 800] ...
cleanup (explicit Full GC): 2,024,065,400 / 2,057,292,088 bytes free.
Initial test: 38.262391 ms.

Warming up with 2 threads and 82 loops on /home/marlin/mapbench/bin/../maps/dc_shp_alllayers_2013-00-30-07-00-43.ser
cleanup (explicit Full GC): 2,041,123,024 / 2,056,929,912 bytes free.
Warm up took 6346.938751 ms
dc_shp_alllayers_2013-00-30-07-00-43.ser     	2	164	38.647	39.002	38.693	0.159	38.537	39.634	25.875	164	2.000
cleanup (explicit Full GC): 2,040,760,848 / 2,056,927,240 bytes free.
Initial test: 38.600463 ms.
Testing file /home/marlin/mapbench/bin/../maps/dc_shp_alllayers_2013-00-30-07-00-43.ser for 272 loops ...
cleanup (explicit Full GC): 2,040,758,176 / 2,056,929,912 bytes free.
1 threads and 272 loops per thread, time: 10447.384864 ms
dc_shp_alllayers_2013-00-30-07-00-43.ser     	1	272	38.371	38.672	38.406	0.137	38.271	39.396	26.061	272	2.000


Loading drawing commands from file: /home/marlin/mapbench/bin/../maps/dc_shp_alllayers_2013-00-30-07-00-47.ser
Loaded DrawingCommands: DrawingCommands{width=1400, height=800, commands=135213}
drawing[dc_shp_alllayers_2013-00-30-07-00-47.ser][width = 1400, height = 800] ...
cleanup (explicit Full GC): 1,909,966,512 / 2,017,985,960 bytes free.
Initial test: 891.667875 ms.

Warming up with 2 threads and 20 loops on /home/marlin/mapbench/bin/../maps/dc_shp_alllayers_2013-00-30-07-00-47.ser
cleanup (explicit Full GC): 1,985,647,776 / 2,013,665,648 bytes free.
Warm up took 35712.464913 ms
dc_shp_alllayers_2013-00-30-07-00-47.ser     	2	40	892.596	892.966	892.605	0.312	892.193	893.931	1.120	40	0.125
cleanup (explicit Full GC): 1,825,026,056 / 2,013,664,960 bytes free.
Initial test: 891.549676 ms.
Testing file /home/marlin/mapbench/bin/../maps/dc_shp_alllayers_2013-00-30-07-00-47.ser for 20 loops ...
cleanup (explicit Full GC): 1,986,716,488 / 2,013,665,648 bytes free.
1 threads and 20 loops per thread, time: 17840.139192 ms
dc_shp_alllayers_2013-00-30-07-00-47.ser     	1	20	891.692	892.267	891.727	0.277	891.202	892.380	1.121	20	0.125


Loading drawing commands from file: /home/marlin/mapbench/bin/../maps/dc_spearfish_2013-11-30-06-11-15.ser
Loaded DrawingCommands: DrawingCommands{width=512, height=359, commands=1232}
drawing[dc_spearfish_2013-11-30-06-11-15.ser][width = 512, height = 359] ...
cleanup (explicit Full GC): 1,900,481,944 / 2,057,236,176 bytes free.
Initial test: 14.721975 ms.

Warming up with 2 threads and 214 loops on /home/marlin/mapbench/bin/../maps/dc_spearfish_2013-11-30-06-11-15.ser
cleanup (explicit Full GC): 2,041,067,112 / 2,056,835,864 bytes free.
Warm up took 5300.865745 ms
dc_spearfish_2013-11-30-06-11-15.ser         	2	428	12.343	12.387	12.384	0.252	12.318	14.906	81.020	428	10.000
cleanup (explicit Full GC): 2,013,718,312 / 2,056,828,904 bytes free.
Initial test: 12.350965 ms.
Testing file /home/marlin/mapbench/bin/../maps/dc_spearfish_2013-11-30-06-11-15.ser for 852 loops ...
cleanup (explicit Full GC): 2,040,659,840 / 2,056,835,800 bytes free.
1 threads and 852 loops per thread, time: 10582.361249 ms
dc_spearfish_2013-11-30-06-11-15.ser         	1	852	12.424	12.487	12.420	0.047	12.333	12.780	80.491	852	10.000


Loading drawing commands from file: /home/marlin/mapbench/bin/../maps/dc_spearfish_2013-11-30-06-11-19.ser
Loaded DrawingCommands: DrawingCommands{width=512, height=359, commands=349}
drawing[dc_spearfish_2013-11-30-06-11-19.ser][width = 512, height = 359] ...
cleanup (explicit Full GC): 2,008,328,512 / 2,057,512,592 bytes free.
Initial test: 6.241269 ms.

Warming up with 2 threads and 505 loops on /home/marlin/mapbench/bin/../maps/dc_spearfish_2013-11-30-06-11-19.ser
cleanup (explicit Full GC): 2,041,343,528 / 2,057,157,232 bytes free.
Warm up took 6144.154009 ms
dc_spearfish_2013-11-30-06-11-19.ser         	2	1010	6.080	6.096	6.083	0.015	6.064	6.283	164.462	1010	20.000
cleanup (explicit Full GC): 2,030,208,760 / 2,057,141,024 bytes free.
Initial test: 6.084084 ms.
Testing file /home/marlin/mapbench/bin/../maps/dc_spearfish_2013-11-30-06-11-19.ser for 1730 loops ...
cleanup (explicit Full GC): 2,040,971,960 / 2,057,157,232 bytes free.
1 threads and 1730 loops per thread, time: 10535.426151 ms
dc_spearfish_2013-11-30-06-11-19.ser         	1	1730	6.077	6.088	6.089	0.137	6.060	7.818	164.552	1730	20.000


Loading drawing commands from file: /home/marlin/mapbench/bin/../maps/dc_topp:states_2013-11-30-06-11-06.ser
Loaded DrawingCommands: DrawingCommands{width=780, height=330, commands=119}
drawing[dc_topp:states_2013-11-30-06-11-06.ser][width = 780, height = 330] ...
cleanup (explicit Full GC): 2,014,039,680 / 2,057,454,320 bytes free.
Initial test: 11.410466 ms.

Warming up with 2 threads and 276 loops on /home/marlin/mapbench/bin/../maps/dc_topp:states_2013-11-30-06-11-06.ser
cleanup (explicit Full GC): 2,041,285,256 / 2,057,118,464 bytes free.
Warm up took 6293.590869 ms
dc_topp:states_2013-11-30-06-11-06.ser       	2	552	11.380	11.394	11.400	0.174	11.358	13.096	87.872	552	10.000
cleanup (explicit Full GC): 2,040,949,400 / 2,057,109,584 bytes free.
Initial test: 11.395718 ms.
Testing file /home/marlin/mapbench/bin/../maps/dc_topp:states_2013-11-30-06-11-06.ser for 923 loops ...
cleanup (explicit Full GC): 2,040,940,520 / 2,057,118,464 bytes free.
1 threads and 923 loops per thread, time: 10683.969683 ms
dc_topp:states_2013-11-30-06-11-06.ser       	1	923	11.552	11.565	11.575	0.190	11.530	13.335	86.566	923	10.000


Loading drawing commands from file: /home/marlin/mapbench/bin/../maps/dc_topp:states_2013-11-30-06-11-07.ser
Loaded DrawingCommands: DrawingCommands{width=780, height=330, commands=144}
drawing[dc_topp:states_2013-11-30-06-11-07.ser][width = 780, height = 330] ...
cleanup (explicit Full GC): 2,040,949,400 / 2,057,488,032 bytes free.
Initial test: 7.254327 ms.

Warming up with 2 threads and 435 loops on /home/marlin/mapbench/bin/../maps/dc_topp:states_2013-11-30-06-11-07.ser
cleanup (explicit Full GC): 2,041,318,968 / 2,057,138,616 bytes free.
Warm up took 6290.211246 ms
dc_topp:states_2013-11-30-06-11-07.ser       	2	870	7.228	7.240	7.229	0.016	7.206	7.392	138.359	870	10.000
cleanup (explicit Full GC): 2,040,969,552 / 2,057,124,648 bytes free.
Initial test: 7.280527 ms.
Testing file /home/marlin/mapbench/bin/../maps/dc_topp:states_2013-11-30-06-11-07.ser for 1445 loops ...
cleanup (explicit Full GC): 2,030,176,208 / 2,057,138,552 bytes free.
1 threads and 1445 loops per thread, time: 10459.435692 ms
dc_topp:states_2013-11-30-06-11-07.ser       	1	1445	7.236	7.248	7.238	0.017	7.217	7.517	138.193	1445	10.000


Loading drawing commands from file: /home/marlin/mapbench/bin/../maps/spiralTest-dash-false.ser
Loaded DrawingCommands: DrawingCommands{width=4096, height=4096, commands=1}
drawing[spiralTest-dash-false.ser][width = 4096, height = 4096] ...
cleanup (explicit Full GC): 1,969,697,616 / 2,049,241,008 bytes free.
Initial test: 938.891629 ms.

Warming up with 2 threads and 20 loops on /home/marlin/mapbench/bin/../maps/spiralTest-dash-false.ser
cleanup (explicit Full GC): 1,885,222,632 / 2,048,870,040 bytes free.
Warm up took 37536.230986 ms
spiralTest-dash-false.ser                    	2	40	938.893	940.945	938.201	2.353	933.915	945.917	1.065	40	0.100
cleanup (explicit Full GC): 1,806,963,408 / 2,048,869,080 bytes free.
Initial test: 937.637966 ms.
Testing file /home/marlin/mapbench/bin/../maps/spiralTest-dash-false.ser for 20 loops ...
cleanup (explicit Full GC): 1,884,850,704 / 2,048,869,768 bytes free.
1 threads and 20 loops per thread, time: 18798.039254 ms
spiralTest-dash-false.ser                    	1	20	939.377	940.505	939.705	1.615	938.605	946.506	1.065	20	0.100


Loading drawing commands from file: /home/marlin/mapbench/bin/../maps/spiralTest-fill.ser
Loaded DrawingCommands: DrawingCommands{width=4096, height=4096, commands=1}
drawing[spiralTest-fill.ser][width = 4096, height = 4096] ...
cleanup (explicit Full GC): 1,742,388,368 / 2,040,638,136 bytes free.
Initial test: 789.565209 ms.

Warming up with 2 threads and 20 loops on /home/marlin/mapbench/bin/../maps/spiralTest-fill.ser
cleanup (explicit Full GC): 1,961,851,320 / 2,040,245,768 bytes free.
Warm up took 31576.046402 ms
spiralTest-fill.ser                          	2	40	788.907	790.990	789.196	1.005	787.669	791.644	1.268	40	0.125
cleanup (explicit Full GC): 1,894,350,072 / 2,040,245,080 bytes free.
Initial test: 790.308448 ms.
Testing file /home/marlin/mapbench/bin/../maps/spiralTest-fill.ser for 20 loops ...
cleanup (explicit Full GC): 1,961,458,264 / 2,040,245,768 bytes free.
1 threads and 20 loops per thread, time: 15793.331257 ms
spiralTest-fill.ser                          	1	20	789.487	791.787	789.465	1.224	787.144	791.949	1.267	20	0.125


Loading drawing commands from file: /home/marlin/mapbench/bin/../maps/test_z_625k.ser
Loaded DrawingCommands: DrawingCommands{width=1272, height=1261, commands=23345}
drawing[test_z_625k.ser][width = 1272, height = 1261] ...
cleanup (explicit Full GC): 1,943,492,752 / 2,050,744,440 bytes free.
Initial test: 149.891703 ms.

Warming up with 2 threads and 21 loops on /home/marlin/mapbench/bin/../maps/test_z_625k.ser
cleanup (explicit Full GC): 2,025,592,288 / 2,049,576,736 bytes free.
Warm up took 6296.712231 ms
test_z_625k.ser                              	2	42	149.846	150.384	149.870	0.296	149.377	150.578	6.674	42	0.667
cleanup (explicit Full GC): 2,001,839,456 / 2,049,576,016 bytes free.
Initial test: 149.871213 ms.
Testing file /home/marlin/mapbench/bin/../maps/test_z_625k.ser for 70 loops ...
cleanup (explicit Full GC): 2,035,203,240 / 2,049,576,736 bytes free.
1 threads and 70 loops per thread, time: 10450.552798 ms
test_z_625k.ser                              	1	70	149.151	149.781	149.270	0.392	148.865	151.304	6.705	70	0.667


WARMUP results:
Test                                         	Threads	Ops	Med	Pct95	Avg	StdDev	Min	Max	FPS(med)	TotalOps	Scale	[ms/op]
<<< Calib 1
[calibration]                                	1	3000	0.112	0.120	0.114	0.012	0.112	0.386	8935.113	3000	1.000
>>> Calib 1
<<< Warmup 1
CircleTests.ser                              	1	80	61.901	63.153	66.412	27.597	61.607	261.108	16.155	80	2.000
>>> Warmup 1
<<< Warmup 2
CircleTests.ser                              	1	160	61.661	63.327	61.825	0.458	61.516	63.615	16.218	160	2.000
>>> Warmup 2
CircleTests.ser                              	2	102	61.758	62.255	61.828	0.196	61.556	62.477	16.192	102	2.000
EllipseTests-fill-false.ser                  	2	40	273.557	274.191	273.527	0.349	273.000	274.249	3.656	40	0.500
EllipseTests-fill-true.ser                   	2	40	324.973	325.630	325.010	0.389	324.273	325.777	3.077	40	0.286
LineWidthColorGridTest.ser                   	2	108	54.479	56.159	54.655	0.542	54.374	57.553	18.356	108	1.000
dc_boulder_2013-13-30-06-13-17.ser           	2	40	88.995	90.975	91.566	14.983	88.749	185.080	11.237	40	1.000
dc_boulder_2013-13-30-06-13-20.ser           	2	136	45.258	45.881	45.356	0.239	45.188	46.692	22.096	136	2.000
dc_shp_alllayers_2013-00-30-07-00-43.ser     	2	164	38.647	39.002	38.693	0.159	38.537	39.634	25.875	164	2.000
dc_shp_alllayers_2013-00-30-07-00-47.ser     	2	40	892.596	892.966	892.605	0.312	892.193	893.931	1.120	40	0.125
dc_spearfish_2013-11-30-06-11-15.ser         	2	428	12.343	12.387	12.384	0.252	12.318	14.906	81.020	428	10.000
dc_spearfish_2013-11-30-06-11-19.ser         	2	1010	6.080	6.096	6.083	0.015	6.064	6.283	164.462	1010	20.000
dc_topp:states_2013-11-30-06-11-06.ser       	2	552	11.380	11.394	11.400	0.174	11.358	13.096	87.872	552	10.000
dc_topp:states_2013-11-30-06-11-07.ser       	2	870	7.228	7.240	7.229	0.016	7.206	7.392	138.359	870	10.000
spiralTest-dash-false.ser                    	2	40	938.893	940.945	938.201	2.353	933.915	945.917	1.065	40	0.100
spiralTest-fill.ser                          	2	40	788.907	790.990	789.196	1.005	787.669	791.644	1.268	40	0.125
test_z_625k.ser                              	2	42	149.846	150.384	149.870	0.296	149.377	150.578	6.674	42	0.667

TEST results:
Test                                         	Threads	Ops	Med	Pct95	Avg	StdDev	Min	Max	FPS(med)	TotalOps	Scale	[ms/op]
CircleTests.ser                              	1	170	61.523	61.874	61.583	0.155	61.392	62.278	16.254	170	2.000
EllipseTests-fill-false.ser                  	1	38	274.082	274.422	274.110	0.143	273.946	274.517	3.649	38	0.500
EllipseTests-fill-true.ser                   	1	32	325.635	326.514	325.714	0.418	325.206	327.054	3.071	32	0.286
LineWidthColorGridTest.ser                   	1	192	54.570	55.751	54.698	0.397	54.475	56.399	18.325	192	1.000
dc_boulder_2013-13-30-06-13-17.ser           	1	116	88.806	89.456	88.904	0.281	88.586	90.101	11.261	116	1.000
dc_boulder_2013-13-30-06-13-20.ser           	1	233	45.415	45.930	45.483	0.204	45.248	46.580	22.019	233	2.000
dc_shp_alllayers_2013-00-30-07-00-43.ser     	1	272	38.371	38.672	38.406	0.137	38.271	39.396	26.061	272	2.000
dc_shp_alllayers_2013-00-30-07-00-47.ser     	1	20	891.692	892.267	891.727	0.277	891.202	892.380	1.121	20	0.125
dc_spearfish_2013-11-30-06-11-15.ser         	1	852	12.424	12.487	12.420	0.047	12.333	12.780	80.491	852	10.000
dc_spearfish_2013-11-30-06-11-19.ser         	1	1730	6.077	6.088	6.089	0.137	6.060	7.818	164.552	1730	20.000
dc_topp:states_2013-11-30-06-11-06.ser       	1	923	11.552	11.565	11.575	0.190	11.530	13.335	86.566	923	10.000
dc_topp:states_2013-11-30-06-11-07.ser       	1	1445	7.236	7.248	7.238	0.017	7.217	7.517	138.193	1445	10.000
spiralTest-dash-false.ser                    	1	20	939.377	940.505	939.705	1.615	938.605	946.506	1.065	20	0.100
spiralTest-fill.ser                          	1	20	789.487	791.787	789.465	1.224	787.144	791.949	1.267	20	0.125
test_z_625k.ser                              	1	70	149.151	149.781	149.270	0.392	148.865	151.304	6.705	70	0.667

Scores:
Tests	15	15	
Threads	1	1	
Med	100.083	100.083	
Pct95	100.522	100.522	
FPS	38.707	38.707	

