CPU_CORE_IDS: 3
date:
ven. 26 nov. 2021 11:40:14 CET
JAVA_HOME: /home/bourgesl/apps/openjdk-jdk-linux-x86_64-server-release/jdk-arraycopy/
CLASSPATH:   ../lib/mapbench-0.5.0.jar:../lib/org.jfree.svg-4.1-bourgesl-0.1.jar
Boot CP:     
Java opts:   -Dsun.java2d.renderer.useDPQS=true --patch-module java.desktop=../lib/marlin-0.9.4.5-Unsafe-OpenJDK11.jar -Dsun.java2d.renderer.clip=true -Dsun.java2d.renderer.log=true -Dsun.java2d.renderer.logCreateContext=false -Dsun.java2d.renderer.logUnsafeMalloc=false -Dsun.java2d.renderer.clip.curves= -Dsun.java2d.renderer.subPixel_log2_X=8 -Dsun.java2d.renderer.subPixel_log2_Y=3 -Dsun.java2d.renderer.useThreadLocal=true -Dsun.java2d.renderer.useSimplifier=false -Dsun.java2d.renderer.useRef=soft -Dsun.java2d.renderer.pixelWidth=4096 -Dsun.java2d.renderer.pixelHeight=2176 -Dsun.java2d.renderer.tileSize_log2=6 -Dsun.java2d.renderer.tileWidth_log2=7 -Dsun.java2d.renderer=sun.java2d.marlin.DMarlinRenderingEngine -Dsun.java2d.renderer.clip.subdivider=true -Dsun.java2d.renderer.clip.subdivider.minLength=100.0 -DMapBench.noAAclear=true -DMapBench.skipDraw=false -DMapBench.skipFill=false -DMapBench.clip.small=false -DMapBench.qualityMode=true -DMapBench.premultiplied=true -DMapBench.acceleration=false -DMapBench.volatile=false -DMapBench.4bytes=false -server
Java tuning:  -Xms2g  -Xmx2g -XX:+UseParallelGC -XX:+AlwaysPreTouch -XX:+UseTransparentHugePages
JVM path
/home/bourgesl/apps/openjdk-jdk-linux-x86_64-server-release/jdk-arraycopy//bin//java
Java version
openjdk version "18-testing" 2022-03-15
OpenJDK Runtime Environment (build 18-testing+0-builds.shipilev.net-openjdk-jdk-arraycopy-b2-20211125)
OpenJDK 64-Bit Server VM (build 18-testing+0-builds.shipilev.net-openjdk-jdk-arraycopy-b2-20211125, mixed mode, sharing)
##############################################################
# Java: 18-testing+0-builds.shipilev.net-openjdk-jdk-arraycopy-b2-20211125
#   VM: OpenJDK 64-Bit Server VM 18-testing+0-builds.shipilev.net-openjdk-jdk-arraycopy-b2-20211125 (mixed mode)
#   OS: Linux 5.4.0-90-generic (amd64)
# CPUs: 4 (virtual)
##############################################################
ERROR: Unable to get RenderingEngine.getInstance()
# Renderer: unknown 
# Quality mode: QUALITY...
# Filter shape on size: DISABLED...
# disableAA:         false 
# disableAAForClear: true 
# skipDraw:     false 
# skipFill:     false 
# useClipSmall: false 
INFO: ===============================================================================
INFO: Marlin software rasterizer           = ENABLED
INFO: Version                              = [marlin-0.9.4.5-Unsafe-OpenJDK]
INFO: sun.java2d.renderer                  = sun.java2d.marlin.DMarlinRenderingEngine
INFO: sun.java2d.renderer.useThreadLocal   = true
INFO: sun.java2d.renderer.useRef           = soft
INFO: sun.java2d.renderer.edges            = 4096
INFO: sun.java2d.renderer.pixelWidth       = 4096
INFO: sun.java2d.renderer.pixelHeight      = 2176
INFO: sun.java2d.renderer.profile          = quality
INFO: sun.java2d.renderer.subPixel_log2_X  = 8
INFO: sun.java2d.renderer.subPixel_log2_Y  = 3
INFO: sun.java2d.renderer.tileSize_log2    = 6
INFO: sun.java2d.renderer.tileWidth_log2   = 7
INFO: sun.java2d.renderer.blockSize_log2   = 5
INFO: sun.java2d.renderer.forceRLE         = false
INFO: sun.java2d.renderer.forceNoRLE       = false
INFO: sun.java2d.renderer.useTileFlags     = true
INFO: sun.java2d.renderer.useTileFlags.useHeuristics = true
INFO: sun.java2d.renderer.rleMinWidth      = 64
INFO: sun.java2d.renderer.useSimplifier    = false
INFO: sun.java2d.renderer.usePathSimplifier= false
INFO: sun.java2d.renderer.pathSimplifier.pixTol = 0.125
INFO: sun.java2d.renderer.clip             = true
INFO: sun.java2d.renderer.clip.runtime.enable = false
INFO: sun.java2d.renderer.clip.subdivider  = true
INFO: sun.java2d.renderer.clip.subdivider.minLength = 100.0
INFO: sun.java2d.renderer.doStats          = false
INFO: sun.java2d.renderer.doMonitors       = false
INFO: sun.java2d.renderer.doChecks         = false
INFO: sun.java2d.renderer.useLogger        = false
INFO: sun.java2d.renderer.logCreateContext = false
INFO: sun.java2d.renderer.logUnsafeMalloc  = false
INFO: sun.java2d.renderer.curve_len_err    = 0.01
INFO: sun.java2d.renderer.cubic_dec_d2     = 1.0
INFO: sun.java2d.renderer.cubic_inc_d1     = 0.2
INFO: sun.java2d.renderer.quad_dec_d2      = 0.5
INFO: Renderer settings:
INFO: MergeSort: DPQS_THRESHOLD: 256
INFO: MergeSort: DISABLE_ISORT_THRESHOLD: 1000
INFO: SORT         = DPQS_20191112
INFO: CUB_DEC_BND  = 256.0
INFO: CUB_INC_BND  = 51.20000076293945
INFO: QUAD_DEC_BND = 128.0
INFO: INITIAL_EDGES_CAPACITY               = 98304
INFO: INITIAL_CROSSING_COUNT               = 1024
INFO: ===============================================================================
# Using BufferedImage INT_ARGB_PRE...
##############################################################
profileName: shared_1T
Loading profile file: /home/marlin/mapbench/bin/../profiles/shared_1T.properties
Loading scale file: /home/marlin/mapbench/bin/../profiles/mapbench-scales.properties
Profile properties (merged with defaults):
  dashLength=3.0
  doClip=false
  doCreateStrokedShape=false
  doRotate=false
  doScale=false
  doShear=false
  doTranslate=false
  doUseDashedStroke=false
  doUseGradient=false
  doUseTexture=false
  doUseWingRuleEvenOdd=false
  doUseWingRuleNonZero=false
  imageX=NaN
  imageY=NaN
  iteration=1
  maxThreads=1
  minDuration=10000.0
  minLoops=20
  minThreads=1
  pass=1
  rotateAngle=17.333
  scaleX=0.1
  scaleY=0.1
  shearX=2.0
  shearY=2.0
  translateX=0.0
  translateY=0.0
  useSharedImage=true
  warmupCalibration=true
  warmupLoopsMax=160
  warmupLoopsMin=80
  warmupLoopsMinTest=20
### Test Scales:
  dc_shp_alllayers_2013-00-30-07-00-47.ser=800
  dc_spearfish_2013-11-30-06-11-19.ser=5
  dc_boulder_2013-13-30-06-13-17.ser=100
  dc_boulder_2013-13-30-06-13-20.ser=50
  test_z_300k.ser=150
  dc_topp:states_2013-11-30-06-11-07.ser=10
  test_z_2.5M.ser=50
  EllipseTests-fill-false.ser=200
  test_z_1.25M.ser=100
  test_z_150k.ser=100
  dc_spearfish_2013-11-30-06-11-15.ser=10
  spiralTest-fill.ser=800
  test_z_10M.ser=50
  spiralTest-dash-false.ser=1000
  CircleTests.ser=50
  EllipseTests-fill-true.ser=350
  dc_shp_alllayers_2013-00-30-07-00-43.ser=50
  test_z_625k.ser=150
  test_z_5M.ser=50
  dc_topp:states_2013-11-30-06-11-06.ser=10
##############################################################
# Min duration per test = 10000.0 ms.
##############################################################
Loading maps from = /home/marlin/mapbench/bin/../maps
Results format: 
Test                                         	Threads	Ops	Med	Pct95	Avg	StdDev	Min	Max	FPS(med)	TotalOps	Scale	[ms/op]

Calibrating up with 1 threads and 3000 loops
cleanup (explicit Full GC): 2,016,285,464 / 2,047,055,536 bytes free.
No scaling factor found for test [[calibration]], use scale = 1.0
Calibration up took 353.373494 ms
[calibration]                                	1	3000	0.112	0.120	0.114	0.009	0.111	0.329	8930.405	3000	1.000
Loading drawing commands from file: /home/marlin/mapbench/bin/../maps/CircleTests.ser
Loaded DrawingCommands: DrawingCommands{width=2048, height=2048, commands=2001}
drawing[CircleTests.ser][width = 2048, height = 2048] ...

Warming up with 1 threads and 80 loops on /home/marlin/mapbench/bin/../maps/CircleTests.ser
cleanup (explicit Full GC): 2,032,682,928 / 2,046,409,688 bytes free.
Warm up took 5262.417335 ms
CircleTests.ser                              	1	80	62.195	63.623	65.748	23.583	61.784	263.570	16.079	80	2.000

Warming up with 1 threads and 160 loops on /home/marlin/mapbench/bin/../maps/CircleTests.ser
cleanup (explicit Full GC): 2,000,887,416 / 2,056,863,784 bytes free.
Warm up took 9883.191201 ms
CircleTests.ser                              	1	160	61.701	62.123	61.758	0.187	61.474	62.374	16.207	160	2.000
cleanup (explicit Full GC): 2,018,527,736 / 2,056,862,232 bytes free.
Initial test: 61.784511 ms.

Warming up with 2 threads and 51 loops on /home/marlin/mapbench/bin/../maps/CircleTests.ser
cleanup (explicit Full GC): 2,025,712,488 / 2,056,864,616 bytes free.
Warm up took 6273.597488 ms
CircleTests.ser                              	2	102	61.409	61.800	61.475	0.175	61.270	62.020	16.284	102	2.000
cleanup (explicit Full GC): 2,005,344,488 / 2,056,863,128 bytes free.
Initial test: 61.355364 ms.
Testing file /home/marlin/mapbench/bin/../maps/CircleTests.ser for 171 loops ...
cleanup (explicit Full GC): 2,025,713,384 / 2,056,864,456 bytes free.
1 threads and 171 loops per thread, time: 10504.287073 ms
CircleTests.ser                              	1	171	61.363	61.748	61.418	0.149	61.236	62.017	16.297	171	2.000


Loading drawing commands from file: /home/marlin/mapbench/bin/../maps/EllipseTests-fill-false.ser
Loaded DrawingCommands: DrawingCommands{width=2000, height=2000, commands=198}
drawing[EllipseTests-fill-false.ser][width = 2000, height = 2000] ...
cleanup (explicit Full GC): 2,004,155,880 / 2,057,635,856 bytes free.
Initial test: 275.974728 ms.

Warming up with 2 threads and 20 loops on /home/marlin/mapbench/bin/../maps/EllipseTests-fill-false.ser
cleanup (explicit Full GC): 2,014,687,400 / 2,057,278,464 bytes free.
Warm up took 10989.852293 ms
EllipseTests-fill-false.ser                  	2	40	274.217	275.745	274.686	0.764	273.886	275.778	3.647	40	0.500
cleanup (explicit Full GC): 2,009,109,368 / 2,057,277,704 bytes free.
Initial test: 273.888382 ms.
Testing file /home/marlin/mapbench/bin/../maps/EllipseTests-fill-false.ser for 38 loops ...
cleanup (explicit Full GC): 2,025,108,624 / 2,057,278,392 bytes free.
1 threads and 38 loops per thread, time: 10399.541153 ms
EllipseTests-fill-false.ser                  	1	38	273.609	273.878	273.639	0.129	273.420	273.914	3.655	38	0.500


Loading drawing commands from file: /home/marlin/mapbench/bin/../maps/EllipseTests-fill-true.ser
Loaded DrawingCommands: DrawingCommands{width=2000, height=2000, commands=198}
drawing[EllipseTests-fill-true.ser][width = 2000, height = 2000] ...
cleanup (explicit Full GC): 2,025,109,312 / 2,057,637,672 bytes free.
Initial test: 329.41334 ms.

Warming up with 2 threads and 20 loops on /home/marlin/mapbench/bin/../maps/EllipseTests-fill-true.ser
cleanup (explicit Full GC): 2,025,468,592 / 2,057,278,328 bytes free.
Warm up took 13048.909286 ms
EllipseTests-fill-true.ser                   	2	40	326.170	327.071	326.161	0.567	325.184	327.474	3.066	40	0.286
cleanup (explicit Full GC): 1,998,329,840 / 2,057,277,600 bytes free.
Initial test: 325.604645 ms.
Testing file /home/marlin/mapbench/bin/../maps/EllipseTests-fill-true.ser for 32 loops ...
cleanup (explicit Full GC): 2,025,108,520 / 2,057,278,288 bytes free.
1 threads and 32 loops per thread, time: 10386.795255 ms
EllipseTests-fill-true.ser                   	1	32	324.512	325.135	324.548	0.333	324.047	325.402	3.082	32	0.286


Loading drawing commands from file: /home/marlin/mapbench/bin/../maps/LineWidthColorGridTest.ser
Loaded DrawingCommands: DrawingCommands{width=1260, height=1260, commands=3808}
drawing[LineWidthColorGridTest.ser][width = 1260, height = 1260] ...
cleanup (explicit Full GC): 2,025,109,208 / 2,056,472,408 bytes free.
No scaling factor found for test [LineWidthColorGridTest.ser], use scale = 1.0
Initial test: 57.865846 ms.

Warming up with 2 threads and 54 loops on /home/marlin/mapbench/bin/../maps/LineWidthColorGridTest.ser
cleanup (explicit Full GC): 2,040,303,344 / 2,056,112,528 bytes free.
No scaling factor found for test [LineWidthColorGridTest.ser], use scale = 1.0
Warm up took 5791.920592 ms
LineWidthColorGridTest.ser                   	2	108	53.410	55.132	53.610	0.564	53.314	56.655	18.723	108	1.000
cleanup (explicit Full GC): 2,022,813,640 / 2,056,110,504 bytes free.
No scaling factor found for test [LineWidthColorGridTest.ser], use scale = 1.0
Initial test: 53.550738 ms.
Testing file /home/marlin/mapbench/bin/../maps/LineWidthColorGridTest.ser for 196 loops ...
cleanup (explicit Full GC): 2,039,941,440 / 2,056,112,376 bytes free.
No scaling factor found for test [LineWidthColorGridTest.ser], use scale = 1.0
1 threads and 196 loops per thread, time: 10479.431386 ms
LineWidthColorGridTest.ser                   	1	196	53.341	54.317	53.459	0.388	53.233	55.101	18.747	196	1.000


Loading drawing commands from file: /home/marlin/mapbench/bin/../maps/dc_boulder_2013-13-30-06-13-17.ser
Loaded DrawingCommands: DrawingCommands{width=1400, height=800, commands=4398}
drawing[dc_boulder_2013-13-30-06-13-17.ser][width = 1400, height = 800] ...
cleanup (explicit Full GC): 2,007,602,568 / 2,055,977,368 bytes free.
Initial test: 204.46263 ms.

Warming up with 2 threads and 20 loops on /home/marlin/mapbench/bin/../maps/dc_boulder_2013-13-30-06-13-17.ser
cleanup (explicit Full GC): 2,029,028,928 / 2,055,455,448 bytes free.
Warm up took 3983.970251 ms
dc_boulder_2013-13-30-06-13-17.ser           	2	40	89.242	203.067	99.549	32.536	88.754	221.063	11.205	40	1.000
cleanup (explicit Full GC): 2,033,896,680 / 2,055,454,680 bytes free.
Initial test: 88.756166 ms.
Testing file /home/marlin/mapbench/bin/../maps/dc_boulder_2013-13-30-06-13-17.ser for 118 loops ...
cleanup (explicit Full GC): 2,039,285,616 / 2,055,455,368 bytes free.
1 threads and 118 loops per thread, time: 10494.894823 ms
dc_boulder_2013-13-30-06-13-17.ser           	1	118	88.872	89.484	88.926	0.281	88.514	89.756	11.252	118	1.000


Loading drawing commands from file: /home/marlin/mapbench/bin/../maps/dc_boulder_2013-13-30-06-13-20.ser
Loaded DrawingCommands: DrawingCommands{width=1400, height=800, commands=2425}
drawing[dc_boulder_2013-13-30-06-13-20.ser][width = 1400, height = 800] ...
cleanup (explicit Full GC): 2,023,117,192 / 2,046,008,184 bytes free.
Initial test: 46.325574 ms.

Warming up with 2 threads and 68 loops on /home/marlin/mapbench/bin/../maps/dc_boulder_2013-13-30-06-13-20.ser
cleanup (explicit Full GC): 2,029,839,120 / 2,056,403,016 bytes free.
Warm up took 6164.761834 ms
dc_boulder_2013-13-30-06-13-20.ser           	2	136	45.153	46.609	45.318	0.413	45.077	46.968	22.147	136	2.000
cleanup (explicit Full GC): 2,034,844,248 / 2,056,400,792 bytes free.
Initial test: 45.363977 ms.
Testing file /home/marlin/mapbench/bin/../maps/dc_boulder_2013-13-30-06-13-20.ser for 232 loops ...
cleanup (explicit Full GC): 2,040,231,728 / 2,056,403,016 bytes free.
1 threads and 232 loops per thread, time: 10499.338365 ms
dc_boulder_2013-13-30-06-13-20.ser           	1	232	45.170	45.723	45.250	0.182	45.111	45.983	22.138	232	2.000


Loading drawing commands from file: /home/marlin/mapbench/bin/../maps/dc_shp_alllayers_2013-00-30-07-00-43.ser
Loaded DrawingCommands: DrawingCommands{width=1400, height=800, commands=568}
drawing[dc_shp_alllayers_2013-00-30-07-00-43.ser][width = 1400, height = 800] ...
cleanup (explicit Full GC): 2,024,064,840 / 2,057,291,640 bytes free.
Initial test: 37.970405 ms.

Warming up with 2 threads and 83 loops on /home/marlin/mapbench/bin/../maps/dc_shp_alllayers_2013-00-30-07-00-43.ser
cleanup (explicit Full GC): 2,041,122,576 / 2,056,929,448 bytes free.
Warm up took 6464.411812 ms
dc_shp_alllayers_2013-00-30-07-00-43.ser     	2	166	38.818	39.477	38.933	0.367	38.766	40.893	25.761	166	2.000
cleanup (explicit Full GC): 2,040,760,384 / 2,056,926,744 bytes free.
Initial test: 38.45957 ms.
Testing file /home/marlin/mapbench/bin/../maps/dc_shp_alllayers_2013-00-30-07-00-43.ser for 273 loops ...
cleanup (explicit Full GC): 2,040,757,680 / 2,056,929,448 bytes free.
1 threads and 273 loops per thread, time: 10463.134856 ms
dc_shp_alllayers_2013-00-30-07-00-43.ser     	1	273	38.207	38.800	38.323	0.354	38.148	39.937	26.173	273	2.000


Loading drawing commands from file: /home/marlin/mapbench/bin/../maps/dc_shp_alllayers_2013-00-30-07-00-47.ser
Loaded DrawingCommands: DrawingCommands{width=1400, height=800, commands=135213}
drawing[dc_shp_alllayers_2013-00-30-07-00-47.ser][width = 1400, height = 800] ...
cleanup (explicit Full GC): 1,909,965,928 / 2,017,985,480 bytes free.
Initial test: 877.86389 ms.

Warming up with 2 threads and 20 loops on /home/marlin/mapbench/bin/../maps/dc_shp_alllayers_2013-00-30-07-00-47.ser
cleanup (explicit Full GC): 1,985,647,296 / 2,013,665,184 bytes free.
Warm up took 35062.251975 ms
dc_shp_alllayers_2013-00-30-07-00-47.ser     	2	40	876.310	876.732	876.353	0.243	875.981	877.263	1.141	40	0.125
cleanup (explicit Full GC): 1,825,025,592 / 2,013,664,496 bytes free.
Initial test: 880.870874 ms.
Testing file /home/marlin/mapbench/bin/../maps/dc_shp_alllayers_2013-00-30-07-00-47.ser for 20 loops ...
cleanup (explicit Full GC): 1,986,716,024 / 2,013,665,184 bytes free.
1 threads and 20 loops per thread, time: 17638.418021 ms
dc_shp_alllayers_2013-00-30-07-00-47.ser     	1	20	881.598	881.962	881.637	0.247	881.244	882.453	1.134	20	0.125


Loading drawing commands from file: /home/marlin/mapbench/bin/../maps/dc_spearfish_2013-11-30-06-11-15.ser
Loaded DrawingCommands: DrawingCommands{width=512, height=359, commands=1232}
drawing[dc_spearfish_2013-11-30-06-11-15.ser][width = 512, height = 359] ...
cleanup (explicit Full GC): 1,900,481,480 / 2,057,235,712 bytes free.
Initial test: 14.550395 ms.

Warming up with 2 threads and 217 loops on /home/marlin/mapbench/bin/../maps/dc_spearfish_2013-11-30-06-11-15.ser
cleanup (explicit Full GC): 2,041,066,648 / 2,056,835,400 bytes free.
Warm up took 5272.467075 ms
dc_spearfish_2013-11-30-06-11-15.ser         	2	434	12.140	12.174	12.147	0.036	12.119	12.554	82.373	434	10.000
cleanup (explicit Full GC): 2,013,717,848 / 2,056,828,344 bytes free.
Initial test: 12.121913 ms.
Testing file /home/marlin/mapbench/bin/../maps/dc_spearfish_2013-11-30-06-11-15.ser for 868 loops ...
cleanup (explicit Full GC): 2,040,659,280 / 2,056,835,336 bytes free.
1 threads and 868 loops per thread, time: 10523.553553 ms
dc_spearfish_2013-11-30-06-11-15.ser         	1	868	12.121	12.138	12.123	0.017	12.100	12.437	82.498	868	10.000


Loading drawing commands from file: /home/marlin/mapbench/bin/../maps/dc_spearfish_2013-11-30-06-11-19.ser
Loaded DrawingCommands: DrawingCommands{width=512, height=359, commands=349}
drawing[dc_spearfish_2013-11-30-06-11-19.ser][width = 512, height = 359] ...
cleanup (explicit Full GC): 2,008,328,048 / 2,057,513,488 bytes free.
Initial test: 6.131505 ms.

Warming up with 2 threads and 515 loops on /home/marlin/mapbench/bin/../maps/dc_spearfish_2013-11-30-06-11-19.ser
cleanup (explicit Full GC): 2,041,344,424 / 2,057,158,384 bytes free.
Warm up took 6197.917057 ms
dc_spearfish_2013-11-30-06-11-19.ser         	2	1030	5.989	6.086	6.017	0.044	5.969	6.286	166.983	1030	20.000
cleanup (explicit Full GC): 2,030,209,912 / 2,057,141,856 bytes free.
Initial test: 5.991697 ms.
Testing file /home/marlin/mapbench/bin/../maps/dc_spearfish_2013-11-30-06-11-19.ser for 1756 loops ...
cleanup (explicit Full GC): 2,040,972,792 / 2,057,158,480 bytes free.
1 threads and 1756 loops per thread, time: 10542.12516 ms
dc_spearfish_2013-11-30-06-11-19.ser         	1	1756	6.003	6.011	6.003	0.007	5.988	6.151	166.593	1756	20.000


Loading drawing commands from file: /home/marlin/mapbench/bin/../maps/dc_topp:states_2013-11-30-06-11-06.ser
Loaded DrawingCommands: DrawingCommands{width=780, height=330, commands=119}
drawing[dc_topp:states_2013-11-30-06-11-06.ser][width = 780, height = 330] ...
cleanup (explicit Full GC): 2,014,040,928 / 2,057,455,056 bytes free.
Initial test: 11.469531 ms.

Warming up with 2 threads and 275 loops on /home/marlin/mapbench/bin/../maps/dc_topp:states_2013-11-30-06-11-06.ser
cleanup (explicit Full GC): 2,041,285,992 / 2,057,119,616 bytes free.
Warm up took 6259.202878 ms
dc_topp:states_2013-11-30-06-11-06.ser       	2	550	11.376	11.397	11.379	0.023	11.356	11.710	87.905	550	10.000
cleanup (explicit Full GC): 2,040,950,552 / 2,057,110,768 bytes free.
Initial test: 11.359206 ms.
Testing file /home/marlin/mapbench/bin/../maps/dc_topp:states_2013-11-30-06-11-06.ser for 926 loops ...
cleanup (explicit Full GC): 2,040,941,704 / 2,057,119,616 bytes free.
1 threads and 926 loops per thread, time: 10512.208627 ms
dc_topp:states_2013-11-30-06-11-06.ser       	1	926	11.349	11.365	11.352	0.017	11.326	11.687	88.111	926	10.000


Loading drawing commands from file: /home/marlin/mapbench/bin/../maps/dc_topp:states_2013-11-30-06-11-07.ser
Loaded DrawingCommands: DrawingCommands{width=780, height=330, commands=144}
drawing[dc_topp:states_2013-11-30-06-11-07.ser][width = 780, height = 330] ...
cleanup (explicit Full GC): 2,040,950,552 / 2,057,489,568 bytes free.
Initial test: 7.2175 ms.

Warming up with 2 threads and 437 loops on /home/marlin/mapbench/bin/../maps/dc_topp:states_2013-11-30-06-11-07.ser
cleanup (explicit Full GC): 2,041,320,504 / 2,057,140,200 bytes free.
Warm up took 6321.773983 ms
dc_topp:states_2013-11-30-06-11-07.ser       	2	874	7.231	7.243	7.232	0.013	7.212	7.517	138.293	874	10.000
cleanup (explicit Full GC): 2,040,971,136 / 2,057,126,168 bytes free.
Initial test: 7.188163 ms.
Testing file /home/marlin/mapbench/bin/../maps/dc_topp:states_2013-11-30-06-11-07.ser for 1464 loops ...
cleanup (explicit Full GC): 2,030,177,728 / 2,057,140,136 bytes free.
1 threads and 1464 loops per thread, time: 10533.337679 ms
dc_topp:states_2013-11-30-06-11-07.ser       	1	1464	7.180	7.192	7.194	0.126	7.161	8.908	139.275	1464	10.000


Loading drawing commands from file: /home/marlin/mapbench/bin/../maps/spiralTest-dash-false.ser
Loaded DrawingCommands: DrawingCommands{width=4096, height=4096, commands=1}
drawing[spiralTest-dash-false.ser][width = 4096, height = 4096] ...
cleanup (explicit Full GC): 1,969,699,200 / 2,049,242,288 bytes free.
Initial test: 988.65486 ms.

Warming up with 2 threads and 20 loops on /home/marlin/mapbench/bin/../maps/spiralTest-dash-false.ser
cleanup (explicit Full GC): 1,885,223,912 / 2,048,871,624 bytes free.
Warm up took 36960.792209 ms
spiralTest-dash-false.ser                    	2	40	924.117	925.641	923.817	1.748	920.497	930.744	1.082	40	0.100
cleanup (explicit Full GC): 1,806,964,992 / 2,048,870,664 bytes free.
Initial test: 924.660736 ms.
Testing file /home/marlin/mapbench/bin/../maps/spiralTest-dash-false.ser for 20 loops ...
cleanup (explicit Full GC): 1,884,852,288 / 2,048,871,352 bytes free.
1 threads and 20 loops per thread, time: 18517.360357 ms
spiralTest-dash-false.ser                    	1	20	925.440	926.799	925.668	1.294	923.051	930.014	1.081	20	0.100


Loading drawing commands from file: /home/marlin/mapbench/bin/../maps/spiralTest-fill.ser
Loaded DrawingCommands: DrawingCommands{width=4096, height=4096, commands=1}
drawing[spiralTest-fill.ser][width = 4096, height = 4096] ...
cleanup (explicit Full GC): 1,742,389,952 / 2,040,639,720 bytes free.
Initial test: 793.753745 ms.

Warming up with 2 threads and 20 loops on /home/marlin/mapbench/bin/../maps/spiralTest-fill.ser
cleanup (explicit Full GC): 1,961,852,904 / 2,040,247,352 bytes free.
Warm up took 31740.095984 ms
spiralTest-fill.ser                          	2	40	793.223	794.844	793.303	1.053	791.752	797.078	1.261	40	0.125
cleanup (explicit Full GC): 1,894,351,656 / 2,040,246,664 bytes free.
Initial test: 793.254767 ms.
Testing file /home/marlin/mapbench/bin/../maps/spiralTest-fill.ser for 20 loops ...
cleanup (explicit Full GC): 1,961,459,848 / 2,040,247,352 bytes free.
1 threads and 20 loops per thread, time: 15876.98013 ms
spiralTest-fill.ser                          	1	20	793.233	795.093	793.650	2.096	791.740	802.312	1.261	20	0.125


Loading drawing commands from file: /home/marlin/mapbench/bin/../maps/test_z_625k.ser
Loaded DrawingCommands: DrawingCommands{width=1272, height=1261, commands=23345}
drawing[test_z_625k.ser][width = 1272, height = 1261] ...
cleanup (explicit Full GC): 1,943,494,336 / 2,050,746,024 bytes free.
Initial test: 150.257016 ms.

Warming up with 2 threads and 21 loops on /home/marlin/mapbench/bin/../maps/test_z_625k.ser
cleanup (explicit Full GC): 2,025,593,872 / 2,049,578,320 bytes free.
Warm up took 6283.508917 ms
test_z_625k.ser                              	2	42	149.497	150.008	149.556	0.244	149.142	150.188	6.689	42	0.667
cleanup (explicit Full GC): 2,001,841,040 / 2,038,798,176 bytes free.
Initial test: 149.219219 ms.
Testing file /home/marlin/mapbench/bin/../maps/test_z_625k.ser for 70 loops ...
cleanup (explicit Full GC): 2,024,425,400 / 2,049,578,224 bytes free.
1 threads and 70 loops per thread, time: 10458.286755 ms
test_z_625k.ser                              	1	70	149.307	149.919	149.380	0.264	148.956	150.217	6.698	70	0.667


WARMUP results:
Test                                         	Threads	Ops	Med	Pct95	Avg	StdDev	Min	Max	FPS(med)	TotalOps	Scale	[ms/op]
<<< Calib 1
[calibration]                                	1	3000	0.112	0.120	0.114	0.009	0.111	0.329	8930.405	3000	1.000
>>> Calib 1
<<< Warmup 1
CircleTests.ser                              	1	80	62.195	63.623	65.748	23.583	61.784	263.570	16.079	80	2.000
>>> Warmup 1
<<< Warmup 2
CircleTests.ser                              	1	160	61.701	62.123	61.758	0.187	61.474	62.374	16.207	160	2.000
>>> Warmup 2
CircleTests.ser                              	2	102	61.409	61.800	61.475	0.175	61.270	62.020	16.284	102	2.000
EllipseTests-fill-false.ser                  	2	40	274.217	275.745	274.686	0.764	273.886	275.778	3.647	40	0.500
EllipseTests-fill-true.ser                   	2	40	326.170	327.071	326.161	0.567	325.184	327.474	3.066	40	0.286
LineWidthColorGridTest.ser                   	2	108	53.410	55.132	53.610	0.564	53.314	56.655	18.723	108	1.000
dc_boulder_2013-13-30-06-13-17.ser           	2	40	89.242	203.067	99.549	32.536	88.754	221.063	11.205	40	1.000
dc_boulder_2013-13-30-06-13-20.ser           	2	136	45.153	46.609	45.318	0.413	45.077	46.968	22.147	136	2.000
dc_shp_alllayers_2013-00-30-07-00-43.ser     	2	166	38.818	39.477	38.933	0.367	38.766	40.893	25.761	166	2.000
dc_shp_alllayers_2013-00-30-07-00-47.ser     	2	40	876.310	876.732	876.353	0.243	875.981	877.263	1.141	40	0.125
dc_spearfish_2013-11-30-06-11-15.ser         	2	434	12.140	12.174	12.147	0.036	12.119	12.554	82.373	434	10.000
dc_spearfish_2013-11-30-06-11-19.ser         	2	1030	5.989	6.086	6.017	0.044	5.969	6.286	166.983	1030	20.000
dc_topp:states_2013-11-30-06-11-06.ser       	2	550	11.376	11.397	11.379	0.023	11.356	11.710	87.905	550	10.000
dc_topp:states_2013-11-30-06-11-07.ser       	2	874	7.231	7.243	7.232	0.013	7.212	7.517	138.293	874	10.000
spiralTest-dash-false.ser                    	2	40	924.117	925.641	923.817	1.748	920.497	930.744	1.082	40	0.100
spiralTest-fill.ser                          	2	40	793.223	794.844	793.303	1.053	791.752	797.078	1.261	40	0.125
test_z_625k.ser                              	2	42	149.497	150.008	149.556	0.244	149.142	150.188	6.689	42	0.667

TEST results:
Test                                         	Threads	Ops	Med	Pct95	Avg	StdDev	Min	Max	FPS(med)	TotalOps	Scale	[ms/op]
CircleTests.ser                              	1	171	61.363	61.748	61.418	0.149	61.236	62.017	16.297	171	2.000
EllipseTests-fill-false.ser                  	1	38	273.609	273.878	273.639	0.129	273.420	273.914	3.655	38	0.500
EllipseTests-fill-true.ser                   	1	32	324.512	325.135	324.548	0.333	324.047	325.402	3.082	32	0.286
LineWidthColorGridTest.ser                   	1	196	53.341	54.317	53.459	0.388	53.233	55.101	18.747	196	1.000
dc_boulder_2013-13-30-06-13-17.ser           	1	118	88.872	89.484	88.926	0.281	88.514	89.756	11.252	118	1.000
dc_boulder_2013-13-30-06-13-20.ser           	1	232	45.170	45.723	45.250	0.182	45.111	45.983	22.138	232	2.000
dc_shp_alllayers_2013-00-30-07-00-43.ser     	1	273	38.207	38.800	38.323	0.354	38.148	39.937	26.173	273	2.000
dc_shp_alllayers_2013-00-30-07-00-47.ser     	1	20	881.598	881.962	881.637	0.247	881.244	882.453	1.134	20	0.125
dc_spearfish_2013-11-30-06-11-15.ser         	1	868	12.121	12.138	12.123	0.017	12.100	12.437	82.498	868	10.000
dc_spearfish_2013-11-30-06-11-19.ser         	1	1756	6.003	6.011	6.003	0.007	5.988	6.151	166.593	1756	20.000
dc_topp:states_2013-11-30-06-11-06.ser       	1	926	11.349	11.365	11.352	0.017	11.326	11.687	88.111	926	10.000
dc_topp:states_2013-11-30-06-11-07.ser       	1	1464	7.180	7.192	7.194	0.126	7.161	8.908	139.275	1464	10.000
spiralTest-dash-false.ser                    	1	20	925.440	926.799	925.668	1.294	923.051	930.014	1.081	20	0.100
spiralTest-fill.ser                          	1	20	793.233	795.093	793.650	2.096	791.740	802.312	1.261	20	0.125
test_z_625k.ser                              	1	70	149.307	149.919	149.380	0.264	148.956	150.217	6.698	70	0.667

Scores:
Tests	15	15	
Threads	1	1	
Med	99.281	99.281	
Pct95	99.707	99.707	
FPS	39.200	39.200	

