CPU_CORE_IDS: 3
date:
ven. 26 nov. 2021 10:37:24 CET
JAVA_HOME: /home/bourgesl/apps/openjdk-jdk-linux-x86_64-server-release/jdk/
CLASSPATH:   ../lib/mapbench-0.5.0.jar:../lib/org.jfree.svg-4.1-bourgesl-0.1.jar
Boot CP:     
Java opts:   -Dsun.java2d.renderer.useDPQS=true --patch-module java.desktop=../lib/marlin-0.9.4.5-Unsafe-OpenJDK11.jar -Dsun.java2d.renderer.clip=true -Dsun.java2d.renderer.log=true -Dsun.java2d.renderer.logCreateContext=false -Dsun.java2d.renderer.logUnsafeMalloc=false -Dsun.java2d.renderer.clip.curves= -Dsun.java2d.renderer.subPixel_log2_X=8 -Dsun.java2d.renderer.subPixel_log2_Y=3 -Dsun.java2d.renderer.useThreadLocal=true -Dsun.java2d.renderer.useSimplifier=false -Dsun.java2d.renderer.useRef=soft -Dsun.java2d.renderer.pixelWidth=4096 -Dsun.java2d.renderer.pixelHeight=2176 -Dsun.java2d.renderer.tileSize_log2=6 -Dsun.java2d.renderer.tileWidth_log2=7 -Dsun.java2d.renderer=sun.java2d.marlin.DMarlinRenderingEngine -Dsun.java2d.renderer.clip.subdivider=true -Dsun.java2d.renderer.clip.subdivider.minLength=100.0 -DMapBench.noAAclear=true -DMapBench.skipDraw=false -DMapBench.skipFill=false -DMapBench.clip.small=false -DMapBench.qualityMode=true -DMapBench.premultiplied=true -DMapBench.acceleration=false -DMapBench.volatile=false -DMapBench.4bytes=false -server
Java tuning:  -Xms2g  -Xmx2g -XX:+UseParallelGC -XX:+AlwaysPreTouch -XX:+UseTransparentHugePages
JVM path
/home/bourgesl/apps/openjdk-jdk-linux-x86_64-server-release/jdk//bin//java
Java version
openjdk version "18-testing" 2022-03-15
OpenJDK Runtime Environment (build 18-testing+0-builds.shipilev.net-openjdk-jdk-b82-20211125)
OpenJDK 64-Bit Server VM (build 18-testing+0-builds.shipilev.net-openjdk-jdk-b82-20211125, mixed mode, sharing)
##############################################################
# Java: 18-testing+0-builds.shipilev.net-openjdk-jdk-b82-20211125
#   VM: OpenJDK 64-Bit Server VM 18-testing+0-builds.shipilev.net-openjdk-jdk-b82-20211125 (mixed mode)
#   OS: Linux 5.4.0-90-generic (amd64)
# CPUs: 4 (virtual)
##############################################################
ERROR: Unable to get RenderingEngine.getInstance()
# Renderer: unknown 
# Quality mode: QUALITY...
# Filter shape on size: DISABLED...
# disableAA:         false 
# disableAAForClear: true 
# skipDraw:     false 
# skipFill:     false 
# useClipSmall: false 
INFO: ===============================================================================
INFO: Marlin software rasterizer           = ENABLED
INFO: Version                              = [marlin-0.9.4.5-Unsafe-OpenJDK]
INFO: sun.java2d.renderer                  = sun.java2d.marlin.DMarlinRenderingEngine
INFO: sun.java2d.renderer.useThreadLocal   = true
INFO: sun.java2d.renderer.useRef           = soft
INFO: sun.java2d.renderer.edges            = 4096
INFO: sun.java2d.renderer.pixelWidth       = 4096
INFO: sun.java2d.renderer.pixelHeight      = 2176
INFO: sun.java2d.renderer.profile          = quality
INFO: sun.java2d.renderer.subPixel_log2_X  = 8
INFO: sun.java2d.renderer.subPixel_log2_Y  = 3
INFO: sun.java2d.renderer.tileSize_log2    = 6
INFO: sun.java2d.renderer.tileWidth_log2   = 7
INFO: sun.java2d.renderer.blockSize_log2   = 5
INFO: sun.java2d.renderer.forceRLE         = false
INFO: sun.java2d.renderer.forceNoRLE       = false
INFO: sun.java2d.renderer.useTileFlags     = true
INFO: sun.java2d.renderer.useTileFlags.useHeuristics = true
INFO: sun.java2d.renderer.rleMinWidth      = 64
INFO: sun.java2d.renderer.useSimplifier    = false
INFO: sun.java2d.renderer.usePathSimplifier= false
INFO: sun.java2d.renderer.pathSimplifier.pixTol = 0.125
INFO: sun.java2d.renderer.clip             = true
INFO: sun.java2d.renderer.clip.runtime.enable = false
INFO: sun.java2d.renderer.clip.subdivider  = true
INFO: sun.java2d.renderer.clip.subdivider.minLength = 100.0
INFO: sun.java2d.renderer.doStats          = false
INFO: sun.java2d.renderer.doMonitors       = false
INFO: sun.java2d.renderer.doChecks         = false
INFO: sun.java2d.renderer.useLogger        = false
INFO: sun.java2d.renderer.logCreateContext = false
INFO: sun.java2d.renderer.logUnsafeMalloc  = false
INFO: sun.java2d.renderer.curve_len_err    = 0.01
INFO: sun.java2d.renderer.cubic_dec_d2     = 1.0
INFO: sun.java2d.renderer.cubic_inc_d1     = 0.2
INFO: sun.java2d.renderer.quad_dec_d2      = 0.5
INFO: Renderer settings:
INFO: MergeSort: DPQS_THRESHOLD: 256
INFO: MergeSort: DISABLE_ISORT_THRESHOLD: 1000
INFO: SORT         = DPQS_20191112
INFO: CUB_DEC_BND  = 256.0
INFO: CUB_INC_BND  = 51.20000076293945
INFO: QUAD_DEC_BND = 128.0
INFO: INITIAL_EDGES_CAPACITY               = 98304
INFO: INITIAL_CROSSING_COUNT               = 1024
INFO: ===============================================================================
# Using BufferedImage INT_ARGB_PRE...
##############################################################
profileName: shared_1T
Loading profile file: /home/marlin/mapbench/bin/../profiles/shared_1T.properties
Loading scale file: /home/marlin/mapbench/bin/../profiles/mapbench-scales.properties
Profile properties (merged with defaults):
  dashLength=3.0
  doClip=false
  doCreateStrokedShape=false
  doRotate=false
  doScale=false
  doShear=false
  doTranslate=false
  doUseDashedStroke=false
  doUseGradient=false
  doUseTexture=false
  doUseWingRuleEvenOdd=false
  doUseWingRuleNonZero=false
  imageX=NaN
  imageY=NaN
  iteration=1
  maxThreads=1
  minDuration=10000.0
  minLoops=20
  minThreads=1
  pass=1
  rotateAngle=17.333
  scaleX=0.1
  scaleY=0.1
  shearX=2.0
  shearY=2.0
  translateX=0.0
  translateY=0.0
  useSharedImage=true
  warmupCalibration=true
  warmupLoopsMax=160
  warmupLoopsMin=80
  warmupLoopsMinTest=20
### Test Scales:
  dc_shp_alllayers_2013-00-30-07-00-47.ser=800
  dc_spearfish_2013-11-30-06-11-19.ser=5
  dc_boulder_2013-13-30-06-13-17.ser=100
  dc_boulder_2013-13-30-06-13-20.ser=50
  test_z_300k.ser=150
  dc_topp:states_2013-11-30-06-11-07.ser=10
  test_z_2.5M.ser=50
  EllipseTests-fill-false.ser=200
  test_z_1.25M.ser=100
  test_z_150k.ser=100
  dc_spearfish_2013-11-30-06-11-15.ser=10
  spiralTest-fill.ser=800
  test_z_10M.ser=50
  spiralTest-dash-false.ser=1000
  CircleTests.ser=50
  EllipseTests-fill-true.ser=350
  dc_shp_alllayers_2013-00-30-07-00-43.ser=50
  test_z_625k.ser=150
  test_z_5M.ser=50
  dc_topp:states_2013-11-30-06-11-06.ser=10
##############################################################
# Min duration per test = 10000.0 ms.
##############################################################
Loading maps from = /home/marlin/mapbench/bin/../maps
Results format: 
Test                                         	Threads	Ops	Med	Pct95	Avg	StdDev	Min	Max	FPS(med)	TotalOps	Scale	[ms/op]

Calibrating up with 1 threads and 3000 loops
cleanup (explicit Full GC): 2,016,285,464 / 2,047,055,680 bytes free.
No scaling factor found for test [[calibration]], use scale = 1.0
Calibration up took 353.72037 ms
[calibration]                                	1	3000	0.112	0.120	0.114	0.008	0.112	0.330	8912.974	3000	1.000
Loading drawing commands from file: /home/marlin/mapbench/bin/../maps/CircleTests.ser
Loaded DrawingCommands: DrawingCommands{width=2048, height=2048, commands=2001}
drawing[CircleTests.ser][width = 2048, height = 2048] ...

Warming up with 1 threads and 80 loops on /home/marlin/mapbench/bin/../maps/CircleTests.ser
cleanup (explicit Full GC): 2,032,683,072 / 2,046,410,008 bytes free.
Warm up took 5250.799438 ms
CircleTests.ser                              	1	80	61.444	63.621	65.603	25.420	61.115	265.247	16.275	80	2.000

Warming up with 1 threads and 160 loops on /home/marlin/mapbench/bin/../maps/CircleTests.ser
cleanup (explicit Full GC): 2,000,887,736 / 2,056,863,848 bytes free.
Warm up took 9818.747241 ms
CircleTests.ser                              	1	160	61.302	61.770	61.355	0.196	61.063	62.012	16.313	160	2.000
cleanup (explicit Full GC): 2,018,527,800 / 2,056,862,728 bytes free.
Initial test: 61.598843 ms.

Warming up with 2 threads and 51 loops on /home/marlin/mapbench/bin/../maps/CircleTests.ser
cleanup (explicit Full GC): 2,025,712,984 / 2,056,865,112 bytes free.
Warm up took 6237.611962 ms
CircleTests.ser                              	2	102	61.052	61.403	61.123	0.164	60.947	61.694	16.379	102	2.000
cleanup (explicit Full GC): 2,005,344,984 / 2,056,863,624 bytes free.
Initial test: 61.426397 ms.
Testing file /home/marlin/mapbench/bin/../maps/CircleTests.ser for 171 loops ...
cleanup (explicit Full GC): 2,025,713,880 / 2,056,864,952 bytes free.
1 threads and 171 loops per thread, time: 10452.130375 ms
CircleTests.ser                              	1	171	61.048	61.460	61.113	0.165	60.928	61.712	16.381	171	2.000


Loading drawing commands from file: /home/marlin/mapbench/bin/../maps/EllipseTests-fill-false.ser
Loaded DrawingCommands: DrawingCommands{width=2000, height=2000, commands=198}
drawing[EllipseTests-fill-false.ser][width = 2000, height = 2000] ...
cleanup (explicit Full GC): 2,004,156,376 / 2,057,636,352 bytes free.
Initial test: 279.512429 ms.

Warming up with 2 threads and 20 loops on /home/marlin/mapbench/bin/../maps/EllipseTests-fill-false.ser
cleanup (explicit Full GC): 2,014,687,896 / 2,057,278,960 bytes free.
Warm up took 10897.433522 ms
EllipseTests-fill-false.ser                  	2	40	272.319	272.846	272.372	0.279	271.911	273.200	3.672	40	0.500
cleanup (explicit Full GC): 2,009,109,864 / 2,057,278,272 bytes free.
Initial test: 271.096668 ms.
Testing file /home/marlin/mapbench/bin/../maps/EllipseTests-fill-false.ser for 38 loops ...
cleanup (explicit Full GC): 2,025,109,192 / 2,057,278,960 bytes free.
1 threads and 38 loops per thread, time: 10289.672781 ms
EllipseTests-fill-false.ser                  	1	38	270.582	271.917	270.747	0.450	270.303	271.992	3.696	38	0.500


Loading drawing commands from file: /home/marlin/mapbench/bin/../maps/EllipseTests-fill-true.ser
Loaded DrawingCommands: DrawingCommands{width=2000, height=2000, commands=198}
drawing[EllipseTests-fill-true.ser][width = 2000, height = 2000] ...
cleanup (explicit Full GC): 2,025,109,880 / 2,057,638,240 bytes free.
Initial test: 328.168633 ms.

Warming up with 2 threads and 20 loops on /home/marlin/mapbench/bin/../maps/EllipseTests-fill-true.ser
cleanup (explicit Full GC): 2,025,469,160 / 2,057,278,896 bytes free.
Warm up took 13080.708581 ms
EllipseTests-fill-true.ser                   	2	40	325.934	332.443	326.956	3.297	322.984	337.240	3.068	40	0.286
cleanup (explicit Full GC): 1,998,330,408 / 2,057,278,168 bytes free.
Initial test: 324.481668 ms.
Testing file /home/marlin/mapbench/bin/../maps/EllipseTests-fill-true.ser for 32 loops ...
cleanup (explicit Full GC): 2,025,109,088 / 2,057,278,856 bytes free.
1 threads and 32 loops per thread, time: 10368.903461 ms
EllipseTests-fill-true.ser                   	1	32	323.742	325.794	323.988	0.967	323.102	327.268	3.089	32	0.286


Loading drawing commands from file: /home/marlin/mapbench/bin/../maps/LineWidthColorGridTest.ser
Loaded DrawingCommands: DrawingCommands{width=1260, height=1260, commands=3808}
drawing[LineWidthColorGridTest.ser][width = 1260, height = 1260] ...
cleanup (explicit Full GC): 2,025,109,776 / 2,056,473,384 bytes free.
No scaling factor found for test [LineWidthColorGridTest.ser], use scale = 1.0
Initial test: 99.721754 ms.

Warming up with 2 threads and 31 loops on /home/marlin/mapbench/bin/../maps/LineWidthColorGridTest.ser
cleanup (explicit Full GC): 2,040,304,320 / 2,056,113,512 bytes free.
No scaling factor found for test [LineWidthColorGridTest.ser], use scale = 1.0
Warm up took 3339.348343 ms
LineWidthColorGridTest.ser                   	2	62	53.777	54.142	53.827	0.187	53.628	54.746	18.595	62	1.000
cleanup (explicit Full GC): 2,028,204,328 / 2,056,112,224 bytes free.
No scaling factor found for test [LineWidthColorGridTest.ser], use scale = 1.0
Initial test: 53.687378 ms.
Testing file /home/marlin/mapbench/bin/../maps/LineWidthColorGridTest.ser for 196 loops ...
cleanup (explicit Full GC): 2,039,943,160 / 2,056,113,264 bytes free.
No scaling factor found for test [LineWidthColorGridTest.ser], use scale = 1.0
1 threads and 196 loops per thread, time: 10529.888684 ms
LineWidthColorGridTest.ser                   	1	196	53.682	53.952	53.716	0.118	53.539	54.087	18.628	196	1.000


Loading drawing commands from file: /home/marlin/mapbench/bin/../maps/dc_boulder_2013-13-30-06-13-17.ser
Loaded DrawingCommands: DrawingCommands{width=1400, height=800, commands=4398}
drawing[dc_boulder_2013-13-30-06-13-17.ser][width = 1400, height = 800] ...
cleanup (explicit Full GC): 2,007,603,456 / 2,055,978,352 bytes free.
Initial test: 208.085409 ms.

Warming up with 2 threads and 20 loops on /home/marlin/mapbench/bin/../maps/dc_boulder_2013-13-30-06-13-17.ser
cleanup (explicit Full GC): 2,029,029,912 / 2,055,457,000 bytes free.
Warm up took 4077.255001 ms
dc_boulder_2013-13-30-06-13-17.ser           	2	40	88.894	207.860	101.879	36.304	88.456	213.388	11.249	40	1.000
cleanup (explicit Full GC): 2,033,898,232 / 2,055,456,232 bytes free.
Initial test: 88.515856 ms.
Testing file /home/marlin/mapbench/bin/../maps/dc_boulder_2013-13-30-06-13-17.ser for 118 loops ...
cleanup (explicit Full GC): 2,039,287,168 / 2,055,456,920 bytes free.
1 threads and 118 loops per thread, time: 10462.525925 ms
dc_boulder_2013-13-30-06-13-17.ser           	1	118	88.571	89.265	88.652	0.289	88.333	89.406	11.290	118	1.000


Loading drawing commands from file: /home/marlin/mapbench/bin/../maps/dc_boulder_2013-13-30-06-13-20.ser
Loaded DrawingCommands: DrawingCommands{width=1400, height=800, commands=2425}
drawing[dc_boulder_2013-13-30-06-13-20.ser][width = 1400, height = 800] ...
cleanup (explicit Full GC): 2,023,118,744 / 2,056,789,112 bytes free.
Initial test: 46.070167 ms.

Warming up with 2 threads and 68 loops on /home/marlin/mapbench/bin/../maps/dc_boulder_2013-13-30-06-13-20.ser
cleanup (explicit Full GC): 2,040,620,048 / 2,056,404,856 bytes free.
Warm up took 6211.594731 ms
dc_boulder_2013-13-30-06-13-20.ser           	2	136	45.468	46.784	45.662	0.473	45.400	47.651	21.993	136	2.000
cleanup (explicit Full GC): 2,024,066,712 / 2,056,402,344 bytes free.
Initial test: 45.550625 ms.
Testing file /home/marlin/mapbench/bin/../maps/dc_boulder_2013-13-30-06-13-20.ser for 231 loops ...
cleanup (explicit Full GC): 2,040,233,280 / 2,056,404,568 bytes free.
1 threads and 231 loops per thread, time: 10469.475589 ms
dc_boulder_2013-13-30-06-13-20.ser           	1	231	45.201	45.832	45.317	0.252	45.138	47.156	22.123	231	2.000


Loading drawing commands from file: /home/marlin/mapbench/bin/../maps/dc_shp_alllayers_2013-00-30-07-00-43.ser
Loaded DrawingCommands: DrawingCommands{width=1400, height=800, commands=568}
drawing[dc_shp_alllayers_2013-00-30-07-00-43.ser][width = 1400, height = 800] ...
cleanup (explicit Full GC): 2,024,066,392 / 2,057,293,208 bytes free.
Initial test: 37.764412 ms.

Warming up with 2 threads and 83 loops on /home/marlin/mapbench/bin/../maps/dc_shp_alllayers_2013-00-30-07-00-43.ser
cleanup (explicit Full GC): 2,041,124,144 / 2,056,931,000 bytes free.
Warm up took 6288.860622 ms
dc_shp_alllayers_2013-00-30-07-00-43.ser     	2	166	37.761	38.481	37.879	0.371	37.720	39.630	26.483	166	2.000
cleanup (explicit Full GC): 2,040,761,936 / 2,056,928,296 bytes free.
Initial test: 37.934372 ms.
Testing file /home/marlin/mapbench/bin/../maps/dc_shp_alllayers_2013-00-30-07-00-43.ser for 277 loops ...
cleanup (explicit Full GC): 2,040,759,232 / 2,056,931,000 bytes free.
1 threads and 277 loops per thread, time: 10527.827749 ms
dc_shp_alllayers_2013-00-30-07-00-43.ser     	1	277	37.952	38.326	38.003	0.154	37.859	38.705	26.349	277	2.000


Loading drawing commands from file: /home/marlin/mapbench/bin/../maps/dc_shp_alllayers_2013-00-30-07-00-47.ser
Loaded DrawingCommands: DrawingCommands{width=1400, height=800, commands=135213}
drawing[dc_shp_alllayers_2013-00-30-07-00-47.ser][width = 1400, height = 800] ...
cleanup (explicit Full GC): 1,909,967,568 / 2,017,986,968 bytes free.
Initial test: 879.268972 ms.

Warming up with 2 threads and 20 loops on /home/marlin/mapbench/bin/../maps/dc_shp_alllayers_2013-00-30-07-00-47.ser
cleanup (explicit Full GC): 1,985,648,784 / 2,013,666,736 bytes free.
Warm up took 35130.34032 ms
dc_shp_alllayers_2013-00-30-07-00-47.ser     	2	40	878.079	878.557	878.051	0.323	877.382	878.679	1.139	40	0.125
cleanup (explicit Full GC): 1,825,027,144 / 2,013,666,048 bytes free.
Initial test: 885.541856 ms.
Testing file /home/marlin/mapbench/bin/../maps/dc_shp_alllayers_2013-00-30-07-00-47.ser for 20 loops ...
cleanup (explicit Full GC): 1,986,717,576 / 2,013,666,736 bytes free.
1 threads and 20 loops per thread, time: 17699.76209 ms
dc_shp_alllayers_2013-00-30-07-00-47.ser     	1	20	884.693	885.057	884.709	0.249	884.221	885.116	1.130	20	0.125


Loading drawing commands from file: /home/marlin/mapbench/bin/../maps/dc_spearfish_2013-11-30-06-11-15.ser
Loaded DrawingCommands: DrawingCommands{width=512, height=359, commands=1232}
drawing[dc_spearfish_2013-11-30-06-11-15.ser][width = 512, height = 359] ...
cleanup (explicit Full GC): 1,911,262,408 / 2,057,237,264 bytes free.
Initial test: 14.461831 ms.

Warming up with 2 threads and 218 loops on /home/marlin/mapbench/bin/../maps/dc_spearfish_2013-11-30-06-11-15.ser
cleanup (explicit Full GC): 2,041,068,200 / 2,056,836,952 bytes free.
Warm up took 5322.231686 ms
dc_spearfish_2013-11-30-06-11-15.ser         	2	436	12.210	12.283	12.205	0.050	12.114	12.577	81.898	436	10.000
cleanup (explicit Full GC): 2,013,719,400 / 2,056,829,568 bytes free.
Initial test: 12.220023 ms.
Testing file /home/marlin/mapbench/bin/../maps/dc_spearfish_2013-11-30-06-11-15.ser for 861 loops ...
cleanup (explicit Full GC): 2,040,660,504 / 2,056,836,592 bytes free.
1 threads and 861 loops per thread, time: 10502.007793 ms
dc_spearfish_2013-11-30-06-11-15.ser         	1	861	12.202	12.267	12.197	0.043	12.115	12.373	81.954	861	10.000


Loading drawing commands from file: /home/marlin/mapbench/bin/../maps/dc_spearfish_2013-11-30-06-11-19.ser
Loaded DrawingCommands: DrawingCommands{width=512, height=359, commands=349}
drawing[dc_spearfish_2013-11-30-06-11-19.ser][width = 512, height = 359] ...
cleanup (explicit Full GC): 2,008,329,304 / 2,057,514,856 bytes free.
Initial test: 6.167565 ms.

Warming up with 2 threads and 512 loops on /home/marlin/mapbench/bin/../maps/dc_spearfish_2013-11-30-06-11-19.ser
cleanup (explicit Full GC): 2,041,345,792 / 2,057,159,640 bytes free.
Warm up took 6142.478959 ms
dc_spearfish_2013-11-30-06-11-19.ser         	2	1024	5.985	5.998	5.998	0.132	5.968	7.701	167.072	1024	20.000
cleanup (explicit Full GC): 2,030,211,168 / 2,057,143,208 bytes free.
Initial test: 5.996683 ms.
Testing file /home/marlin/mapbench/bin/../maps/dc_spearfish_2013-11-30-06-11-19.ser for 1755 loops ...
cleanup (explicit Full GC): 2,040,974,144 / 2,057,159,640 bytes free.
1 threads and 1755 loops per thread, time: 10534.654204 ms
dc_spearfish_2013-11-30-06-11-19.ser         	1	1755	5.991	6.000	6.002	0.134	5.975	7.708	166.929	1755	20.000


Loading drawing commands from file: /home/marlin/mapbench/bin/../maps/dc_topp:states_2013-11-30-06-11-06.ser
Loaded DrawingCommands: DrawingCommands{width=780, height=330, commands=119}
drawing[dc_topp:states_2013-11-30-06-11-06.ser][width = 780, height = 330] ...
cleanup (explicit Full GC): 2,014,042,088 / 2,057,456,328 bytes free.
Initial test: 11.42598 ms.

Warming up with 2 threads and 276 loops on /home/marlin/mapbench/bin/../maps/dc_topp:states_2013-11-30-06-11-06.ser
cleanup (explicit Full GC): 2,041,287,264 / 2,057,120,872 bytes free.
Warm up took 6296.356424 ms
dc_topp:states_2013-11-30-06-11-06.ser       	2	552	11.415	11.507	11.405	0.050	11.325	11.682	87.607	552	10.000
cleanup (explicit Full GC): 2,040,951,808 / 2,057,111,992 bytes free.
Initial test: 11.411539 ms.
Testing file /home/marlin/mapbench/bin/../maps/dc_topp:states_2013-11-30-06-11-06.ser for 922 loops ...
cleanup (explicit Full GC): 2,040,942,928 / 2,057,120,872 bytes free.
1 threads and 922 loops per thread, time: 10503.075592 ms
dc_topp:states_2013-11-30-06-11-06.ser       	1	922	11.401	11.466	11.391	0.047	11.307	11.565	87.714	922	10.000


Loading drawing commands from file: /home/marlin/mapbench/bin/../maps/dc_topp:states_2013-11-30-06-11-07.ser
Loaded DrawingCommands: DrawingCommands{width=780, height=330, commands=144}
drawing[dc_topp:states_2013-11-30-06-11-07.ser][width = 780, height = 330] ...
cleanup (explicit Full GC): 2,040,951,808 / 2,057,490,888 bytes free.
Initial test: 7.245615 ms.

Warming up with 2 threads and 435 loops on /home/marlin/mapbench/bin/../maps/dc_topp:states_2013-11-30-06-11-07.ser
cleanup (explicit Full GC): 2,041,321,824 / 2,057,141,456 bytes free.
Warm up took 6253.66372 ms
dc_topp:states_2013-11-30-06-11-07.ser       	2	870	7.186	7.198	7.187	0.014	7.167	7.354	139.166	870	10.000
cleanup (explicit Full GC): 2,040,972,392 / 2,057,127,488 bytes free.
Initial test: 7.210025 ms.
Testing file /home/marlin/mapbench/bin/../maps/dc_topp:states_2013-11-30-06-11-07.ser for 1459 loops ...
cleanup (explicit Full GC): 2,030,179,048 / 2,057,141,392 bytes free.
1 threads and 1459 loops per thread, time: 10499.752007 ms
dc_topp:states_2013-11-30-06-11-07.ser       	1	1459	7.196	7.206	7.196	0.008	7.175	7.355	138.975	1459	10.000


Loading drawing commands from file: /home/marlin/mapbench/bin/../maps/spiralTest-dash-false.ser
Loaded DrawingCommands: DrawingCommands{width=4096, height=4096, commands=1}
drawing[spiralTest-dash-false.ser][width = 4096, height = 4096] ...
cleanup (explicit Full GC): 1,969,700,456 / 2,049,243,784 bytes free.
Initial test: 931.249187 ms.

Warming up with 2 threads and 20 loops on /home/marlin/mapbench/bin/../maps/spiralTest-dash-false.ser
cleanup (explicit Full GC): 1,885,225,408 / 2,048,873,136 bytes free.
Warm up took 37409.806244 ms
spiralTest-dash-false.ser                    	2	40	934.762	936.137	935.043	1.114	934.048	941.104	1.070	40	0.100
cleanup (explicit Full GC): 1,806,966,504 / 2,048,872,080 bytes free.
Initial test: 929.874198 ms.
Testing file /home/marlin/mapbench/bin/../maps/spiralTest-dash-false.ser for 20 loops ...
cleanup (explicit Full GC): 1,884,853,704 / 2,048,872,768 bytes free.
1 threads and 20 loops per thread, time: 18604.125001 ms
spiralTest-dash-false.ser                    	1	20	929.789	930.596	930.008	1.246	929.235	935.224	1.076	20	0.100


Loading drawing commands from file: /home/marlin/mapbench/bin/../maps/spiralTest-fill.ser
Loaded DrawingCommands: DrawingCommands{width=4096, height=4096, commands=1}
drawing[spiralTest-fill.ser][width = 4096, height = 4096] ...
cleanup (explicit Full GC): 1,742,391,368 / 2,040,640,976 bytes free.
Initial test: 803.302019 ms.

Warming up with 2 threads and 20 loops on /home/marlin/mapbench/bin/../maps/spiralTest-fill.ser
cleanup (explicit Full GC): 1,961,854,160 / 2,040,248,608 bytes free.
Warm up took 31906.290328 ms
spiralTest-fill.ser                          	2	40	797.307	798.662	797.453	1.068	796.183	802.560	1.254	40	0.125
cleanup (explicit Full GC): 1,894,352,912 / 2,040,247,920 bytes free.
Initial test: 796.525874 ms.
Testing file /home/marlin/mapbench/bin/../maps/spiralTest-fill.ser for 20 loops ...
cleanup (explicit Full GC): 1,961,461,104 / 2,040,248,608 bytes free.
1 threads and 20 loops per thread, time: 16008.851368 ms
spiralTest-fill.ser                          	1	20	799.962	803.445	800.245	1.343	798.092	803.655	1.250	20	0.125


Loading drawing commands from file: /home/marlin/mapbench/bin/../maps/test_z_625k.ser
Loaded DrawingCommands: DrawingCommands{width=1272, height=1261, commands=23345}
drawing[test_z_625k.ser][width = 1272, height = 1261] ...
cleanup (explicit Full GC): 1,943,495,592 / 2,050,747,280 bytes free.
Initial test: 151.054044 ms.

Warming up with 2 threads and 20 loops on /home/marlin/mapbench/bin/../maps/test_z_625k.ser
cleanup (explicit Full GC): 2,025,595,128 / 2,049,579,576 bytes free.
Warm up took 6010.981412 ms
test_z_625k.ser                              	2	40	150.193	150.914	150.222	0.374	149.712	151.181	6.658	40	0.667
cleanup (explicit Full GC): 2,001,842,296 / 2,049,578,256 bytes free.
Initial test: 149.061868 ms.
Testing file /home/marlin/mapbench/bin/../maps/test_z_625k.ser for 70 loops ...
cleanup (explicit Full GC): 2,035,205,480 / 2,049,578,944 bytes free.
1 threads and 70 loops per thread, time: 10441.011999 ms
test_z_625k.ser                              	1	70	149.037	149.560	149.134	0.252	148.813	149.916	6.710	70	0.667


WARMUP results:
Test                                         	Threads	Ops	Med	Pct95	Avg	StdDev	Min	Max	FPS(med)	TotalOps	Scale	[ms/op]
<<< Calib 1
[calibration]                                	1	3000	0.112	0.120	0.114	0.008	0.112	0.330	8912.974	3000	1.000
>>> Calib 1
<<< Warmup 1
CircleTests.ser                              	1	80	61.444	63.621	65.603	25.420	61.115	265.247	16.275	80	2.000
>>> Warmup 1
<<< Warmup 2
CircleTests.ser                              	1	160	61.302	61.770	61.355	0.196	61.063	62.012	16.313	160	2.000
>>> Warmup 2
CircleTests.ser                              	2	102	61.052	61.403	61.123	0.164	60.947	61.694	16.379	102	2.000
EllipseTests-fill-false.ser                  	2	40	272.319	272.846	272.372	0.279	271.911	273.200	3.672	40	0.500
EllipseTests-fill-true.ser                   	2	40	325.934	332.443	326.956	3.297	322.984	337.240	3.068	40	0.286
LineWidthColorGridTest.ser                   	2	62	53.777	54.142	53.827	0.187	53.628	54.746	18.595	62	1.000
dc_boulder_2013-13-30-06-13-17.ser           	2	40	88.894	207.860	101.879	36.304	88.456	213.388	11.249	40	1.000
dc_boulder_2013-13-30-06-13-20.ser           	2	136	45.468	46.784	45.662	0.473	45.400	47.651	21.993	136	2.000
dc_shp_alllayers_2013-00-30-07-00-43.ser     	2	166	37.761	38.481	37.879	0.371	37.720	39.630	26.483	166	2.000
dc_shp_alllayers_2013-00-30-07-00-47.ser     	2	40	878.079	878.557	878.051	0.323	877.382	878.679	1.139	40	0.125
dc_spearfish_2013-11-30-06-11-15.ser         	2	436	12.210	12.283	12.205	0.050	12.114	12.577	81.898	436	10.000
dc_spearfish_2013-11-30-06-11-19.ser         	2	1024	5.985	5.998	5.998	0.132	5.968	7.701	167.072	1024	20.000
dc_topp:states_2013-11-30-06-11-06.ser       	2	552	11.415	11.507	11.405	0.050	11.325	11.682	87.607	552	10.000
dc_topp:states_2013-11-30-06-11-07.ser       	2	870	7.186	7.198	7.187	0.014	7.167	7.354	139.166	870	10.000
spiralTest-dash-false.ser                    	2	40	934.762	936.137	935.043	1.114	934.048	941.104	1.070	40	0.100
spiralTest-fill.ser                          	2	40	797.307	798.662	797.453	1.068	796.183	802.560	1.254	40	0.125
test_z_625k.ser                              	2	40	150.193	150.914	150.222	0.374	149.712	151.181	6.658	40	0.667

TEST results:
Test                                         	Threads	Ops	Med	Pct95	Avg	StdDev	Min	Max	FPS(med)	TotalOps	Scale	[ms/op]
CircleTests.ser                              	1	171	61.048	61.460	61.113	0.165	60.928	61.712	16.381	171	2.000
EllipseTests-fill-false.ser                  	1	38	270.582	271.917	270.747	0.450	270.303	271.992	3.696	38	0.500
EllipseTests-fill-true.ser                   	1	32	323.742	325.794	323.988	0.967	323.102	327.268	3.089	32	0.286
LineWidthColorGridTest.ser                   	1	196	53.682	53.952	53.716	0.118	53.539	54.087	18.628	196	1.000
dc_boulder_2013-13-30-06-13-17.ser           	1	118	88.571	89.265	88.652	0.289	88.333	89.406	11.290	118	1.000
dc_boulder_2013-13-30-06-13-20.ser           	1	231	45.201	45.832	45.317	0.252	45.138	47.156	22.123	231	2.000
dc_shp_alllayers_2013-00-30-07-00-43.ser     	1	277	37.952	38.326	38.003	0.154	37.859	38.705	26.349	277	2.000
dc_shp_alllayers_2013-00-30-07-00-47.ser     	1	20	884.693	885.057	884.709	0.249	884.221	885.116	1.130	20	0.125
dc_spearfish_2013-11-30-06-11-15.ser         	1	861	12.202	12.267	12.197	0.043	12.115	12.373	81.954	861	10.000
dc_spearfish_2013-11-30-06-11-19.ser         	1	1755	5.991	6.000	6.002	0.134	5.975	7.708	166.929	1755	20.000
dc_topp:states_2013-11-30-06-11-06.ser       	1	922	11.401	11.466	11.391	0.047	11.307	11.565	87.714	922	10.000
dc_topp:states_2013-11-30-06-11-07.ser       	1	1459	7.196	7.206	7.196	0.008	7.175	7.355	138.975	1459	10.000
spiralTest-dash-false.ser                    	1	20	929.789	930.596	930.008	1.246	929.235	935.224	1.076	20	0.100
spiralTest-fill.ser                          	1	20	799.962	803.445	800.245	1.343	798.092	803.655	1.250	20	0.125
test_z_625k.ser                              	1	70	149.037	149.560	149.134	0.252	148.813	149.916	6.710	70	0.667

Scores:
Tests	15	15	
Threads	1	1	
Med	99.277	99.277	
Pct95	99.782	99.782	
FPS	39.153	39.153	

