CPU_CORE_IDS: 3
date:
ven. 26 nov. 2021 10:22:31 CET
JAVA_HOME: /home/bourgesl/apps/openjdk-jdk-linux-x86_64-server-release/jdk/
CLASSPATH:   ../lib/mapbench-0.5.0.jar:../lib/org.jfree.svg-4.1-bourgesl-0.1.jar
Boot CP:     
Java opts:   -Dsun.java2d.renderer.useDPQS=true --patch-module java.desktop=../lib/marlin-0.9.4.5-Unsafe-OpenJDK11.jar -Dsun.java2d.renderer.clip=true -Dsun.java2d.renderer.log=true -Dsun.java2d.renderer.logCreateContext=false -Dsun.java2d.renderer.logUnsafeMalloc=false -Dsun.java2d.renderer.clip.curves= -Dsun.java2d.renderer.subPixel_log2_X=8 -Dsun.java2d.renderer.subPixel_log2_Y=3 -Dsun.java2d.renderer.useThreadLocal=true -Dsun.java2d.renderer.useSimplifier=false -Dsun.java2d.renderer.useRef=soft -Dsun.java2d.renderer.pixelWidth=4096 -Dsun.java2d.renderer.pixelHeight=2176 -Dsun.java2d.renderer.tileSize_log2=6 -Dsun.java2d.renderer.tileWidth_log2=7 -Dsun.java2d.renderer=sun.java2d.marlin.DMarlinRenderingEngine -Dsun.java2d.renderer.clip.subdivider=true -Dsun.java2d.renderer.clip.subdivider.minLength=100.0 -DMapBench.noAAclear=true -DMapBench.skipDraw=false -DMapBench.skipFill=false -DMapBench.clip.small=false -DMapBench.qualityMode=true -DMapBench.premultiplied=true -DMapBench.acceleration=false -DMapBench.volatile=false -DMapBench.4bytes=false -server
Java tuning:  -Xms2g  -Xmx2g -XX:+UseParallelGC -XX:+AlwaysPreTouch -XX:+UseTransparentHugePages
JVM path
/home/bourgesl/apps/openjdk-jdk-linux-x86_64-server-release/jdk//bin//java
Java version
openjdk version "18-testing" 2022-03-15
OpenJDK Runtime Environment (build 18-testing+0-builds.shipilev.net-openjdk-jdk-b82-20211125)
OpenJDK 64-Bit Server VM (build 18-testing+0-builds.shipilev.net-openjdk-jdk-b82-20211125, mixed mode, sharing)
##############################################################
# Java: 18-testing+0-builds.shipilev.net-openjdk-jdk-b82-20211125
#   VM: OpenJDK 64-Bit Server VM 18-testing+0-builds.shipilev.net-openjdk-jdk-b82-20211125 (mixed mode)
#   OS: Linux 5.4.0-90-generic (amd64)
# CPUs: 4 (virtual)
##############################################################
ERROR: Unable to get RenderingEngine.getInstance()
# Renderer: unknown 
# Quality mode: QUALITY...
# Filter shape on size: DISABLED...
# disableAA:         false 
# disableAAForClear: true 
# skipDraw:     false 
# skipFill:     false 
# useClipSmall: false 
INFO: ===============================================================================
INFO: Marlin software rasterizer           = ENABLED
INFO: Version                              = [marlin-0.9.4.5-Unsafe-OpenJDK]
INFO: sun.java2d.renderer                  = sun.java2d.marlin.DMarlinRenderingEngine
INFO: sun.java2d.renderer.useThreadLocal   = true
INFO: sun.java2d.renderer.useRef           = soft
INFO: sun.java2d.renderer.edges            = 4096
INFO: sun.java2d.renderer.pixelWidth       = 4096
INFO: sun.java2d.renderer.pixelHeight      = 2176
INFO: sun.java2d.renderer.profile          = quality
INFO: sun.java2d.renderer.subPixel_log2_X  = 8
INFO: sun.java2d.renderer.subPixel_log2_Y  = 3
INFO: sun.java2d.renderer.tileSize_log2    = 6
INFO: sun.java2d.renderer.tileWidth_log2   = 7
INFO: sun.java2d.renderer.blockSize_log2   = 5
INFO: sun.java2d.renderer.forceRLE         = false
INFO: sun.java2d.renderer.forceNoRLE       = false
INFO: sun.java2d.renderer.useTileFlags     = true
INFO: sun.java2d.renderer.useTileFlags.useHeuristics = true
INFO: sun.java2d.renderer.rleMinWidth      = 64
INFO: sun.java2d.renderer.useSimplifier    = false
INFO: sun.java2d.renderer.usePathSimplifier= false
INFO: sun.java2d.renderer.pathSimplifier.pixTol = 0.125
INFO: sun.java2d.renderer.clip             = true
INFO: sun.java2d.renderer.clip.runtime.enable = false
INFO: sun.java2d.renderer.clip.subdivider  = true
INFO: sun.java2d.renderer.clip.subdivider.minLength = 100.0
INFO: sun.java2d.renderer.doStats          = false
INFO: sun.java2d.renderer.doMonitors       = false
INFO: sun.java2d.renderer.doChecks         = false
INFO: sun.java2d.renderer.useLogger        = false
INFO: sun.java2d.renderer.logCreateContext = false
INFO: sun.java2d.renderer.logUnsafeMalloc  = false
INFO: sun.java2d.renderer.curve_len_err    = 0.01
INFO: sun.java2d.renderer.cubic_dec_d2     = 1.0
INFO: sun.java2d.renderer.cubic_inc_d1     = 0.2
INFO: sun.java2d.renderer.quad_dec_d2      = 0.5
INFO: Renderer settings:
INFO: MergeSort: DPQS_THRESHOLD: 256
INFO: MergeSort: DISABLE_ISORT_THRESHOLD: 1000
INFO: SORT         = DPQS_20191112
INFO: CUB_DEC_BND  = 256.0
INFO: CUB_INC_BND  = 51.20000076293945
INFO: QUAD_DEC_BND = 128.0
INFO: INITIAL_EDGES_CAPACITY               = 98304
INFO: INITIAL_CROSSING_COUNT               = 1024
INFO: ===============================================================================
# Using BufferedImage INT_ARGB_PRE...
##############################################################
profileName: shared_1T
Loading profile file: /home/marlin/mapbench/bin/../profiles/shared_1T.properties
Loading scale file: /home/marlin/mapbench/bin/../profiles/mapbench-scales.properties
Profile properties (merged with defaults):
  dashLength=3.0
  doClip=false
  doCreateStrokedShape=false
  doRotate=false
  doScale=false
  doShear=false
  doTranslate=false
  doUseDashedStroke=false
  doUseGradient=false
  doUseTexture=false
  doUseWingRuleEvenOdd=false
  doUseWingRuleNonZero=false
  imageX=NaN
  imageY=NaN
  iteration=1
  maxThreads=1
  minDuration=10000.0
  minLoops=20
  minThreads=1
  pass=1
  rotateAngle=17.333
  scaleX=0.1
  scaleY=0.1
  shearX=2.0
  shearY=2.0
  translateX=0.0
  translateY=0.0
  useSharedImage=true
  warmupCalibration=true
  warmupLoopsMax=160
  warmupLoopsMin=80
  warmupLoopsMinTest=20
### Test Scales:
  dc_shp_alllayers_2013-00-30-07-00-47.ser=800
  dc_spearfish_2013-11-30-06-11-19.ser=5
  dc_boulder_2013-13-30-06-13-17.ser=100
  dc_boulder_2013-13-30-06-13-20.ser=50
  test_z_300k.ser=150
  dc_topp:states_2013-11-30-06-11-07.ser=10
  test_z_2.5M.ser=50
  EllipseTests-fill-false.ser=200
  test_z_1.25M.ser=100
  test_z_150k.ser=100
  dc_spearfish_2013-11-30-06-11-15.ser=10
  spiralTest-fill.ser=800
  test_z_10M.ser=50
  spiralTest-dash-false.ser=1000
  CircleTests.ser=50
  EllipseTests-fill-true.ser=350
  dc_shp_alllayers_2013-00-30-07-00-43.ser=50
  test_z_625k.ser=150
  test_z_5M.ser=50
  dc_topp:states_2013-11-30-06-11-06.ser=10
##############################################################
# Min duration per test = 10000.0 ms.
##############################################################
Loading maps from = /home/marlin/mapbench/bin/../maps
Results format: 
Test                                         	Threads	Ops	Med	Pct95	Avg	StdDev	Min	Max	FPS(med)	TotalOps	Scale	[ms/op]

Calibrating up with 1 threads and 3000 loops
cleanup (explicit Full GC): 2,016,285,464 / 2,047,055,992 bytes free.
No scaling factor found for test [[calibration]], use scale = 1.0
Calibration up took 351.969552 ms
[calibration]                                	1	3000	0.112	0.119	0.113	0.005	0.112	0.317	8915.278	3000	1.000
Loading drawing commands from file: /home/marlin/mapbench/bin/../maps/CircleTests.ser
Loaded DrawingCommands: DrawingCommands{width=2048, height=2048, commands=2001}
drawing[CircleTests.ser][width = 2048, height = 2048] ...

Warming up with 1 threads and 80 loops on /home/marlin/mapbench/bin/../maps/CircleTests.ser
cleanup (explicit Full GC): 2,032,683,384 / 2,046,409,800 bytes free.
Warm up took 5193.515618 ms
CircleTests.ser                              	1	80	60.997	63.587	64.888	22.608	60.696	252.864	16.394	80	2.000

Warming up with 1 threads and 160 loops on /home/marlin/mapbench/bin/../maps/CircleTests.ser
cleanup (explicit Full GC): 2,000,887,528 / 2,056,864,208 bytes free.
Warm up took 9715.399862 ms
CircleTests.ser                              	1	160	60.526	62.513	60.710	0.503	60.411	62.829	16.522	160	2.000
cleanup (explicit Full GC): 2,018,528,160 / 2,056,862,656 bytes free.
Initial test: 60.539755 ms.

Warming up with 2 threads and 52 loops on /home/marlin/mapbench/bin/../maps/CircleTests.ser
cleanup (explicit Full GC): 2,025,712,912 / 2,056,865,040 bytes free.
Warm up took 6346.330832 ms
CircleTests.ser                              	2	104	60.921	61.465	60.993	0.209	60.739	61.540	16.415	104	2.000
cleanup (explicit Full GC): 2,005,344,912 / 2,056,863,328 bytes free.
Initial test: 61.225044 ms.
Testing file /home/marlin/mapbench/bin/../maps/CircleTests.ser for 171 loops ...
cleanup (explicit Full GC): 2,025,713,584 / 2,056,864,880 bytes free.
1 threads and 171 loops per thread, time: 10431.840733 ms
CircleTests.ser                              	1	171	60.917	61.443	60.994	0.197	60.744	61.549	16.416	171	2.000


Loading drawing commands from file: /home/marlin/mapbench/bin/../maps/EllipseTests-fill-false.ser
Loaded DrawingCommands: DrawingCommands{width=2000, height=2000, commands=198}
drawing[EllipseTests-fill-false.ser][width = 2000, height = 2000] ...
cleanup (explicit Full GC): 2,004,156,304 / 2,057,636,280 bytes free.
Initial test: 292.669834 ms.

Warming up with 2 threads and 20 loops on /home/marlin/mapbench/bin/../maps/EllipseTests-fill-false.ser
cleanup (explicit Full GC): 2,014,687,824 / 2,057,278,888 bytes free.
Warm up took 11001.387069 ms
EllipseTests-fill-false.ser                  	2	40	274.943	275.472	274.973	0.249	274.529	275.604	3.637	40	0.500
cleanup (explicit Full GC): 2,009,109,792 / 2,057,278,128 bytes free.
Initial test: 275.372712 ms.
Testing file /home/marlin/mapbench/bin/../maps/EllipseTests-fill-false.ser for 38 loops ...
cleanup (explicit Full GC): 2,025,109,048 / 2,057,278,816 bytes free.
1 threads and 38 loops per thread, time: 10450.750097 ms
EllipseTests-fill-false.ser                  	1	38	274.930	275.310	274.985	0.184	274.716	275.581	3.637	38	0.500


Loading drawing commands from file: /home/marlin/mapbench/bin/../maps/EllipseTests-fill-true.ser
Loaded DrawingCommands: DrawingCommands{width=2000, height=2000, commands=198}
drawing[EllipseTests-fill-true.ser][width = 2000, height = 2000] ...
cleanup (explicit Full GC): 2,025,109,736 / 2,057,638,096 bytes free.
Initial test: 327.480714 ms.

Warming up with 2 threads and 20 loops on /home/marlin/mapbench/bin/../maps/EllipseTests-fill-true.ser
cleanup (explicit Full GC): 2,025,469,016 / 2,057,278,752 bytes free.
Warm up took 12980.756201 ms
EllipseTests-fill-true.ser                   	2	40	324.385	325.907	324.458	0.956	323.216	326.182	3.083	40	0.286
cleanup (explicit Full GC): 1,998,330,264 / 2,057,278,024 bytes free.
Initial test: 323.808948 ms.
Testing file /home/marlin/mapbench/bin/../maps/EllipseTests-fill-true.ser for 32 loops ...
cleanup (explicit Full GC): 2,025,108,944 / 2,057,278,712 bytes free.
1 threads and 32 loops per thread, time: 10382.532077 ms
EllipseTests-fill-true.ser                   	1	32	324.250	325.002	324.413	0.501	323.852	326.495	3.084	32	0.286


Loading drawing commands from file: /home/marlin/mapbench/bin/../maps/LineWidthColorGridTest.ser
Loaded DrawingCommands: DrawingCommands{width=1260, height=1260, commands=3808}
drawing[LineWidthColorGridTest.ser][width = 1260, height = 1260] ...
cleanup (explicit Full GC): 2,025,109,632 / 2,056,473,240 bytes free.
No scaling factor found for test [LineWidthColorGridTest.ser], use scale = 1.0
Initial test: 56.834689 ms.

Warming up with 2 threads and 55 loops on /home/marlin/mapbench/bin/../maps/LineWidthColorGridTest.ser
cleanup (explicit Full GC): 2,040,304,176 / 2,056,113,368 bytes free.
No scaling factor found for test [LineWidthColorGridTest.ser], use scale = 1.0
Warm up took 5829.370841 ms
LineWidthColorGridTest.ser                   	2	110	52.843	53.293	52.975	0.477	52.750	56.189	18.924	110	1.000
cleanup (explicit Full GC): 2,022,814,480 / 2,056,111,312 bytes free.
No scaling factor found for test [LineWidthColorGridTest.ser], use scale = 1.0
Initial test: 55.224923 ms.
Testing file /home/marlin/mapbench/bin/../maps/LineWidthColorGridTest.ser for 190 loops ...
cleanup (explicit Full GC): 2,039,942,248 / 2,056,113,120 bytes free.
No scaling factor found for test [LineWidthColorGridTest.ser], use scale = 1.0
1 threads and 190 loops per thread, time: 10033.628465 ms
LineWidthColorGridTest.ser                   	1	190	52.755	53.008	52.800	0.103	52.655	53.089	18.956	190	1.000


Loading drawing commands from file: /home/marlin/mapbench/bin/../maps/dc_boulder_2013-13-30-06-13-17.ser
Loaded DrawingCommands: DrawingCommands{width=1400, height=800, commands=4398}
drawing[dc_boulder_2013-13-30-06-13-17.ser][width = 1400, height = 800] ...
cleanup (explicit Full GC): 2,007,603,312 / 2,055,978,304 bytes free.
Initial test: 491.354073 ms.

Warming up with 2 threads and 20 loops on /home/marlin/mapbench/bin/../maps/dc_boulder_2013-13-30-06-13-17.ser
cleanup (explicit Full GC): 2,029,029,864 / 2,055,456,712 bytes free.
Warm up took 3539.186062 ms
dc_boulder_2013-13-30-06-13-17.ser           	2	40	88.173	90.142	88.430	0.752	87.718	90.484	11.341	40	1.000
cleanup (explicit Full GC): 2,033,897,944 / 2,055,456,024 bytes free.
Initial test: 87.833414 ms.
Testing file /home/marlin/mapbench/bin/../maps/dc_boulder_2013-13-30-06-13-17.ser for 119 loops ...
cleanup (explicit Full GC): 2,039,286,960 / 2,055,456,712 bytes free.
1 threads and 119 loops per thread, time: 10457.336162 ms
dc_boulder_2013-13-30-06-13-17.ser           	1	119	87.617	89.335	87.863	0.589	87.401	90.040	11.413	119	1.000


Loading drawing commands from file: /home/marlin/mapbench/bin/../maps/dc_boulder_2013-13-30-06-13-20.ser
Loaded DrawingCommands: DrawingCommands{width=1400, height=800, commands=2425}
drawing[dc_boulder_2013-13-30-06-13-20.ser][width = 1400, height = 800] ...
cleanup (explicit Full GC): 2,023,118,536 / 2,056,788,888 bytes free.
Initial test: 45.435476 ms.

Warming up with 2 threads and 69 loops on /home/marlin/mapbench/bin/../maps/dc_boulder_2013-13-30-06-13-20.ser
cleanup (explicit Full GC): 2,029,840,448 / 2,056,404,360 bytes free.
Warm up took 6167.610473 ms
dc_boulder_2013-13-30-06-13-20.ser           	2	138	44.595	45.107	44.682	0.186	44.533	45.405	22.424	138	2.000
cleanup (explicit Full GC): 2,034,845,592 / 2,056,402,104 bytes free.
Initial test: 44.644005 ms.
Testing file /home/marlin/mapbench/bin/../maps/dc_boulder_2013-13-30-06-13-20.ser for 235 loops ...
cleanup (explicit Full GC): 2,040,233,040 / 2,056,404,360 bytes free.
1 threads and 235 loops per thread, time: 10522.38858 ms
dc_boulder_2013-13-30-06-13-20.ser           	1	235	44.605	45.455	44.771	0.410	44.560	46.652	22.419	235	2.000


Loading drawing commands from file: /home/marlin/mapbench/bin/../maps/dc_shp_alllayers_2013-00-30-07-00-43.ser
Loaded DrawingCommands: DrawingCommands{width=1400, height=800, commands=568}
drawing[dc_shp_alllayers_2013-00-30-07-00-43.ser][width = 1400, height = 800] ...
cleanup (explicit Full GC): 2,024,066,184 / 2,057,292,936 bytes free.
Initial test: 37.840303 ms.

Warming up with 2 threads and 83 loops on /home/marlin/mapbench/bin/../maps/dc_shp_alllayers_2013-00-30-07-00-43.ser
cleanup (explicit Full GC): 2,041,123,872 / 2,056,930,792 bytes free.
Warm up took 6299.143194 ms
dc_shp_alllayers_2013-00-30-07-00-43.ser     	2	166	37.815	38.322	37.939	0.375	37.783	39.726	26.444	166	2.000
cleanup (explicit Full GC): 2,040,761,728 / 2,056,928,088 bytes free.
Initial test: 37.821857 ms.
Testing file /home/marlin/mapbench/bin/../maps/dc_shp_alllayers_2013-00-30-07-00-43.ser for 278 loops ...
cleanup (explicit Full GC): 2,040,759,024 / 2,056,930,792 bytes free.
1 threads and 278 loops per thread, time: 10542.248707 ms
dc_shp_alllayers_2013-00-30-07-00-43.ser     	1	278	37.811	38.265	37.919	0.348	37.776	39.714	26.448	278	2.000


Loading drawing commands from file: /home/marlin/mapbench/bin/../maps/dc_shp_alllayers_2013-00-30-07-00-47.ser
Loaded DrawingCommands: DrawingCommands{width=1400, height=800, commands=135213}
drawing[dc_shp_alllayers_2013-00-30-07-00-47.ser][width = 1400, height = 800] ...
cleanup (explicit Full GC): 1,909,967,224 / 2,017,986,744 bytes free.
Initial test: 878.211737 ms.

Warming up with 2 threads and 20 loops on /home/marlin/mapbench/bin/../maps/dc_shp_alllayers_2013-00-30-07-00-47.ser
cleanup (explicit Full GC): 1,985,648,560 / 2,013,666,528 bytes free.
Warm up took 34949.337537 ms
dc_shp_alllayers_2013-00-30-07-00-47.ser     	2	40	873.495	874.007	873.527	0.283	873.116	874.728	1.145	40	0.125
cleanup (explicit Full GC): 1,825,026,936 / 2,013,665,840 bytes free.
Initial test: 873.460075 ms.
Testing file /home/marlin/mapbench/bin/../maps/dc_shp_alllayers_2013-00-30-07-00-47.ser for 20 loops ...
cleanup (explicit Full GC): 1,986,717,368 / 2,013,666,528 bytes free.
1 threads and 20 loops per thread, time: 17489.332059 ms
dc_shp_alllayers_2013-00-30-07-00-47.ser     	1	20	874.334	875.184	874.186	0.754	872.460	875.417	1.144	20	0.125


Loading drawing commands from file: /home/marlin/mapbench/bin/../maps/dc_spearfish_2013-11-30-06-11-15.ser
Loaded DrawingCommands: DrawingCommands{width=512, height=359, commands=1232}
drawing[dc_spearfish_2013-11-30-06-11-15.ser][width = 512, height = 359] ...
cleanup (explicit Full GC): 1,900,482,824 / 2,057,237,056 bytes free.
Initial test: 14.397407 ms.

Warming up with 2 threads and 219 loops on /home/marlin/mapbench/bin/../maps/dc_spearfish_2013-11-30-06-11-15.ser
cleanup (explicit Full GC): 2,041,067,992 / 2,056,836,744 bytes free.
Warm up took 5322.066277 ms
dc_spearfish_2013-11-30-06-11-15.ser         	2	438	12.116	12.209	12.149	0.203	12.095	13.941	82.538	438	10.000
cleanup (explicit Full GC): 2,013,719,192 / 2,056,829,328 bytes free.
Initial test: 12.835757 ms.
Testing file /home/marlin/mapbench/bin/../maps/dc_spearfish_2013-11-30-06-11-15.ser for 820 loops ...
cleanup (explicit Full GC): 2,040,660,264 / 2,056,836,384 bytes free.
1 threads and 820 loops per thread, time: 9979.057603 ms
dc_spearfish_2013-11-30-06-11-15.ser         	1	820	12.174	12.237	12.169	0.044	12.084	12.382	82.142	820	10.000


Loading drawing commands from file: /home/marlin/mapbench/bin/../maps/dc_spearfish_2013-11-30-06-11-19.ser
Loaded DrawingCommands: DrawingCommands{width=512, height=359, commands=349}
drawing[dc_spearfish_2013-11-30-06-11-19.ser][width = 512, height = 359] ...
cleanup (explicit Full GC): 2,013,718,800 / 2,057,515,304 bytes free.
Initial test: 6.095392 ms.

Warming up with 2 threads and 518 loops on /home/marlin/mapbench/bin/../maps/dc_spearfish_2013-11-30-06-11-19.ser
cleanup (explicit Full GC): 2,041,346,240 / 2,057,159,432 bytes free.
Warm up took 6201.180895 ms
dc_spearfish_2013-11-30-06-11-19.ser         	2	1036	5.983	5.996	5.985	0.017	5.966	6.177	167.151	1036	20.000
cleanup (explicit Full GC): 2,030,210,960 / 2,057,142,808 bytes free.
Initial test: 5.981465 ms.
Testing file /home/marlin/mapbench/bin/../maps/dc_spearfish_2013-11-30-06-11-19.ser for 1759 loops ...
cleanup (explicit Full GC): 2,040,973,744 / 2,057,159,432 bytes free.
1 threads and 1759 loops per thread, time: 10499.574322 ms
dc_spearfish_2013-11-30-06-11-19.ser         	1	1759	5.968	5.978	5.969	0.007	5.953	6.083	167.551	1759	20.000


Loading drawing commands from file: /home/marlin/mapbench/bin/../maps/dc_topp:states_2013-11-30-06-11-06.ser
Loaded DrawingCommands: DrawingCommands{width=780, height=330, commands=119}
drawing[dc_topp:states_2013-11-30-06-11-06.ser][width = 780, height = 330] ...
cleanup (explicit Full GC): 2,014,041,880 / 2,057,456,056 bytes free.
Initial test: 11.336051 ms.

Warming up with 2 threads and 278 loops on /home/marlin/mapbench/bin/../maps/dc_topp:states_2013-11-30-06-11-06.ser
cleanup (explicit Full GC): 2,041,286,992 / 2,057,120,664 bytes free.
Warm up took 6346.509749 ms
dc_topp:states_2013-11-30-06-11-06.ser       	2	556	11.392	11.408	11.413	0.185	11.370	13.189	87.780	556	10.000
cleanup (explicit Full GC): 2,040,951,600 / 2,057,111,720 bytes free.
Initial test: 11.337997 ms.
Testing file /home/marlin/mapbench/bin/../maps/dc_topp:states_2013-11-30-06-11-06.ser for 928 loops ...
cleanup (explicit Full GC): 2,040,942,656 / 2,057,120,664 bytes free.
1 threads and 928 loops per thread, time: 10520.311802 ms
dc_topp:states_2013-11-30-06-11-06.ser       	1	928	11.313	11.327	11.336	0.188	11.285	13.113	88.391	928	10.000


Loading drawing commands from file: /home/marlin/mapbench/bin/../maps/dc_topp:states_2013-11-30-06-11-07.ser
Loaded DrawingCommands: DrawingCommands{width=780, height=330, commands=144}
drawing[dc_topp:states_2013-11-30-06-11-07.ser][width = 780, height = 330] ...
cleanup (explicit Full GC): 2,040,951,600 / 2,057,490,584 bytes free.
Initial test: 7.161344 ms.

Warming up with 2 threads and 440 loops on /home/marlin/mapbench/bin/../maps/dc_topp:states_2013-11-30-06-11-07.ser
cleanup (explicit Full GC): 2,041,321,520 / 2,057,141,248 bytes free.
Warm up took 6300.807806 ms
dc_topp:states_2013-11-30-06-11-07.ser       	2	880	7.146	7.158	7.159	0.148	7.126	8.937	139.942	880	10.000
cleanup (explicit Full GC): 2,040,972,184 / 2,057,127,120 bytes free.
Initial test: 7.233391 ms.
Testing file /home/marlin/mapbench/bin/../maps/dc_topp:states_2013-11-30-06-11-07.ser for 1455 loops ...
cleanup (explicit Full GC): 2,030,178,680 / 2,057,141,184 bytes free.
1 threads and 1455 loops per thread, time: 10404.595764 ms
dc_topp:states_2013-11-30-06-11-07.ser       	1	1455	7.149	7.160	7.150	0.015	7.129	7.349	139.881	1455	10.000


Loading drawing commands from file: /home/marlin/mapbench/bin/../maps/spiralTest-dash-false.ser
Loaded DrawingCommands: DrawingCommands{width=4096, height=4096, commands=1}
drawing[spiralTest-dash-false.ser][width = 4096, height = 4096] ...
cleanup (explicit Full GC): 1,969,700,248 / 2,049,243,480 bytes free.
Initial test: 1158.271092 ms.

Warming up with 2 threads and 20 loops on /home/marlin/mapbench/bin/../maps/spiralTest-dash-false.ser
cleanup (explicit Full GC): 1,885,225,104 / 2,048,872,672 bytes free.
Warm up took 37866.70305 ms
spiralTest-dash-false.ser                    	2	40	946.211	948.154	946.466	1.172	944.918	951.303	1.057	40	0.100
cleanup (explicit Full GC): 1,806,966,040 / 2,048,871,712 bytes free.
Initial test: 945.384892 ms.
Testing file /home/marlin/mapbench/bin/../maps/spiralTest-dash-false.ser for 20 loops ...
cleanup (explicit Full GC): 1,884,853,336 / 2,048,872,400 bytes free.
1 threads and 20 loops per thread, time: 18913.983687 ms
spiralTest-dash-false.ser                    	1	20	945.430	946.444	945.498	1.363	944.265	950.823	1.058	20	0.100


Loading drawing commands from file: /home/marlin/mapbench/bin/../maps/spiralTest-fill.ser
Loaded DrawingCommands: DrawingCommands{width=4096, height=4096, commands=1}
drawing[spiralTest-fill.ser][width = 4096, height = 4096] ...
cleanup (explicit Full GC): 1,742,391,000 / 2,040,640,768 bytes free.
Initial test: 786.056937 ms.

Warming up with 2 threads and 20 loops on /home/marlin/mapbench/bin/../maps/spiralTest-fill.ser
cleanup (explicit Full GC): 1,961,853,952 / 2,040,248,400 bytes free.
Warm up took 31706.594518 ms
spiralTest-fill.ser                          	2	40	792.022	794.743	792.456	1.189	790.663	796.049	1.263	40	0.125
cleanup (explicit Full GC): 1,894,352,704 / 2,040,247,712 bytes free.
Initial test: 792.667899 ms.
Testing file /home/marlin/mapbench/bin/../maps/spiralTest-fill.ser for 20 loops ...
cleanup (explicit Full GC): 1,961,460,896 / 2,040,248,400 bytes free.
1 threads and 20 loops per thread, time: 15853.431109 ms
spiralTest-fill.ser                          	1	20	792.243	794.002	792.473	1.018	790.637	794.617	1.262	20	0.125


Loading drawing commands from file: /home/marlin/mapbench/bin/../maps/test_z_625k.ser
Loaded DrawingCommands: DrawingCommands{width=1272, height=1261, commands=23345}
drawing[test_z_625k.ser][width = 1272, height = 1261] ...
cleanup (explicit Full GC): 1,943,495,384 / 2,050,747,072 bytes free.
Initial test: 151.947534 ms.

Warming up with 2 threads and 20 loops on /home/marlin/mapbench/bin/../maps/test_z_625k.ser
cleanup (explicit Full GC): 2,025,594,920 / 2,049,579,368 bytes free.
Warm up took 6031.231076 ms
test_z_625k.ser                              	2	40	150.720	151.135	150.729	0.241	150.378	151.275	6.635	40	0.667
cleanup (explicit Full GC): 2,001,842,088 / 2,049,578,680 bytes free.
Initial test: 150.213935 ms.
Testing file /home/marlin/mapbench/bin/../maps/test_z_625k.ser for 70 loops ...
cleanup (explicit Full GC): 2,035,205,904 / 2,049,579,368 bytes free.
1 threads and 70 loops per thread, time: 10537.754824 ms
test_z_625k.ser                              	1	70	150.221	152.149	150.516	0.730	149.921	152.467	6.657	70	0.667


WARMUP results:
Test                                         	Threads	Ops	Med	Pct95	Avg	StdDev	Min	Max	FPS(med)	TotalOps	Scale	[ms/op]
<<< Calib 1
[calibration]                                	1	3000	0.112	0.119	0.113	0.005	0.112	0.317	8915.278	3000	1.000
>>> Calib 1
<<< Warmup 1
CircleTests.ser                              	1	80	60.997	63.587	64.888	22.608	60.696	252.864	16.394	80	2.000
>>> Warmup 1
<<< Warmup 2
CircleTests.ser                              	1	160	60.526	62.513	60.710	0.503	60.411	62.829	16.522	160	2.000
>>> Warmup 2
CircleTests.ser                              	2	104	60.921	61.465	60.993	0.209	60.739	61.540	16.415	104	2.000
EllipseTests-fill-false.ser                  	2	40	274.943	275.472	274.973	0.249	274.529	275.604	3.637	40	0.500
EllipseTests-fill-true.ser                   	2	40	324.385	325.907	324.458	0.956	323.216	326.182	3.083	40	0.286
LineWidthColorGridTest.ser                   	2	110	52.843	53.293	52.975	0.477	52.750	56.189	18.924	110	1.000
dc_boulder_2013-13-30-06-13-17.ser           	2	40	88.173	90.142	88.430	0.752	87.718	90.484	11.341	40	1.000
dc_boulder_2013-13-30-06-13-20.ser           	2	138	44.595	45.107	44.682	0.186	44.533	45.405	22.424	138	2.000
dc_shp_alllayers_2013-00-30-07-00-43.ser     	2	166	37.815	38.322	37.939	0.375	37.783	39.726	26.444	166	2.000
dc_shp_alllayers_2013-00-30-07-00-47.ser     	2	40	873.495	874.007	873.527	0.283	873.116	874.728	1.145	40	0.125
dc_spearfish_2013-11-30-06-11-15.ser         	2	438	12.116	12.209	12.149	0.203	12.095	13.941	82.538	438	10.000
dc_spearfish_2013-11-30-06-11-19.ser         	2	1036	5.983	5.996	5.985	0.017	5.966	6.177	167.151	1036	20.000
dc_topp:states_2013-11-30-06-11-06.ser       	2	556	11.392	11.408	11.413	0.185	11.370	13.189	87.780	556	10.000
dc_topp:states_2013-11-30-06-11-07.ser       	2	880	7.146	7.158	7.159	0.148	7.126	8.937	139.942	880	10.000
spiralTest-dash-false.ser                    	2	40	946.211	948.154	946.466	1.172	944.918	951.303	1.057	40	0.100
spiralTest-fill.ser                          	2	40	792.022	794.743	792.456	1.189	790.663	796.049	1.263	40	0.125
test_z_625k.ser                              	2	40	150.720	151.135	150.729	0.241	150.378	151.275	6.635	40	0.667

TEST results:
Test                                         	Threads	Ops	Med	Pct95	Avg	StdDev	Min	Max	FPS(med)	TotalOps	Scale	[ms/op]
CircleTests.ser                              	1	171	60.917	61.443	60.994	0.197	60.744	61.549	16.416	171	2.000
EllipseTests-fill-false.ser                  	1	38	274.930	275.310	274.985	0.184	274.716	275.581	3.637	38	0.500
EllipseTests-fill-true.ser                   	1	32	324.250	325.002	324.413	0.501	323.852	326.495	3.084	32	0.286
LineWidthColorGridTest.ser                   	1	190	52.755	53.008	52.800	0.103	52.655	53.089	18.956	190	1.000
dc_boulder_2013-13-30-06-13-17.ser           	1	119	87.617	89.335	87.863	0.589	87.401	90.040	11.413	119	1.000
dc_boulder_2013-13-30-06-13-20.ser           	1	235	44.605	45.455	44.771	0.410	44.560	46.652	22.419	235	2.000
dc_shp_alllayers_2013-00-30-07-00-43.ser     	1	278	37.811	38.265	37.919	0.348	37.776	39.714	26.448	278	2.000
dc_shp_alllayers_2013-00-30-07-00-47.ser     	1	20	874.334	875.184	874.186	0.754	872.460	875.417	1.144	20	0.125
dc_spearfish_2013-11-30-06-11-15.ser         	1	820	12.174	12.237	12.169	0.044	12.084	12.382	82.142	820	10.000
dc_spearfish_2013-11-30-06-11-19.ser         	1	1759	5.968	5.978	5.969	0.007	5.953	6.083	167.551	1759	20.000
dc_topp:states_2013-11-30-06-11-06.ser       	1	928	11.313	11.327	11.336	0.188	11.285	13.113	88.391	928	10.000
dc_topp:states_2013-11-30-06-11-07.ser       	1	1455	7.149	7.160	7.150	0.015	7.129	7.349	139.881	1455	10.000
spiralTest-dash-false.ser                    	1	20	945.430	946.444	945.498	1.363	944.265	950.823	1.058	20	0.100
spiralTest-fill.ser                          	1	20	792.243	794.002	792.473	1.018	790.637	794.617	1.262	20	0.125
test_z_625k.ser                              	1	70	150.221	152.149	150.516	0.730	149.921	152.467	6.657	70	0.667

Scores:
Tests	15	15	
Threads	1	1	
Med	99.059	99.059	
Pct95	99.648	99.648	
FPS	39.364	39.364	

