CPU_CORE_IDS: 3
date:
ven. 26 nov. 2021 11:06:58 CET
JAVA_HOME: /home/bourgesl/apps/openjdk-jdk-linux-x86_64-server-release/jdk/
CLASSPATH:   ../lib/mapbench-0.5.0.jar:../lib/org.jfree.svg-4.1-bourgesl-0.1.jar
Boot CP:     
Java opts:   -Dsun.java2d.renderer.useDPQS=true --patch-module java.desktop=../lib/marlin-0.9.4.5-Unsafe-OpenJDK11.jar -Dsun.java2d.renderer.clip=true -Dsun.java2d.renderer.log=true -Dsun.java2d.renderer.logCreateContext=false -Dsun.java2d.renderer.logUnsafeMalloc=false -Dsun.java2d.renderer.clip.curves= -Dsun.java2d.renderer.subPixel_log2_X=8 -Dsun.java2d.renderer.subPixel_log2_Y=3 -Dsun.java2d.renderer.useThreadLocal=true -Dsun.java2d.renderer.useSimplifier=false -Dsun.java2d.renderer.useRef=soft -Dsun.java2d.renderer.pixelWidth=4096 -Dsun.java2d.renderer.pixelHeight=2176 -Dsun.java2d.renderer.tileSize_log2=6 -Dsun.java2d.renderer.tileWidth_log2=7 -Dsun.java2d.renderer=sun.java2d.marlin.DMarlinRenderingEngine -Dsun.java2d.renderer.clip.subdivider=true -Dsun.java2d.renderer.clip.subdivider.minLength=100.0 -DMapBench.noAAclear=true -DMapBench.skipDraw=false -DMapBench.skipFill=false -DMapBench.clip.small=false -DMapBench.qualityMode=true -DMapBench.premultiplied=true -DMapBench.acceleration=false -DMapBench.volatile=false -DMapBench.4bytes=false -server
Java tuning:  -Xms2g  -Xmx2g -XX:+UseParallelGC -XX:+AlwaysPreTouch -XX:+UseTransparentHugePages
JVM path
/home/bourgesl/apps/openjdk-jdk-linux-x86_64-server-release/jdk//bin//java
Java version
openjdk version "18-testing" 2022-03-15
OpenJDK Runtime Environment (build 18-testing+0-builds.shipilev.net-openjdk-jdk-b82-20211125)
OpenJDK 64-Bit Server VM (build 18-testing+0-builds.shipilev.net-openjdk-jdk-b82-20211125, mixed mode, sharing)
##############################################################
# Java: 18-testing+0-builds.shipilev.net-openjdk-jdk-b82-20211125
#   VM: OpenJDK 64-Bit Server VM 18-testing+0-builds.shipilev.net-openjdk-jdk-b82-20211125 (mixed mode)
#   OS: Linux 5.4.0-90-generic (amd64)
# CPUs: 4 (virtual)
##############################################################
ERROR: Unable to get RenderingEngine.getInstance()
# Renderer: unknown 
# Quality mode: QUALITY...
# Filter shape on size: DISABLED...
# disableAA:         false 
# disableAAForClear: true 
# skipDraw:     false 
# skipFill:     false 
# useClipSmall: false 
INFO: ===============================================================================
INFO: Marlin software rasterizer           = ENABLED
INFO: Version                              = [marlin-0.9.4.5-Unsafe-OpenJDK]
INFO: sun.java2d.renderer                  = sun.java2d.marlin.DMarlinRenderingEngine
INFO: sun.java2d.renderer.useThreadLocal   = true
INFO: sun.java2d.renderer.useRef           = soft
INFO: sun.java2d.renderer.edges            = 4096
INFO: sun.java2d.renderer.pixelWidth       = 4096
INFO: sun.java2d.renderer.pixelHeight      = 2176
INFO: sun.java2d.renderer.profile          = quality
INFO: sun.java2d.renderer.subPixel_log2_X  = 8
INFO: sun.java2d.renderer.subPixel_log2_Y  = 3
INFO: sun.java2d.renderer.tileSize_log2    = 6
INFO: sun.java2d.renderer.tileWidth_log2   = 7
INFO: sun.java2d.renderer.blockSize_log2   = 5
INFO: sun.java2d.renderer.forceRLE         = false
INFO: sun.java2d.renderer.forceNoRLE       = false
INFO: sun.java2d.renderer.useTileFlags     = true
INFO: sun.java2d.renderer.useTileFlags.useHeuristics = true
INFO: sun.java2d.renderer.rleMinWidth      = 64
INFO: sun.java2d.renderer.useSimplifier    = false
INFO: sun.java2d.renderer.usePathSimplifier= false
INFO: sun.java2d.renderer.pathSimplifier.pixTol = 0.125
INFO: sun.java2d.renderer.clip             = true
INFO: sun.java2d.renderer.clip.runtime.enable = false
INFO: sun.java2d.renderer.clip.subdivider  = true
INFO: sun.java2d.renderer.clip.subdivider.minLength = 100.0
INFO: sun.java2d.renderer.doStats          = false
INFO: sun.java2d.renderer.doMonitors       = false
INFO: sun.java2d.renderer.doChecks         = false
INFO: sun.java2d.renderer.useLogger        = false
INFO: sun.java2d.renderer.logCreateContext = false
INFO: sun.java2d.renderer.logUnsafeMalloc  = false
INFO: sun.java2d.renderer.curve_len_err    = 0.01
INFO: sun.java2d.renderer.cubic_dec_d2     = 1.0
INFO: sun.java2d.renderer.cubic_inc_d1     = 0.2
INFO: sun.java2d.renderer.quad_dec_d2      = 0.5
INFO: Renderer settings:
INFO: MergeSort: DPQS_THRESHOLD: 256
INFO: MergeSort: DISABLE_ISORT_THRESHOLD: 1000
INFO: SORT         = DPQS_20191112
INFO: CUB_DEC_BND  = 256.0
INFO: CUB_INC_BND  = 51.20000076293945
INFO: QUAD_DEC_BND = 128.0
INFO: INITIAL_EDGES_CAPACITY               = 98304
INFO: INITIAL_CROSSING_COUNT               = 1024
INFO: ===============================================================================
# Using BufferedImage INT_ARGB_PRE...
##############################################################
profileName: shared_1T
Loading profile file: /home/marlin/mapbench/bin/../profiles/shared_1T.properties
Loading scale file: /home/marlin/mapbench/bin/../profiles/mapbench-scales.properties
Profile properties (merged with defaults):
  dashLength=3.0
  doClip=false
  doCreateStrokedShape=false
  doRotate=false
  doScale=false
  doShear=false
  doTranslate=false
  doUseDashedStroke=false
  doUseGradient=false
  doUseTexture=false
  doUseWingRuleEvenOdd=false
  doUseWingRuleNonZero=false
  imageX=NaN
  imageY=NaN
  iteration=1
  maxThreads=1
  minDuration=10000.0
  minLoops=20
  minThreads=1
  pass=1
  rotateAngle=17.333
  scaleX=0.1
  scaleY=0.1
  shearX=2.0
  shearY=2.0
  translateX=0.0
  translateY=0.0
  useSharedImage=true
  warmupCalibration=true
  warmupLoopsMax=160
  warmupLoopsMin=80
  warmupLoopsMinTest=20
### Test Scales:
  dc_shp_alllayers_2013-00-30-07-00-47.ser=800
  dc_spearfish_2013-11-30-06-11-19.ser=5
  dc_boulder_2013-13-30-06-13-17.ser=100
  dc_boulder_2013-13-30-06-13-20.ser=50
  test_z_300k.ser=150
  dc_topp:states_2013-11-30-06-11-07.ser=10
  test_z_2.5M.ser=50
  EllipseTests-fill-false.ser=200
  test_z_1.25M.ser=100
  test_z_150k.ser=100
  dc_spearfish_2013-11-30-06-11-15.ser=10
  spiralTest-fill.ser=800
  test_z_10M.ser=50
  spiralTest-dash-false.ser=1000
  CircleTests.ser=50
  EllipseTests-fill-true.ser=350
  dc_shp_alllayers_2013-00-30-07-00-43.ser=50
  test_z_625k.ser=150
  test_z_5M.ser=50
  dc_topp:states_2013-11-30-06-11-06.ser=10
##############################################################
# Min duration per test = 10000.0 ms.
##############################################################
Loading maps from = /home/marlin/mapbench/bin/../maps
Results format: 
Test                                         	Threads	Ops	Med	Pct95	Avg	StdDev	Min	Max	FPS(med)	TotalOps	Scale	[ms/op]

Calibrating up with 1 threads and 3000 loops
cleanup (explicit Full GC): 2,016,285,464 / 2,047,055,736 bytes free.
No scaling factor found for test [[calibration]], use scale = 1.0
Calibration up took 351.866568 ms
[calibration]                                	1	3000	0.112	0.120	0.113	0.005	0.112	0.322	8916.550	3000	1.000
Loading drawing commands from file: /home/marlin/mapbench/bin/../maps/CircleTests.ser
Loaded DrawingCommands: DrawingCommands{width=2048, height=2048, commands=2001}
drawing[CircleTests.ser][width = 2048, height = 2048] ...

Warming up with 1 threads and 80 loops on /home/marlin/mapbench/bin/../maps/CircleTests.ser
cleanup (explicit Full GC): 2,032,683,128 / 2,046,409,832 bytes free.
Warm up took 5239.532231 ms
CircleTests.ser                              	1	80	61.902	63.126	65.449	22.113	61.625	238.060	16.155	80	2.000

Warming up with 1 threads and 160 loops on /home/marlin/mapbench/bin/../maps/CircleTests.ser
cleanup (explicit Full GC): 2,000,887,560 / 2,056,863,808 bytes free.
Warm up took 9863.479737 ms
CircleTests.ser                              	1	160	61.474	63.243	61.635	0.453	61.336	63.601	16.267	160	2.000
cleanup (explicit Full GC): 2,018,527,760 / 2,056,862,688 bytes free.
Initial test: 61.771326 ms.

Warming up with 2 threads and 51 loops on /home/marlin/mapbench/bin/../maps/CircleTests.ser
cleanup (explicit Full GC): 2,025,712,944 / 2,056,865,072 bytes free.
Warm up took 6302.135816 ms
CircleTests.ser                              	2	102	61.706	62.061	61.756	0.167	61.554	62.460	16.206	102	2.000
cleanup (explicit Full GC): 2,005,344,944 / 2,056,863,392 bytes free.
Initial test: 61.696059 ms.
Testing file /home/marlin/mapbench/bin/../maps/CircleTests.ser for 170 loops ...
cleanup (explicit Full GC): 2,025,713,648 / 2,056,864,912 bytes free.
1 threads and 170 loops per thread, time: 10497.938387 ms
CircleTests.ser                              	1	170	61.704	62.014	61.742	0.146	61.545	62.337	16.206	170	2.000


Loading drawing commands from file: /home/marlin/mapbench/bin/../maps/EllipseTests-fill-false.ser
Loaded DrawingCommands: DrawingCommands{width=2000, height=2000, commands=198}
drawing[EllipseTests-fill-false.ser][width = 2000, height = 2000] ...
cleanup (explicit Full GC): 2,004,156,336 / 2,057,636,328 bytes free.
Initial test: 293.125457 ms.

Warming up with 2 threads and 20 loops on /home/marlin/mapbench/bin/../maps/EllipseTests-fill-false.ser
cleanup (explicit Full GC): 2,014,687,872 / 2,057,278,920 bytes free.
Warm up took 11066.723905 ms
EllipseTests-fill-false.ser                  	2	40	276.553	276.969	276.608	0.214	276.291	277.287	3.616	40	0.500
cleanup (explicit Full GC): 2,009,109,824 / 2,057,278,160 bytes free.
Initial test: 276.505714 ms.
Testing file /home/marlin/mapbench/bin/../maps/EllipseTests-fill-false.ser for 38 loops ...
cleanup (explicit Full GC): 2,025,109,080 / 2,057,278,848 bytes free.
1 threads and 38 loops per thread, time: 10501.688328 ms
EllipseTests-fill-false.ser                  	1	38	276.264	276.669	276.327	0.153	276.114	276.771	3.620	38	0.500


Loading drawing commands from file: /home/marlin/mapbench/bin/../maps/EllipseTests-fill-true.ser
Loaded DrawingCommands: DrawingCommands{width=2000, height=2000, commands=198}
drawing[EllipseTests-fill-true.ser][width = 2000, height = 2000] ...
cleanup (explicit Full GC): 2,025,109,768 / 2,057,638,128 bytes free.
Initial test: 328.795168 ms.

Warming up with 2 threads and 20 loops on /home/marlin/mapbench/bin/../maps/EllipseTests-fill-true.ser
cleanup (explicit Full GC): 2,025,469,048 / 2,057,278,496 bytes free.
Warm up took 13103.004528 ms
EllipseTests-fill-true.ser                   	2	40	327.426	328.732	327.514	0.690	326.614	329.816	3.054	40	0.286
cleanup (explicit Full GC): 1,998,330,008 / 2,057,277,768 bytes free.
Initial test: 326.703886 ms.
Testing file /home/marlin/mapbench/bin/../maps/EllipseTests-fill-true.ser for 32 loops ...
cleanup (explicit Full GC): 2,025,108,688 / 2,057,278,456 bytes free.
1 threads and 32 loops per thread, time: 10455.15991 ms
EllipseTests-fill-true.ser                   	1	32	326.655	327.491	326.682	0.443	326.042	328.129	3.061	32	0.286


Loading drawing commands from file: /home/marlin/mapbench/bin/../maps/LineWidthColorGridTest.ser
Loaded DrawingCommands: DrawingCommands{width=1260, height=1260, commands=3808}
drawing[LineWidthColorGridTest.ser][width = 1260, height = 1260] ...
cleanup (explicit Full GC): 2,025,109,376 / 2,056,472,576 bytes free.
No scaling factor found for test [LineWidthColorGridTest.ser], use scale = 1.0
Initial test: 56.885956 ms.

Warming up with 2 threads and 55 loops on /home/marlin/mapbench/bin/../maps/LineWidthColorGridTest.ser
cleanup (explicit Full GC): 2,040,303,512 / 2,056,112,992 bytes free.
No scaling factor found for test [LineWidthColorGridTest.ser], use scale = 1.0
Warm up took 5911.71055 ms
LineWidthColorGridTest.ser                   	2	110	53.676	53.946	53.724	0.134	53.581	54.488	18.630	110	1.000
cleanup (explicit Full GC): 2,022,814,104 / 2,056,111,184 bytes free.
No scaling factor found for test [LineWidthColorGridTest.ser], use scale = 1.0
Initial test: 53.839948 ms.
Testing file /home/marlin/mapbench/bin/../maps/LineWidthColorGridTest.ser for 195 loops ...
cleanup (explicit Full GC): 2,039,942,120 / 2,056,112,992 bytes free.
No scaling factor found for test [LineWidthColorGridTest.ser], use scale = 1.0
1 threads and 195 loops per thread, time: 10497.452236 ms
LineWidthColorGridTest.ser                   	1	195	53.796	54.008	53.825	0.085	53.694	54.084	18.589	195	1.000


Loading drawing commands from file: /home/marlin/mapbench/bin/../maps/dc_boulder_2013-13-30-06-13-17.ser
Loaded DrawingCommands: DrawingCommands{width=1400, height=800, commands=4398}
drawing[dc_boulder_2013-13-30-06-13-17.ser][width = 1400, height = 800] ...
cleanup (explicit Full GC): 2,007,600,624 / 2,055,976,480 bytes free.
Initial test: 236.792041 ms.

Warming up with 2 threads and 20 loops on /home/marlin/mapbench/bin/../maps/dc_boulder_2013-13-30-06-13-17.ser
cleanup (explicit Full GC): 2,029,028,040 / 2,055,454,968 bytes free.
Warm up took 3689.3571 ms
dc_boulder_2013-13-30-06-13-17.ser           	2	40	89.002	90.172	92.183	19.092	88.642	211.386	11.236	40	1.000
cleanup (explicit Full GC): 2,033,896,200 / 2,055,454,280 bytes free.
Initial test: 88.722777 ms.
Testing file /home/marlin/mapbench/bin/../maps/dc_boulder_2013-13-30-06-13-17.ser for 118 loops ...
cleanup (explicit Full GC): 2,039,285,216 / 2,055,454,968 bytes free.
1 threads and 118 loops per thread, time: 10482.440728 ms
dc_boulder_2013-13-30-06-13-17.ser           	1	118	88.721	89.324	88.819	0.246	88.529	89.584	11.271	118	1.000


Loading drawing commands from file: /home/marlin/mapbench/bin/../maps/dc_boulder_2013-13-30-06-13-20.ser
Loaded DrawingCommands: DrawingCommands{width=1400, height=800, commands=2425}
drawing[dc_boulder_2013-13-30-06-13-20.ser][width = 1400, height = 800] ...
cleanup (explicit Full GC): 2,012,337,416 / 2,056,786,872 bytes free.
Initial test: 45.688443 ms.

Warming up with 2 threads and 69 loops on /home/marlin/mapbench/bin/../maps/dc_boulder_2013-13-30-06-13-20.ser
cleanup (explicit Full GC): 2,040,617,808 / 2,056,402,552 bytes free.
Warm up took 6218.037965 ms
dc_boulder_2013-13-30-06-13-20.ser           	2	138	44.886	45.892	45.047	0.399	44.821	46.668	22.278	138	2.000
cleanup (explicit Full GC): 2,034,843,784 / 2,056,400,296 bytes free.
Initial test: 45.175616 ms.
Testing file /home/marlin/mapbench/bin/../maps/dc_boulder_2013-13-30-06-13-20.ser for 233 loops ...
cleanup (explicit Full GC): 2,040,231,232 / 2,056,402,552 bytes free.
1 threads and 233 loops per thread, time: 10500.604082 ms
dc_boulder_2013-13-30-06-13-20.ser           	1	233	44.910	45.764	45.062	0.396	44.852	47.041	22.267	233	2.000


Loading drawing commands from file: /home/marlin/mapbench/bin/../maps/dc_shp_alllayers_2013-00-30-07-00-43.ser
Loaded DrawingCommands: DrawingCommands{width=1400, height=800, commands=568}
drawing[dc_shp_alllayers_2013-00-30-07-00-43.ser][width = 1400, height = 800] ...
cleanup (explicit Full GC): 2,024,064,376 / 2,057,291,160 bytes free.
Initial test: 38.263217 ms.

Warming up with 2 threads and 82 loops on /home/marlin/mapbench/bin/../maps/dc_shp_alllayers_2013-00-30-07-00-43.ser
cleanup (explicit Full GC): 2,041,122,096 / 2,056,928,984 bytes free.
Warm up took 6293.771964 ms
dc_shp_alllayers_2013-00-30-07-00-43.ser     	2	164	38.246	38.816	38.369	0.385	38.200	40.674	26.146	164	2.000
cleanup (explicit Full GC): 2,040,759,920 / 2,056,926,312 bytes free.
Initial test: 38.232886 ms.
Testing file /home/marlin/mapbench/bin/../maps/dc_shp_alllayers_2013-00-30-07-00-43.ser for 275 loops ...
cleanup (explicit Full GC): 2,040,757,248 / 2,056,928,984 bytes free.
1 threads and 275 loops per thread, time: 10546.908285 ms
dc_shp_alllayers_2013-00-30-07-00-43.ser     	1	275	38.231	38.866	38.349	0.363	38.173	40.024	26.157	275	2.000


Loading drawing commands from file: /home/marlin/mapbench/bin/../maps/dc_shp_alllayers_2013-00-30-07-00-47.ser
Loaded DrawingCommands: DrawingCommands{width=1400, height=800, commands=135213}
drawing[dc_shp_alllayers_2013-00-30-07-00-47.ser][width = 1400, height = 800] ...
cleanup (explicit Full GC): 1,894,860,184 / 2,017,984,984 bytes free.
Initial test: 891.073023 ms.

Warming up with 2 threads and 20 loops on /home/marlin/mapbench/bin/../maps/dc_shp_alllayers_2013-00-30-07-00-47.ser
cleanup (explicit Full GC): 1,985,646,800 / 2,013,664,720 bytes free.
Warm up took 35562.516712 ms
dc_shp_alllayers_2013-00-30-07-00-47.ser     	2	40	888.887	889.748	888.854	0.717	886.818	889.906	1.125	40	0.125
cleanup (explicit Full GC): 1,825,025,128 / 2,013,664,032 bytes free.
Initial test: 887.154424 ms.
Testing file /home/marlin/mapbench/bin/../maps/dc_shp_alllayers_2013-00-30-07-00-47.ser for 20 loops ...
cleanup (explicit Full GC): 1,986,715,560 / 2,013,664,720 bytes free.
1 threads and 20 loops per thread, time: 17763.459393 ms
dc_shp_alllayers_2013-00-30-07-00-47.ser     	1	20	887.977	888.654	887.891	0.579	886.039	888.932	1.126	20	0.125


Loading drawing commands from file: /home/marlin/mapbench/bin/../maps/dc_spearfish_2013-11-30-06-11-15.ser
Loaded DrawingCommands: DrawingCommands{width=512, height=359, commands=1232}
drawing[dc_spearfish_2013-11-30-06-11-15.ser][width = 512, height = 359] ...
cleanup (explicit Full GC): 1,900,481,016 / 2,057,235,248 bytes free.
Initial test: 14.586047 ms.

Warming up with 2 threads and 216 loops on /home/marlin/mapbench/bin/../maps/dc_spearfish_2013-11-30-06-11-15.ser
cleanup (explicit Full GC): 2,041,066,184 / 2,056,834,936 bytes free.
Warm up took 5330.41396 ms
dc_spearfish_2013-11-30-06-11-15.ser         	2	432	12.333	12.365	12.337	0.027	12.314	12.631	81.085	432	10.000
cleanup (explicit Full GC): 2,013,717,384 / 2,056,827,616 bytes free.
Initial test: 12.293303 ms.
Testing file /home/marlin/mapbench/bin/../maps/dc_spearfish_2013-11-30-06-11-15.ser for 856 loops ...
cleanup (explicit Full GC): 2,040,658,552 / 2,056,834,576 bytes free.
1 threads and 856 loops per thread, time: 10539.295824 ms
dc_spearfish_2013-11-30-06-11-15.ser         	1	856	12.289	12.307	12.312	0.181	12.267	14.053	81.372	856	10.000


Loading drawing commands from file: /home/marlin/mapbench/bin/../maps/dc_spearfish_2013-11-30-06-11-19.ser
Loaded DrawingCommands: DrawingCommands{width=512, height=359, commands=349}
drawing[dc_spearfish_2013-11-30-06-11-19.ser][width = 512, height = 359] ...
cleanup (explicit Full GC): 2,008,327,288 / 2,057,512,920 bytes free.
Initial test: 6.226104 ms.

Warming up with 2 threads and 507 loops on /home/marlin/mapbench/bin/../maps/dc_spearfish_2013-11-30-06-11-19.ser
cleanup (explicit Full GC): 2,041,343,856 / 2,057,157,624 bytes free.
Warm up took 6107.081702 ms
dc_spearfish_2013-11-30-06-11-19.ser         	2	1014	6.020	6.035	6.022	0.015	6.002	6.202	166.123	1014	20.000
cleanup (explicit Full GC): 2,030,209,152 / 2,057,141,352 bytes free.
Initial test: 6.032625 ms.
Testing file /home/marlin/mapbench/bin/../maps/dc_spearfish_2013-11-30-06-11-19.ser for 1744 loops ...
cleanup (explicit Full GC): 2,040,972,288 / 2,057,157,624 bytes free.
1 threads and 1744 loops per thread, time: 10491.018887 ms
dc_spearfish_2013-11-30-06-11-19.ser         	1	1744	6.014	6.025	6.015	0.012	5.997	6.217	166.277	1744	20.000


Loading drawing commands from file: /home/marlin/mapbench/bin/../maps/dc_topp:states_2013-11-30-06-11-06.ser
Loaded DrawingCommands: DrawingCommands{width=780, height=330, commands=119}
drawing[dc_topp:states_2013-11-30-06-11-06.ser][width = 780, height = 330] ...
cleanup (explicit Full GC): 2,014,040,072 / 2,057,454,488 bytes free.
Initial test: 11.499316 ms.

Warming up with 2 threads and 274 loops on /home/marlin/mapbench/bin/../maps/dc_topp:states_2013-11-30-06-11-06.ser
cleanup (explicit Full GC): 2,041,285,424 / 2,057,118,856 bytes free.
Warm up took 6302.584903 ms
dc_topp:states_2013-11-30-06-11-06.ser       	2	548	11.501	11.585	11.500	0.053	11.410	11.740	86.946	548	10.000
cleanup (explicit Full GC): 2,040,949,792 / 2,057,110,040 bytes free.
Initial test: 11.487262 ms.
Testing file /home/marlin/mapbench/bin/../maps/dc_topp:states_2013-11-30-06-11-06.ser for 916 loops ...
cleanup (explicit Full GC): 2,040,940,976 / 2,057,118,856 bytes free.
1 threads and 916 loops per thread, time: 10517.800222 ms
dc_topp:states_2013-11-30-06-11-06.ser       	1	916	11.491	11.552	11.482	0.044	11.396	11.677	87.028	916	10.000


Loading drawing commands from file: /home/marlin/mapbench/bin/../maps/dc_topp:states_2013-11-30-06-11-07.ser
Loaded DrawingCommands: DrawingCommands{width=780, height=330, commands=144}
drawing[dc_topp:states_2013-11-30-06-11-07.ser][width = 780, height = 330] ...
cleanup (explicit Full GC): 2,040,949,792 / 2,057,488,968 bytes free.
Initial test: 7.461462 ms.

Warming up with 2 threads and 423 loops on /home/marlin/mapbench/bin/../maps/dc_topp:states_2013-11-30-06-11-07.ser
cleanup (explicit Full GC): 2,041,319,904 / 2,057,139,440 bytes free.
Warm up took 6140.132788 ms
dc_topp:states_2013-11-30-06-11-07.ser       	2	846	7.243	7.256	7.257	0.146	7.221	8.956	138.065	846	10.000
cleanup (explicit Full GC): 2,040,970,376 / 2,057,125,856 bytes free.
Initial test: 7.343368 ms.
Testing file /home/marlin/mapbench/bin/../maps/dc_topp:states_2013-11-30-06-11-07.ser for 1433 loops ...
cleanup (explicit Full GC): 2,030,177,416 / 2,057,139,376 bytes free.
1 threads and 1433 loops per thread, time: 10433.467734 ms
dc_topp:states_2013-11-30-06-11-07.ser       	1	1433	7.253	7.358	7.280	0.045	7.219	7.480	137.865	1433	10.000


Loading drawing commands from file: /home/marlin/mapbench/bin/../maps/spiralTest-dash-false.ser
Loaded DrawingCommands: DrawingCommands{width=4096, height=4096, commands=1}
drawing[spiralTest-dash-false.ser][width = 4096, height = 4096] ...
cleanup (explicit Full GC): 1,969,698,440 / 2,049,242,024 bytes free.
Initial test: 939.851992 ms.

Warming up with 2 threads and 20 loops on /home/marlin/mapbench/bin/../maps/spiralTest-dash-false.ser
cleanup (explicit Full GC): 1,885,223,648 / 2,048,870,144 bytes free.
Warm up took 37537.419566 ms
spiralTest-dash-false.ser                    	2	40	938.100	941.166	938.232	1.827	935.262	944.585	1.066	40	0.100
cleanup (explicit Full GC): 1,806,963,512 / 2,048,869,184 bytes free.
Initial test: 934.871068 ms.
Testing file /home/marlin/mapbench/bin/../maps/spiralTest-dash-false.ser for 20 loops ...
cleanup (explicit Full GC): 1,884,850,808 / 2,048,869,872 bytes free.
1 threads and 20 loops per thread, time: 18702.203537 ms
spiralTest-dash-false.ser                    	1	20	934.743	935.909	934.912	1.583	933.277	941.135	1.070	20	0.100


Loading drawing commands from file: /home/marlin/mapbench/bin/../maps/spiralTest-fill.ser
Loaded DrawingCommands: DrawingCommands{width=4096, height=4096, commands=1}
drawing[spiralTest-fill.ser][width = 4096, height = 4096] ...
cleanup (explicit Full GC): 1,742,388,472 / 2,040,638,240 bytes free.
Initial test: 799.390333 ms.

Warming up with 2 threads and 20 loops on /home/marlin/mapbench/bin/../maps/spiralTest-fill.ser
cleanup (explicit Full GC): 1,961,851,424 / 2,040,245,872 bytes free.
Warm up took 31763.788577 ms
spiralTest-fill.ser                          	2	40	793.771	795.987	793.895	1.021	792.153	796.866	1.260	40	0.125
cleanup (explicit Full GC): 1,894,350,176 / 2,040,245,184 bytes free.
Initial test: 792.33569 ms.
Testing file /home/marlin/mapbench/bin/../maps/spiralTest-fill.ser for 20 loops ...
cleanup (explicit Full GC): 1,961,458,368 / 2,040,245,872 bytes free.
1 threads and 20 loops per thread, time: 15867.549317 ms
spiralTest-fill.ser                          	1	20	793.276	795.025	793.178	1.067	791.529	795.718	1.261	20	0.125


Loading drawing commands from file: /home/marlin/mapbench/bin/../maps/test_z_625k.ser
Loaded DrawingCommands: DrawingCommands{width=1272, height=1261, commands=23345}
drawing[test_z_625k.ser][width = 1272, height = 1261] ...
cleanup (explicit Full GC): 1,943,492,840 / 2,050,744,544 bytes free.
Initial test: 151.460581 ms.

Warming up with 2 threads and 20 loops on /home/marlin/mapbench/bin/../maps/test_z_625k.ser
cleanup (explicit Full GC): 2,025,592,392 / 2,049,576,840 bytes free.
Warm up took 6044.568042 ms
test_z_625k.ser                              	2	40	150.983	151.519	151.063	0.286	150.707	151.715	6.623	40	0.667
cleanup (explicit Full GC): 2,001,839,560 / 2,049,576,152 bytes free.
Initial test: 150.301085 ms.
Testing file /home/marlin/mapbench/bin/../maps/test_z_625k.ser for 70 loops ...
cleanup (explicit Full GC): 2,035,203,376 / 2,049,576,840 bytes free.
1 threads and 70 loops per thread, time: 10532.630576 ms
test_z_625k.ser                              	1	70	150.444	150.907	150.443	0.257	150.124	151.356	6.647	70	0.667


WARMUP results:
Test                                         	Threads	Ops	Med	Pct95	Avg	StdDev	Min	Max	FPS(med)	TotalOps	Scale	[ms/op]
<<< Calib 1
[calibration]                                	1	3000	0.112	0.120	0.113	0.005	0.112	0.322	8916.550	3000	1.000
>>> Calib 1
<<< Warmup 1
CircleTests.ser                              	1	80	61.902	63.126	65.449	22.113	61.625	238.060	16.155	80	2.000
>>> Warmup 1
<<< Warmup 2
CircleTests.ser                              	1	160	61.474	63.243	61.635	0.453	61.336	63.601	16.267	160	2.000
>>> Warmup 2
CircleTests.ser                              	2	102	61.706	62.061	61.756	0.167	61.554	62.460	16.206	102	2.000
EllipseTests-fill-false.ser                  	2	40	276.553	276.969	276.608	0.214	276.291	277.287	3.616	40	0.500
EllipseTests-fill-true.ser                   	2	40	327.426	328.732	327.514	0.690	326.614	329.816	3.054	40	0.286
LineWidthColorGridTest.ser                   	2	110	53.676	53.946	53.724	0.134	53.581	54.488	18.630	110	1.000
dc_boulder_2013-13-30-06-13-17.ser           	2	40	89.002	90.172	92.183	19.092	88.642	211.386	11.236	40	1.000
dc_boulder_2013-13-30-06-13-20.ser           	2	138	44.886	45.892	45.047	0.399	44.821	46.668	22.278	138	2.000
dc_shp_alllayers_2013-00-30-07-00-43.ser     	2	164	38.246	38.816	38.369	0.385	38.200	40.674	26.146	164	2.000
dc_shp_alllayers_2013-00-30-07-00-47.ser     	2	40	888.887	889.748	888.854	0.717	886.818	889.906	1.125	40	0.125
dc_spearfish_2013-11-30-06-11-15.ser         	2	432	12.333	12.365	12.337	0.027	12.314	12.631	81.085	432	10.000
dc_spearfish_2013-11-30-06-11-19.ser         	2	1014	6.020	6.035	6.022	0.015	6.002	6.202	166.123	1014	20.000
dc_topp:states_2013-11-30-06-11-06.ser       	2	548	11.501	11.585	11.500	0.053	11.410	11.740	86.946	548	10.000
dc_topp:states_2013-11-30-06-11-07.ser       	2	846	7.243	7.256	7.257	0.146	7.221	8.956	138.065	846	10.000
spiralTest-dash-false.ser                    	2	40	938.100	941.166	938.232	1.827	935.262	944.585	1.066	40	0.100
spiralTest-fill.ser                          	2	40	793.771	795.987	793.895	1.021	792.153	796.866	1.260	40	0.125
test_z_625k.ser                              	2	40	150.983	151.519	151.063	0.286	150.707	151.715	6.623	40	0.667

TEST results:
Test                                         	Threads	Ops	Med	Pct95	Avg	StdDev	Min	Max	FPS(med)	TotalOps	Scale	[ms/op]
CircleTests.ser                              	1	170	61.704	62.014	61.742	0.146	61.545	62.337	16.206	170	2.000
EllipseTests-fill-false.ser                  	1	38	276.264	276.669	276.327	0.153	276.114	276.771	3.620	38	0.500
EllipseTests-fill-true.ser                   	1	32	326.655	327.491	326.682	0.443	326.042	328.129	3.061	32	0.286
LineWidthColorGridTest.ser                   	1	195	53.796	54.008	53.825	0.085	53.694	54.084	18.589	195	1.000
dc_boulder_2013-13-30-06-13-17.ser           	1	118	88.721	89.324	88.819	0.246	88.529	89.584	11.271	118	1.000
dc_boulder_2013-13-30-06-13-20.ser           	1	233	44.910	45.764	45.062	0.396	44.852	47.041	22.267	233	2.000
dc_shp_alllayers_2013-00-30-07-00-43.ser     	1	275	38.231	38.866	38.349	0.363	38.173	40.024	26.157	275	2.000
dc_shp_alllayers_2013-00-30-07-00-47.ser     	1	20	887.977	888.654	887.891	0.579	886.039	888.932	1.126	20	0.125
dc_spearfish_2013-11-30-06-11-15.ser         	1	856	12.289	12.307	12.312	0.181	12.267	14.053	81.372	856	10.000
dc_spearfish_2013-11-30-06-11-19.ser         	1	1744	6.014	6.025	6.015	0.012	5.997	6.217	166.277	1744	20.000
dc_topp:states_2013-11-30-06-11-06.ser       	1	916	11.491	11.552	11.482	0.044	11.396	11.677	87.028	916	10.000
dc_topp:states_2013-11-30-06-11-07.ser       	1	1433	7.253	7.358	7.280	0.045	7.219	7.480	137.865	1433	10.000
spiralTest-dash-false.ser                    	1	20	934.743	935.909	934.912	1.583	933.277	941.135	1.070	20	0.100
spiralTest-fill.ser                          	1	20	793.276	795.025	793.178	1.067	791.529	795.718	1.261	20	0.125
test_z_625k.ser                              	1	70	150.444	150.907	150.443	0.257	150.124	151.356	6.647	70	0.667

Scores:
Tests	15	15	
Threads	1	1	
Med	99.881	99.881	
Pct95	100.390	100.390	
FPS	38.921	38.921	

