CPU_CORE_IDS: 3
date:
ven. 26 nov. 2021 12:17:16 CET
JAVA_HOME: /home/bourgesl/apps/openjdk-jdk-linux-x86_64-server-release/jdk-arraycopy/
CLASSPATH:   ../lib/mapbench-0.5.0.jar:../lib/org.jfree.svg-4.1-bourgesl-0.1.jar
Boot CP:     
Java opts:   -Dsun.java2d.renderer.useDPQS=true --patch-module java.desktop=../lib/marlin-0.9.4.5-Unsafe-OpenJDK11.jar -Dsun.java2d.renderer.clip=true -Dsun.java2d.renderer.log=true -Dsun.java2d.renderer.logCreateContext=false -Dsun.java2d.renderer.logUnsafeMalloc=false -Dsun.java2d.renderer.clip.curves= -Dsun.java2d.renderer.subPixel_log2_X=8 -Dsun.java2d.renderer.subPixel_log2_Y=3 -Dsun.java2d.renderer.useThreadLocal=true -Dsun.java2d.renderer.useSimplifier=false -Dsun.java2d.renderer.useRef=soft -Dsun.java2d.renderer.pixelWidth=4096 -Dsun.java2d.renderer.pixelHeight=2176 -Dsun.java2d.renderer.tileSize_log2=6 -Dsun.java2d.renderer.tileWidth_log2=7 -Dsun.java2d.renderer=sun.java2d.marlin.DMarlinRenderingEngine -Dsun.java2d.renderer.clip.subdivider=true -Dsun.java2d.renderer.clip.subdivider.minLength=100.0 -DMapBench.noAAclear=true -DMapBench.skipDraw=false -DMapBench.skipFill=false -DMapBench.clip.small=false -DMapBench.qualityMode=true -DMapBench.premultiplied=true -DMapBench.acceleration=false -DMapBench.volatile=false -DMapBench.4bytes=false -server
Java tuning:  -Xms2g  -Xmx2g -XX:+UseParallelGC -XX:+AlwaysPreTouch -XX:+UseTransparentHugePages
JVM path
/home/bourgesl/apps/openjdk-jdk-linux-x86_64-server-release/jdk-arraycopy//bin//java
Java version
openjdk version "18-testing" 2022-03-15
OpenJDK Runtime Environment (build 18-testing+0-builds.shipilev.net-openjdk-jdk-arraycopy-b2-20211125)
OpenJDK 64-Bit Server VM (build 18-testing+0-builds.shipilev.net-openjdk-jdk-arraycopy-b2-20211125, mixed mode, sharing)
##############################################################
# Java: 18-testing+0-builds.shipilev.net-openjdk-jdk-arraycopy-b2-20211125
#   VM: OpenJDK 64-Bit Server VM 18-testing+0-builds.shipilev.net-openjdk-jdk-arraycopy-b2-20211125 (mixed mode)
#   OS: Linux 5.4.0-90-generic (amd64)
# CPUs: 4 (virtual)
##############################################################
ERROR: Unable to get RenderingEngine.getInstance()
# Renderer: unknown 
# Quality mode: QUALITY...
# Filter shape on size: DISABLED...
# disableAA:         false 
# disableAAForClear: true 
# skipDraw:     false 
# skipFill:     false 
# useClipSmall: false 
INFO: ===============================================================================
INFO: Marlin software rasterizer           = ENABLED
INFO: Version                              = [marlin-0.9.4.5-Unsafe-OpenJDK]
INFO: sun.java2d.renderer                  = sun.java2d.marlin.DMarlinRenderingEngine
INFO: sun.java2d.renderer.useThreadLocal   = true
INFO: sun.java2d.renderer.useRef           = soft
INFO: sun.java2d.renderer.edges            = 4096
INFO: sun.java2d.renderer.pixelWidth       = 4096
INFO: sun.java2d.renderer.pixelHeight      = 2176
INFO: sun.java2d.renderer.profile          = quality
INFO: sun.java2d.renderer.subPixel_log2_X  = 8
INFO: sun.java2d.renderer.subPixel_log2_Y  = 3
INFO: sun.java2d.renderer.tileSize_log2    = 6
INFO: sun.java2d.renderer.tileWidth_log2   = 7
INFO: sun.java2d.renderer.blockSize_log2   = 5
INFO: sun.java2d.renderer.forceRLE         = false
INFO: sun.java2d.renderer.forceNoRLE       = false
INFO: sun.java2d.renderer.useTileFlags     = true
INFO: sun.java2d.renderer.useTileFlags.useHeuristics = true
INFO: sun.java2d.renderer.rleMinWidth      = 64
INFO: sun.java2d.renderer.useSimplifier    = false
INFO: sun.java2d.renderer.usePathSimplifier= false
INFO: sun.java2d.renderer.pathSimplifier.pixTol = 0.125
INFO: sun.java2d.renderer.clip             = true
INFO: sun.java2d.renderer.clip.runtime.enable = false
INFO: sun.java2d.renderer.clip.subdivider  = true
INFO: sun.java2d.renderer.clip.subdivider.minLength = 100.0
INFO: sun.java2d.renderer.doStats          = false
INFO: sun.java2d.renderer.doMonitors       = false
INFO: sun.java2d.renderer.doChecks         = false
INFO: sun.java2d.renderer.useLogger        = false
INFO: sun.java2d.renderer.logCreateContext = false
INFO: sun.java2d.renderer.logUnsafeMalloc  = false
INFO: sun.java2d.renderer.curve_len_err    = 0.01
INFO: sun.java2d.renderer.cubic_dec_d2     = 1.0
INFO: sun.java2d.renderer.cubic_inc_d1     = 0.2
INFO: sun.java2d.renderer.quad_dec_d2      = 0.5
INFO: Renderer settings:
INFO: MergeSort: DPQS_THRESHOLD: 256
INFO: MergeSort: DISABLE_ISORT_THRESHOLD: 1000
INFO: SORT         = DPQS_20191112
INFO: CUB_DEC_BND  = 256.0
INFO: CUB_INC_BND  = 51.20000076293945
INFO: QUAD_DEC_BND = 128.0
INFO: INITIAL_EDGES_CAPACITY               = 98304
INFO: INITIAL_CROSSING_COUNT               = 1024
INFO: ===============================================================================
# Using BufferedImage INT_ARGB_PRE...
##############################################################
profileName: shared_1T
Loading profile file: /home/marlin/mapbench/bin/../profiles/shared_1T.properties
Loading scale file: /home/marlin/mapbench/bin/../profiles/mapbench-scales.properties
Profile properties (merged with defaults):
  dashLength=3.0
  doClip=false
  doCreateStrokedShape=false
  doRotate=false
  doScale=false
  doShear=false
  doTranslate=false
  doUseDashedStroke=false
  doUseGradient=false
  doUseTexture=false
  doUseWingRuleEvenOdd=false
  doUseWingRuleNonZero=false
  imageX=NaN
  imageY=NaN
  iteration=1
  maxThreads=1
  minDuration=10000.0
  minLoops=20
  minThreads=1
  pass=1
  rotateAngle=17.333
  scaleX=0.1
  scaleY=0.1
  shearX=2.0
  shearY=2.0
  translateX=0.0
  translateY=0.0
  useSharedImage=true
  warmupCalibration=true
  warmupLoopsMax=160
  warmupLoopsMin=80
  warmupLoopsMinTest=20
### Test Scales:
  dc_shp_alllayers_2013-00-30-07-00-47.ser=800
  dc_spearfish_2013-11-30-06-11-19.ser=5
  dc_boulder_2013-13-30-06-13-17.ser=100
  dc_boulder_2013-13-30-06-13-20.ser=50
  test_z_300k.ser=150
  dc_topp:states_2013-11-30-06-11-07.ser=10
  test_z_2.5M.ser=50
  EllipseTests-fill-false.ser=200
  test_z_1.25M.ser=100
  test_z_150k.ser=100
  dc_spearfish_2013-11-30-06-11-15.ser=10
  spiralTest-fill.ser=800
  test_z_10M.ser=50
  spiralTest-dash-false.ser=1000
  CircleTests.ser=50
  EllipseTests-fill-true.ser=350
  dc_shp_alllayers_2013-00-30-07-00-43.ser=50
  test_z_625k.ser=150
  test_z_5M.ser=50
  dc_topp:states_2013-11-30-06-11-06.ser=10
##############################################################
# Min duration per test = 10000.0 ms.
##############################################################
Loading maps from = /home/marlin/mapbench/bin/../maps
Results format: 
Test                                         	Threads	Ops	Med	Pct95	Avg	StdDev	Min	Max	FPS(med)	TotalOps	Scale	[ms/op]

Calibrating up with 1 threads and 3000 loops
cleanup (explicit Full GC): 2,016,285,464 / 2,047,055,352 bytes free.
No scaling factor found for test [[calibration]], use scale = 1.0
Calibration up took 351.474566 ms
[calibration]                                	1	3000	0.112	0.119	0.113	0.005	0.112	0.331	8924.348	3000	1.000
Loading drawing commands from file: /home/marlin/mapbench/bin/../maps/CircleTests.ser
Loaded DrawingCommands: DrawingCommands{width=2048, height=2048, commands=2001}
drawing[CircleTests.ser][width = 2048, height = 2048] ...

Warming up with 1 threads and 80 loops on /home/marlin/mapbench/bin/../maps/CircleTests.ser
cleanup (explicit Full GC): 2,032,682,744 / 2,046,409,496 bytes free.
Warm up took 5284.873129 ms
CircleTests.ser                              	1	80	62.209	64.103	66.029	23.374	61.823	262.674	16.075	80	2.000

Warming up with 1 threads and 160 loops on /home/marlin/mapbench/bin/../maps/CircleTests.ser
cleanup (explicit Full GC): 2,000,887,224 / 2,056,863,768 bytes free.
Warm up took 9904.391007 ms
CircleTests.ser                              	1	160	61.856	62.227	61.891	0.180	61.602	62.587	16.166	160	2.000
cleanup (explicit Full GC): 2,018,527,720 / 2,056,862,648 bytes free.
Initial test: 61.966985 ms.

Warming up with 2 threads and 50 loops on /home/marlin/mapbench/bin/../maps/CircleTests.ser
cleanup (explicit Full GC): 2,025,712,904 / 2,056,865,032 bytes free.
Warm up took 6181.704361 ms
CircleTests.ser                              	2	100	61.776	62.127	61.786	0.206	61.451	62.461	16.187	100	2.000
cleanup (explicit Full GC): 2,005,344,904 / 2,056,863,384 bytes free.
Initial test: 61.555751 ms.
Testing file /home/marlin/mapbench/bin/../maps/CircleTests.ser for 171 loops ...
cleanup (explicit Full GC): 2,025,713,640 / 2,056,864,872 bytes free.
1 threads and 171 loops per thread, time: 10539.168706 ms
CircleTests.ser                              	1	171	61.569	61.930	61.622	0.151	61.435	62.242	16.242	171	2.000


Loading drawing commands from file: /home/marlin/mapbench/bin/../maps/EllipseTests-fill-false.ser
Loaded DrawingCommands: DrawingCommands{width=2000, height=2000, commands=198}
drawing[EllipseTests-fill-false.ser][width = 2000, height = 2000] ...
cleanup (explicit Full GC): 2,004,156,296 / 2,057,636,272 bytes free.
Initial test: 277.11458 ms.

Warming up with 2 threads and 20 loops on /home/marlin/mapbench/bin/../maps/EllipseTests-fill-false.ser
cleanup (explicit Full GC): 2,014,687,816 / 2,057,278,880 bytes free.
Warm up took 11027.661071 ms
EllipseTests-fill-false.ser                  	2	40	275.564	276.264	275.631	0.314	275.182	276.497	3.629	40	0.500
cleanup (explicit Full GC): 2,009,109,784 / 2,057,278,192 bytes free.
Initial test: 274.445276 ms.
Testing file /home/marlin/mapbench/bin/../maps/EllipseTests-fill-false.ser for 38 loops ...
cleanup (explicit Full GC): 2,025,109,112 / 2,057,278,880 bytes free.
1 threads and 38 loops per thread, time: 10418.990667 ms
EllipseTests-fill-false.ser                  	1	38	274.107	274.368	274.150	0.125	273.928	274.490	3.648	38	0.500


Loading drawing commands from file: /home/marlin/mapbench/bin/../maps/EllipseTests-fill-true.ser
Loaded DrawingCommands: DrawingCommands{width=2000, height=2000, commands=198}
drawing[EllipseTests-fill-true.ser][width = 2000, height = 2000] ...
cleanup (explicit Full GC): 2,025,109,800 / 2,057,638,160 bytes free.
Initial test: 333.259556 ms.

Warming up with 2 threads and 20 loops on /home/marlin/mapbench/bin/../maps/EllipseTests-fill-true.ser
cleanup (explicit Full GC): 2,025,469,080 / 2,057,278,816 bytes free.
Warm up took 13090.791844 ms
EllipseTests-fill-true.ser                   	2	40	327.047	328.171	327.209	0.636	326.401	330.032	3.058	40	0.286
cleanup (explicit Full GC): 1,998,330,328 / 2,057,278,088 bytes free.
Initial test: 326.852188 ms.
Testing file /home/marlin/mapbench/bin/../maps/EllipseTests-fill-true.ser for 32 loops ...
cleanup (explicit Full GC): 2,025,109,008 / 2,057,278,776 bytes free.
1 threads and 32 loops per thread, time: 10453.860329 ms
EllipseTests-fill-true.ser                   	1	32	326.499	327.347	326.643	0.499	326.028	328.502	3.063	32	0.286


Loading drawing commands from file: /home/marlin/mapbench/bin/../maps/LineWidthColorGridTest.ser
Loaded DrawingCommands: DrawingCommands{width=1260, height=1260, commands=3808}
drawing[LineWidthColorGridTest.ser][width = 1260, height = 1260] ...
cleanup (explicit Full GC): 2,025,109,696 / 2,056,472,896 bytes free.
No scaling factor found for test [LineWidthColorGridTest.ser], use scale = 1.0
Initial test: 71.077715 ms.

Warming up with 2 threads and 44 loops on /home/marlin/mapbench/bin/../maps/LineWidthColorGridTest.ser
cleanup (explicit Full GC): 2,040,303,832 / 2,056,112,728 bytes free.
No scaling factor found for test [LineWidthColorGridTest.ser], use scale = 1.0
Warm up took 4712.94669 ms
LineWidthColorGridTest.ser                   	2	88	53.473	53.763	53.533	0.147	53.374	54.343	18.701	88	1.000
cleanup (explicit Full GC): 2,028,203,544 / 2,056,111,024 bytes free.
No scaling factor found for test [LineWidthColorGridTest.ser], use scale = 1.0
Initial test: 53.465381 ms.
Testing file /home/marlin/mapbench/bin/../maps/LineWidthColorGridTest.ser for 196 loops ...
cleanup (explicit Full GC): 2,039,941,960 / 2,056,112,480 bytes free.
No scaling factor found for test [LineWidthColorGridTest.ser], use scale = 1.0
1 threads and 196 loops per thread, time: 10495.698977 ms
LineWidthColorGridTest.ser                   	1	196	53.429	54.280	53.542	0.379	53.314	55.197	18.716	196	1.000


Loading drawing commands from file: /home/marlin/mapbench/bin/../maps/dc_boulder_2013-13-30-06-13-17.ser
Loaded DrawingCommands: DrawingCommands{width=1400, height=800, commands=4398}
drawing[dc_boulder_2013-13-30-06-13-17.ser][width = 1400, height = 800] ...
cleanup (explicit Full GC): 2,007,602,672 / 2,055,977,568 bytes free.
Initial test: 216.486919 ms.

Warming up with 2 threads and 20 loops on /home/marlin/mapbench/bin/../maps/dc_boulder_2013-13-30-06-13-17.ser
cleanup (explicit Full GC): 2,029,029,128 / 2,055,456,000 bytes free.
Warm up took 3671.001137 ms
dc_boulder_2013-13-30-06-13-17.ser           	2	40	88.860	90.132	91.724	16.985	88.491	197.740	11.254	40	1.000
cleanup (explicit Full GC): 2,033,897,232 / 2,055,455,232 bytes free.
Initial test: 88.559972 ms.
Testing file /home/marlin/mapbench/bin/../maps/dc_boulder_2013-13-30-06-13-17.ser for 118 loops ...
cleanup (explicit Full GC): 2,039,286,168 / 2,055,455,920 bytes free.
1 threads and 118 loops per thread, time: 10432.337569 ms
dc_boulder_2013-13-30-06-13-17.ser           	1	118	88.311	88.947	88.396	0.265	88.076	89.257	11.324	118	1.000


Loading drawing commands from file: /home/marlin/mapbench/bin/../maps/dc_boulder_2013-13-30-06-13-20.ser
Loaded DrawingCommands: DrawingCommands{width=1400, height=800, commands=2425}
drawing[dc_boulder_2013-13-30-06-13-20.ser][width = 1400, height = 800] ...
cleanup (explicit Full GC): 2,023,117,744 / 2,056,788,112 bytes free.
Initial test: 46.236272 ms.

Warming up with 2 threads and 68 loops on /home/marlin/mapbench/bin/../maps/dc_boulder_2013-13-30-06-13-20.ser
cleanup (explicit Full GC): 2,040,619,048 / 2,056,403,856 bytes free.
Warm up took 6150.503247 ms
dc_boulder_2013-13-30-06-13-20.ser           	2	136	45.135	45.703	45.213	0.184	45.065	45.943	22.156	136	2.000
cleanup (explicit Full GC): 2,024,065,712 / 2,056,401,344 bytes free.
Initial test: 45.749298 ms.
Testing file /home/marlin/mapbench/bin/../maps/dc_boulder_2013-13-30-06-13-20.ser for 230 loops ...
cleanup (explicit Full GC): 2,040,232,280 / 2,056,403,568 bytes free.
1 threads and 230 loops per thread, time: 10417.190411 ms
dc_boulder_2013-13-30-06-13-20.ser           	1	230	45.199	45.771	45.287	0.191	45.140	45.981	22.124	230	2.000


Loading drawing commands from file: /home/marlin/mapbench/bin/../maps/dc_shp_alllayers_2013-00-30-07-00-43.ser
Loaded DrawingCommands: DrawingCommands{width=1400, height=800, commands=568}
drawing[dc_shp_alllayers_2013-00-30-07-00-43.ser][width = 1400, height = 800] ...
cleanup (explicit Full GC): 2,024,065,392 / 2,057,292,224 bytes free.
Initial test: 37.773811 ms.

Warming up with 2 threads and 83 loops on /home/marlin/mapbench/bin/../maps/dc_shp_alllayers_2013-00-30-07-00-43.ser
cleanup (explicit Full GC): 2,041,123,160 / 2,056,930,000 bytes free.
Warm up took 6278.706863 ms
dc_shp_alllayers_2013-00-30-07-00-43.ser     	2	166	37.766	38.119	37.816	0.128	37.728	38.510	26.479	166	2.000
cleanup (explicit Full GC): 2,040,760,936 / 2,056,927,296 bytes free.
Initial test: 37.787806 ms.
Testing file /home/marlin/mapbench/bin/../maps/dc_shp_alllayers_2013-00-30-07-00-43.ser for 278 loops ...
cleanup (explicit Full GC): 2,040,758,232 / 2,056,930,000 bytes free.
1 threads and 278 loops per thread, time: 10514.742891 ms
dc_shp_alllayers_2013-00-30-07-00-43.ser     	1	278	37.773	38.069	37.820	0.123	37.736	38.543	26.474	278	2.000


Loading drawing commands from file: /home/marlin/mapbench/bin/../maps/dc_shp_alllayers_2013-00-30-07-00-47.ser
Loaded DrawingCommands: DrawingCommands{width=1400, height=800, commands=135213}
drawing[dc_shp_alllayers_2013-00-30-07-00-47.ser][width = 1400, height = 800] ...
cleanup (explicit Full GC): 1,909,966,432 / 2,017,985,952 bytes free.
Initial test: 876.505743 ms.

Warming up with 2 threads and 20 loops on /home/marlin/mapbench/bin/../maps/dc_shp_alllayers_2013-00-30-07-00-47.ser
cleanup (explicit Full GC): 1,985,647,768 / 2,013,665,736 bytes free.
Warm up took 35029.547021 ms
dc_shp_alllayers_2013-00-30-07-00-47.ser     	2	40	875.490	876.164	875.533	0.296	875.088	876.404	1.142	40	0.125
cleanup (explicit Full GC): 1,825,026,144 / 2,013,665,048 bytes free.
Initial test: 875.730724 ms.
Testing file /home/marlin/mapbench/bin/../maps/dc_shp_alllayers_2013-00-30-07-00-47.ser for 20 loops ...
cleanup (explicit Full GC): 1,986,716,576 / 2,013,665,736 bytes free.
1 threads and 20 loops per thread, time: 17507.538267 ms
dc_shp_alllayers_2013-00-30-07-00-47.ser     	1	20	875.064	875.514	875.095	0.198	874.756	875.546	1.143	20	0.125


Loading drawing commands from file: /home/marlin/mapbench/bin/../maps/dc_spearfish_2013-11-30-06-11-15.ser
Loaded DrawingCommands: DrawingCommands{width=512, height=359, commands=1232}
drawing[dc_spearfish_2013-11-30-06-11-15.ser][width = 512, height = 359] ...
cleanup (explicit Full GC): 1,900,482,032 / 2,057,234,648 bytes free.
Initial test: 14.510899 ms.

Warming up with 2 threads and 217 loops on /home/marlin/mapbench/bin/../maps/dc_spearfish_2013-11-30-06-11-15.ser
cleanup (explicit Full GC): 2,041,065,584 / 2,056,834,336 bytes free.
Warm up took 5310.025461 ms
dc_spearfish_2013-11-30-06-11-15.ser         	2	434	12.233	12.330	12.234	0.054	12.139	12.633	81.744	434	10.000
cleanup (explicit Full GC): 2,013,716,784 / 2,056,827,280 bytes free.
Initial test: 12.152586 ms.
Testing file /home/marlin/mapbench/bin/../maps/dc_spearfish_2013-11-30-06-11-15.ser for 866 loops ...
cleanup (explicit Full GC): 2,040,658,216 / 2,056,834,272 bytes free.
1 threads and 866 loops per thread, time: 10524.839892 ms
dc_spearfish_2013-11-30-06-11-15.ser         	1	866	12.150	12.168	12.153	0.021	12.129	12.517	82.307	866	10.000


Loading drawing commands from file: /home/marlin/mapbench/bin/../maps/dc_spearfish_2013-11-30-06-11-19.ser
Loaded DrawingCommands: DrawingCommands{width=512, height=359, commands=349}
drawing[dc_spearfish_2013-11-30-06-11-19.ser][width = 512, height = 359] ...
cleanup (explicit Full GC): 2,008,326,984 / 2,057,512,456 bytes free.
Initial test: 6.146122 ms.

Warming up with 2 threads and 513 loops on /home/marlin/mapbench/bin/../maps/dc_spearfish_2013-11-30-06-11-19.ser
cleanup (explicit Full GC): 2,041,343,392 / 2,057,157,320 bytes free.
Warm up took 6181.622073 ms
dc_spearfish_2013-11-30-06-11-19.ser         	2	1026	6.023	6.035	6.024	0.012	6.007	6.219	166.035	1026	20.000
cleanup (explicit Full GC): 2,030,208,848 / 2,057,140,856 bytes free.
Initial test: 6.064587 ms.
Testing file /home/marlin/mapbench/bin/../maps/dc_spearfish_2013-11-30-06-11-19.ser for 1735 loops ...
cleanup (explicit Full GC): 2,040,971,792 / 2,057,157,320 bytes free.
1 threads and 1735 loops per thread, time: 10489.428863 ms
dc_spearfish_2013-11-30-06-11-19.ser         	1	1735	6.044	6.054	6.045	0.012	6.027	6.257	165.450	1735	20.000


Loading drawing commands from file: /home/marlin/mapbench/bin/../maps/dc_topp:states_2013-11-30-06-11-06.ser
Loaded DrawingCommands: DrawingCommands{width=780, height=330, commands=119}
drawing[dc_topp:states_2013-11-30-06-11-06.ser][width = 780, height = 330] ...
cleanup (explicit Full GC): 2,014,039,768 / 2,057,454,328 bytes free.
Initial test: 11.365321 ms.

Warming up with 2 threads and 277 loops on /home/marlin/mapbench/bin/../maps/dc_topp:states_2013-11-30-06-11-06.ser
cleanup (explicit Full GC): 2,041,285,264 / 2,057,118,552 bytes free.
Warm up took 6288.814105 ms
dc_topp:states_2013-11-30-06-11-06.ser       	2	554	11.348	11.363	11.350	0.017	11.327	11.549	88.119	554	10.000
cleanup (explicit Full GC): 2,040,949,488 / 2,057,109,208 bytes free.
Initial test: 11.397085 ms.
Testing file /home/marlin/mapbench/bin/../maps/dc_topp:states_2013-11-30-06-11-06.ser for 923 loops ...
cleanup (explicit Full GC): 2,040,940,144 / 2,057,118,120 bytes free.
1 threads and 923 loops per thread, time: 10520.094424 ms
dc_topp:states_2013-11-30-06-11-06.ser       	1	923	11.375	11.390	11.397	0.181	11.354	13.091	87.915	923	10.000


Loading drawing commands from file: /home/marlin/mapbench/bin/../maps/dc_topp:states_2013-11-30-06-11-07.ser
Loaded DrawingCommands: DrawingCommands{width=780, height=330, commands=144}
drawing[dc_topp:states_2013-11-30-06-11-07.ser][width = 780, height = 330] ...
cleanup (explicit Full GC): 2,040,949,056 / 2,057,488,120 bytes free.
Initial test: 7.209929 ms.

Warming up with 2 threads and 437 loops on /home/marlin/mapbench/bin/../maps/dc_topp:states_2013-11-30-06-11-07.ser
cleanup (explicit Full GC): 2,041,319,056 / 2,057,138,704 bytes free.
Warm up took 6291.421664 ms
dc_topp:states_2013-11-30-06-11-07.ser       	2	874	7.196	7.208	7.198	0.017	7.178	7.531	138.969	874	10.000
cleanup (explicit Full GC): 2,040,969,640 / 2,057,124,672 bytes free.
Initial test: 7.225545 ms.
Testing file /home/marlin/mapbench/bin/../maps/dc_topp:states_2013-11-30-06-11-07.ser for 1456 loops ...
cleanup (explicit Full GC): 2,030,176,232 / 2,057,138,640 bytes free.
1 threads and 1456 loops per thread, time: 10477.482557 ms
dc_topp:states_2013-11-30-06-11-07.ser       	1	1456	7.195	7.207	7.196	0.012	7.174	7.546	138.991	1456	10.000


Loading drawing commands from file: /home/marlin/mapbench/bin/../maps/spiralTest-dash-false.ser
Loaded DrawingCommands: DrawingCommands{width=4096, height=4096, commands=1}
drawing[spiralTest-dash-false.ser][width = 4096, height = 4096] ...
cleanup (explicit Full GC): 1,969,697,704 / 2,049,240,920 bytes free.
Initial test: 1083.675369 ms.

Warming up with 2 threads and 20 loops on /home/marlin/mapbench/bin/../maps/spiralTest-dash-false.ser
cleanup (explicit Full GC): 1,885,222,544 / 2,048,870,128 bytes free.
Warm up took 37487.576951 ms
spiralTest-dash-false.ser                    	2	40	937.821	938.965	936.988	2.129	934.298	944.278	1.066	40	0.100
cleanup (explicit Full GC): 1,806,963,496 / 2,048,869,168 bytes free.
Initial test: 936.280025 ms.
Testing file /home/marlin/mapbench/bin/../maps/spiralTest-dash-false.ser for 20 loops ...
cleanup (explicit Full GC): 1,884,850,792 / 2,048,869,712 bytes free.
1 threads and 20 loops per thread, time: 18734.723969 ms
spiralTest-dash-false.ser                    	1	20	936.249	937.094	936.534	1.325	935.660	942.156	1.068	20	0.100


Loading drawing commands from file: /home/marlin/mapbench/bin/../maps/spiralTest-fill.ser
Loaded DrawingCommands: DrawingCommands{width=4096, height=4096, commands=1}
drawing[spiralTest-fill.ser][width = 4096, height = 4096] ...
cleanup (explicit Full GC): 1,742,388,312 / 2,040,638,080 bytes free.
Initial test: 793.400855 ms.

Warming up with 2 threads and 20 loops on /home/marlin/mapbench/bin/../maps/spiralTest-fill.ser
cleanup (explicit Full GC): 1,961,851,264 / 2,040,245,712 bytes free.
Warm up took 31599.140009 ms
spiralTest-fill.ser                          	2	40	790.155	791.294	789.775	1.158	787.325	791.869	1.266	40	0.125
cleanup (explicit Full GC): 1,894,350,016 / 2,040,245,024 bytes free.
Initial test: 793.945052 ms.
Testing file /home/marlin/mapbench/bin/../maps/spiralTest-fill.ser for 20 loops ...
cleanup (explicit Full GC): 1,961,458,208 / 2,040,245,712 bytes free.
1 threads and 20 loops per thread, time: 15812.099059 ms
spiralTest-fill.ser                          	1	20	790.575	791.663	790.407	0.856	788.463	791.778	1.265	20	0.125


Loading drawing commands from file: /home/marlin/mapbench/bin/../maps/test_z_625k.ser
Loaded DrawingCommands: DrawingCommands{width=1272, height=1261, commands=23345}
drawing[test_z_625k.ser][width = 1272, height = 1261] ...
cleanup (explicit Full GC): 1,943,492,696 / 2,050,744,384 bytes free.
Initial test: 151.392885 ms.

Warming up with 2 threads and 20 loops on /home/marlin/mapbench/bin/../maps/test_z_625k.ser
cleanup (explicit Full GC): 2,025,592,232 / 2,049,576,680 bytes free.
Warm up took 6011.655004 ms
test_z_625k.ser                              	2	40	150.133	150.801	150.238	0.261	149.920	150.875	6.661	40	0.667
cleanup (explicit Full GC): 2,001,839,400 / 2,049,575,992 bytes free.
Initial test: 150.044192 ms.
Testing file /home/marlin/mapbench/bin/../maps/test_z_625k.ser for 70 loops ...
cleanup (explicit Full GC): 2,035,203,216 / 2,049,576,680 bytes free.
1 threads and 70 loops per thread, time: 10521.032188 ms
test_z_625k.ser                              	1	70	150.007	151.630	150.277	0.612	149.708	151.940	6.666	70	0.667


WARMUP results:
Test                                         	Threads	Ops	Med	Pct95	Avg	StdDev	Min	Max	FPS(med)	TotalOps	Scale	[ms/op]
<<< Calib 1
[calibration]                                	1	3000	0.112	0.119	0.113	0.005	0.112	0.331	8924.348	3000	1.000
>>> Calib 1
<<< Warmup 1
CircleTests.ser                              	1	80	62.209	64.103	66.029	23.374	61.823	262.674	16.075	80	2.000
>>> Warmup 1
<<< Warmup 2
CircleTests.ser                              	1	160	61.856	62.227	61.891	0.180	61.602	62.587	16.166	160	2.000
>>> Warmup 2
CircleTests.ser                              	2	100	61.776	62.127	61.786	0.206	61.451	62.461	16.187	100	2.000
EllipseTests-fill-false.ser                  	2	40	275.564	276.264	275.631	0.314	275.182	276.497	3.629	40	0.500
EllipseTests-fill-true.ser                   	2	40	327.047	328.171	327.209	0.636	326.401	330.032	3.058	40	0.286
LineWidthColorGridTest.ser                   	2	88	53.473	53.763	53.533	0.147	53.374	54.343	18.701	88	1.000
dc_boulder_2013-13-30-06-13-17.ser           	2	40	88.860	90.132	91.724	16.985	88.491	197.740	11.254	40	1.000
dc_boulder_2013-13-30-06-13-20.ser           	2	136	45.135	45.703	45.213	0.184	45.065	45.943	22.156	136	2.000
dc_shp_alllayers_2013-00-30-07-00-43.ser     	2	166	37.766	38.119	37.816	0.128	37.728	38.510	26.479	166	2.000
dc_shp_alllayers_2013-00-30-07-00-47.ser     	2	40	875.490	876.164	875.533	0.296	875.088	876.404	1.142	40	0.125
dc_spearfish_2013-11-30-06-11-15.ser         	2	434	12.233	12.330	12.234	0.054	12.139	12.633	81.744	434	10.000
dc_spearfish_2013-11-30-06-11-19.ser         	2	1026	6.023	6.035	6.024	0.012	6.007	6.219	166.035	1026	20.000
dc_topp:states_2013-11-30-06-11-06.ser       	2	554	11.348	11.363	11.350	0.017	11.327	11.549	88.119	554	10.000
dc_topp:states_2013-11-30-06-11-07.ser       	2	874	7.196	7.208	7.198	0.017	7.178	7.531	138.969	874	10.000
spiralTest-dash-false.ser                    	2	40	937.821	938.965	936.988	2.129	934.298	944.278	1.066	40	0.100
spiralTest-fill.ser                          	2	40	790.155	791.294	789.775	1.158	787.325	791.869	1.266	40	0.125
test_z_625k.ser                              	2	40	150.133	150.801	150.238	0.261	149.920	150.875	6.661	40	0.667

TEST results:
Test                                         	Threads	Ops	Med	Pct95	Avg	StdDev	Min	Max	FPS(med)	TotalOps	Scale	[ms/op]
CircleTests.ser                              	1	171	61.569	61.930	61.622	0.151	61.435	62.242	16.242	171	2.000
EllipseTests-fill-false.ser                  	1	38	274.107	274.368	274.150	0.125	273.928	274.490	3.648	38	0.500
EllipseTests-fill-true.ser                   	1	32	326.499	327.347	326.643	0.499	326.028	328.502	3.063	32	0.286
LineWidthColorGridTest.ser                   	1	196	53.429	54.280	53.542	0.379	53.314	55.197	18.716	196	1.000
dc_boulder_2013-13-30-06-13-17.ser           	1	118	88.311	88.947	88.396	0.265	88.076	89.257	11.324	118	1.000
dc_boulder_2013-13-30-06-13-20.ser           	1	230	45.199	45.771	45.287	0.191	45.140	45.981	22.124	230	2.000
dc_shp_alllayers_2013-00-30-07-00-43.ser     	1	278	37.773	38.069	37.820	0.123	37.736	38.543	26.474	278	2.000
dc_shp_alllayers_2013-00-30-07-00-47.ser     	1	20	875.064	875.514	875.095	0.198	874.756	875.546	1.143	20	0.125
dc_spearfish_2013-11-30-06-11-15.ser         	1	866	12.150	12.168	12.153	0.021	12.129	12.517	82.307	866	10.000
dc_spearfish_2013-11-30-06-11-19.ser         	1	1735	6.044	6.054	6.045	0.012	6.027	6.257	165.450	1735	20.000
dc_topp:states_2013-11-30-06-11-06.ser       	1	923	11.375	11.390	11.397	0.181	11.354	13.091	87.915	923	10.000
dc_topp:states_2013-11-30-06-11-07.ser       	1	1456	7.195	7.207	7.196	0.012	7.174	7.546	138.991	1456	10.000
spiralTest-dash-false.ser                    	1	20	936.249	937.094	936.534	1.325	935.660	942.156	1.068	20	0.100
spiralTest-fill.ser                          	1	20	790.575	791.663	790.407	0.856	788.463	791.778	1.265	20	0.125
test_z_625k.ser                              	1	70	150.007	151.630	150.277	0.612	149.708	151.940	6.666	70	0.667

Scores:
Tests	15	15	
Threads	1	1	
Med	99.404	99.404	
Pct95	99.826	99.826	
FPS	39.093	39.093	

