CPU_CORE_IDS: 3
date:
ven. 26 nov. 2021 11:47:39 CET
JAVA_HOME: /home/bourgesl/apps/openjdk-jdk-linux-x86_64-server-release/jdk-arraycopy/
CLASSPATH:   ../lib/mapbench-0.5.0.jar:../lib/org.jfree.svg-4.1-bourgesl-0.1.jar
Boot CP:     
Java opts:   -Dsun.java2d.renderer.useDPQS=true --patch-module java.desktop=../lib/marlin-0.9.4.5-Unsafe-OpenJDK11.jar -Dsun.java2d.renderer.clip=true -Dsun.java2d.renderer.log=true -Dsun.java2d.renderer.logCreateContext=false -Dsun.java2d.renderer.logUnsafeMalloc=false -Dsun.java2d.renderer.clip.curves= -Dsun.java2d.renderer.subPixel_log2_X=8 -Dsun.java2d.renderer.subPixel_log2_Y=3 -Dsun.java2d.renderer.useThreadLocal=true -Dsun.java2d.renderer.useSimplifier=false -Dsun.java2d.renderer.useRef=soft -Dsun.java2d.renderer.pixelWidth=4096 -Dsun.java2d.renderer.pixelHeight=2176 -Dsun.java2d.renderer.tileSize_log2=6 -Dsun.java2d.renderer.tileWidth_log2=7 -Dsun.java2d.renderer=sun.java2d.marlin.DMarlinRenderingEngine -Dsun.java2d.renderer.clip.subdivider=true -Dsun.java2d.renderer.clip.subdivider.minLength=100.0 -DMapBench.noAAclear=true -DMapBench.skipDraw=false -DMapBench.skipFill=false -DMapBench.clip.small=false -DMapBench.qualityMode=true -DMapBench.premultiplied=true -DMapBench.acceleration=false -DMapBench.volatile=false -DMapBench.4bytes=false -server
Java tuning:  -Xms2g  -Xmx2g -XX:+UseParallelGC -XX:+AlwaysPreTouch -XX:+UseTransparentHugePages
JVM path
/home/bourgesl/apps/openjdk-jdk-linux-x86_64-server-release/jdk-arraycopy//bin//java
Java version
openjdk version "18-testing" 2022-03-15
OpenJDK Runtime Environment (build 18-testing+0-builds.shipilev.net-openjdk-jdk-arraycopy-b2-20211125)
OpenJDK 64-Bit Server VM (build 18-testing+0-builds.shipilev.net-openjdk-jdk-arraycopy-b2-20211125, mixed mode, sharing)
##############################################################
# Java: 18-testing+0-builds.shipilev.net-openjdk-jdk-arraycopy-b2-20211125
#   VM: OpenJDK 64-Bit Server VM 18-testing+0-builds.shipilev.net-openjdk-jdk-arraycopy-b2-20211125 (mixed mode)
#   OS: Linux 5.4.0-90-generic (amd64)
# CPUs: 4 (virtual)
##############################################################
ERROR: Unable to get RenderingEngine.getInstance()
# Renderer: unknown 
# Quality mode: QUALITY...
# Filter shape on size: DISABLED...
# disableAA:         false 
# disableAAForClear: true 
# skipDraw:     false 
# skipFill:     false 
# useClipSmall: false 
INFO: ===============================================================================
INFO: Marlin software rasterizer           = ENABLED
INFO: Version                              = [marlin-0.9.4.5-Unsafe-OpenJDK]
INFO: sun.java2d.renderer                  = sun.java2d.marlin.DMarlinRenderingEngine
INFO: sun.java2d.renderer.useThreadLocal   = true
INFO: sun.java2d.renderer.useRef           = soft
INFO: sun.java2d.renderer.edges            = 4096
INFO: sun.java2d.renderer.pixelWidth       = 4096
INFO: sun.java2d.renderer.pixelHeight      = 2176
INFO: sun.java2d.renderer.profile          = quality
INFO: sun.java2d.renderer.subPixel_log2_X  = 8
INFO: sun.java2d.renderer.subPixel_log2_Y  = 3
INFO: sun.java2d.renderer.tileSize_log2    = 6
INFO: sun.java2d.renderer.tileWidth_log2   = 7
INFO: sun.java2d.renderer.blockSize_log2   = 5
INFO: sun.java2d.renderer.forceRLE         = false
INFO: sun.java2d.renderer.forceNoRLE       = false
INFO: sun.java2d.renderer.useTileFlags     = true
INFO: sun.java2d.renderer.useTileFlags.useHeuristics = true
INFO: sun.java2d.renderer.rleMinWidth      = 64
INFO: sun.java2d.renderer.useSimplifier    = false
INFO: sun.java2d.renderer.usePathSimplifier= false
INFO: sun.java2d.renderer.pathSimplifier.pixTol = 0.125
INFO: sun.java2d.renderer.clip             = true
INFO: sun.java2d.renderer.clip.runtime.enable = false
INFO: sun.java2d.renderer.clip.subdivider  = true
INFO: sun.java2d.renderer.clip.subdivider.minLength = 100.0
INFO: sun.java2d.renderer.doStats          = false
INFO: sun.java2d.renderer.doMonitors       = false
INFO: sun.java2d.renderer.doChecks         = false
INFO: sun.java2d.renderer.useLogger        = false
INFO: sun.java2d.renderer.logCreateContext = false
INFO: sun.java2d.renderer.logUnsafeMalloc  = false
INFO: sun.java2d.renderer.curve_len_err    = 0.01
INFO: sun.java2d.renderer.cubic_dec_d2     = 1.0
INFO: sun.java2d.renderer.cubic_inc_d1     = 0.2
INFO: sun.java2d.renderer.quad_dec_d2      = 0.5
INFO: Renderer settings:
INFO: MergeSort: DPQS_THRESHOLD: 256
INFO: MergeSort: DISABLE_ISORT_THRESHOLD: 1000
INFO: SORT         = DPQS_20191112
INFO: CUB_DEC_BND  = 256.0
INFO: CUB_INC_BND  = 51.20000076293945
INFO: QUAD_DEC_BND = 128.0
INFO: INITIAL_EDGES_CAPACITY               = 98304
INFO: INITIAL_CROSSING_COUNT               = 1024
INFO: ===============================================================================
# Using BufferedImage INT_ARGB_PRE...
##############################################################
profileName: shared_1T
Loading profile file: /home/marlin/mapbench/bin/../profiles/shared_1T.properties
Loading scale file: /home/marlin/mapbench/bin/../profiles/mapbench-scales.properties
Profile properties (merged with defaults):
  dashLength=3.0
  doClip=false
  doCreateStrokedShape=false
  doRotate=false
  doScale=false
  doShear=false
  doTranslate=false
  doUseDashedStroke=false
  doUseGradient=false
  doUseTexture=false
  doUseWingRuleEvenOdd=false
  doUseWingRuleNonZero=false
  imageX=NaN
  imageY=NaN
  iteration=1
  maxThreads=1
  minDuration=10000.0
  minLoops=20
  minThreads=1
  pass=1
  rotateAngle=17.333
  scaleX=0.1
  scaleY=0.1
  shearX=2.0
  shearY=2.0
  translateX=0.0
  translateY=0.0
  useSharedImage=true
  warmupCalibration=true
  warmupLoopsMax=160
  warmupLoopsMin=80
  warmupLoopsMinTest=20
### Test Scales:
  dc_shp_alllayers_2013-00-30-07-00-47.ser=800
  dc_spearfish_2013-11-30-06-11-19.ser=5
  dc_boulder_2013-13-30-06-13-17.ser=100
  dc_boulder_2013-13-30-06-13-20.ser=50
  test_z_300k.ser=150
  dc_topp:states_2013-11-30-06-11-07.ser=10
  test_z_2.5M.ser=50
  EllipseTests-fill-false.ser=200
  test_z_1.25M.ser=100
  test_z_150k.ser=100
  dc_spearfish_2013-11-30-06-11-15.ser=10
  spiralTest-fill.ser=800
  test_z_10M.ser=50
  spiralTest-dash-false.ser=1000
  CircleTests.ser=50
  EllipseTests-fill-true.ser=350
  dc_shp_alllayers_2013-00-30-07-00-43.ser=50
  test_z_625k.ser=150
  test_z_5M.ser=50
  dc_topp:states_2013-11-30-06-11-06.ser=10
##############################################################
# Min duration per test = 10000.0 ms.
##############################################################
Loading maps from = /home/marlin/mapbench/bin/../maps
Results format: 
Test                                         	Threads	Ops	Med	Pct95	Avg	StdDev	Min	Max	FPS(med)	TotalOps	Scale	[ms/op]

Calibrating up with 1 threads and 3000 loops
cleanup (explicit Full GC): 2,016,285,464 / 2,047,055,376 bytes free.
No scaling factor found for test [[calibration]], use scale = 1.0
Calibration up took 351.957144 ms
[calibration]                                	1	3000	0.112	0.120	0.113	0.005	0.112	0.334	8919.334	3000	1.000
Loading drawing commands from file: /home/marlin/mapbench/bin/../maps/CircleTests.ser
Loaded DrawingCommands: DrawingCommands{width=2048, height=2048, commands=2001}
drawing[CircleTests.ser][width = 2048, height = 2048] ...

Warming up with 1 threads and 80 loops on /home/marlin/mapbench/bin/../maps/CircleTests.ser
cleanup (explicit Full GC): 2,032,682,768 / 2,046,410,160 bytes free.
Warm up took 5201.955987 ms
CircleTests.ser                              	1	80	61.163	62.557	64.992	25.162	60.894	273.682	16.350	80	2.000

Warming up with 1 threads and 160 loops on /home/marlin/mapbench/bin/../maps/CircleTests.ser
cleanup (explicit Full GC): 2,000,887,888 / 2,056,864,520 bytes free.
Warm up took 9738.712305 ms
CircleTests.ser                              	1	160	60.788	61.197	60.856	0.153	60.678	61.342	16.451	160	2.000
cleanup (explicit Full GC): 2,018,528,472 / 2,056,862,968 bytes free.
Initial test: 61.617226 ms.

Warming up with 2 threads and 51 loops on /home/marlin/mapbench/bin/../maps/CircleTests.ser
cleanup (explicit Full GC): 2,025,713,224 / 2,056,865,352 bytes free.
Warm up took 6230.114196 ms
CircleTests.ser                              	2	102	60.985	61.426	61.049	0.166	60.875	61.621	16.397	102	2.000
cleanup (explicit Full GC): 2,005,345,224 / 2,056,863,672 bytes free.
Initial test: 61.025903 ms.
Testing file /home/marlin/mapbench/bin/../maps/CircleTests.ser for 172 loops ...
cleanup (explicit Full GC): 2,025,713,928 / 2,056,865,192 bytes free.
1 threads and 172 loops per thread, time: 10499.07864 ms
CircleTests.ser                              	1	172	60.983	61.317	61.031	0.141	60.867	61.594	16.398	172	2.000


Loading drawing commands from file: /home/marlin/mapbench/bin/../maps/EllipseTests-fill-false.ser
Loaded DrawingCommands: DrawingCommands{width=2000, height=2000, commands=198}
drawing[EllipseTests-fill-false.ser][width = 2000, height = 2000] ...
cleanup (explicit Full GC): 2,004,156,616 / 2,057,636,576 bytes free.
Initial test: 272.925397 ms.

Warming up with 2 threads and 20 loops on /home/marlin/mapbench/bin/../maps/EllipseTests-fill-false.ser
cleanup (explicit Full GC): 2,014,688,120 / 2,057,279,200 bytes free.
Warm up took 10934.574838 ms
EllipseTests-fill-false.ser                  	2	40	273.886	274.435	273.305	0.997	271.573	274.712	3.651	40	0.500
cleanup (explicit Full GC): 2,009,110,104 / 2,057,278,440 bytes free.
Initial test: 271.156302 ms.
Testing file /home/marlin/mapbench/bin/../maps/EllipseTests-fill-false.ser for 38 loops ...
cleanup (explicit Full GC): 2,025,109,360 / 2,057,279,128 bytes free.
1 threads and 38 loops per thread, time: 10298.427638 ms
EllipseTests-fill-false.ser                  	1	38	270.945	271.220	270.976	0.139	270.759	271.271	3.691	38	0.500


Loading drawing commands from file: /home/marlin/mapbench/bin/../maps/EllipseTests-fill-true.ser
Loaded DrawingCommands: DrawingCommands{width=2000, height=2000, commands=198}
drawing[EllipseTests-fill-true.ser][width = 2000, height = 2000] ...
cleanup (explicit Full GC): 2,025,110,048 / 2,057,638,408 bytes free.
Initial test: 326.724474 ms.

Warming up with 2 threads and 20 loops on /home/marlin/mapbench/bin/../maps/EllipseTests-fill-true.ser
cleanup (explicit Full GC): 2,025,469,328 / 2,057,279,064 bytes free.
Warm up took 12969.902212 ms
EllipseTests-fill-true.ser                   	2	40	324.177	324.846	324.186	0.467	323.428	325.586	3.085	40	0.286
cleanup (explicit Full GC): 1,998,330,576 / 2,057,278,336 bytes free.
Initial test: 322.993247 ms.
Testing file /home/marlin/mapbench/bin/../maps/EllipseTests-fill-true.ser for 32 loops ...
cleanup (explicit Full GC): 2,025,109,256 / 2,057,279,024 bytes free.
1 threads and 32 loops per thread, time: 10328.286519 ms
EllipseTests-fill-true.ser                   	1	32	322.617	323.461	322.718	0.431	322.162	323.516	3.100	32	0.286


Loading drawing commands from file: /home/marlin/mapbench/bin/../maps/LineWidthColorGridTest.ser
Loaded DrawingCommands: DrawingCommands{width=1260, height=1260, commands=3808}
drawing[LineWidthColorGridTest.ser][width = 1260, height = 1260] ...
cleanup (explicit Full GC): 2,025,109,944 / 2,056,473,552 bytes free.
No scaling factor found for test [LineWidthColorGridTest.ser], use scale = 1.0
Initial test: 95.543553 ms.

Warming up with 2 threads and 33 loops on /home/marlin/mapbench/bin/../maps/LineWidthColorGridTest.ser
cleanup (explicit Full GC): 2,040,304,488 / 2,056,113,672 bytes free.
No scaling factor found for test [LineWidthColorGridTest.ser], use scale = 1.0
Warm up took 3514.17205 ms
LineWidthColorGridTest.ser                   	2	66	53.176	53.461	53.214	0.153	53.057	54.047	18.805	66	1.000
cleanup (explicit Full GC): 2,028,204,488 / 2,056,112,320 bytes free.
No scaling factor found for test [LineWidthColorGridTest.ser], use scale = 1.0
Initial test: 52.727308 ms.
Testing file /home/marlin/mapbench/bin/../maps/LineWidthColorGridTest.ser for 199 loops ...
cleanup (explicit Full GC): 2,039,943,256 / 2,056,113,424 bytes free.
No scaling factor found for test [LineWidthColorGridTest.ser], use scale = 1.0
1 threads and 199 loops per thread, time: 10481.401695 ms
LineWidthColorGridTest.ser                   	1	199	52.626	52.891	52.662	0.095	52.532	52.942	19.002	199	1.000


Loading drawing commands from file: /home/marlin/mapbench/bin/../maps/dc_boulder_2013-13-30-06-13-17.ser
Loaded DrawingCommands: DrawingCommands{width=1400, height=800, commands=4398}
drawing[dc_boulder_2013-13-30-06-13-17.ser][width = 1400, height = 800] ...
cleanup (explicit Full GC): 2,007,606,168 / 2,055,978,464 bytes free.
Initial test: 205.633157 ms.

Warming up with 2 threads and 20 loops on /home/marlin/mapbench/bin/../maps/dc_boulder_2013-13-30-06-13-17.ser
cleanup (explicit Full GC): 2,029,030,024 / 2,055,456,512 bytes free.
Warm up took 3904.394591 ms
dc_boulder_2013-13-30-06-13-17.ser           	2	40	88.504	192.930	97.560	31.925	88.045	225.552	11.299	40	1.000
cleanup (explicit Full GC): 2,033,897,744 / 2,055,455,744 bytes free.
Initial test: 88.40763 ms.
Testing file /home/marlin/mapbench/bin/../maps/dc_boulder_2013-13-30-06-13-17.ser for 119 loops ...
cleanup (explicit Full GC): 2,039,286,680 / 2,055,456,432 bytes free.
1 threads and 119 loops per thread, time: 10506.146148 ms
dc_boulder_2013-13-30-06-13-17.ser           	1	119	88.224	88.895	88.273	0.308	87.892	89.321	11.335	119	1.000


Loading drawing commands from file: /home/marlin/mapbench/bin/../maps/dc_boulder_2013-13-30-06-13-20.ser
Loaded DrawingCommands: DrawingCommands{width=1400, height=800, commands=2425}
drawing[dc_boulder_2013-13-30-06-13-20.ser][width = 1400, height = 800] ...
cleanup (explicit Full GC): 2,023,118,256 / 2,056,788,608 bytes free.
Initial test: 46.023899 ms.

Warming up with 2 threads and 68 loops on /home/marlin/mapbench/bin/../maps/dc_boulder_2013-13-30-06-13-20.ser
cleanup (explicit Full GC): 2,040,619,544 / 2,056,404,368 bytes free.
Warm up took 6096.103836 ms
dc_boulder_2013-13-30-06-13-20.ser           	2	136	44.726	45.313	44.813	0.215	44.658	45.715	22.358	136	2.000
cleanup (explicit Full GC): 2,024,066,224 / 2,056,401,856 bytes free.
Initial test: 45.263222 ms.
Testing file /home/marlin/mapbench/bin/../maps/dc_boulder_2013-13-30-06-13-20.ser for 232 loops ...
cleanup (explicit Full GC): 2,040,232,792 / 2,056,404,080 bytes free.
1 threads and 232 loops per thread, time: 10403.882116 ms
dc_boulder_2013-13-30-06-13-20.ser           	1	232	44.756	45.336	44.839	0.194	44.681	45.602	22.344	232	2.000


Loading drawing commands from file: /home/marlin/mapbench/bin/../maps/dc_shp_alllayers_2013-00-30-07-00-43.ser
Loaded DrawingCommands: DrawingCommands{width=1400, height=800, commands=568}
drawing[dc_shp_alllayers_2013-00-30-07-00-43.ser][width = 1400, height = 800] ...
cleanup (explicit Full GC): 2,024,065,904 / 2,057,292,704 bytes free.
Initial test: 36.576913 ms.

Warming up with 2 threads and 86 loops on /home/marlin/mapbench/bin/../maps/dc_shp_alllayers_2013-00-30-07-00-43.ser
cleanup (explicit Full GC): 2,041,123,640 / 2,056,930,512 bytes free.
Warm up took 6295.941694 ms
dc_shp_alllayers_2013-00-30-07-00-43.ser     	2	172	36.561	36.897	36.597	0.133	36.470	37.253	27.351	172	2.000
cleanup (explicit Full GC): 2,040,761,448 / 2,056,927,712 bytes free.
Initial test: 37.152686 ms.
Testing file /home/marlin/mapbench/bin/../maps/dc_shp_alllayers_2013-00-30-07-00-43.ser for 283 loops ...
cleanup (explicit Full GC): 2,040,758,648 / 2,056,930,512 bytes free.
1 threads and 283 loops per thread, time: 10501.921787 ms
dc_shp_alllayers_2013-00-30-07-00-43.ser     	1	283	37.056	37.424	37.106	0.155	36.971	38.157	26.986	283	2.000


Loading drawing commands from file: /home/marlin/mapbench/bin/../maps/dc_shp_alllayers_2013-00-30-07-00-47.ser
Loaded DrawingCommands: DrawingCommands{width=1400, height=800, commands=135213}
drawing[dc_shp_alllayers_2013-00-30-07-00-47.ser][width = 1400, height = 800] ...
cleanup (explicit Full GC): 1,909,966,936 / 2,017,986,384 bytes free.
Initial test: 878.04804 ms.

Warming up with 2 threads and 20 loops on /home/marlin/mapbench/bin/../maps/dc_shp_alllayers_2013-00-30-07-00-47.ser
cleanup (explicit Full GC): 1,985,648,200 / 2,013,666,248 bytes free.
Warm up took 35165.988755 ms
dc_shp_alllayers_2013-00-30-07-00-47.ser     	2	40	879.054	879.827	878.945	0.496	878.098	880.044	1.138	40	0.125
cleanup (explicit Full GC): 1,825,026,656 / 2,013,665,560 bytes free.
Initial test: 878.362186 ms.
Testing file /home/marlin/mapbench/bin/../maps/dc_shp_alllayers_2013-00-30-07-00-47.ser for 20 loops ...
cleanup (explicit Full GC): 1,986,717,088 / 2,013,666,248 bytes free.
1 threads and 20 loops per thread, time: 17579.186545 ms
dc_shp_alllayers_2013-00-30-07-00-47.ser     	1	20	878.660	879.063	878.681	0.213	878.387	879.206	1.138	20	0.125


Loading drawing commands from file: /home/marlin/mapbench/bin/../maps/dc_spearfish_2013-11-30-06-11-15.ser
Loaded DrawingCommands: DrawingCommands{width=512, height=359, commands=1232}
drawing[dc_spearfish_2013-11-30-06-11-15.ser][width = 512, height = 359] ...
cleanup (explicit Full GC): 1,911,261,920 / 2,057,236,776 bytes free.
Initial test: 14.468471 ms.

Warming up with 2 threads and 218 loops on /home/marlin/mapbench/bin/../maps/dc_spearfish_2013-11-30-06-11-15.ser
cleanup (explicit Full GC): 2,041,067,712 / 2,056,836,464 bytes free.
Warm up took 5273.385518 ms
dc_spearfish_2013-11-30-06-11-15.ser         	2	436	12.076	12.119	12.093	0.102	12.052	13.115	82.806	436	10.000
cleanup (explicit Full GC): 2,013,718,912 / 2,056,829,376 bytes free.
Initial test: 12.068259 ms.
Testing file /home/marlin/mapbench/bin/../maps/dc_spearfish_2013-11-30-06-11-15.ser for 872 loops ...
cleanup (explicit Full GC): 2,040,660,312 / 2,056,836,400 bytes free.
1 threads and 872 loops per thread, time: 10512.720208 ms
dc_spearfish_2013-11-30-06-11-15.ser         	1	872	12.053	12.071	12.055	0.019	12.029	12.244	82.969	872	10.000


Loading drawing commands from file: /home/marlin/mapbench/bin/../maps/dc_spearfish_2013-11-30-06-11-19.ser
Loaded DrawingCommands: DrawingCommands{width=512, height=359, commands=349}
drawing[dc_spearfish_2013-11-30-06-11-19.ser][width = 512, height = 359] ...
cleanup (explicit Full GC): 2,008,329,112 / 2,057,514,488 bytes free.
Initial test: 6.028261 ms.

Warming up with 2 threads and 523 loops on /home/marlin/mapbench/bin/../maps/dc_spearfish_2013-11-30-06-11-19.ser
cleanup (explicit Full GC): 2,041,345,424 / 2,057,159,448 bytes free.
Warm up took 6198.562657 ms
dc_spearfish_2013-11-30-06-11-19.ser         	2	1046	5.924	5.936	5.925	0.016	5.905	6.269	168.818	1046	20.000
cleanup (explicit Full GC): 2,030,210,976 / 2,057,142,664 bytes free.
Initial test: 5.92415 ms.
Testing file /home/marlin/mapbench/bin/../maps/dc_spearfish_2013-11-30-06-11-19.ser for 1776 loops ...
cleanup (explicit Full GC): 2,040,973,600 / 2,057,159,448 bytes free.
1 threads and 1776 loops per thread, time: 10549.565315 ms
dc_spearfish_2013-11-30-06-11-19.ser         	1	1776	5.928	5.938	5.940	0.129	5.910	7.652	168.688	1776	20.000


Loading drawing commands from file: /home/marlin/mapbench/bin/../maps/dc_topp:states_2013-11-30-06-11-06.ser
Loaded DrawingCommands: DrawingCommands{width=780, height=330, commands=119}
drawing[dc_topp:states_2013-11-30-06-11-06.ser][width = 780, height = 330] ...
cleanup (explicit Full GC): 2,014,041,896 / 2,057,455,800 bytes free.
Initial test: 11.054103 ms.

Warming up with 2 threads and 285 loops on /home/marlin/mapbench/bin/../maps/dc_topp:states_2013-11-30-06-11-06.ser
cleanup (explicit Full GC): 2,041,286,736 / 2,057,120,680 bytes free.
Warm up took 6309.93336 ms
dc_topp:states_2013-11-30-06-11-06.ser       	2	570	11.049	11.062	11.069	0.177	11.023	12.773	90.508	570	10.000
cleanup (explicit Full GC): 2,040,951,616 / 2,057,111,512 bytes free.
Initial test: 11.033617 ms.
Testing file /home/marlin/mapbench/bin/../maps/dc_topp:states_2013-11-30-06-11-06.ser for 954 loops ...
cleanup (explicit Full GC): 2,040,942,448 / 2,057,120,680 bytes free.
1 threads and 954 loops per thread, time: 10551.810839 ms
dc_topp:states_2013-11-30-06-11-06.ser       	1	954	11.038	11.052	11.060	0.181	11.017	12.764	90.594	954	10.000


Loading drawing commands from file: /home/marlin/mapbench/bin/../maps/dc_topp:states_2013-11-30-06-11-07.ser
Loaded DrawingCommands: DrawingCommands{width=780, height=330, commands=144}
drawing[dc_topp:states_2013-11-30-06-11-07.ser][width = 780, height = 330] ...
cleanup (explicit Full GC): 2,040,951,616 / 2,057,490,184 bytes free.
Initial test: 7.130207 ms.

Warming up with 2 threads and 442 loops on /home/marlin/mapbench/bin/../maps/dc_topp:states_2013-11-30-06-11-07.ser
cleanup (explicit Full GC): 2,041,321,120 / 2,057,141,264 bytes free.
Warm up took 6319.651005 ms
dc_topp:states_2013-11-30-06-11-07.ser       	2	884	7.135	7.147	7.148	0.143	7.117	8.851	140.154	884	10.000
cleanup (explicit Full GC): 2,040,972,200 / 2,057,127,072 bytes free.
Initial test: 7.134387 ms.
Testing file /home/marlin/mapbench/bin/../maps/dc_topp:states_2013-11-30-06-11-07.ser for 1475 loops ...
cleanup (explicit Full GC): 2,030,178,632 / 2,057,141,200 bytes free.
1 threads and 1475 loops per thread, time: 10521.787782 ms
dc_topp:states_2013-11-30-06-11-07.ser       	1	1475	7.118	7.130	7.133	0.147	7.100	8.841	140.482	1475	10.000


Loading drawing commands from file: /home/marlin/mapbench/bin/../maps/spiralTest-dash-false.ser
Loaded DrawingCommands: DrawingCommands{width=4096, height=4096, commands=1}
drawing[spiralTest-dash-false.ser][width = 4096, height = 4096] ...
cleanup (explicit Full GC): 1,969,700,264 / 2,049,243,176 bytes free.
Initial test: 930.09092 ms.

Warming up with 2 threads and 20 loops on /home/marlin/mapbench/bin/../maps/spiralTest-dash-false.ser
cleanup (explicit Full GC): 1,885,224,800 / 2,048,872,688 bytes free.
Warm up took 37135.496414 ms
spiralTest-dash-false.ser                    	2	40	928.794	930.596	928.187	2.406	924.969	937.666	1.077	40	0.100
cleanup (explicit Full GC): 1,806,966,056 / 2,048,871,728 bytes free.
Initial test: 925.163936 ms.
Testing file /home/marlin/mapbench/bin/../maps/spiralTest-dash-false.ser for 20 loops ...
cleanup (explicit Full GC): 1,884,853,352 / 2,048,872,416 bytes free.
1 threads and 20 loops per thread, time: 18512.086574 ms
spiralTest-dash-false.ser                    	1	20	925.078	929.319	925.404	1.649	923.988	930.779	1.081	20	0.100


Loading drawing commands from file: /home/marlin/mapbench/bin/../maps/spiralTest-fill.ser
Loaded DrawingCommands: DrawingCommands{width=4096, height=4096, commands=1}
drawing[spiralTest-fill.ser][width = 4096, height = 4096] ...
cleanup (explicit Full GC): 1,742,391,016 / 2,040,640,784 bytes free.
Initial test: 789.970516 ms.

Warming up with 2 threads and 20 loops on /home/marlin/mapbench/bin/../maps/spiralTest-fill.ser
cleanup (explicit Full GC): 1,961,853,968 / 2,040,248,416 bytes free.
Warm up took 31534.661368 ms
spiralTest-fill.ser                          	2	40	787.926	791.042	788.164	1.698	785.055	793.130	1.269	40	0.125
cleanup (explicit Full GC): 1,894,352,720 / 2,040,247,728 bytes free.
Initial test: 788.153219 ms.
Testing file /home/marlin/mapbench/bin/../maps/spiralTest-fill.ser for 20 loops ...
cleanup (explicit Full GC): 1,961,460,912 / 2,040,248,416 bytes free.
1 threads and 20 loops per thread, time: 15751.289757 ms
spiralTest-fill.ser                          	1	20	787.633	789.134	787.363	1.136	784.807	789.230	1.270	20	0.125


Loading drawing commands from file: /home/marlin/mapbench/bin/../maps/test_z_625k.ser
Loaded DrawingCommands: DrawingCommands{width=1272, height=1261, commands=23345}
drawing[test_z_625k.ser][width = 1272, height = 1261] ...
cleanup (explicit Full GC): 1,943,495,400 / 2,050,747,088 bytes free.
Initial test: 151.515175 ms.

Warming up with 2 threads and 20 loops on /home/marlin/mapbench/bin/../maps/test_z_625k.ser
cleanup (explicit Full GC): 2,025,594,936 / 2,049,579,384 bytes free.
Warm up took 6057.336893 ms
test_z_625k.ser                              	2	40	151.294	151.951	151.382	0.297	150.975	152.117	6.610	40	0.667
cleanup (explicit Full GC): 2,001,842,104 / 2,049,578,696 bytes free.
Initial test: 151.185959 ms.
Testing file /home/marlin/mapbench/bin/../maps/test_z_625k.ser for 69 loops ...
cleanup (explicit Full GC): 2,035,205,920 / 2,049,579,384 bytes free.
1 threads and 69 loops per thread, time: 10425.647857 ms
test_z_625k.ser                              	1	69	150.937	151.680	151.072	0.299	150.756	152.006	6.625	69	0.667


WARMUP results:
Test                                         	Threads	Ops	Med	Pct95	Avg	StdDev	Min	Max	FPS(med)	TotalOps	Scale	[ms/op]
<<< Calib 1
[calibration]                                	1	3000	0.112	0.120	0.113	0.005	0.112	0.334	8919.334	3000	1.000
>>> Calib 1
<<< Warmup 1
CircleTests.ser                              	1	80	61.163	62.557	64.992	25.162	60.894	273.682	16.350	80	2.000
>>> Warmup 1
<<< Warmup 2
CircleTests.ser                              	1	160	60.788	61.197	60.856	0.153	60.678	61.342	16.451	160	2.000
>>> Warmup 2
CircleTests.ser                              	2	102	60.985	61.426	61.049	0.166	60.875	61.621	16.397	102	2.000
EllipseTests-fill-false.ser                  	2	40	273.886	274.435	273.305	0.997	271.573	274.712	3.651	40	0.500
EllipseTests-fill-true.ser                   	2	40	324.177	324.846	324.186	0.467	323.428	325.586	3.085	40	0.286
LineWidthColorGridTest.ser                   	2	66	53.176	53.461	53.214	0.153	53.057	54.047	18.805	66	1.000
dc_boulder_2013-13-30-06-13-17.ser           	2	40	88.504	192.930	97.560	31.925	88.045	225.552	11.299	40	1.000
dc_boulder_2013-13-30-06-13-20.ser           	2	136	44.726	45.313	44.813	0.215	44.658	45.715	22.358	136	2.000
dc_shp_alllayers_2013-00-30-07-00-43.ser     	2	172	36.561	36.897	36.597	0.133	36.470	37.253	27.351	172	2.000
dc_shp_alllayers_2013-00-30-07-00-47.ser     	2	40	879.054	879.827	878.945	0.496	878.098	880.044	1.138	40	0.125
dc_spearfish_2013-11-30-06-11-15.ser         	2	436	12.076	12.119	12.093	0.102	12.052	13.115	82.806	436	10.000
dc_spearfish_2013-11-30-06-11-19.ser         	2	1046	5.924	5.936	5.925	0.016	5.905	6.269	168.818	1046	20.000
dc_topp:states_2013-11-30-06-11-06.ser       	2	570	11.049	11.062	11.069	0.177	11.023	12.773	90.508	570	10.000
dc_topp:states_2013-11-30-06-11-07.ser       	2	884	7.135	7.147	7.148	0.143	7.117	8.851	140.154	884	10.000
spiralTest-dash-false.ser                    	2	40	928.794	930.596	928.187	2.406	924.969	937.666	1.077	40	0.100
spiralTest-fill.ser                          	2	40	787.926	791.042	788.164	1.698	785.055	793.130	1.269	40	0.125
test_z_625k.ser                              	2	40	151.294	151.951	151.382	0.297	150.975	152.117	6.610	40	0.667

TEST results:
Test                                         	Threads	Ops	Med	Pct95	Avg	StdDev	Min	Max	FPS(med)	TotalOps	Scale	[ms/op]
CircleTests.ser                              	1	172	60.983	61.317	61.031	0.141	60.867	61.594	16.398	172	2.000
EllipseTests-fill-false.ser                  	1	38	270.945	271.220	270.976	0.139	270.759	271.271	3.691	38	0.500
EllipseTests-fill-true.ser                   	1	32	322.617	323.461	322.718	0.431	322.162	323.516	3.100	32	0.286
LineWidthColorGridTest.ser                   	1	199	52.626	52.891	52.662	0.095	52.532	52.942	19.002	199	1.000
dc_boulder_2013-13-30-06-13-17.ser           	1	119	88.224	88.895	88.273	0.308	87.892	89.321	11.335	119	1.000
dc_boulder_2013-13-30-06-13-20.ser           	1	232	44.756	45.336	44.839	0.194	44.681	45.602	22.344	232	2.000
dc_shp_alllayers_2013-00-30-07-00-43.ser     	1	283	37.056	37.424	37.106	0.155	36.971	38.157	26.986	283	2.000
dc_shp_alllayers_2013-00-30-07-00-47.ser     	1	20	878.660	879.063	878.681	0.213	878.387	879.206	1.138	20	0.125
dc_spearfish_2013-11-30-06-11-15.ser         	1	872	12.053	12.071	12.055	0.019	12.029	12.244	82.969	872	10.000
dc_spearfish_2013-11-30-06-11-19.ser         	1	1776	5.928	5.938	5.940	0.129	5.910	7.652	168.688	1776	20.000
dc_topp:states_2013-11-30-06-11-06.ser       	1	954	11.038	11.052	11.060	0.181	11.017	12.764	90.594	954	10.000
dc_topp:states_2013-11-30-06-11-07.ser       	1	1475	7.118	7.130	7.133	0.147	7.100	8.841	140.482	1475	10.000
spiralTest-dash-false.ser                    	1	20	925.078	929.319	925.404	1.649	923.988	930.779	1.081	20	0.100
spiralTest-fill.ser                          	1	20	787.633	789.134	787.363	1.136	784.807	789.230	1.270	20	0.125
test_z_625k.ser                              	1	69	150.937	151.680	151.072	0.299	150.756	152.006	6.625	69	0.667

Scores:
Tests	15	15	
Threads	1	1	
Med	98.411	98.411	
Pct95	98.789	98.789	
FPS	39.713	39.713	

