
CPU_CORE_IDS: 3
date:
ven. 26 nov. 2021 09:32:33 CET
JAVA_HOME: /home/bourgesl/apps/openjdk-jdk-linux-x86_64-server-release/jdk-arraycopy/
CLASSPATH:   ../lib/mapbench-0.5.0.jar:../lib/org.jfree.svg-4.1-bourgesl-0.1.jar
Boot CP:     
Java opts:   -Dsun.java2d.renderer.useDPQS=true --patch-module java.desktop=../lib/marlin-0.9.4.5-Unsafe-OpenJDK11.jar -Dsun.java2d.renderer.clip=true -Dsun.java2d.renderer.log=true -Dsun.java2d.renderer.logCreateContext=false -Dsun.java2d.renderer.logUnsafeMalloc=false -Dsun.java2d.renderer.clip.curves= -Dsun.java2d.renderer.subPixel_log2_X=8 -Dsun.java2d.renderer.subPixel_log2_Y=3 -Dsun.java2d.renderer.useThreadLocal=true -Dsun.java2d.renderer.useSimplifier=false -Dsun.java2d.renderer.useRef=soft -Dsun.java2d.renderer.pixelWidth=4096 -Dsun.java2d.renderer.pixelHeight=2176 -Dsun.java2d.renderer.tileSize_log2=6 -Dsun.java2d.renderer.tileWidth_log2=7 -Dsun.java2d.renderer=sun.java2d.marlin.DMarlinRenderingEngine -Dsun.java2d.renderer.clip.subdivider=true -Dsun.java2d.renderer.clip.subdivider.minLength=100.0 -DMapBench.noAAclear=true -DMapBench.skipDraw=false -DMapBench.skipFill=false -DMapBench.clip.small=false -DMapBench.qualityMode=true -DMapBench.premultiplied=true -DMapBench.acceleration=false -DMapBench.volatile=false -DMapBench.4bytes=false -server
Java tuning:  -Xms2g  -Xmx2g -XX:+UseParallelGC -XX:+AlwaysPreTouch -XX:+UseTransparentHugePages
JVM path
/home/bourgesl/apps/openjdk-jdk-linux-x86_64-server-release/jdk-arraycopy//bin//java
Java version
openjdk version "18-testing" 2022-03-15
OpenJDK Runtime Environment (build 18-testing+0-builds.shipilev.net-openjdk-jdk-arraycopy-b2-20211125)
OpenJDK 64-Bit Server VM (build 18-testing+0-builds.shipilev.net-openjdk-jdk-arraycopy-b2-20211125, mixed mode, sharing)
##############################################################
# Java: 18-testing+0-builds.shipilev.net-openjdk-jdk-arraycopy-b2-20211125
#   VM: OpenJDK 64-Bit Server VM 18-testing+0-builds.shipilev.net-openjdk-jdk-arraycopy-b2-20211125 (mixed mode)
#   OS: Linux 5.4.0-90-generic (amd64)
# CPUs: 4 (virtual)
##############################################################
ERROR: Unable to get RenderingEngine.getInstance()
# Renderer: unknown 
# Quality mode: QUALITY...
# Filter shape on size: DISABLED...
# disableAA:         false 
# disableAAForClear: true 
# skipDraw:     false 
# skipFill:     false 
# useClipSmall: false 
INFO: ===============================================================================
INFO: Marlin software rasterizer           = ENABLED
INFO: Version                              = [marlin-0.9.4.5-Unsafe-OpenJDK]
INFO: sun.java2d.renderer                  = sun.java2d.marlin.DMarlinRenderingEngine
INFO: sun.java2d.renderer.useThreadLocal   = true
INFO: sun.java2d.renderer.useRef           = soft
INFO: sun.java2d.renderer.edges            = 4096
INFO: sun.java2d.renderer.pixelWidth       = 4096
INFO: sun.java2d.renderer.pixelHeight      = 2176
INFO: sun.java2d.renderer.profile          = quality
INFO: sun.java2d.renderer.subPixel_log2_X  = 8
INFO: sun.java2d.renderer.subPixel_log2_Y  = 3
INFO: sun.java2d.renderer.tileSize_log2    = 6
INFO: sun.java2d.renderer.tileWidth_log2   = 7
INFO: sun.java2d.renderer.blockSize_log2   = 5
INFO: sun.java2d.renderer.forceRLE         = false
INFO: sun.java2d.renderer.forceNoRLE       = false
INFO: sun.java2d.renderer.useTileFlags     = true
INFO: sun.java2d.renderer.useTileFlags.useHeuristics = true
INFO: sun.java2d.renderer.rleMinWidth      = 64
INFO: sun.java2d.renderer.useSimplifier    = false
INFO: sun.java2d.renderer.usePathSimplifier= false
INFO: sun.java2d.renderer.pathSimplifier.pixTol = 0.125
INFO: sun.java2d.renderer.clip             = true
INFO: sun.java2d.renderer.clip.runtime.enable = false
INFO: sun.java2d.renderer.clip.subdivider  = true
INFO: sun.java2d.renderer.clip.subdivider.minLength = 100.0
INFO: sun.java2d.renderer.doStats          = false
INFO: sun.java2d.renderer.doMonitors       = false
INFO: sun.java2d.renderer.doChecks         = false
INFO: sun.java2d.renderer.useLogger        = false
INFO: sun.java2d.renderer.logCreateContext = false
INFO: sun.java2d.renderer.logUnsafeMalloc  = false
INFO: sun.java2d.renderer.curve_len_err    = 0.01
INFO: sun.java2d.renderer.cubic_dec_d2     = 1.0
INFO: sun.java2d.renderer.cubic_inc_d1     = 0.2
INFO: sun.java2d.renderer.quad_dec_d2      = 0.5
INFO: Renderer settings:
INFO: MergeSort: DPQS_THRESHOLD: 256
INFO: MergeSort: DISABLE_ISORT_THRESHOLD: 1000
INFO: SORT         = DPQS_20191112
INFO: CUB_DEC_BND  = 256.0
INFO: CUB_INC_BND  = 51.20000076293945
INFO: QUAD_DEC_BND = 128.0
INFO: INITIAL_EDGES_CAPACITY               = 98304
INFO: INITIAL_CROSSING_COUNT               = 1024
INFO: ===============================================================================
# Using BufferedImage INT_ARGB_PRE...
##############################################################
profileName: shorter_shared
Loading profile file: /home/marlin/mapbench/bin/../profiles/shorter_shared.properties
Loading scale file: /home/marlin/mapbench/bin/../profiles/mapbench-scales.properties
Profile properties (merged with defaults):
  dashLength=3.0
  doClip=false
  doCreateStrokedShape=false
  doRotate=false
  doScale=false
  doShear=false
  doTranslate=false
  doUseDashedStroke=false
  doUseGradient=false
  doUseTexture=false
  doUseWingRuleEvenOdd=false
  doUseWingRuleNonZero=false
  imageX=NaN
  imageY=NaN
  iteration=1
  maxThreads=4
  minDuration=5000.0
  minLoops=10
  minThreads=1
  pass=1
  rotateAngle=17.333
  scaleX=4.0
  scaleY=4.0
  shearX=2.0
  shearY=2.0
  translateX=0.0
  translateY=0.0
  useSharedImage=true
  warmupCalibration=true
  warmupLoopsMax=160
  warmupLoopsMin=80
  warmupLoopsMinTest=10
### Test Scales:
  dc_shp_alllayers_2013-00-30-07-00-47.ser=800
  dc_spearfish_2013-11-30-06-11-19.ser=5
  dc_boulder_2013-13-30-06-13-17.ser=100
  dc_boulder_2013-13-30-06-13-20.ser=50
  test_z_300k.ser=150
  dc_topp:states_2013-11-30-06-11-07.ser=10
  test_z_2.5M.ser=50
  EllipseTests-fill-false.ser=200
  test_z_1.25M.ser=100
  test_z_150k.ser=100
  dc_spearfish_2013-11-30-06-11-15.ser=10
  spiralTest-fill.ser=800
  test_z_10M.ser=50
  spiralTest-dash-false.ser=1000
  CircleTests.ser=50
  EllipseTests-fill-true.ser=350
  dc_shp_alllayers_2013-00-30-07-00-43.ser=50
  test_z_625k.ser=150
  test_z_5M.ser=50
  dc_topp:states_2013-11-30-06-11-06.ser=10
##############################################################
# Min duration per test = 5000.0 ms.
##############################################################
Loading maps from = /home/marlin/mapbench/bin/../maps
Results format: 
Test                                         	Threads	Ops	Med	Pct95	Avg	StdDev	Min	Max	FPS(med)	TotalOps	Scale	[ms/op]

Calibrating up with 4 threads and 3000 loops
cleanup (explicit Full GC): 2,016,285,464 / 2,047,056,040 bytes free.
No scaling factor found for test [[calibration]], use scale = 1.0
Calibration up took 434.49566 ms
[calibration]                                	4	12000	0.112	0.120	0.122	0.268	0.111	20.376	8917.385	12000	1.000
Loading drawing commands from file: /home/marlin/mapbench/bin/../maps/CircleTests.ser
Loaded DrawingCommands: DrawingCommands{width=2048, height=2048, commands=2001}
drawing[CircleTests.ser][width = 2048, height = 2048] ...

Warming up with 4 threads and 80 loops on /home/marlin/mapbench/bin/../maps/CircleTests.ser
cleanup (explicit Full GC): 2,011,124,520 / 2,046,262,208 bytes free.
Warm up took 6428.192403 ms
CircleTests.ser                              	4	320	62.542	73.162	77.769	112.703	61.003	1183.489	15.989	320	2.000

Warming up with 4 threads and 160 loops on /home/marlin/mapbench/bin/../maps/CircleTests.ser
cleanup (explicit Full GC): 1,918,069,984 / 2,055,774,672 bytes free.
Warm up took 10350.79228 ms
CircleTests.ser                              	4	640	63.160	65.783	63.517	1.712	60.801	81.384	15.833	640	2.000
cleanup (explicit Full GC): 1,934,768,608 / 2,055,770,040 bytes free.
Initial test: 61.312142 ms.

Warming up with 2 threads and 51 loops on /home/marlin/mapbench/bin/../maps/CircleTests.ser
cleanup (explicit Full GC): 2,024,620,296 / 2,055,780,392 bytes free.
Warm up took 3197.476146 ms
CircleTests.ser                              	2	102	62.427	62.877	62.370	0.344	61.934	63.715	16.019	102	2.000
cleanup (explicit Full GC): 2,004,260,280 / 2,055,778,712 bytes free.
Initial test: 61.147362 ms.
Testing file /home/marlin/mapbench/bin/../maps/CircleTests.ser for 86 loops ...
cleanup (explicit Full GC): 2,024,628,968 / 2,055,780,232 bytes free.
1 threads and 86 loops per thread, time: 5221.800722 ms
CircleTests.ser                              	1	86	60.665	60.965	60.699	0.170	60.468	61.066	16.484	86	2.000
cleanup (explicit Full GC): 2,010,257,960 / 2,055,778,760 bytes free.
2 threads and 86 loops per thread, time: 5393.927336 ms
CircleTests.ser                              	2	172	62.465	62.905	62.372	0.366	61.893	63.922	16.009	172	2.000
cleanup (explicit Full GC): 1,986,292,968 / 2,055,777,168 bytes free.
4 threads and 86 loops per thread, time: 5589.265083 ms
CircleTests.ser                              	4	344	63.316	67.683	63.803	2.148	61.326	81.587	15.794	344	2.000


Loading drawing commands from file: /home/marlin/mapbench/bin/../maps/EllipseTests-fill-false.ser
Loaded DrawingCommands: DrawingCommands{width=2000, height=2000, commands=198}
drawing[EllipseTests-fill-false.ser][width = 2000, height = 2000] ...
cleanup (explicit Full GC): 1,941,957,408 / 2,057,628,288 bytes free.
Initial test: 277.886193 ms.

Warming up with 2 threads and 11 loops on /home/marlin/mapbench/bin/../maps/EllipseTests-fill-false.ser
cleanup (explicit Full GC): 2,027,255,760 / 2,057,274,648 bytes free.
Warm up took 3047.566763 ms
EllipseTests-fill-false.ser                  	2	22	276.272	277.331	276.184	0.857	275.006	278.335	3.620	22	0.500
cleanup (explicit Full GC): 2,007,308,968 / 2,056,553,768 bytes free.
Initial test: 277.018208 ms.
Testing file /home/marlin/mapbench/bin/../maps/EllipseTests-fill-false.ser for 18 loops ...
cleanup (explicit Full GC): 2,026,181,240 / 2,056,194,032 bytes free.
1 threads and 18 loops per thread, time: 4950.562469 ms
EllipseTests-fill-false.ser                  	1	18	274.919	275.329	274.961	0.232	274.613	275.455	3.637	18	0.500
cleanup (explicit Full GC): 2,025,821,504 / 2,056,193,792 bytes free.
2 threads and 18 loops per thread, time: 4980.184653 ms
EllipseTests-fill-false.ser                  	2	36	276.037	276.704	275.786	0.800	274.775	277.383	3.623	36	0.500
cleanup (explicit Full GC): 2,006,228,112 / 2,056,193,408 bytes free.
4 threads and 18 loops per thread, time: 5126.598285 ms
EllipseTests-fill-false.ser                  	4	72	277.787	292.042	279.474	5.156	275.620	301.409	3.600	72	0.500


Loading drawing commands from file: /home/marlin/mapbench/bin/../maps/EllipseTests-fill-true.ser
Loaded DrawingCommands: DrawingCommands{width=2000, height=2000, commands=198}
drawing[EllipseTests-fill-true.ser][width = 2000, height = 2000] ...
cleanup (explicit Full GC): 1,963,448,272 / 2,057,632,312 bytes free.
Initial test: 330.626704 ms.

Warming up with 2 threads and 10 loops on /home/marlin/mapbench/bin/../maps/EllipseTests-fill-true.ser
cleanup (explicit Full GC): 2,027,259,784 / 2,057,274,376 bytes free.
Warm up took 3390.325323 ms
EllipseTests-fill-true.ser                   	2	20	337.833	340.177	336.974	2.155	333.418	340.832	2.960	20	0.286
cleanup (explicit Full GC): 2,007,308,696 / 2,056,553,736 bytes free.
Initial test: 325.806338 ms.
Testing file /home/marlin/mapbench/bin/../maps/EllipseTests-fill-true.ser for 16 loops ...
cleanup (explicit Full GC): 2,026,181,208 / 2,056,193,968 bytes free.
1 threads and 16 loops per thread, time: 5217.790302 ms
EllipseTests-fill-true.ser                   	1	16	325.975	326.740	326.032	0.545	325.356	327.697	3.068	16	0.286
cleanup (explicit Full GC): 2,025,821,440 / 2,056,193,760 bytes free.
2 threads and 16 loops per thread, time: 5417.338772 ms
EllipseTests-fill-true.ser                   	2	32	336.778	339.245	335.992	2.814	330.071	339.659	2.969	32	0.286
cleanup (explicit Full GC): 2,006,228,080 / 2,056,193,408 bytes free.
4 threads and 16 loops per thread, time: 5866.868128 ms
EllipseTests-fill-true.ser                   	4	64	358.396	375.373	360.433	6.638	347.767	381.903	2.790	64	0.286


Loading drawing commands from file: /home/marlin/mapbench/bin/../maps/LineWidthColorGridTest.ser
Loaded DrawingCommands: DrawingCommands{width=1260, height=1260, commands=3808}
drawing[LineWidthColorGridTest.ser][width = 1260, height = 1260] ...
cleanup (explicit Full GC): 1,959,855,120 / 2,056,467,120 bytes free.
No scaling factor found for test [LineWidthColorGridTest.ser], use scale = 1.0
Initial test: 57.876983 ms.

Warming up with 2 threads and 54 loops on /home/marlin/mapbench/bin/../maps/LineWidthColorGridTest.ser
cleanup (explicit Full GC): 2,042,094,608 / 2,056,108,912 bytes free.
No scaling factor found for test [LineWidthColorGridTest.ser], use scale = 1.0
Warm up took 2938.065792 ms
LineWidthColorGridTest.ser                   	2	108	54.266	54.398	54.265	0.290	54.034	56.776	18.428	108	1.000
cleanup (explicit Full GC): 2,024,606,544 / 2,055,386,704 bytes free.
No scaling factor found for test [LineWidthColorGridTest.ser], use scale = 1.0
Initial test: 54.431045 ms.
Testing file /home/marlin/mapbench/bin/../maps/LineWidthColorGridTest.ser for 96 loops ...
cleanup (explicit Full GC): 2,041,014,192 / 2,055,028,344 bytes free.
No scaling factor found for test [LineWidthColorGridTest.ser], use scale = 1.0
1 threads and 96 loops per thread, time: 5213.843061 ms
LineWidthColorGridTest.ser                   	1	96	54.294	54.523	54.295	0.156	54.034	54.901	18.418	96	1.000
cleanup (explicit Full GC): 2,029,876,376 / 2,055,026,856 bytes free.
No scaling factor found for test [LineWidthColorGridTest.ser], use scale = 1.0
2 threads and 96 loops per thread, time: 5237.1615 ms
LineWidthColorGridTest.ser                   	2	192	54.363	54.632	54.405	0.313	54.169	56.211	18.395	192	1.000
cleanup (explicit Full GC): 2,009,151,880 / 2,055,025,224 bytes free.
No scaling factor found for test [LineWidthColorGridTest.ser], use scale = 1.0
4 threads and 96 loops per thread, time: 5342.697172 ms
LineWidthColorGridTest.ser                   	4	384	54.613	58.864	55.200	1.958	54.164	72.344	18.311	384	1.000


Loading drawing commands from file: /home/marlin/mapbench/bin/../maps/dc_boulder_2013-13-30-06-13-17.ser
Loaded DrawingCommands: DrawingCommands{width=1400, height=800, commands=4398}
drawing[dc_boulder_2013-13-30-06-13-17.ser][width = 1400, height = 800] ...
cleanup (explicit Full GC): 1,946,142,848 / 2,055,969,968 bytes free.
Initial test: 346.221341 ms.

Warming up with 2 threads and 10 loops on /home/marlin/mapbench/bin/../maps/dc_boulder_2013-13-30-06-13-17.ser
cleanup (explicit Full GC): 2,030,818,080 / 2,055,451,336 bytes free.
Warm up took 897.506041 ms
dc_boulder_2013-13-30-06-13-17.ser           	2	20	89.241	90.237	89.303	0.559	88.573	91.013	11.206	20	1.000
cleanup (explicit Full GC): 2,037,485,688 / 2,054,730,696 bytes free.
Initial test: 88.767869 ms.
Testing file /home/marlin/mapbench/bin/../maps/dc_boulder_2013-13-30-06-13-17.ser for 59 loops ...
cleanup (explicit Full GC): 2,040,358,184 / 2,054,370,928 bytes free.
1 threads and 59 loops per thread, time: 5207.778034 ms
dc_boulder_2013-13-30-06-13-17.ser           	1	59	88.187	89.384	88.241	0.490	87.629	89.668	11.340	59	1.000
cleanup (explicit Full GC): 2,032,812,112 / 2,054,370,032 bytes free.
2 threads and 59 loops per thread, time: 5258.156393 ms
dc_boulder_2013-13-30-06-13-17.ser           	2	118	89.006	89.490	89.085	0.242	88.759	90.213	11.235	118	1.000
cleanup (explicit Full GC): 2,011,252,400 / 2,054,368,576 bytes free.
4 threads and 59 loops per thread, time: 5488.483095 ms
dc_boulder_2013-13-30-06-13-17.ser           	4	236	89.716	94.681	90.541	2.880	88.534	110.231	11.146	236	1.000


Loading drawing commands from file: /home/marlin/mapbench/bin/../maps/dc_boulder_2013-13-30-06-13-20.ser
Loaded DrawingCommands: DrawingCommands{width=1400, height=800, commands=2425}
drawing[dc_boulder_2013-13-30-06-13-20.ser][width = 1400, height = 800] ...
cleanup (explicit Full GC): 1,969,952,560 / 2,056,780,360 bytes free.
Initial test: 45.729398 ms.

Warming up with 2 threads and 69 loops on /home/marlin/mapbench/bin/../maps/dc_boulder_2013-13-30-06-13-20.ser
cleanup (explicit Full GC): 2,042,407,848 / 2,056,398,856 bytes free.
Warm up took 3150.813063 ms
dc_boulder_2013-13-30-06-13-20.ser           	2	138	45.476	45.981	45.508	0.273	45.150	46.733	21.989	138	2.000
cleanup (explicit Full GC): 2,031,246,904 / 2,055,676,328 bytes free.
Initial test: 45.421709 ms.
Testing file /home/marlin/mapbench/bin/../maps/dc_boulder_2013-13-30-06-13-20.ser for 115 loops ...
cleanup (explicit Full GC): 2,041,303,816 / 2,055,318,448 bytes free.
1 threads and 115 loops per thread, time: 5217.901878 ms
dc_boulder_2013-13-30-06-13-20.ser           	1	115	45.257	45.880	45.365	0.240	45.164	46.183	22.096	115	2.000
cleanup (explicit Full GC): 2,033,759,632 / 2,055,316,656 bytes free.
2 threads and 115 loops per thread, time: 5251.390176 ms
dc_boulder_2013-13-30-06-13-20.ser           	2	230	45.531	45.977	45.566	0.216	45.270	46.456	21.963	230	2.000
cleanup (explicit Full GC): 2,022,978,400 / 2,055,314,720 bytes free.
4 threads and 115 loops per thread, time: 5425.099394 ms
dc_boulder_2013-13-30-06-13-20.ser           	4	460	46.021	50.034	46.499	1.364	44.739	56.127	21.729	460	2.000


Loading drawing commands from file: /home/marlin/mapbench/bin/../maps/dc_shp_alllayers_2013-00-30-07-00-43.ser
Loaded DrawingCommands: DrawingCommands{width=1400, height=800, commands=568}
drawing[dc_shp_alllayers_2013-00-30-07-00-43.ser][width = 1400, height = 800] ...
cleanup (explicit Full GC): 1,981,678,096 / 2,057,282,968 bytes free.
Initial test: 38.34583 ms.

Warming up with 2 threads and 82 loops on /home/marlin/mapbench/bin/../maps/dc_shp_alllayers_2013-00-30-07-00-43.ser
cleanup (explicit Full GC): 2,042,910,456 / 2,056,925,288 bytes free.
Warm up took 3154.740886 ms
dc_shp_alllayers_2013-00-30-07-00-43.ser     	2	164	38.300	38.790	38.377	0.244	38.093	39.529	26.110	164	2.000
cleanup (explicit Full GC): 2,028,180,256 / 2,056,201,928 bytes free.
Initial test: 38.361501 ms.
Testing file /home/marlin/mapbench/bin/../maps/dc_shp_alllayers_2013-00-30-07-00-43.ser for 137 loops ...
cleanup (explicit Full GC): 2,041,829,416 / 2,055,844,464 bytes free.
1 threads and 137 loops per thread, time: 5213.581796 ms
dc_shp_alllayers_2013-00-30-07-00-43.ser     	1	137	37.916	38.490	38.050	0.347	37.865	39.678	26.374	137	2.000
cleanup (explicit Full GC): 2,041,471,952 / 2,055,842,320 bytes free.
2 threads and 137 loops per thread, time: 5282.415924 ms
dc_shp_alllayers_2013-00-30-07-00-43.ser     	2	274	38.371	38.928	38.382	0.267	38.034	39.191	26.062	274	2.000
cleanup (explicit Full GC): 2,037,876,672 / 2,055,840,032 bytes free.
4 threads and 137 loops per thread, time: 5479.64658 ms
dc_shp_alllayers_2013-00-30-07-00-43.ser     	4	548	38.850	42.549	39.330	1.432	38.049	56.294	25.740	548	2.000


Loading drawing commands from file: /home/marlin/mapbench/bin/../maps/dc_shp_alllayers_2013-00-30-07-00-47.ser
Loaded DrawingCommands: DrawingCommands{width=1400, height=800, commands=135213}
drawing[dc_shp_alllayers_2013-00-30-07-00-47.ser][width = 1400, height = 800] ...
cleanup (explicit Full GC): 1,878,712,312 / 2,017,975,640 bytes free.
Initial test: 882.598286 ms.

Warming up with 2 threads and 10 loops on /home/marlin/mapbench/bin/../maps/dc_shp_alllayers_2013-00-30-07-00-47.ser
cleanup (explicit Full GC): 1,989,230,504 / 2,013,660,608 bytes free.
Warm up took 8805.599551 ms
dc_shp_alllayers_2013-00-30-07-00-47.ser     	2	20	879.847	880.323	879.860	0.354	879.086	880.910	1.137	20	0.125
cleanup (explicit Full GC): 1,909,459,312 / 2,012,939,968 bytes free.
Initial test: 883.281266 ms.
Testing file /home/marlin/mapbench/bin/../maps/dc_shp_alllayers_2013-00-30-07-00-47.ser for 10 loops ...
cleanup (explicit Full GC): 1,987,788,000 / 2,012,580,200 bytes free.
1 threads and 10 loops per thread, time: 8791.814493 ms
dc_shp_alllayers_2013-00-30-07-00-47.ser     	1	10	878.493	879.216	878.609	0.368	878.192	879.456	1.138	10	0.125
cleanup (explicit Full GC): 1,955,089,864 / 2,012,580,088 bytes free.
2 threads and 10 loops per thread, time: 9128.445389 ms
dc_shp_alllayers_2013-00-30-07-00-47.ser     	2	20	902.940	913.095	904.222	8.070	895.940	913.246	1.107	20	0.125
cleanup (explicit Full GC): 1,908,378,792 / 2,012,579,832 bytes free.
4 threads and 10 loops per thread, time: 9040.417013 ms
dc_shp_alllayers_2013-00-30-07-00-47.ser     	4	40	890.753	910.405	892.823	10.223	880.617	930.129	1.123	40	0.125


Loading drawing commands from file: /home/marlin/mapbench/bin/../maps/dc_spearfish_2013-11-30-06-11-15.ser
Loaded DrawingCommands: DrawingCommands{width=512, height=359, commands=1232}
drawing[dc_spearfish_2013-11-30-06-11-15.ser][width = 512, height = 359] ...
cleanup (explicit Full GC): 1,795,217,128 / 2,057,230,168 bytes free.
Initial test: 14.773431 ms.

Warming up with 2 threads and 213 loops on /home/marlin/mapbench/bin/../maps/dc_spearfish_2013-11-30-06-11-15.ser
cleanup (explicit Full GC): 2,042,857,656 / 2,056,831,040 bytes free.
Warm up took 2584.369812 ms
dc_spearfish_2013-11-30-06-11-15.ser         	2	426	12.103	12.258	12.130	0.119	12.078	13.145	82.622	426	10.000
cleanup (explicit Full GC): 2,024,492,784 / 2,056,104,096 bytes free.
Initial test: 12.318189 ms.
Testing file /home/marlin/mapbench/bin/../maps/dc_spearfish_2013-11-30-06-11-15.ser for 427 loops ...
cleanup (explicit Full GC): 2,041,731,584 / 2,055,750,632 bytes free.
1 threads and 427 loops per thread, time: 5195.563259 ms
dc_spearfish_2013-11-30-06-11-15.ser         	1	427	12.172	12.261	12.167	0.127	12.089	13.852	82.153	427	10.000
cleanup (explicit Full GC): 2,027,005,512 / 2,055,743,848 bytes free.
2 threads and 427 loops per thread, time: 5193.719165 ms
dc_spearfish_2013-11-30-06-11-15.ser         	2	854	12.128	12.219	12.142	0.045	12.070	12.406	82.454	854	10.000
cleanup (explicit Full GC): 2,009,032,984 / 2,055,736,920 bytes free.
4 threads and 427 loops per thread, time: 5279.232708 ms
dc_spearfish_2013-11-30-06-11-15.ser         	4	1708	12.102	12.733	12.299	0.766	12.064	26.572	82.634	1708	10.000


Loading drawing commands from file: /home/marlin/mapbench/bin/../maps/dc_spearfish_2013-11-30-06-11-19.ser
Loaded DrawingCommands: DrawingCommands{width=512, height=359, commands=349}
drawing[dc_spearfish_2013-11-30-06-11-19.ser][width = 512, height = 359] ...
cleanup (explicit Full GC): 1,962,315,112 / 2,057,494,440 bytes free.
Initial test: 6.517023 ms.

Warming up with 2 threads and 484 loops on /home/marlin/mapbench/bin/../maps/dc_spearfish_2013-11-30-06-11-19.ser
cleanup (explicit Full GC): 2,043,121,928 / 2,057,153,640 bytes free.
Warm up took 2883.120699 ms
dc_spearfish_2013-11-30-06-11-19.ser         	2	968	5.947	5.962	5.952	0.034	5.929	6.431	168.150	968	20.000
cleanup (explicit Full GC): 2,032,001,688 / 2,056,417,832 bytes free.
Initial test: 6.050292 ms.
Testing file /home/marlin/mapbench/bin/../maps/dc_spearfish_2013-11-30-06-11-19.ser for 869 loops ...
cleanup (explicit Full GC): 2,042,045,320 / 2,056,073,232 bytes free.
1 threads and 869 loops per thread, time: 5165.855792 ms
dc_spearfish_2013-11-30-06-11-19.ser         	1	869	5.943	5.954	5.944	0.009	5.927	6.090	168.252	869	20.000
cleanup (explicit Full GC): 2,034,514,416 / 2,056,059,376 bytes free.
2 threads and 869 loops per thread, time: 5248.050899 ms
dc_spearfish_2013-11-30-06-11-19.ser         	2	1738	6.021	6.070	6.033	0.093	5.931	7.743	166.078	1738	20.000
cleanup (explicit Full GC): 2,023,721,120 / 2,056,045,376 bytes free.
4 threads and 869 loops per thread, time: 5324.387052 ms
dc_spearfish_2013-11-30-06-11-19.ser         	4	3476	5.970	6.225	6.049	0.569	5.931	20.244	167.492	3476	20.000


Loading drawing commands from file: /home/marlin/mapbench/bin/../maps/dc_topp:states_2013-11-30-06-11-06.ser
Loaded DrawingCommands: DrawingCommands{width=780, height=330, commands=119}
drawing[dc_topp:states_2013-11-30-06-11-06.ser][width = 780, height = 330] ...
cleanup (explicit Full GC): 1,991,368,784 / 2,057,421,992 bytes free.
Initial test: 11.565945 ms.

Warming up with 2 threads and 273 loops on /home/marlin/mapbench/bin/../maps/dc_topp:states_2013-11-30-06-11-06.ser
cleanup (explicit Full GC): 2,043,049,480 / 2,057,114,936 bytes free.
Warm up took 3106.055367 ms
dc_topp:states_2013-11-30-06-11-06.ser       	2	546	11.363	11.388	11.368	0.035	11.335	11.780	88.002	546	10.000
cleanup (explicit Full GC): 2,039,149,288 / 2,056,385,880 bytes free.
Initial test: 11.359669 ms.
Testing file /home/marlin/mapbench/bin/../maps/dc_topp:states_2013-11-30-06-11-06.ser for 463 loops ...
cleanup (explicit Full GC): 2,042,013,368 / 2,056,034,528 bytes free.
1 threads and 463 loops per thread, time: 5281.78708 ms
dc_topp:states_2013-11-30-06-11-06.ser       	1	463	11.399	11.470	11.407	0.032	11.383	11.688	87.730	463	10.000
cleanup (explicit Full GC): 2,041,662,016 / 2,045,247,792 bytes free.
2 threads and 463 loops per thread, time: 5358.457308 ms
dc_topp:states_2013-11-30-06-11-06.ser       	2	926	11.543	11.650	11.561	0.150	11.418	13.276	86.631	926	10.000
cleanup (explicit Full GC): 2,027,282,144 / 2,056,019,568 bytes free.
4 threads and 463 loops per thread, time: 5473.065617 ms
dc_topp:states_2013-11-30-06-11-06.ser       	4	1852	11.463	11.689	11.567	0.779	11.307	25.885	87.238	1852	10.000


Loading drawing commands from file: /home/marlin/mapbench/bin/../maps/dc_topp:states_2013-11-30-06-11-07.ser
Loaded DrawingCommands: DrawingCommands{width=780, height=330, commands=144}
drawing[dc_topp:states_2013-11-30-06-11-07.ser][width = 780, height = 330] ...
cleanup (explicit Full GC): 2,020,088,192 / 2,057,469,112 bytes free.
Initial test: 7.250547 ms.

Warming up with 2 threads and 435 loops on /home/marlin/mapbench/bin/../maps/dc_topp:states_2013-11-30-06-11-07.ser
cleanup (explicit Full GC): 2,043,096,600 / 2,057,135,424 bytes free.
Warm up took 3156.893965 ms
dc_topp:states_2013-11-30-06-11-07.ser       	2	870	7.254	7.305	7.252	0.050	7.185	7.628	137.864	870	10.000
cleanup (explicit Full GC): 2,039,169,776 / 2,056,401,184 bytes free.
Initial test: 7.328861 ms.
Testing file /home/marlin/mapbench/bin/../maps/dc_topp:states_2013-11-30-06-11-07.ser for 718 loops ...
cleanup (explicit Full GC): 2,042,028,672 / 2,056,055,016 bytes free.
1 threads and 718 loops per thread, time: 5169.556426 ms
dc_topp:states_2013-11-30-06-11-07.ser       	1	718	7.199	7.211	7.199	0.011	7.179	7.354	138.917	718	10.000
cleanup (explicit Full GC): 2,041,682,504 / 2,056,043,576 bytes free.
2 threads and 718 loops per thread, time: 5198.351465 ms
dc_topp:states_2013-11-30-06-11-07.ser       	2	1436	7.215	7.295	7.227	0.036	7.179	7.483	138.602	1436	10.000
cleanup (explicit Full GC): 2,038,077,928 / 2,056,031,848 bytes free.
4 threads and 718 loops per thread, time: 5299.5057 ms
dc_topp:states_2013-11-30-06-11-07.ser       	4	2872	7.215	7.427	7.308	0.522	7.180	20.049	138.605	2872	10.000


Loading drawing commands from file: /home/marlin/mapbench/bin/../maps/spiralTest-dash-false.ser
Loaded DrawingCommands: DrawingCommands{width=4096, height=4096, commands=1}
drawing[spiralTest-dash-false.ser][width = 4096, height = 4096] ...
cleanup (explicit Full GC): 1,950,900,048 / 2,049,212,688 bytes free.
Initial test: 934.487166 ms.

Warming up with 2 threads and 10 loops on /home/marlin/mapbench/bin/../maps/spiralTest-dash-false.ser
cleanup (explicit Full GC): 1,884,893,696 / 2,048,865,448 bytes free.
Warm up took 9314.711533 ms
spiralTest-dash-false.ser                    	2	20	928.275	939.129	928.731	4.528	924.829	942.615	1.077	20	0.100
cleanup (explicit Full GC): 1,720,227,464 / 2,048,078,880 bytes free.
Initial test: 926.683419 ms.
Testing file /home/marlin/mapbench/bin/../maps/spiralTest-dash-false.ser for 10 loops ...
cleanup (explicit Full GC): 1,886,948,384 / 2,047,686,184 bytes free.
1 threads and 10 loops per thread, time: 9299.077916 ms
spiralTest-dash-false.ser                    	1	10	928.877	932.376	929.493	1.645	928.465	934.260	1.077	10	0.100
cleanup (explicit Full GC): 1,887,342,104 / 2,047,686,072 bytes free.
2 threads and 10 loops per thread, time: 9338.743879 ms
spiralTest-dash-false.ser                    	2	20	928.321	938.798	930.950	4.818	926.984	947.144	1.077	20	0.100
cleanup (explicit Full GC): 1,733,892,008 / 2,047,685,600 bytes free.
4 threads and 10 loops per thread, time: 9535.47174 ms
spiralTest-dash-false.ser                    	4	40	938.244	1009.922	945.894	24.272	929.479	1029.904	1.066	40	0.100


Loading drawing commands from file: /home/marlin/mapbench/bin/../maps/spiralTest-fill.ser
Loaded DrawingCommands: DrawingCommands{width=4096, height=4096, commands=1}
drawing[spiralTest-fill.ser][width = 4096, height = 4096] ...
cleanup (explicit Full GC): 1,069,244,200 / 2,035,241,968 bytes free.
Initial test: 788.565926 ms.

Warming up with 2 threads and 10 loops on /home/marlin/mapbench/bin/../maps/spiralTest-fill.ser
cleanup (explicit Full GC): 1,960,824,448 / 2,040,240,800 bytes free.
Warm up took 7896.261505 ms
spiralTest-fill.ser                          	2	20	788.489	791.913	788.538	2.088	784.821	792.518	1.268	20	0.125
cleanup (explicit Full GC): 1,897,366,968 / 2,039,454,440 bytes free.
Initial test: 789.028604 ms.
Testing file /home/marlin/mapbench/bin/../maps/spiralTest-fill.ser for 10 loops ...
cleanup (explicit Full GC): 1,965,036,920 / 2,039,061,808 bytes free.
1 threads and 10 loops per thread, time: 7893.032417 ms
spiralTest-fill.ser                          	1	10	788.656	790.213	788.884	0.811	787.577	790.627	1.268	10	0.125
cleanup (explicit Full GC): 1,964,644,288 / 2,039,061,696 bytes free.
2 threads and 10 loops per thread, time: 7957.058774 ms
spiralTest-fill.ser                          	2	20	793.312	798.595	794.021	2.391	791.286	799.446	1.261	20	0.125
cleanup (explicit Full GC): 1,896,187,864 / 2,039,061,440 bytes free.
4 threads and 10 loops per thread, time: 8083.405601 ms
spiralTest-fill.ser                          	4	40	797.370	823.353	801.049	9.310	792.911	832.268	1.254	40	0.125


Loading drawing commands from file: /home/marlin/mapbench/bin/../maps/test_z_625k.ser
Loaded DrawingCommands: DrawingCommands{width=1272, height=1261, commands=23345}
drawing[test_z_625k.ser][width = 1272, height = 1261] ...
cleanup (explicit Full GC): 1,719,260,992 / 2,050,738,040 bytes free.
Initial test: 148.859242 ms.

Warming up with 2 threads and 21 loops on /home/marlin/mapbench/bin/../maps/test_z_625k.ser
cleanup (explicit Full GC): 2,029,080,920 / 2,049,571,712 bytes free.
Warm up took 3152.028123 ms
test_z_625k.ser                              	2	42	149.844	151.421	149.975	0.630	149.207	152.250	6.674	42	0.667
cleanup (explicit Full GC): 1,999,939,352 / 2,048,850,720 bytes free.
Initial test: 148.993497 ms.
Testing file /home/marlin/mapbench/bin/../maps/test_z_625k.ser for 35 loops ...
cleanup (explicit Full GC): 2,037,972,984 / 2,048,491,304 bytes free.
1 threads and 35 loops per thread, time: 5228.42006 ms
test_z_625k.ser                              	1	35	149.347	149.754	149.339	0.254	148.970	149.994	6.696	35	0.667
cleanup (explicit Full GC): 2,014,257,872 / 2,048,490,792 bytes free.
2 threads and 35 loops per thread, time: 5339.189076 ms
test_z_625k.ser                              	2	70	152.112	153.854	152.279	0.542	151.724	154.029	6.574	70	0.667
cleanup (explicit Full GC): 1,980,892,512 / 2,048,490,136 bytes free.
4 threads and 35 loops per thread, time: 5522.715449 ms
test_z_625k.ser                              	4	140	152.003	161.204	153.304	3.866	149.683	167.212	6.579	140	0.667


WARMUP results:
Test                                         	Threads	Ops	Med	Pct95	Avg	StdDev	Min	Max	FPS(med)	TotalOps	Scale	[ms/op]
<<< Calib 1
[calibration]                                	4	12000	0.112	0.120	0.122	0.268	0.111	20.376	8917.385	12000	1.000
>>> Calib 1
<<< Warmup 1
CircleTests.ser                              	4	320	62.542	73.162	77.769	112.703	61.003	1183.489	15.989	320	2.000
>>> Warmup 1
<<< Warmup 2
CircleTests.ser                              	4	640	63.160	65.783	63.517	1.712	60.801	81.384	15.833	640	2.000
>>> Warmup 2
CircleTests.ser                              	2	102	62.427	62.877	62.370	0.344	61.934	63.715	16.019	102	2.000
EllipseTests-fill-false.ser                  	2	22	276.272	277.331	276.184	0.857	275.006	278.335	3.620	22	0.500
EllipseTests-fill-true.ser                   	2	20	337.833	340.177	336.974	2.155	333.418	340.832	2.960	20	0.286
LineWidthColorGridTest.ser                   	2	108	54.266	54.398	54.265	0.290	54.034	56.776	18.428	108	1.000
dc_boulder_2013-13-30-06-13-17.ser           	2	20	89.241	90.237	89.303	0.559	88.573	91.013	11.206	20	1.000
dc_boulder_2013-13-30-06-13-20.ser           	2	138	45.476	45.981	45.508	0.273	45.150	46.733	21.989	138	2.000
dc_shp_alllayers_2013-00-30-07-00-43.ser     	2	164	38.300	38.790	38.377	0.244	38.093	39.529	26.110	164	2.000
dc_shp_alllayers_2013-00-30-07-00-47.ser     	2	20	879.847	880.323	879.860	0.354	879.086	880.910	1.137	20	0.125
dc_spearfish_2013-11-30-06-11-15.ser         	2	426	12.103	12.258	12.130	0.119	12.078	13.145	82.622	426	10.000
dc_spearfish_2013-11-30-06-11-19.ser         	2	968	5.947	5.962	5.952	0.034	5.929	6.431	168.150	968	20.000
dc_topp:states_2013-11-30-06-11-06.ser       	2	546	11.363	11.388	11.368	0.035	11.335	11.780	88.002	546	10.000
dc_topp:states_2013-11-30-06-11-07.ser       	2	870	7.254	7.305	7.252	0.050	7.185	7.628	137.864	870	10.000
spiralTest-dash-false.ser                    	2	20	928.275	939.129	928.731	4.528	924.829	942.615	1.077	20	0.100
spiralTest-fill.ser                          	2	20	788.489	791.913	788.538	2.088	784.821	792.518	1.268	20	0.125
test_z_625k.ser                              	2	42	149.844	151.421	149.975	0.630	149.207	152.250	6.674	42	0.667

TEST results:
Test                                         	Threads	Ops	Med	Pct95	Avg	StdDev	Min	Max	FPS(med)	TotalOps	Scale	[ms/op]
CircleTests.ser                              	1	86	60.665	60.965	60.699	0.170	60.468	61.066	16.484	86	2.000
CircleTests.ser                              	2	172	62.465	62.905	62.372	0.366	61.893	63.922	16.009	172	2.000
CircleTests.ser                              	4	344	63.316	67.683	63.803	2.148	61.326	81.587	15.794	344	2.000
EllipseTests-fill-false.ser                  	1	18	274.919	275.329	274.961	0.232	274.613	275.455	3.637	18	0.500
EllipseTests-fill-false.ser                  	2	36	276.037	276.704	275.786	0.800	274.775	277.383	3.623	36	0.500
EllipseTests-fill-false.ser                  	4	72	277.787	292.042	279.474	5.156	275.620	301.409	3.600	72	0.500
EllipseTests-fill-true.ser                   	1	16	325.975	326.740	326.032	0.545	325.356	327.697	3.068	16	0.286
EllipseTests-fill-true.ser                   	2	32	336.778	339.245	335.992	2.814	330.071	339.659	2.969	32	0.286
EllipseTests-fill-true.ser                   	4	64	358.396	375.373	360.433	6.638	347.767	381.903	2.790	64	0.286
LineWidthColorGridTest.ser                   	1	96	54.294	54.523	54.295	0.156	54.034	54.901	18.418	96	1.000
LineWidthColorGridTest.ser                   	2	192	54.363	54.632	54.405	0.313	54.169	56.211	18.395	192	1.000
LineWidthColorGridTest.ser                   	4	384	54.613	58.864	55.200	1.958	54.164	72.344	18.311	384	1.000
dc_boulder_2013-13-30-06-13-17.ser           	1	59	88.187	89.384	88.241	0.490	87.629	89.668	11.340	59	1.000
dc_boulder_2013-13-30-06-13-17.ser           	2	118	89.006	89.490	89.085	0.242	88.759	90.213	11.235	118	1.000
dc_boulder_2013-13-30-06-13-17.ser           	4	236	89.716	94.681	90.541	2.880	88.534	110.231	11.146	236	1.000
dc_boulder_2013-13-30-06-13-20.ser           	1	115	45.257	45.880	45.365	0.240	45.164	46.183	22.096	115	2.000
dc_boulder_2013-13-30-06-13-20.ser           	2	230	45.531	45.977	45.566	0.216	45.270	46.456	21.963	230	2.000
dc_boulder_2013-13-30-06-13-20.ser           	4	460	46.021	50.034	46.499	1.364	44.739	56.127	21.729	460	2.000
dc_shp_alllayers_2013-00-30-07-00-43.ser     	1	137	37.916	38.490	38.050	0.347	37.865	39.678	26.374	137	2.000
dc_shp_alllayers_2013-00-30-07-00-43.ser     	2	274	38.371	38.928	38.382	0.267	38.034	39.191	26.062	274	2.000
dc_shp_alllayers_2013-00-30-07-00-43.ser     	4	548	38.850	42.549	39.330	1.432	38.049	56.294	25.740	548	2.000
dc_shp_alllayers_2013-00-30-07-00-47.ser     	1	10	878.493	879.216	878.609	0.368	878.192	879.456	1.138	10	0.125
dc_shp_alllayers_2013-00-30-07-00-47.ser     	2	20	902.940	913.095	904.222	8.070	895.940	913.246	1.107	20	0.125
dc_shp_alllayers_2013-00-30-07-00-47.ser     	4	40	890.753	910.405	892.823	10.223	880.617	930.129	1.123	40	0.125
dc_spearfish_2013-11-30-06-11-15.ser         	1	427	12.172	12.261	12.167	0.127	12.089	13.852	82.153	427	10.000
dc_spearfish_2013-11-30-06-11-15.ser         	2	854	12.128	12.219	12.142	0.045	12.070	12.406	82.454	854	10.000
dc_spearfish_2013-11-30-06-11-15.ser         	4	1708	12.102	12.733	12.299	0.766	12.064	26.572	82.634	1708	10.000
dc_spearfish_2013-11-30-06-11-19.ser         	1	869	5.943	5.954	5.944	0.009	5.927	6.090	168.252	869	20.000
dc_spearfish_2013-11-30-06-11-19.ser         	2	1738	6.021	6.070	6.033	0.093	5.931	7.743	166.078	1738	20.000
dc_spearfish_2013-11-30-06-11-19.ser         	4	3476	5.970	6.225	6.049	0.569	5.931	20.244	167.492	3476	20.000
dc_topp:states_2013-11-30-06-11-06.ser       	1	463	11.399	11.470	11.407	0.032	11.383	11.688	87.730	463	10.000
dc_topp:states_2013-11-30-06-11-06.ser       	2	926	11.543	11.650	11.561	0.150	11.418	13.276	86.631	926	10.000
dc_topp:states_2013-11-30-06-11-06.ser       	4	1852	11.463	11.689	11.567	0.779	11.307	25.885	87.238	1852	10.000
dc_topp:states_2013-11-30-06-11-07.ser       	1	718	7.199	7.211	7.199	0.011	7.179	7.354	138.917	718	10.000
dc_topp:states_2013-11-30-06-11-07.ser       	2	1436	7.215	7.295	7.227	0.036	7.179	7.483	138.602	1436	10.000
dc_topp:states_2013-11-30-06-11-07.ser       	4	2872	7.215	7.427	7.308	0.522	7.180	20.049	138.605	2872	10.000
spiralTest-dash-false.ser                    	1	10	928.877	932.376	929.493	1.645	928.465	934.260	1.077	10	0.100
spiralTest-dash-false.ser                    	2	20	928.321	938.798	930.950	4.818	926.984	947.144	1.077	20	0.100
spiralTest-dash-false.ser                    	4	40	938.244	1009.922	945.894	24.272	929.479	1029.904	1.066	40	0.100
spiralTest-fill.ser                          	1	10	788.656	790.213	788.884	0.811	787.577	790.627	1.268	10	0.125
spiralTest-fill.ser                          	2	20	793.312	798.595	794.021	2.391	791.286	799.446	1.261	20	0.125
spiralTest-fill.ser                          	4	40	797.370	823.353	801.049	9.310	792.911	832.268	1.254	40	0.125
test_z_625k.ser                              	1	35	149.347	149.754	149.339	0.254	148.970	149.994	6.696	35	0.667
test_z_625k.ser                              	2	70	152.112	153.854	152.279	0.542	151.724	154.029	6.574	70	0.667
test_z_625k.ser                              	4	140	152.003	161.204	153.304	3.866	149.683	167.212	6.579	140	0.667

Scores:
Tests	45	15	15	15	
Threads	4	1	2	4	
Med	100.210	99.211	100.393	101.025	
Pct95	102.441	99.723	101.232	106.368	
FPS	39.062	39.243	38.936	39.007	

