##############################################################
# Java: 1.8.0_60-ea-b05
#   VM: Java HotSpot(TM) 64-Bit Server VM 25.60-b05 (mixed mode)
#   OS: Linux 3.13.0-48-generic (amd64)
# CPUs: 4 (virtual)
##############################################################
Loading profile file: /home/marlin/mapbench/bin/../profiles/longer_shared.properties
Profile properties (merged with defaults):
  doClip=false
  doCreateStrokedShape=false
  doRotate=false
  doScale=false
  doShear=false
  doTranslate=false
  doUseDashedStroke=false
  doUseWingRuleEvenOdd=false
  maxThreads=4
  minDuration=10000.0
  minLoops=25
  pass=1
  rotateAngle=17.333
  scaleX=4.0
  scaleY=4.0
  shearX=2.0
  shearY=2.0
  translateX=0.0
  translateY=0.0
  useSharedImage=true
##############################################################
# Min duration per test = 10000.0 ms.
##############################################################
Loading maps from = /home/marlin/mapbench/bin/../maps
Results format: 
Test                                         	Threads	Ops	Med	Pct95	Avg	StdDev	Min	Max	TotalOps	[ms/op]

Calibrating up with 4 threads and 3000 loops
cleanup (explicit Full GC): 2,095,867,288 / 2,106,267,664 bytes free.
INFO: ===============================================================================
INFO: Marlin software rasterizer           = ENABLED
INFO: Version                              = [marlin-0.5.6-Unsafe]
INFO: sun.java2d.renderer                  = org.marlin.pisces.PiscesRenderingEngine
INFO: sun.java2d.renderer.useThreadLocal   = true
INFO: sun.java2d.renderer.useRef           = soft
INFO: sun.java2d.renderer.pixelsize        = 2048
INFO: sun.java2d.renderer.subPixel_log2_X  = 3
INFO: sun.java2d.renderer.subPixel_log2_Y  = 3
INFO: sun.java2d.renderer.tileSize_log2    = 5
INFO: sun.java2d.renderer.useFastMath      = false
INFO: sun.java2d.renderer.useSimplifier    = false
INFO: sun.java2d.renderer.doStats          = false
INFO: sun.java2d.renderer.doMonitors       = false
INFO: sun.java2d.renderer.doChecks         = false
INFO: sun.java2d.renderer.useJul           = false
INFO: sun.java2d.renderer.logCreateContext = false
INFO: sun.java2d.renderer.logUnsafeMalloc  = false
INFO: ===============================================================================
Calibration up took 1182.853323 ms
[calibration]                                	4	12000	0.350	0.358	0.353	0.127	0.326	12.069	12000
Loading drawing commands from file: /home/marlin/mapbench/bin/../maps/dc_boulder_2013-13-30-06-13-17.ser
Loaded DrawingCommands: DrawingCommands{width=1400, height=800, commands=4398}
drawing[dc_boulder_2013-13-30-06-13-17.ser][width = 1400, height = 800] ...

Warming up with 4 threads and 80 loops on /home/marlin/mapbench/bin/../maps/dc_boulder_2013-13-30-06-13-17.ser
cleanup (explicit Full GC): 2,080,964,664 / 2,106,878,824 bytes free.
INFO: AAShapePipe: overriding JDK implementation: marlin-renderer TILE patch enabled.
Warm up took 11651.784936 ms
dc_boulder_2013-13-30-06-13-17.ser           	4	320	119.114	126.751	145.408	152.948	118.364	1323.603	320

Warming up with 4 threads and 160 loops on /home/marlin/mapbench/bin/../maps/dc_boulder_2013-13-30-06-13-17.ser
cleanup (explicit Full GC): 2,026,434,048 / 2,108,521,344 bytes free.
Warm up took 19150.837943 ms
dc_boulder_2013-13-30-06-13-17.ser           	4	640	119.666	119.912	119.666	0.179	118.771	121.337	640
cleanup (explicit Full GC): 1,988,990,504 / 2,108,516,224 bytes free.
Initial test: 117.376769 ms.

Warming up with 2 threads and 26 loops on /home/marlin/mapbench/bin/../maps/dc_boulder_2013-13-30-06-13-17.ser
cleanup (explicit Full GC): 2,100,140,672 / 2,108,526,600 bytes free.
Warm up took 3077.340363 ms
dc_boulder_2013-13-30-06-13-17.ser           	2	52	118.242	118.460	118.256	0.132	117.934	118.581	52
cleanup (explicit Full GC): 2,081,711,752 / 2,108,525,544 bytes free.
Initial test: 117.129188 ms.
Testing file /home/marlin/mapbench/bin/../maps/dc_boulder_2013-13-30-06-13-17.ser for 89 loops ...
cleanup (explicit Full GC): 2,100,149,992 / 2,108,526,256 bytes free.
1 threads and 89 loops per thread, time: 10442.439456 ms
dc_boulder_2013-13-30-06-13-17.ser           	1	89	117.290	117.516	117.307	0.112	117.092	117.686	89
cleanup (explicit Full GC): 2,088,983,248 / 2,108,524,784 bytes free.
2 threads and 89 loops per thread, time: 10529.484757 ms
dc_boulder_2013-13-30-06-13-17.ser           	2	178	118.279	118.426	118.277	0.090	117.998	118.493	178
cleanup (explicit Full GC): 2,070,542,440 / 2,102,939,544 bytes free.
4 threads and 89 loops per thread, time: 10651.802483 ms
dc_boulder_2013-13-30-06-13-17.ser           	4	356	119.629	119.853	119.638	0.150	119.016	120.322	356


Loading drawing commands from file: /home/marlin/mapbench/bin/../maps/dc_boulder_2013-13-30-06-13-20.ser
Loaded DrawingCommands: DrawingCommands{width=1400, height=800, commands=2425}
drawing[dc_boulder_2013-13-30-06-13-20.ser][width = 1400, height = 800] ...
cleanup (explicit Full GC): 2,022,494,864 / 2,109,404,664 bytes free.
Initial test: 59.577686 ms.

Warming up with 2 threads and 53 loops on /home/marlin/mapbench/bin/../maps/dc_boulder_2013-13-30-06-13-20.ser
cleanup (explicit Full GC): 2,101,029,112 / 2,109,384,712 bytes free.
Warm up took 3101.61628 ms
dc_boulder_2013-13-30-06-13-20.ser           	2	106	58.417	58.666	58.486	0.371	58.251	61.288	106
cleanup (explicit Full GC): 2,088,153,552 / 2,109,382,960 bytes free.
Initial test: 57.425539 ms.
Testing file /home/marlin/mapbench/bin/../maps/dc_boulder_2013-13-30-06-13-20.ser for 183 loops ...
cleanup (explicit Full GC): 2,101,007,408 / 2,109,383,648 bytes free.
1 threads and 183 loops per thread, time: 10486.537544 ms
dc_boulder_2013-13-30-06-13-20.ser           	1	183	57.292	57.394	57.296	0.069	57.164	57.618	183
cleanup (explicit Full GC): 2,087,048,776 / 2,103,797,080 bytes free.
2 threads and 183 loops per thread, time: 10688.005191 ms
dc_boulder_2013-13-30-06-13-20.ser           	2	366	58.383	58.537	58.394	0.077	58.249	58.770	366
cleanup (explicit Full GC): 2,060,231,008 / 2,109,377,640 bytes free.
4 threads and 183 loops per thread, time: 10947.220271 ms
dc_boulder_2013-13-30-06-13-20.ser           	4	732	59.810	59.977	59.803	0.163	59.043	62.214	732


Loading drawing commands from file: /home/marlin/mapbench/bin/../maps/dc_shp_alllayers_2013-00-30-07-00-43.ser
Loaded DrawingCommands: DrawingCommands{width=1400, height=800, commands=568}
drawing[dc_shp_alllayers_2013-00-30-07-00-43.ser][width = 1400, height = 800] ...
cleanup (explicit Full GC): 2,023,349,168 / 2,109,888,496 bytes free.
Initial test: 46.886583 ms.

Warming up with 2 threads and 67 loops on /home/marlin/mapbench/bin/../maps/dc_shp_alllayers_2013-00-30-07-00-43.ser
cleanup (explicit Full GC): 2,101,512,944 / 2,109,894,800 bytes free.
Warm up took 3055.38732 ms
dc_shp_alllayers_2013-00-30-07-00-43.ser     	2	134	45.568	45.813	45.578	0.139	45.327	46.019	134
cleanup (explicit Full GC): 2,094,247,368 / 2,109,892,584 bytes free.
Initial test: 45.062132 ms.
Testing file /home/marlin/mapbench/bin/../maps/dc_shp_alllayers_2013-00-30-07-00-43.ser for 233 loops ...
cleanup (explicit Full GC): 2,101,517,032 / 2,109,894,800 bytes free.
1 threads and 233 loops per thread, time: 10485.587342 ms
dc_shp_alllayers_2013-00-30-07-00-43.ser     	1	233	44.984	45.254	44.998	0.124	44.783	45.405	233
cleanup (explicit Full GC): 2,098,727,384 / 2,109,891,240 bytes free.
2 threads and 233 loops per thread, time: 10610.806568 ms
dc_shp_alllayers_2013-00-30-07-00-43.ser     	2	466	45.509	45.729	45.532	0.117	45.300	45.976	466
cleanup (explicit Full GC): 2,088,660,080 / 2,109,887,272 bytes free.
4 threads and 233 loops per thread, time: 10902.111608 ms
dc_shp_alllayers_2013-00-30-07-00-43.ser     	4	932	46.786	47.025	46.777	0.166	46.235	47.382	932


Loading drawing commands from file: /home/marlin/mapbench/bin/../maps/dc_shp_alllayers_2013-00-30-07-00-47.ser
Loaded DrawingCommands: DrawingCommands{width=1400, height=800, commands=135213}
drawing[dc_shp_alllayers_2013-00-30-07-00-47.ser][width = 1400, height = 800] ...
cleanup (explicit Full GC): 1,977,563,824 / 2,071,907,544 bytes free.
Initial test: 784.950709 ms.

Warming up with 2 threads and 10 loops on /home/marlin/mapbench/bin/../maps/dc_shp_alllayers_2013-00-30-07-00-47.ser
cleanup (explicit Full GC): 2,046,780,800 / 2,067,958,320 bytes free.
Warm up took 7869.141638 ms
dc_shp_alllayers_2013-00-30-07-00-47.ser     	2	20	785.948	788.799	786.029	1.414	784.030	788.902	20
cleanup (explicit Full GC): 1,968,554,968 / 2,067,957,896 bytes free.
Initial test: 783.265406 ms.
Testing file /home/marlin/mapbench/bin/../maps/dc_shp_alllayers_2013-00-30-07-00-47.ser for 25 loops ...
cleanup (explicit Full GC): 2,048,414,888 / 2,067,958,288 bytes free.
1 threads and 25 loops per thread, time: 19636.677219 ms
dc_shp_alllayers_2013-00-30-07-00-47.ser     	1	25	785.280	786.729	785.179	0.972	783.052	786.744	25
cleanup (explicit Full GC): 1,953,491,904 / 2,067,957,936 bytes free.
2 threads and 25 loops per thread, time: 19657.529417 ms
dc_shp_alllayers_2013-00-30-07-00-47.ser     	2	50	785.810	787.765	785.994	1.070	784.058	789.297	50
cleanup (explicit Full GC): 1,840,128,840 / 2,067,957,416 bytes free.
4 threads and 25 loops per thread, time: 19702.483053 ms
dc_shp_alllayers_2013-00-30-07-00-47.ser     	4	100	787.089	790.092	787.643	2.174	784.722	797.524	100


Loading drawing commands from file: /home/marlin/mapbench/bin/../maps/dc_spearfish_2013-11-30-06-11-15.ser
Loaded DrawingCommands: DrawingCommands{width=512, height=359, commands=1232}
drawing[dc_spearfish_2013-11-30-06-11-15.ser][width = 512, height = 359] ...
cleanup (explicit Full GC): 1,857,562,512 / 2,109,799,704 bytes free.
Initial test: 13.302637 ms.

Warming up with 2 threads and 237 loops on /home/marlin/mapbench/bin/../maps/dc_spearfish_2013-11-30-06-11-15.ser
cleanup (explicit Full GC): 2,106,604,744 / 2,109,761,176 bytes free.
Warm up took 3046.437225 ms
dc_spearfish_2013-11-30-06-11-15.ser         	2	474	12.803	12.977	12.844	0.181	12.764	14.025	474
cleanup (explicit Full GC): 2,081,921,024 / 2,109,753,216 bytes free.
Initial test: 12.753432 ms.
Testing file /home/marlin/mapbench/bin/../maps/dc_spearfish_2013-11-30-06-11-15.ser for 825 loops ...
cleanup (explicit Full GC): 2,106,688,208 / 2,109,760,872 bytes free.
1 threads and 825 loops per thread, time: 10533.063967 ms
dc_spearfish_2013-11-30-06-11-15.ser         	1	825	12.752	12.845	12.766	0.046	12.726	13.313	825
cleanup (explicit Full GC): 2,074,086,536 / 2,109,747,624 bytes free.
2 threads and 825 loops per thread, time: 10575.255715 ms
dc_spearfish_2013-11-30-06-11-15.ser         	2	1650	12.802	12.867	12.805	0.044	12.749	13.276	1650
cleanup (explicit Full GC): 2,039,505,248 / 2,109,734,296 bytes free.
4 threads and 825 loops per thread, time: 10593.284357 ms
dc_spearfish_2013-11-30-06-11-15.ser         	4	3300	12.797	12.898	12.815	0.149	12.759	16.937	3300


Loading drawing commands from file: /home/marlin/mapbench/bin/../maps/dc_spearfish_2013-11-30-06-11-19.ser
Loaded DrawingCommands: DrawingCommands{width=512, height=359, commands=349}
drawing[dc_spearfish_2013-11-30-06-11-19.ser][width = 512, height = 359] ...
cleanup (explicit Full GC): 1,969,799,936 / 2,110,024,392 bytes free.
Initial test: 6.587718 ms.

Warming up with 2 threads and 479 loops on /home/marlin/mapbench/bin/../maps/dc_spearfish_2013-11-30-06-11-19.ser
cleanup (explicit Full GC): 2,107,463,248 / 2,110,068,696 bytes free.
Warm up took 3163.929318 ms
dc_spearfish_2013-11-30-06-11-19.ser         	2	958	6.596	6.610	6.598	0.015	6.578	6.762	958
cleanup (explicit Full GC): 2,095,627,328 / 2,110,053,312 bytes free.
Initial test: 6.610745 ms.
Testing file /home/marlin/mapbench/bin/../maps/dc_spearfish_2013-11-30-06-11-19.ser for 1592 loops ...
cleanup (explicit Full GC): 2,107,492,208 / 2,110,068,712 bytes free.
1 threads and 1592 loops per thread, time: 10493.171842 ms
dc_spearfish_2013-11-30-06-11-19.ser         	1	1592	6.586	6.638	6.591	0.021	6.569	6.859	1592
cleanup (explicit Full GC): 2,090,552,936 / 2,110,043,280 bytes free.
2 threads and 1592 loops per thread, time: 10516.028476 ms
dc_spearfish_2013-11-30-06-11-19.ser         	2	3184	6.596	6.613	6.598	0.017	6.575	6.870	3184
cleanup (explicit Full GC): 2,069,921,016 / 2,110,017,688 bytes free.
4 threads and 1592 loops per thread, time: 10537.307731 ms
dc_spearfish_2013-11-30-06-11-19.ser         	4	6368	6.603	6.625	6.606	0.021	6.580	7.029	6368


Loading drawing commands from file: /home/marlin/mapbench/bin/../maps/dc_topp:states_2013-11-30-06-11-06.ser
Loaded DrawingCommands: DrawingCommands{width=780, height=330, commands=119}
drawing[dc_topp:states_2013-11-30-06-11-06.ser][width = 780, height = 330] ...
cleanup (explicit Full GC): 2,030,208,464 / 2,109,966,688 bytes free.
Initial test: 12.454617 ms.

Warming up with 2 threads and 253 loops on /home/marlin/mapbench/bin/../maps/dc_topp:states_2013-11-30-06-11-06.ser
cleanup (explicit Full GC): 2,106,466,312 / 2,110,065,536 bytes free.
Warm up took 3137.017906 ms
dc_topp:states_2013-11-30-06-11-06.ser       	2	506	12.379	12.446	12.386	0.029	12.347	12.550	506
cleanup (explicit Full GC): 2,103,840,152 / 2,110,057,368 bytes free.
Initial test: 12.34967 ms.
Testing file /home/marlin/mapbench/bin/../maps/dc_topp:states_2013-11-30-06-11-06.ser for 852 loops ...
cleanup (explicit Full GC): 2,106,466,648 / 2,110,065,536 bytes free.
1 threads and 852 loops per thread, time: 10537.632808 ms
dc_topp:states_2013-11-30-06-11-06.ser       	1	852	12.355	12.435	12.367	0.034	12.328	12.608	852
cleanup (explicit Full GC): 2,103,354,960 / 2,110,051,952 bytes free.
2 threads and 852 loops per thread, time: 10550.862752 ms
dc_topp:states_2013-11-30-06-11-06.ser       	2	1704	12.373	12.426	12.379	0.028	12.338	12.606	1704
cleanup (explicit Full GC): 2,098,921,072 / 2,110,038,192 bytes free.
4 threads and 852 loops per thread, time: 10573.378511 ms
dc_topp:states_2013-11-30-06-11-06.ser       	4	3408	12.370	12.450	12.380	0.052	12.329	14.657	3408


Loading drawing commands from file: /home/marlin/mapbench/bin/../maps/dc_topp:states_2013-11-30-06-11-07.ser
Loaded DrawingCommands: DrawingCommands{width=780, height=330, commands=144}
drawing[dc_topp:states_2013-11-30-06-11-07.ser][width = 780, height = 330] ...
cleanup (explicit Full GC): 2,088,641,928 / 2,110,028,784 bytes free.
Initial test: 7.45998 ms.

Warming up with 2 threads and 423 loops on /home/marlin/mapbench/bin/../maps/dc_topp:states_2013-11-30-06-11-07.ser
cleanup (explicit Full GC): 2,106,438,072 / 2,110,079,632 bytes free.
Warm up took 3167.166869 ms
dc_topp:states_2013-11-30-06-11-07.ser       	2	846	7.469	7.545	7.478	0.029	7.445	7.615	846
cleanup (explicit Full GC): 2,100,734,504 / 2,110,066,160 bytes free.
Initial test: 7.495523 ms.
Testing file /home/marlin/mapbench/bin/../maps/dc_topp:states_2013-11-30-06-11-07.ser for 1404 loops ...
cleanup (explicit Full GC): 2,106,475,408 / 2,110,079,648 bytes free.
1 threads and 1404 loops per thread, time: 10491.564941 ms
dc_topp:states_2013-11-30-06-11-07.ser       	1	1404	7.460	7.545	7.472	0.033	7.434	7.683	1404
cleanup (explicit Full GC): 2,101,402,632 / 2,110,057,224 bytes free.
2 threads and 1404 loops per thread, time: 10504.789127 ms
dc_topp:states_2013-11-30-06-11-07.ser       	2	2808	7.469	7.539	7.477	0.028	7.439	7.701	2808
cleanup (explicit Full GC): 2,091,081,760 / 2,110,034,640 bytes free.
4 threads and 1404 loops per thread, time: 10554.873164 ms
dc_topp:states_2013-11-30-06-11-07.ser       	4	5616	7.477	7.565	7.491	0.113	7.443	15.531	5616


Loading drawing commands from file: /home/marlin/mapbench/bin/../maps/test_z_625k.ser
Loaded DrawingCommands: DrawingCommands{width=1272, height=1261, commands=23345}
drawing[test_z_625k.ser][width = 1272, height = 1261] ...
cleanup (explicit Full GC): 2,052,971,928 / 2,103,502,144 bytes free.
Initial test: 169.031224 ms.

Warming up with 2 threads and 18 loops on /home/marlin/mapbench/bin/../maps/test_z_625k.ser
cleanup (explicit Full GC): 2,092,829,624 / 2,102,784,424 bytes free.
Warm up took 3058.736891 ms
test_z_625k.ser                              	2	36	169.787	169.934	169.771	0.113	169.547	169.947	36
cleanup (explicit Full GC): 2,060,195,776 / 2,102,783,752 bytes free.
Initial test: 168.212127 ms.
Testing file /home/marlin/mapbench/bin/../maps/test_z_625k.ser for 62 loops ...
cleanup (explicit Full GC): 2,092,111,168 / 2,102,784,392 bytes free.
1 threads and 62 loops per thread, time: 10428.658034 ms
test_z_625k.ser                              	1	62	168.129	168.549	168.171	0.205	167.721	168.744	62
cleanup (explicit Full GC): 2,048,030,640 / 2,102,783,448 bytes free.
2 threads and 62 loops per thread, time: 10531.65579 ms
test_z_625k.ser                              	2	124	169.813	169.968	169.819	0.089	169.596	170.108	124
cleanup (explicit Full GC): 1,992,782,448 / 2,102,782,328 bytes free.
4 threads and 62 loops per thread, time: 10645.32498 ms
test_z_625k.ser                              	4	248	171.614	171.807	171.619	0.128	170.919	172.106	248


WARMUP results:
Test                                         	Threads	Ops	Med	Pct95	Avg	StdDev	Min	Max	TotalOps	[ms/op]
<<< Calib 1
[calibration]                                	4	12000	0.350	0.358	0.353	0.127	0.326	12.069	12000
>>> Calib 1
<<< Warmup 1
dc_boulder_2013-13-30-06-13-17.ser           	4	320	119.114	126.751	145.408	152.948	118.364	1323.603	320
>>> Warmup 1
<<< Warmup 2
dc_boulder_2013-13-30-06-13-17.ser           	4	640	119.666	119.912	119.666	0.179	118.771	121.337	640
>>> Warmup 2
dc_boulder_2013-13-30-06-13-17.ser           	2	52	118.242	118.460	118.256	0.132	117.934	118.581	52
dc_boulder_2013-13-30-06-13-20.ser           	2	106	58.417	58.666	58.486	0.371	58.251	61.288	106
dc_shp_alllayers_2013-00-30-07-00-43.ser     	2	134	45.568	45.813	45.578	0.139	45.327	46.019	134
dc_shp_alllayers_2013-00-30-07-00-47.ser     	2	20	785.948	788.799	786.029	1.414	784.030	788.902	20
dc_spearfish_2013-11-30-06-11-15.ser         	2	474	12.803	12.977	12.844	0.181	12.764	14.025	474
dc_spearfish_2013-11-30-06-11-19.ser         	2	958	6.596	6.610	6.598	0.015	6.578	6.762	958
dc_topp:states_2013-11-30-06-11-06.ser       	2	506	12.379	12.446	12.386	0.029	12.347	12.550	506
dc_topp:states_2013-11-30-06-11-07.ser       	2	846	7.469	7.545	7.478	0.029	7.445	7.615	846
test_z_625k.ser                              	2	36	169.787	169.934	169.771	0.113	169.547	169.947	36

TEST results:
Test                                         	Threads	Ops	Med	Pct95	Avg	StdDev	Min	Max	TotalOps	[ms/op]
dc_boulder_2013-13-30-06-13-17.ser           	1	89	117.290	117.516	117.307	0.112	117.092	117.686	89
dc_boulder_2013-13-30-06-13-17.ser           	2	178	118.279	118.426	118.277	0.090	117.998	118.493	178
dc_boulder_2013-13-30-06-13-17.ser           	4	356	119.629	119.853	119.638	0.150	119.016	120.322	356
dc_boulder_2013-13-30-06-13-20.ser           	1	183	57.292	57.394	57.296	0.069	57.164	57.618	183
dc_boulder_2013-13-30-06-13-20.ser           	2	366	58.383	58.537	58.394	0.077	58.249	58.770	366
dc_boulder_2013-13-30-06-13-20.ser           	4	732	59.810	59.977	59.803	0.163	59.043	62.214	732
dc_shp_alllayers_2013-00-30-07-00-43.ser     	1	233	44.984	45.254	44.998	0.124	44.783	45.405	233
dc_shp_alllayers_2013-00-30-07-00-43.ser     	2	466	45.509	45.729	45.532	0.117	45.300	45.976	466
dc_shp_alllayers_2013-00-30-07-00-43.ser     	4	932	46.786	47.025	46.777	0.166	46.235	47.382	932
dc_shp_alllayers_2013-00-30-07-00-47.ser     	1	25	785.280	786.729	785.179	0.972	783.052	786.744	25
dc_shp_alllayers_2013-00-30-07-00-47.ser     	2	50	785.810	787.765	785.994	1.070	784.058	789.297	50
dc_shp_alllayers_2013-00-30-07-00-47.ser     	4	100	787.089	790.092	787.643	2.174	784.722	797.524	100
dc_spearfish_2013-11-30-06-11-15.ser         	1	825	12.752	12.845	12.766	0.046	12.726	13.313	825
dc_spearfish_2013-11-30-06-11-15.ser         	2	1650	12.802	12.867	12.805	0.044	12.749	13.276	1650
dc_spearfish_2013-11-30-06-11-15.ser         	4	3300	12.797	12.898	12.815	0.149	12.759	16.937	3300
dc_spearfish_2013-11-30-06-11-19.ser         	1	1592	6.586	6.638	6.591	0.021	6.569	6.859	1592
dc_spearfish_2013-11-30-06-11-19.ser         	2	3184	6.596	6.613	6.598	0.017	6.575	6.870	3184
dc_spearfish_2013-11-30-06-11-19.ser         	4	6368	6.603	6.625	6.606	0.021	6.580	7.029	6368
dc_topp:states_2013-11-30-06-11-06.ser       	1	852	12.355	12.435	12.367	0.034	12.328	12.608	852
dc_topp:states_2013-11-30-06-11-06.ser       	2	1704	12.373	12.426	12.379	0.028	12.338	12.606	1704
dc_topp:states_2013-11-30-06-11-06.ser       	4	3408	12.370	12.450	12.380	0.052	12.329	14.657	3408
dc_topp:states_2013-11-30-06-11-07.ser       	1	1404	7.460	7.545	7.472	0.033	7.434	7.683	1404
dc_topp:states_2013-11-30-06-11-07.ser       	2	2808	7.469	7.539	7.477	0.028	7.439	7.701	2808
dc_topp:states_2013-11-30-06-11-07.ser       	4	5616	7.477	7.565	7.491	0.113	7.443	15.531	5616
test_z_625k.ser                              	1	62	168.129	168.549	168.171	0.205	167.721	168.744	62
test_z_625k.ser                              	2	124	169.813	169.968	169.819	0.089	169.596	170.108	124
test_z_625k.ser                              	4	248	171.614	171.807	171.619	0.128	170.919	172.106	248

Scores:

Tests	27	9	9	9	
Threads	4	1	2	4	
Pct95	135.669	134.989	135.541	136.477	
