##############################################################
# Java: 1.8.0_60-ea-b05
#   VM: Java HotSpot(TM) 64-Bit Server VM 25.60-b05 (mixed mode)
#   OS: Linux 3.13.0-48-generic (amd64)
# CPUs: 4 (virtual)
##############################################################
Loading profile file: /home/marlin/mapbench/bin/../profiles/longer_shared.properties
Profile properties (merged with defaults):
  doClip=false
  doCreateStrokedShape=false
  doRotate=false
  doScale=false
  doShear=false
  doTranslate=false
  doUseDashedStroke=false
  doUseWingRuleEvenOdd=false
  maxThreads=4
  minDuration=10000.0
  minLoops=25
  pass=1
  rotateAngle=17.333
  scaleX=4.0
  scaleY=4.0
  shearX=2.0
  shearY=2.0
  translateX=0.0
  translateY=0.0
  useSharedImage=true
##############################################################
# Min duration per test = 10000.0 ms.
##############################################################
Loading maps from = /home/marlin/mapbench/bin/../maps
Results format: 
Test                                         	Threads	Ops	Med	Pct95	Avg	StdDev	Min	Max	TotalOps	[ms/op]

Calibrating up with 4 threads and 3000 loops
cleanup (explicit Full GC): 2,095,867,288 / 2,106,267,672 bytes free.
INFO: ===============================================================================
INFO: Marlin software rasterizer           = ENABLED
INFO: Version                              = [marlin-0.5.6-Unsafe]
INFO: sun.java2d.renderer                  = org.marlin.pisces.PiscesRenderingEngine
INFO: sun.java2d.renderer.useThreadLocal   = true
INFO: sun.java2d.renderer.useRef           = soft
INFO: sun.java2d.renderer.pixelsize        = 2048
INFO: sun.java2d.renderer.subPixel_log2_X  = 3
INFO: sun.java2d.renderer.subPixel_log2_Y  = 3
INFO: sun.java2d.renderer.tileSize_log2    = 5
INFO: sun.java2d.renderer.useFastMath      = false
INFO: sun.java2d.renderer.useSimplifier    = true
INFO: sun.java2d.renderer.doStats          = false
INFO: sun.java2d.renderer.doMonitors       = false
INFO: sun.java2d.renderer.doChecks         = false
INFO: sun.java2d.renderer.useJul           = false
INFO: sun.java2d.renderer.logCreateContext = false
INFO: sun.java2d.renderer.logUnsafeMalloc  = false
INFO: ===============================================================================
Calibration up took 1180.073069 ms
[calibration]                                	4	12000	0.349	0.357	0.353	0.111	0.326	10.134	12000
Loading drawing commands from file: /home/marlin/mapbench/bin/../maps/dc_boulder_2013-13-30-06-13-17.ser
Loaded DrawingCommands: DrawingCommands{width=1400, height=800, commands=4398}
drawing[dc_boulder_2013-13-30-06-13-17.ser][width = 1400, height = 800] ...

Warming up with 4 threads and 80 loops on /home/marlin/mapbench/bin/../maps/dc_boulder_2013-13-30-06-13-17.ser
cleanup (explicit Full GC): 2,080,964,672 / 2,109,670,712 bytes free.
INFO: AAShapePipe: overriding JDK implementation: marlin-renderer TILE patch enabled.
Warm up took 11539.704472 ms
dc_boulder_2013-13-30-06-13-17.ser           	4	320	121.196	130.196	143.396	133.582	120.265	1305.251	320

Warming up with 4 threads and 160 loops on /home/marlin/mapbench/bin/../maps/dc_boulder_2013-13-30-06-13-17.ser
cleanup (explicit Full GC): 2,029,225,936 / 2,108,520,704 bytes free.
Warm up took 19713.085406 ms
dc_boulder_2013-13-30-06-13-17.ser           	4	640	121.133	123.558	121.609	0.950	120.598	124.482	640
cleanup (explicit Full GC): 1,988,989,864 / 2,108,515,704 bytes free.
Initial test: 119.014512 ms.

Warming up with 2 threads and 26 loops on /home/marlin/mapbench/bin/../maps/dc_boulder_2013-13-30-06-13-17.ser
cleanup (explicit Full GC): 2,100,140,152 / 2,108,525,960 bytes free.
Warm up took 3128.127516 ms
dc_boulder_2013-13-30-06-13-17.ser           	2	52	120.221	120.364	120.207	0.117	120.004	120.509	52
cleanup (explicit Full GC): 2,081,711,112 / 2,108,524,904 bytes free.
Initial test: 120.724256 ms.
Testing file /home/marlin/mapbench/bin/../maps/dc_boulder_2013-13-30-06-13-17.ser for 87 loops ...
cleanup (explicit Full GC): 2,100,149,352 / 2,108,525,616 bytes free.
1 threads and 87 loops per thread, time: 10352.937474 ms
dc_boulder_2013-13-30-06-13-17.ser           	1	87	118.975	119.158	118.975	0.113	118.693	119.305	87
cleanup (explicit Full GC): 2,088,982,608 / 2,108,524,176 bytes free.
2 threads and 87 loops per thread, time: 10459.445556 ms
dc_boulder_2013-13-30-06-13-17.ser           	2	174	120.181	120.382	120.191	0.111	119.897	120.568	174
cleanup (explicit Full GC): 2,064,958,144 / 2,108,522,576 bytes free.
4 threads and 87 loops per thread, time: 10627.489495 ms
dc_boulder_2013-13-30-06-13-17.ser           	4	348	121.279	122.476	121.447	0.445	120.911	123.530	348


Loading drawing commands from file: /home/marlin/mapbench/bin/../maps/dc_boulder_2013-13-30-06-13-20.ser
Loaded DrawingCommands: DrawingCommands{width=1400, height=800, commands=2425}
drawing[dc_boulder_2013-13-30-06-13-20.ser][width = 1400, height = 800] ...
cleanup (explicit Full GC): 2,028,077,896 / 2,109,404,152 bytes free.
Initial test: 59.361901 ms.

Warming up with 2 threads and 53 loops on /home/marlin/mapbench/bin/../maps/dc_boulder_2013-13-30-06-13-20.ser
cleanup (explicit Full GC): 2,101,028,600 / 2,109,384,072 bytes free.
Warm up took 3133.806418 ms
dc_boulder_2013-13-30-06-13-20.ser           	2	106	59.027	59.290	59.095	0.352	58.832	61.787	106
cleanup (explicit Full GC): 2,088,152,912 / 2,109,382,320 bytes free.
Initial test: 59.175605 ms.
Testing file /home/marlin/mapbench/bin/../maps/dc_boulder_2013-13-30-06-13-20.ser for 177 loops ...
cleanup (explicit Full GC): 2,101,006,768 / 2,109,383,008 bytes free.
1 threads and 177 loops per thread, time: 10230.850021 ms
dc_boulder_2013-13-30-06-13-20.ser           	1	177	57.782	57.925	57.794	0.083	57.621	58.030	177
cleanup (explicit Full GC): 2,089,840,000 / 2,103,796,536 bytes free.
2 threads and 177 loops per thread, time: 10439.800228 ms
dc_boulder_2013-13-30-06-13-20.ser           	2	354	58.955	59.156	58.971	0.100	58.763	59.320	354
cleanup (explicit Full GC): 2,065,814,192 / 2,109,377,192 bytes free.
4 threads and 177 loops per thread, time: 10723.338101 ms
dc_boulder_2013-13-30-06-13-20.ser           	4	708	59.886	60.782	60.024	0.374	59.090	62.023	708


Loading drawing commands from file: /home/marlin/mapbench/bin/../maps/dc_shp_alllayers_2013-00-30-07-00-43.ser
Loaded DrawingCommands: DrawingCommands{width=1400, height=800, commands=568}
drawing[dc_shp_alllayers_2013-00-30-07-00-43.ser][width = 1400, height = 800] ...
cleanup (explicit Full GC): 2,034,516,176 / 2,109,888,848 bytes free.
Initial test: 47.403341 ms.

Warming up with 2 threads and 66 loops on /home/marlin/mapbench/bin/../maps/dc_shp_alllayers_2013-00-30-07-00-43.ser
cleanup (explicit Full GC): 2,101,513,296 / 2,109,894,160 bytes free.
Warm up took 3071.877888 ms
dc_shp_alllayers_2013-00-30-07-00-43.ser     	2	132	46.416	46.665	46.374	0.187	46.069	46.846	132
cleanup (explicit Full GC): 2,094,246,728 / 2,109,891,976 bytes free.
Initial test: 45.757053 ms.
Testing file /home/marlin/mapbench/bin/../maps/dc_shp_alllayers_2013-00-30-07-00-43.ser for 230 loops ...
cleanup (explicit Full GC): 2,101,516,424 / 2,109,894,160 bytes free.
1 threads and 230 loops per thread, time: 10496.951833 ms
dc_shp_alllayers_2013-00-30-07-00-43.ser     	1	230	45.619	45.789	45.635	0.082	45.517	45.931	230
cleanup (explicit Full GC): 2,098,726,744 / 2,109,890,528 bytes free.
2 threads and 230 loops per thread, time: 10696.950353 ms
dc_shp_alllayers_2013-00-30-07-00-43.ser     	2	460	46.394	46.619	46.335	0.192	45.999	46.990	460
cleanup (explicit Full GC): 2,088,659,368 / 2,109,886,728 bytes free.
4 threads and 230 loops per thread, time: 10844.513581 ms
dc_shp_alllayers_2013-00-30-07-00-43.ser     	4	920	46.978	47.246	47.011	0.150	46.372	48.272	920


Loading drawing commands from file: /home/marlin/mapbench/bin/../maps/dc_shp_alllayers_2013-00-30-07-00-47.ser
Loaded DrawingCommands: DrawingCommands{width=1400, height=800, commands=135213}
drawing[dc_shp_alllayers_2013-00-30-07-00-47.ser][width = 1400, height = 800] ...
cleanup (explicit Full GC): 1,977,563,704 / 2,071,907,096 bytes free.
Initial test: 755.526056 ms.

Warming up with 2 threads and 10 loops on /home/marlin/mapbench/bin/../maps/dc_shp_alllayers_2013-00-30-07-00-47.ser
cleanup (explicit Full GC): 2,046,780,352 / 2,067,957,656 bytes free.
Warm up took 7585.572869 ms
dc_shp_alllayers_2013-00-30-07-00-47.ser     	2	20	757.937	758.774	757.718	0.857	756.047	758.775	20
cleanup (explicit Full GC): 1,968,554,304 / 2,067,957,256 bytes free.
Initial test: 754.732555 ms.
Testing file /home/marlin/mapbench/bin/../maps/dc_shp_alllayers_2013-00-30-07-00-47.ser for 25 loops ...
cleanup (explicit Full GC): 2,048,414,248 / 2,067,957,648 bytes free.
1 threads and 25 loops per thread, time: 18876.410589 ms
dc_shp_alllayers_2013-00-30-07-00-47.ser     	1	25	754.792	755.587	754.768	0.643	753.596	756.247	25
cleanup (explicit Full GC): 1,953,491,264 / 2,067,957,296 bytes free.
2 threads and 25 loops per thread, time: 18955.238313 ms
dc_shp_alllayers_2013-00-30-07-00-47.ser     	2	50	757.755	759.152	757.897	0.876	756.260	760.886	50
cleanup (explicit Full GC): 1,840,128,200 / 2,067,956,776 bytes free.
4 threads and 25 loops per thread, time: 19019.563425 ms
dc_shp_alllayers_2013-00-30-07-00-47.ser     	4	100	760.062	761.963	760.397	2.572	757.592	773.381	100


Loading drawing commands from file: /home/marlin/mapbench/bin/../maps/dc_spearfish_2013-11-30-06-11-15.ser
Loaded DrawingCommands: DrawingCommands{width=512, height=359, commands=1232}
drawing[dc_spearfish_2013-11-30-06-11-15.ser][width = 512, height = 359] ...
cleanup (explicit Full GC): 1,853,081,824 / 2,109,799,064 bytes free.
Initial test: 13.764094 ms.

Warming up with 2 threads and 229 loops on /home/marlin/mapbench/bin/../maps/dc_spearfish_2013-11-30-06-11-15.ser
cleanup (explicit Full GC): 2,106,734,032 / 2,109,760,656 bytes free.
Warm up took 2984.622037 ms
dc_spearfish_2013-11-30-06-11-15.ser         	2	458	12.984	13.076	13.006	0.153	12.923	14.092	458
cleanup (explicit Full GC): 2,081,921,672 / 2,109,752,832 bytes free.
Initial test: 12.925801 ms.
Testing file /home/marlin/mapbench/bin/../maps/dc_spearfish_2013-11-30-06-11-15.ser for 814 loops ...
cleanup (explicit Full GC): 2,106,558,000 / 2,109,760,232 bytes free.
1 threads and 814 loops per thread, time: 10535.74914 ms
dc_spearfish_2013-11-30-06-11-15.ser         	1	814	12.933	12.996	12.942	0.028	12.898	13.139	814
cleanup (explicit Full GC): 2,074,643,976 / 2,109,747,160 bytes free.
2 threads and 814 loops per thread, time: 10581.483623 ms
dc_spearfish_2013-11-30-06-11-15.ser         	2	1628	12.976	13.045	12.970	0.037	12.910	13.143	1628
cleanup (explicit Full GC): 2,041,419,160 / 2,109,734,008 bytes free.
4 threads and 814 loops per thread, time: 10605.145101 ms
dc_spearfish_2013-11-30-06-11-15.ser         	4	3256	12.973	13.037	12.985	0.037	12.934	13.588	3256


Loading drawing commands from file: /home/marlin/mapbench/bin/../maps/dc_spearfish_2013-11-30-06-11-19.ser
Loaded DrawingCommands: DrawingCommands{width=512, height=359, commands=349}
drawing[dc_spearfish_2013-11-30-06-11-19.ser][width = 512, height = 359] ...
cleanup (explicit Full GC): 1,973,626,312 / 2,110,024,456 bytes free.
Initial test: 6.743196 ms.

Warming up with 2 threads and 468 loops on /home/marlin/mapbench/bin/../maps/dc_spearfish_2013-11-30-06-11-19.ser
cleanup (explicit Full GC): 2,106,829,616 / 2,110,068,056 bytes free.
Warm up took 3134.390427 ms
dc_spearfish_2013-11-30-06-11-19.ser         	2	936	6.688	6.705	6.691	0.016	6.668	6.847	936
cleanup (explicit Full GC): 2,096,975,336 / 2,110,053,024 bytes free.
Initial test: 6.699944 ms.
Testing file /home/marlin/mapbench/bin/../maps/dc_spearfish_2013-11-30-06-11-19.ser for 1571 loops ...
cleanup (explicit Full GC): 2,106,988,016 / 2,110,068,072 bytes free.
1 threads and 1571 loops per thread, time: 10495.765709 ms
dc_spearfish_2013-11-30-06-11-19.ser         	1	1571	6.676	6.729	6.680	0.017	6.658	6.781	1571
cleanup (explicit Full GC): 2,089,679,352 / 2,110,042,976 bytes free.
2 threads and 1571 loops per thread, time: 10522.62027 ms
dc_spearfish_2013-11-30-06-11-19.ser         	2	3142	6.689	6.706	6.692	0.015	6.666	6.815	3142
cleanup (explicit Full GC): 2,071,113,088 / 2,110,017,720 bytes free.
4 threads and 1571 loops per thread, time: 10554.159331 ms
dc_spearfish_2013-11-30-06-11-19.ser         	4	6284	6.696	6.731	6.702	0.021	6.674	7.118	6284


Loading drawing commands from file: /home/marlin/mapbench/bin/../maps/dc_topp:states_2013-11-30-06-11-06.ser
Loaded DrawingCommands: DrawingCommands{width=780, height=330, commands=119}
drawing[dc_topp:states_2013-11-30-06-11-06.ser][width = 780, height = 330] ...
cleanup (explicit Full GC): 2,032,706,936 / 2,109,967,392 bytes free.
Initial test: 12.33134 ms.

Warming up with 2 threads and 256 loops on /home/marlin/mapbench/bin/../maps/dc_topp:states_2013-11-30-06-11-06.ser
cleanup (explicit Full GC): 2,106,902,376 / 2,110,064,896 bytes free.
Warm up took 3160.750691 ms
dc_topp:states_2013-11-30-06-11-06.ser       	2	512	12.338	12.380	12.339	0.019	12.311	12.436	512
cleanup (explicit Full GC): 2,103,930,048 / 2,110,056,632 bytes free.
Initial test: 12.376414 ms.
Testing file /home/marlin/mapbench/bin/../maps/dc_topp:states_2013-11-30-06-11-06.ser for 850 loops ...
cleanup (explicit Full GC): 2,106,991,624 / 2,110,064,896 bytes free.
1 threads and 850 loops per thread, time: 10489.88348 ms
dc_topp:states_2013-11-30-06-11-06.ser       	1	850	12.333	12.391	12.340	0.022	12.314	12.463	850
cleanup (explicit Full GC): 2,105,219,248 / 2,110,051,344 bytes free.
2 threads and 850 loops per thread, time: 10491.003945 ms
dc_topp:states_2013-11-30-06-11-06.ser       	2	1700	12.336	12.378	12.338	0.018	12.303	12.435	1700
cleanup (explicit Full GC): 2,100,095,664 / 2,110,037,616 bytes free.
4 threads and 850 loops per thread, time: 10532.247406 ms
dc_topp:states_2013-11-30-06-11-06.ser       	4	3400	12.348	12.413	12.359	0.042	12.317	14.020	3400


Loading drawing commands from file: /home/marlin/mapbench/bin/../maps/dc_topp:states_2013-11-30-06-11-07.ser
Loaded DrawingCommands: DrawingCommands{width=780, height=330, commands=144}
drawing[dc_topp:states_2013-11-30-06-11-07.ser][width = 780, height = 330] ...
cleanup (explicit Full GC): 2,089,615,056 / 2,110,028,272 bytes free.
Initial test: 7.414779 ms.

Warming up with 2 threads and 425 loops on /home/marlin/mapbench/bin/../maps/dc_topp:states_2013-11-30-06-11-07.ser
cleanup (explicit Full GC): 2,106,833,448 / 2,110,078,992 bytes free.
Warm up took 3153.117446 ms
dc_topp:states_2013-11-30-06-11-07.ser       	2	850	7.412	7.459	7.416	0.019	7.394	7.562	850
cleanup (explicit Full GC): 2,100,382,928 / 2,110,065,336 bytes free.
Initial test: 7.443829 ms.
Testing file /home/marlin/mapbench/bin/../maps/dc_topp:states_2013-11-30-06-11-07.ser for 1414 loops ...
cleanup (explicit Full GC): 2,107,000,328 / 2,110,079,008 bytes free.
1 threads and 1414 loops per thread, time: 10470.393581 ms
dc_topp:states_2013-11-30-06-11-07.ser       	1	1414	7.398	7.457	7.404	0.022	7.377	7.579	1414
cleanup (explicit Full GC): 2,101,152,880 / 2,110,056,424 bytes free.
2 threads and 1414 loops per thread, time: 10489.433271 ms
dc_topp:states_2013-11-30-06-11-07.ser       	2	2828	7.414	7.454	7.417	0.016	7.390	7.558	2828
cleanup (explicit Full GC): 2,092,978,312 / 2,110,033,680 bytes free.
4 threads and 1414 loops per thread, time: 10533.764263 ms
dc_topp:states_2013-11-30-06-11-07.ser       	4	5656	7.416	7.459	7.424	0.027	7.387	7.900	5656


Loading drawing commands from file: /home/marlin/mapbench/bin/../maps/test_z_625k.ser
Loaded DrawingCommands: DrawingCommands{width=1272, height=1261, commands=23345}
drawing[test_z_625k.ser][width = 1272, height = 1261] ...
cleanup (explicit Full GC): 2,052,702,040 / 2,103,500,200 bytes free.
Initial test: 168.982835 ms.

Warming up with 2 threads and 18 loops on /home/marlin/mapbench/bin/../maps/test_z_625k.ser
cleanup (explicit Full GC): 2,091,978,952 / 2,102,783,120 bytes free.
Warm up took 3062.510563 ms
test_z_625k.ser                              	2	36	169.980	170.128	169.982	0.093	169.811	170.267	36
cleanup (explicit Full GC): 2,059,138,560 / 2,102,782,448 bytes free.
Initial test: 170.841462 ms.
Testing file /home/marlin/mapbench/bin/../maps/test_z_625k.ser for 61 loops ...
cleanup (explicit Full GC): 2,091,520,848 / 2,102,783,088 bytes free.
1 threads and 61 loops per thread, time: 10238.011226 ms
test_z_625k.ser                              	1	61	167.791	168.031	167.805	0.140	167.539	168.225	61
cleanup (explicit Full GC): 2,047,321,904 / 2,102,782,160 bytes free.
2 threads and 61 loops per thread, time: 10349.812132 ms
test_z_625k.ser                              	2	122	169.614	169.745	169.623	0.077	169.445	169.816	122
cleanup (explicit Full GC): 1,994,609,568 / 2,102,781,056 bytes free.
4 threads and 61 loops per thread, time: 10576.28492 ms
test_z_625k.ser                              	4	244	170.880	173.615	171.459	1.105	170.494	173.850	244


WARMUP results:
Test                                         	Threads	Ops	Med	Pct95	Avg	StdDev	Min	Max	TotalOps	[ms/op]
<<< Calib 1
[calibration]                                	4	12000	0.349	0.357	0.353	0.111	0.326	10.134	12000
>>> Calib 1
<<< Warmup 1
dc_boulder_2013-13-30-06-13-17.ser           	4	320	121.196	130.196	143.396	133.582	120.265	1305.251	320
>>> Warmup 1
<<< Warmup 2
dc_boulder_2013-13-30-06-13-17.ser           	4	640	121.133	123.558	121.609	0.950	120.598	124.482	640
>>> Warmup 2
dc_boulder_2013-13-30-06-13-17.ser           	2	52	120.221	120.364	120.207	0.117	120.004	120.509	52
dc_boulder_2013-13-30-06-13-20.ser           	2	106	59.027	59.290	59.095	0.352	58.832	61.787	106
dc_shp_alllayers_2013-00-30-07-00-43.ser     	2	132	46.416	46.665	46.374	0.187	46.069	46.846	132
dc_shp_alllayers_2013-00-30-07-00-47.ser     	2	20	757.937	758.774	757.718	0.857	756.047	758.775	20
dc_spearfish_2013-11-30-06-11-15.ser         	2	458	12.984	13.076	13.006	0.153	12.923	14.092	458
dc_spearfish_2013-11-30-06-11-19.ser         	2	936	6.688	6.705	6.691	0.016	6.668	6.847	936
dc_topp:states_2013-11-30-06-11-06.ser       	2	512	12.338	12.380	12.339	0.019	12.311	12.436	512
dc_topp:states_2013-11-30-06-11-07.ser       	2	850	7.412	7.459	7.416	0.019	7.394	7.562	850
test_z_625k.ser                              	2	36	169.980	170.128	169.982	0.093	169.811	170.267	36

TEST results:
Test                                         	Threads	Ops	Med	Pct95	Avg	StdDev	Min	Max	TotalOps	[ms/op]
dc_boulder_2013-13-30-06-13-17.ser           	1	87	118.975	119.158	118.975	0.113	118.693	119.305	87
dc_boulder_2013-13-30-06-13-17.ser           	2	174	120.181	120.382	120.191	0.111	119.897	120.568	174
dc_boulder_2013-13-30-06-13-17.ser           	4	348	121.279	122.476	121.447	0.445	120.911	123.530	348
dc_boulder_2013-13-30-06-13-20.ser           	1	177	57.782	57.925	57.794	0.083	57.621	58.030	177
dc_boulder_2013-13-30-06-13-20.ser           	2	354	58.955	59.156	58.971	0.100	58.763	59.320	354
dc_boulder_2013-13-30-06-13-20.ser           	4	708	59.886	60.782	60.024	0.374	59.090	62.023	708
dc_shp_alllayers_2013-00-30-07-00-43.ser     	1	230	45.619	45.789	45.635	0.082	45.517	45.931	230
dc_shp_alllayers_2013-00-30-07-00-43.ser     	2	460	46.394	46.619	46.335	0.192	45.999	46.990	460
dc_shp_alllayers_2013-00-30-07-00-43.ser     	4	920	46.978	47.246	47.011	0.150	46.372	48.272	920
dc_shp_alllayers_2013-00-30-07-00-47.ser     	1	25	754.792	755.587	754.768	0.643	753.596	756.247	25
dc_shp_alllayers_2013-00-30-07-00-47.ser     	2	50	757.755	759.152	757.897	0.876	756.260	760.886	50
dc_shp_alllayers_2013-00-30-07-00-47.ser     	4	100	760.062	761.963	760.397	2.572	757.592	773.381	100
dc_spearfish_2013-11-30-06-11-15.ser         	1	814	12.933	12.996	12.942	0.028	12.898	13.139	814
dc_spearfish_2013-11-30-06-11-15.ser         	2	1628	12.976	13.045	12.970	0.037	12.910	13.143	1628
dc_spearfish_2013-11-30-06-11-15.ser         	4	3256	12.973	13.037	12.985	0.037	12.934	13.588	3256
dc_spearfish_2013-11-30-06-11-19.ser         	1	1571	6.676	6.729	6.680	0.017	6.658	6.781	1571
dc_spearfish_2013-11-30-06-11-19.ser         	2	3142	6.689	6.706	6.692	0.015	6.666	6.815	3142
dc_spearfish_2013-11-30-06-11-19.ser         	4	6284	6.696	6.731	6.702	0.021	6.674	7.118	6284
dc_topp:states_2013-11-30-06-11-06.ser       	1	850	12.333	12.391	12.340	0.022	12.314	12.463	850
dc_topp:states_2013-11-30-06-11-06.ser       	2	1700	12.336	12.378	12.338	0.018	12.303	12.435	1700
dc_topp:states_2013-11-30-06-11-06.ser       	4	3400	12.348	12.413	12.359	0.042	12.317	14.020	3400
dc_topp:states_2013-11-30-06-11-07.ser       	1	1414	7.398	7.457	7.404	0.022	7.377	7.579	1414
dc_topp:states_2013-11-30-06-11-07.ser       	2	2828	7.414	7.454	7.417	0.016	7.390	7.558	2828
dc_topp:states_2013-11-30-06-11-07.ser       	4	5656	7.416	7.459	7.424	0.027	7.387	7.900	5656
test_z_625k.ser                              	1	61	167.791	168.031	167.805	0.140	167.539	168.225	61
test_z_625k.ser                              	2	122	169.614	169.745	169.623	0.077	169.445	169.816	122
test_z_625k.ser                              	4	244	170.880	173.615	171.459	1.105	170.494	173.850	244

Scores:

Tests	27	9	9	9	
Threads	4	1	2	4	
Pct95	132.830	131.785	132.738	133.969	
