##############################################################
# Java: 1.8.0_60-ea-b05
#   VM: Java HotSpot(TM) 64-Bit Server VM 25.60-b05 (mixed mode)
#   OS: Linux 3.13.0-48-generic (amd64)
# CPUs: 4 (virtual)
##############################################################
Loading profile file: /home/marlin/mapbench/bin/../profiles/longer_shared.properties
Profile properties (merged with defaults):
  doClip=false
  doCreateStrokedShape=false
  doRotate=false
  doScale=false
  doShear=false
  doTranslate=false
  doUseDashedStroke=false
  doUseWingRuleEvenOdd=false
  maxThreads=4
  minDuration=10000.0
  minLoops=25
  pass=1
  rotateAngle=17.333
  scaleX=4.0
  scaleY=4.0
  shearX=2.0
  shearY=2.0
  translateX=0.0
  translateY=0.0
  useSharedImage=true
##############################################################
# Min duration per test = 10000.0 ms.
##############################################################
Loading maps from = /home/marlin/mapbench/bin/../maps
Results format: 
Test                                         	Threads	Ops	Med	Pct95	Avg	StdDev	Min	Max	TotalOps	[ms/op]

Calibrating up with 4 threads and 3000 loops
cleanup (explicit Full GC): 2,095,867,288 / 2,106,267,664 bytes free.
INFO: ===============================================================================
INFO: Marlin software rasterizer           = ENABLED
INFO: Version                              = [marlin-0.5.6-Unsafe]
INFO: sun.java2d.renderer                  = org.marlin.pisces.PiscesRenderingEngine
INFO: sun.java2d.renderer.useThreadLocal   = true
INFO: sun.java2d.renderer.useRef           = soft
INFO: sun.java2d.renderer.pixelsize        = 2048
INFO: sun.java2d.renderer.subPixel_log2_X  = 3
INFO: sun.java2d.renderer.subPixel_log2_Y  = 3
INFO: sun.java2d.renderer.tileSize_log2    = 5
INFO: sun.java2d.renderer.useFastMath      = false
INFO: sun.java2d.renderer.useSimplifier    = false
INFO: sun.java2d.renderer.doStats          = false
INFO: sun.java2d.renderer.doMonitors       = false
INFO: sun.java2d.renderer.doChecks         = false
INFO: sun.java2d.renderer.useJul           = false
INFO: sun.java2d.renderer.logCreateContext = false
INFO: sun.java2d.renderer.logUnsafeMalloc  = false
INFO: ===============================================================================
Calibration up took 1183.344231 ms
[calibration]                                	4	12000	0.350	0.358	0.353	0.130	0.328	11.815	12000
Loading drawing commands from file: /home/marlin/mapbench/bin/../maps/dc_boulder_2013-13-30-06-13-17.ser
Loaded DrawingCommands: DrawingCommands{width=1400, height=800, commands=4398}
drawing[dc_boulder_2013-13-30-06-13-17.ser][width = 1400, height = 800] ...

Warming up with 4 threads and 80 loops on /home/marlin/mapbench/bin/../maps/dc_boulder_2013-13-30-06-13-17.ser
cleanup (explicit Full GC): 2,083,756,440 / 2,109,695,920 bytes free.
INFO: AAShapePipe: overriding JDK implementation: marlin-renderer TILE patch enabled.
Warm up took 11621.399581 ms
dc_boulder_2013-13-30-06-13-17.ser           	4	320	119.385	123.871	144.712	152.550	118.126	1251.627	320

Warming up with 4 threads and 160 loops on /home/marlin/mapbench/bin/../maps/dc_boulder_2013-13-30-06-13-17.ser
cleanup (explicit Full GC): 2,029,251,144 / 2,108,520,784 bytes free.
Warm up took 19177.336288 ms
dc_boulder_2013-13-30-06-13-17.ser           	4	640	119.800	119.997	119.831	0.307	119.431	123.611	640
cleanup (explicit Full GC): 1,988,989,944 / 2,108,515,664 bytes free.
Initial test: 117.172266 ms.

Warming up with 2 threads and 26 loops on /home/marlin/mapbench/bin/../maps/dc_boulder_2013-13-30-06-13-17.ser
cleanup (explicit Full GC): 2,100,140,112 / 2,108,526,040 bytes free.
Warm up took 3080.419197 ms
dc_boulder_2013-13-30-06-13-17.ser           	2	52	118.372	118.612	118.379	0.119	118.075	118.746	52
cleanup (explicit Full GC): 2,081,711,192 / 2,108,524,984 bytes free.
Initial test: 117.125066 ms.
Testing file /home/marlin/mapbench/bin/../maps/dc_boulder_2013-13-30-06-13-17.ser for 89 loops ...
cleanup (explicit Full GC): 2,100,149,432 / 2,108,525,696 bytes free.
1 threads and 89 loops per thread, time: 10422.429494 ms
dc_boulder_2013-13-30-06-13-17.ser           	1	89	117.061	117.296	117.083	0.127	116.827	117.650	89
cleanup (explicit Full GC): 2,088,982,688 / 2,108,524,224 bytes free.
2 threads and 89 loops per thread, time: 10543.010444 ms
dc_boulder_2013-13-30-06-13-17.ser           	2	178	118.424	118.608	118.431	0.107	118.170	118.938	178
cleanup (explicit Full GC): 2,064,958,192 / 2,108,522,592 bytes free.
4 threads and 89 loops per thread, time: 10662.523204 ms
dc_boulder_2013-13-30-06-13-17.ser           	4	356	119.775	119.906	119.748	0.163	118.773	120.065	356


Loading drawing commands from file: /home/marlin/mapbench/bin/../maps/dc_boulder_2013-13-30-06-13-20.ser
Loaded DrawingCommands: DrawingCommands{width=1400, height=800, commands=2425}
drawing[dc_boulder_2013-13-30-06-13-20.ser][width = 1400, height = 800] ...
cleanup (explicit Full GC): 2,028,077,912 / 2,109,404,224 bytes free.
Initial test: 59.3343 ms.

Warming up with 2 threads and 53 loops on /home/marlin/mapbench/bin/../maps/dc_boulder_2013-13-30-06-13-20.ser
cleanup (explicit Full GC): 2,101,028,672 / 2,109,384,152 bytes free.
Warm up took 3104.608975 ms
dc_boulder_2013-13-30-06-13-20.ser           	2	106	58.481	58.703	58.544	0.382	58.308	61.517	106
cleanup (explicit Full GC): 2,088,152,992 / 2,109,382,400 bytes free.
Initial test: 57.44834 ms.
Testing file /home/marlin/mapbench/bin/../maps/dc_boulder_2013-13-30-06-13-20.ser for 183 loops ...
cleanup (explicit Full GC): 2,101,006,848 / 2,109,383,088 bytes free.
1 threads and 183 loops per thread, time: 10506.42095 ms
dc_boulder_2013-13-30-06-13-20.ser           	1	183	57.393	57.552	57.405	0.089	57.217	57.698	183
cleanup (explicit Full GC): 2,087,048,216 / 2,103,796,520 bytes free.
2 threads and 183 loops per thread, time: 10743.218873 ms
dc_boulder_2013-13-30-06-13-20.ser           	2	366	58.688	58.865	58.695	0.086	58.473	59.037	366
cleanup (explicit Full GC): 2,060,230,448 / 2,109,377,080 bytes free.
4 threads and 183 loops per thread, time: 10896.525798 ms
dc_boulder_2013-13-30-06-13-20.ser           	4	732	59.505	59.685	59.516	0.125	59.045	61.302	732


Loading drawing commands from file: /home/marlin/mapbench/bin/../maps/dc_shp_alllayers_2013-00-30-07-00-43.ser
Loaded DrawingCommands: DrawingCommands{width=1400, height=800, commands=568}
drawing[dc_shp_alllayers_2013-00-30-07-00-43.ser][width = 1400, height = 800] ...
cleanup (explicit Full GC): 2,023,348,608 / 2,109,888,544 bytes free.
Initial test: 46.968565 ms.

Warming up with 2 threads and 67 loops on /home/marlin/mapbench/bin/../maps/dc_shp_alllayers_2013-00-30-07-00-43.ser
cleanup (explicit Full GC): 2,101,512,992 / 2,109,894,240 bytes free.
Warm up took 3070.162125 ms
dc_shp_alllayers_2013-00-30-07-00-43.ser     	2	134	45.789	46.103	45.800	0.175	45.424	46.410	134
cleanup (explicit Full GC): 2,094,246,808 / 2,109,892,024 bytes free.
Initial test: 45.406626 ms.
Testing file /home/marlin/mapbench/bin/../maps/dc_shp_alllayers_2013-00-30-07-00-43.ser for 231 loops ...
cleanup (explicit Full GC): 2,101,516,472 / 2,109,894,240 bytes free.
1 threads and 231 loops per thread, time: 10440.696619 ms
dc_shp_alllayers_2013-00-30-07-00-43.ser     	1	231	45.185	45.452	45.194	0.157	44.872	45.901	231
cleanup (explicit Full GC): 2,098,726,824 / 2,109,890,592 bytes free.
2 threads and 231 loops per thread, time: 10567.539291 ms
dc_shp_alllayers_2013-00-30-07-00-43.ser     	2	462	45.731	45.964	45.739	0.138	45.367	46.393	462
cleanup (explicit Full GC): 2,088,659,432 / 2,109,887,016 bytes free.
4 threads and 231 loops per thread, time: 10802.054444 ms
dc_shp_alllayers_2013-00-30-07-00-43.ser     	4	924	46.671	47.148	46.692	0.264	46.065	47.398	924


Loading drawing commands from file: /home/marlin/mapbench/bin/../maps/dc_shp_alllayers_2013-00-30-07-00-47.ser
Loaded DrawingCommands: DrawingCommands{width=1400, height=800, commands=135213}
drawing[dc_shp_alllayers_2013-00-30-07-00-47.ser][width = 1400, height = 800] ...
cleanup (explicit Full GC): 1,977,563,912 / 2,071,907,112 bytes free.
Initial test: 797.294589 ms.

Warming up with 2 threads and 10 loops on /home/marlin/mapbench/bin/../maps/dc_shp_alllayers_2013-00-30-07-00-47.ser
cleanup (explicit Full GC): 2,046,780,368 / 2,067,957,736 bytes free.
Warm up took 8009.585956 ms
dc_shp_alllayers_2013-00-30-07-00-47.ser     	2	20	799.947	801.731	800.039	1.397	796.234	803.207	20
cleanup (explicit Full GC): 1,968,554,384 / 2,067,957,336 bytes free.
Initial test: 799.677325 ms.
Testing file /home/marlin/mapbench/bin/../maps/dc_shp_alllayers_2013-00-30-07-00-47.ser for 25 loops ...
cleanup (explicit Full GC): 2,048,414,328 / 2,067,957,728 bytes free.
1 threads and 25 loops per thread, time: 19951.596634 ms
dc_shp_alllayers_2013-00-30-07-00-47.ser     	1	25	797.716	799.695	797.776	1.229	795.426	800.103	25
cleanup (explicit Full GC): 1,953,491,344 / 2,067,957,376 bytes free.
2 threads and 25 loops per thread, time: 20023.816956 ms
dc_shp_alllayers_2013-00-30-07-00-47.ser     	2	50	800.653	802.475	800.618	1.076	798.446	803.153	50
cleanup (explicit Full GC): 1,840,128,280 / 2,067,956,856 bytes free.
4 threads and 25 loops per thread, time: 20062.301585 ms
dc_shp_alllayers_2013-00-30-07-00-47.ser     	4	100	801.664	804.313	801.849	2.356	798.582	812.591	100


Loading drawing commands from file: /home/marlin/mapbench/bin/../maps/dc_spearfish_2013-11-30-06-11-15.ser
Loaded DrawingCommands: DrawingCommands{width=512, height=359, commands=1232}
drawing[dc_spearfish_2013-11-30-06-11-15.ser][width = 512, height = 359] ...
cleanup (explicit Full GC): 1,857,561,952 / 2,109,799,144 bytes free.
Initial test: 13.265222 ms.

Warming up with 2 threads and 238 loops on /home/marlin/mapbench/bin/../maps/dc_spearfish_2013-11-30-06-11-15.ser
cleanup (explicit Full GC): 2,106,733,992 / 2,109,760,384 bytes free.
Warm up took 3045.005575 ms
dc_spearfish_2013-11-30-06-11-15.ser         	2	476	12.727	13.200	12.789	0.181	12.673	14.073	476
cleanup (explicit Full GC): 2,081,920,680 / 2,109,752,624 bytes free.
Initial test: 12.753148 ms.
Testing file /home/marlin/mapbench/bin/../maps/dc_spearfish_2013-11-30-06-11-15.ser for 825 loops ...
cleanup (explicit Full GC): 2,106,557,856 / 2,109,760,312 bytes free.
1 threads and 825 loops per thread, time: 10492.553086 ms
dc_spearfish_2013-11-30-06-11-15.ser         	1	825	12.675	12.927	12.717	0.103	12.648	13.281	825
cleanup (explicit Full GC): 2,074,641,776 / 2,109,747,064 bytes free.
2 threads and 825 loops per thread, time: 10528.540782 ms
dc_spearfish_2013-11-30-06-11-15.ser         	2	1650	12.719	12.968	12.748	0.102	12.666	13.486	1650
cleanup (explicit Full GC): 2,039,506,072 / 2,109,733,736 bytes free.
4 threads and 825 loops per thread, time: 10536.436364 ms
dc_spearfish_2013-11-30-06-11-15.ser         	4	3300	12.723	12.996	12.761	0.130	12.669	15.234	3300


Loading drawing commands from file: /home/marlin/mapbench/bin/../maps/dc_spearfish_2013-11-30-06-11-19.ser
Loaded DrawingCommands: DrawingCommands{width=512, height=359, commands=349}
drawing[dc_spearfish_2013-11-30-06-11-19.ser][width = 512, height = 359] ...
cleanup (explicit Full GC): 1,969,801,488 / 2,110,023,832 bytes free.
Initial test: 6.551775 ms.

Warming up with 2 threads and 481 loops on /home/marlin/mapbench/bin/../maps/dc_spearfish_2013-11-30-06-11-19.ser
cleanup (explicit Full GC): 2,107,462,688 / 2,110,068,136 bytes free.
Warm up took 3162.036244 ms
dc_spearfish_2013-11-30-06-11-19.ser         	2	962	6.563	6.599	6.566	0.023	6.542	6.846	962
cleanup (explicit Full GC): 2,095,265,456 / 2,110,052,688 bytes free.
Initial test: 6.570406 ms.
Testing file /home/marlin/mapbench/bin/../maps/dc_spearfish_2013-11-30-06-11-19.ser for 1602 loops ...
cleanup (explicit Full GC): 2,107,582,000 / 2,110,068,152 bytes free.
1 threads and 1602 loops per thread, time: 10504.042469 ms
dc_spearfish_2013-11-30-06-11-19.ser         	1	1602	6.552	6.606	6.556	0.017	6.536	6.657	1602
cleanup (explicit Full GC): 2,090,552,376 / 2,110,042,560 bytes free.
2 threads and 1602 loops per thread, time: 10533.870528 ms
dc_spearfish_2013-11-30-06-11-19.ser         	2	3204	6.562	6.602	6.566	0.029	6.535	6.869	3204
cleanup (explicit Full GC): 2,070,531,664 / 2,110,016,808 bytes free.
4 threads and 1602 loops per thread, time: 10543.648887 ms
dc_spearfish_2013-11-30-06-11-19.ser         	4	6408	6.565	6.588	6.570	0.057	6.538	10.619	6408


Loading drawing commands from file: /home/marlin/mapbench/bin/../maps/dc_topp:states_2013-11-30-06-11-06.ser
Loaded DrawingCommands: DrawingCommands{width=780, height=330, commands=119}
drawing[dc_topp:states_2013-11-30-06-11-06.ser][width = 780, height = 330] ...
cleanup (explicit Full GC): 2,030,208,168 / 2,109,965,512 bytes free.
Initial test: 12.264283 ms.

Warming up with 2 threads and 257 loops on /home/marlin/mapbench/bin/../maps/dc_topp:states_2013-11-30-06-11-06.ser
cleanup (explicit Full GC): 2,106,465,096 / 2,110,064,976 bytes free.
Warm up took 3158.003084 ms
dc_topp:states_2013-11-30-06-11-06.ser       	2	514	12.270	12.351	12.281	0.032	12.245	12.467	514
cleanup (explicit Full GC): 2,103,749,304 / 2,110,056,680 bytes free.
Initial test: 12.305571 ms.
Testing file /home/marlin/mapbench/bin/../maps/dc_topp:states_2013-11-30-06-11-06.ser for 855 loops ...
cleanup (explicit Full GC): 2,106,556,376 / 2,110,064,976 bytes free.
1 threads and 855 loops per thread, time: 10504.586995 ms
dc_topp:states_2013-11-30-06-11-06.ser       	1	855	12.269	12.368	12.285	0.039	12.236	12.491	855
cleanup (explicit Full GC): 2,103,354,280 / 2,110,051,344 bytes free.
2 threads and 855 loops per thread, time: 10503.770166 ms
dc_topp:states_2013-11-30-06-11-06.ser       	2	1710	12.265	12.347	12.277	0.034	12.235	12.548	1710
cleanup (explicit Full GC): 2,100,344,904 / 2,110,037,536 bytes free.
4 threads and 855 loops per thread, time: 10530.967499 ms
dc_topp:states_2013-11-30-06-11-06.ser       	4	3420	12.285	12.371	12.297	0.047	12.241	13.853	3420


Loading drawing commands from file: /home/marlin/mapbench/bin/../maps/dc_topp:states_2013-11-30-06-11-07.ser
Loaded DrawingCommands: DrawingCommands{width=780, height=330, commands=144}
drawing[dc_topp:states_2013-11-30-06-11-07.ser][width = 780, height = 330] ...
cleanup (explicit Full GC): 2,088,641,408 / 2,110,028,032 bytes free.
Initial test: 7.38922 ms.

Warming up with 2 threads and 427 loops on /home/marlin/mapbench/bin/../maps/dc_topp:states_2013-11-30-06-11-07.ser
cleanup (explicit Full GC): 2,106,527,616 / 2,110,079,072 bytes free.
Warm up took 3161.665689 ms
dc_topp:states_2013-11-30-06-11-07.ser       	2	854	7.391	7.464	7.402	0.030	7.360	7.553	854
cleanup (explicit Full GC): 2,100,372,632 / 2,110,065,352 bytes free.
Initial test: 7.406457 ms.
Testing file /home/marlin/mapbench/bin/../maps/dc_topp:states_2013-11-30-06-11-07.ser for 1421 loops ...
cleanup (explicit Full GC): 2,106,565,048 / 2,110,079,088 bytes free.
1 threads and 1421 loops per thread, time: 10511.593957 ms
dc_topp:states_2013-11-30-06-11-07.ser       	1	1421	7.385	7.458	7.397	0.031	7.358	7.550	1421
cleanup (explicit Full GC): 2,100,158,120 / 2,110,056,392 bytes free.
2 threads and 1421 loops per thread, time: 10516.892341 ms
dc_topp:states_2013-11-30-06-11-07.ser       	2	2842	7.389	7.460	7.400	0.029	7.363	7.608	2842
cleanup (explicit Full GC): 2,093,568,416 / 2,110,033,536 bytes free.
4 threads and 1421 loops per thread, time: 10555.589365 ms
dc_topp:states_2013-11-30-06-11-07.ser       	4	5684	7.398	7.475	7.409	0.033	7.365	7.841	5684


Loading drawing commands from file: /home/marlin/mapbench/bin/../maps/test_z_625k.ser
Loaded DrawingCommands: DrawingCommands{width=1272, height=1261, commands=23345}
drawing[test_z_625k.ser][width = 1272, height = 1261] ...
cleanup (explicit Full GC): 2,052,972,496 / 2,103,499,832 bytes free.
Initial test: 169.136508 ms.

Warming up with 2 threads and 18 loops on /home/marlin/mapbench/bin/../maps/test_z_625k.ser
cleanup (explicit Full GC): 2,093,007,904 / 2,102,783,200 bytes free.
Warm up took 3038.988276 ms
test_z_625k.ser                              	2	36	168.662	168.862	168.679	0.107	168.422	168.876	36
cleanup (explicit Full GC): 2,058,568,648 / 2,102,782,528 bytes free.
Initial test: 167.468567 ms.
Testing file /home/marlin/mapbench/bin/../maps/test_z_625k.ser for 62 loops ...
cleanup (explicit Full GC): 2,092,290,840 / 2,102,783,168 bytes free.
1 threads and 62 loops per thread, time: 10340.945585 ms
test_z_625k.ser                              	1	62	166.742	166.997	166.757	0.148	166.483	167.143	62
cleanup (explicit Full GC): 2,047,347,432 / 2,102,782,224 bytes free.
2 threads and 62 loops per thread, time: 10458.652329 ms
test_z_625k.ser                              	2	124	168.633	168.803	168.642	0.092	168.334	168.856	124
cleanup (explicit Full GC): 1,994,143,080 / 2,102,781,104 bytes free.
4 threads and 62 loops per thread, time: 10564.183717 ms
test_z_625k.ser                              	4	248	170.320	170.490	170.312	0.116	169.604	170.681	248


WARMUP results:
Test                                         	Threads	Ops	Med	Pct95	Avg	StdDev	Min	Max	TotalOps	[ms/op]
<<< Calib 1
[calibration]                                	4	12000	0.350	0.358	0.353	0.130	0.328	11.815	12000
>>> Calib 1
<<< Warmup 1
dc_boulder_2013-13-30-06-13-17.ser           	4	320	119.385	123.871	144.712	152.550	118.126	1251.627	320
>>> Warmup 1
<<< Warmup 2
dc_boulder_2013-13-30-06-13-17.ser           	4	640	119.800	119.997	119.831	0.307	119.431	123.611	640
>>> Warmup 2
dc_boulder_2013-13-30-06-13-17.ser           	2	52	118.372	118.612	118.379	0.119	118.075	118.746	52
dc_boulder_2013-13-30-06-13-20.ser           	2	106	58.481	58.703	58.544	0.382	58.308	61.517	106
dc_shp_alllayers_2013-00-30-07-00-43.ser     	2	134	45.789	46.103	45.800	0.175	45.424	46.410	134
dc_shp_alllayers_2013-00-30-07-00-47.ser     	2	20	799.947	801.731	800.039	1.397	796.234	803.207	20
dc_spearfish_2013-11-30-06-11-15.ser         	2	476	12.727	13.200	12.789	0.181	12.673	14.073	476
dc_spearfish_2013-11-30-06-11-19.ser         	2	962	6.563	6.599	6.566	0.023	6.542	6.846	962
dc_topp:states_2013-11-30-06-11-06.ser       	2	514	12.270	12.351	12.281	0.032	12.245	12.467	514
dc_topp:states_2013-11-30-06-11-07.ser       	2	854	7.391	7.464	7.402	0.030	7.360	7.553	854
test_z_625k.ser                              	2	36	168.662	168.862	168.679	0.107	168.422	168.876	36

TEST results:
Test                                         	Threads	Ops	Med	Pct95	Avg	StdDev	Min	Max	TotalOps	[ms/op]
dc_boulder_2013-13-30-06-13-17.ser           	1	89	117.061	117.296	117.083	0.127	116.827	117.650	89
dc_boulder_2013-13-30-06-13-17.ser           	2	178	118.424	118.608	118.431	0.107	118.170	118.938	178
dc_boulder_2013-13-30-06-13-17.ser           	4	356	119.775	119.906	119.748	0.163	118.773	120.065	356
dc_boulder_2013-13-30-06-13-20.ser           	1	183	57.393	57.552	57.405	0.089	57.217	57.698	183
dc_boulder_2013-13-30-06-13-20.ser           	2	366	58.688	58.865	58.695	0.086	58.473	59.037	366
dc_boulder_2013-13-30-06-13-20.ser           	4	732	59.505	59.685	59.516	0.125	59.045	61.302	732
dc_shp_alllayers_2013-00-30-07-00-43.ser     	1	231	45.185	45.452	45.194	0.157	44.872	45.901	231
dc_shp_alllayers_2013-00-30-07-00-43.ser     	2	462	45.731	45.964	45.739	0.138	45.367	46.393	462
dc_shp_alllayers_2013-00-30-07-00-43.ser     	4	924	46.671	47.148	46.692	0.264	46.065	47.398	924
dc_shp_alllayers_2013-00-30-07-00-47.ser     	1	25	797.716	799.695	797.776	1.229	795.426	800.103	25
dc_shp_alllayers_2013-00-30-07-00-47.ser     	2	50	800.653	802.475	800.618	1.076	798.446	803.153	50
dc_shp_alllayers_2013-00-30-07-00-47.ser     	4	100	801.664	804.313	801.849	2.356	798.582	812.591	100
dc_spearfish_2013-11-30-06-11-15.ser         	1	825	12.675	12.927	12.717	0.103	12.648	13.281	825
dc_spearfish_2013-11-30-06-11-15.ser         	2	1650	12.719	12.968	12.748	0.102	12.666	13.486	1650
dc_spearfish_2013-11-30-06-11-15.ser         	4	3300	12.723	12.996	12.761	0.130	12.669	15.234	3300
dc_spearfish_2013-11-30-06-11-19.ser         	1	1602	6.552	6.606	6.556	0.017	6.536	6.657	1602
dc_spearfish_2013-11-30-06-11-19.ser         	2	3204	6.562	6.602	6.566	0.029	6.535	6.869	3204
dc_spearfish_2013-11-30-06-11-19.ser         	4	6408	6.565	6.588	6.570	0.057	6.538	10.619	6408
dc_topp:states_2013-11-30-06-11-06.ser       	1	855	12.269	12.368	12.285	0.039	12.236	12.491	855
dc_topp:states_2013-11-30-06-11-06.ser       	2	1710	12.265	12.347	12.277	0.034	12.235	12.548	1710
dc_topp:states_2013-11-30-06-11-06.ser       	4	3420	12.285	12.371	12.297	0.047	12.241	13.853	3420
dc_topp:states_2013-11-30-06-11-07.ser       	1	1421	7.385	7.458	7.397	0.031	7.358	7.550	1421
dc_topp:states_2013-11-30-06-11-07.ser       	2	2842	7.389	7.460	7.400	0.029	7.363	7.608	2842
dc_topp:states_2013-11-30-06-11-07.ser       	4	5684	7.398	7.475	7.409	0.033	7.365	7.841	5684
test_z_625k.ser                              	1	62	166.742	166.997	166.757	0.148	166.483	167.143	62
test_z_625k.ser                              	2	124	168.633	168.803	168.642	0.092	168.334	168.856	124
test_z_625k.ser                              	4	248	170.320	170.490	170.312	0.116	169.604	170.681	248

Scores:

Tests	27	9	9	9	
Threads	4	1	2	4	
Pct95	137.089	136.261	137.121	137.886	
