##############################################################
# Java: 1.8.0_60-ea-b05
#   VM: Java HotSpot(TM) 64-Bit Server VM 25.60-b05 (mixed mode)
#   OS: Linux 3.13.0-48-generic (amd64)
# CPUs: 4 (virtual)
##############################################################
Loading profile file: /home/marlin/mapbench/bin/../profiles/longer_shared.properties
Profile properties (merged with defaults):
  doClip=false
  doCreateStrokedShape=false
  doRotate=false
  doScale=false
  doShear=false
  doTranslate=false
  doUseDashedStroke=false
  doUseWingRuleEvenOdd=false
  maxThreads=4
  minDuration=10000.0
  minLoops=25
  pass=1
  rotateAngle=17.333
  scaleX=4.0
  scaleY=4.0
  shearX=2.0
  shearY=2.0
  translateX=0.0
  translateY=0.0
  useSharedImage=true
##############################################################
# Min duration per test = 10000.0 ms.
##############################################################
Loading maps from = /home/marlin/mapbench/bin/../maps
Results format: 
Test                                         	Threads	Ops	Med	Pct95	Avg	StdDev	Min	Max	TotalOps	[ms/op]

Calibrating up with 4 threads and 3000 loops
cleanup (explicit Full GC): 2,095,867,288 / 2,106,270,856 bytes free.
INFO: ===============================================================================
INFO: Marlin software rasterizer           = ENABLED
INFO: Version                              = [marlin-0.5.6-Unsafe]
INFO: sun.java2d.renderer                  = org.marlin.pisces.PiscesRenderingEngine
INFO: sun.java2d.renderer.useThreadLocal   = false
INFO: sun.java2d.renderer.useRef           = soft
INFO: sun.java2d.renderer.pixelsize        = 2048
INFO: sun.java2d.renderer.subPixel_log2_X  = 3
INFO: sun.java2d.renderer.subPixel_log2_Y  = 3
INFO: sun.java2d.renderer.tileSize_log2    = 5
INFO: sun.java2d.renderer.useFastMath      = true
INFO: sun.java2d.renderer.useSimplifier    = false
INFO: sun.java2d.renderer.doStats          = false
INFO: sun.java2d.renderer.doMonitors       = false
INFO: sun.java2d.renderer.doChecks         = false
INFO: sun.java2d.renderer.useJul           = false
INFO: sun.java2d.renderer.logCreateContext = false
INFO: sun.java2d.renderer.logUnsafeMalloc  = false
INFO: ===============================================================================
Calibration up took 1185.75975 ms
[calibration]                                	4	12000	0.350	0.358	0.354	0.124	0.327	10.430	12000
Loading drawing commands from file: /home/marlin/mapbench/bin/../maps/dc_boulder_2013-13-30-06-13-17.ser
Loaded DrawingCommands: DrawingCommands{width=1400, height=800, commands=4398}
drawing[dc_boulder_2013-13-30-06-13-17.ser][width = 1400, height = 800] ...

Warming up with 4 threads and 80 loops on /home/marlin/mapbench/bin/../maps/dc_boulder_2013-13-30-06-13-17.ser
cleanup (explicit Full GC): 2,078,176,032 / 2,106,879,120 bytes free.
Warm up took 10514.718939 ms
dc_boulder_2013-13-30-06-13-17.ser           	4	320	116.412	125.619	130.155	101.468	113.195	1048.135	320

Warming up with 4 threads and 160 loops on /home/marlin/mapbench/bin/../maps/dc_boulder_2013-13-30-06-13-17.ser
cleanup (explicit Full GC): 1,814,540,528 / 2,108,525,624 bytes free.
Warm up took 18785.696674 ms
dc_boulder_2013-13-30-06-13-17.ser           	4	640	117.173	117.758	117.384	1.298	116.123	126.819	640
cleanup (explicit Full GC): 2,077,757,512 / 2,108,520,528 bytes free.
Initial test: 113.064381 ms.

Warming up with 2 threads and 27 loops on /home/marlin/mapbench/bin/../maps/dc_boulder_2013-13-30-06-13-17.ser
cleanup (explicit Full GC): 2,101,215,896 / 2,108,530,904 bytes free.
Warm up took 3144.386091 ms
dc_boulder_2013-13-30-06-13-17.ser           	2	54	116.358	116.552	116.360	0.115	116.111	116.594	54
cleanup (explicit Full GC): 2,018,364,416 / 2,108,529,976 bytes free.
Initial test: 113.056237 ms.
Testing file /home/marlin/mapbench/bin/../maps/dc_boulder_2013-13-30-06-13-17.ser for 93 loops ...
cleanup (explicit Full GC): 2,101,245,136 / 2,108,530,720 bytes free.
1 threads and 93 loops per thread, time: 10510.348868 ms
dc_boulder_2013-13-30-06-13-17.ser           	1	93	112.979	113.194	112.991	0.121	112.771	113.466	93
cleanup (explicit Full GC): 2,065,190,352 / 2,108,529,184 bytes free.
2 threads and 93 loops per thread, time: 10828.402381 ms
dc_boulder_2013-13-30-06-13-17.ser           	2	186	116.390	116.564	116.403	0.104	116.163	116.810	186
cleanup (explicit Full GC): 1,834,541,976 / 2,108,527,488 bytes free.
4 threads and 93 loops per thread, time: 10902.464213 ms
dc_boulder_2013-13-30-06-13-17.ser           	4	372	117.038	117.616	117.186	1.114	116.196	125.426	372


Loading drawing commands from file: /home/marlin/mapbench/bin/../maps/dc_boulder_2013-13-30-06-13-20.ser
Loaded DrawingCommands: DrawingCommands{width=1400, height=800, commands=2425}
drawing[dc_boulder_2013-13-30-06-13-20.ser][width = 1400, height = 800] ...
cleanup (explicit Full GC): 1,836,012,168 / 2,109,408,832 bytes free.
Initial test: 58.270293 ms.

Warming up with 2 threads and 54 loops on /home/marlin/mapbench/bin/../maps/dc_boulder_2013-13-30-06-13-20.ser
cleanup (explicit Full GC): 2,103,057,272 / 2,109,388,992 bytes free.
Warm up took 3176.027624 ms
dc_boulder_2013-13-30-06-13-20.ser           	2	108	58.744	58.868	58.782	0.308	58.349	61.250	108
cleanup (explicit Full GC): 1,996,286,472 / 2,109,387,208 bytes free.
Initial test: 56.079047 ms.
Testing file /home/marlin/mapbench/bin/../maps/dc_boulder_2013-13-30-06-13-20.ser for 187 loops ...
cleanup (explicit Full GC): 2,102,935,296 / 2,109,387,952 bytes free.
1 threads and 187 loops per thread, time: 10500.301052 ms
dc_boulder_2013-13-30-06-13-20.ser           	1	187	56.140	56.275	56.144	0.076	55.952	56.391	187
cleanup (explicit Full GC): 2,063,260,768 / 2,108,205,416 bytes free.
2 threads and 187 loops per thread, time: 10966.855235 ms
dc_boulder_2013-13-30-06-13-20.ser           	2	374	58.596	58.749	58.636	0.456	58.395	64.793	374
cleanup (explicit Full GC): 2,005,053,352 / 2,109,381,792 bytes free.
4 threads and 187 loops per thread, time: 11065.738072 ms
dc_boulder_2013-13-30-06-13-20.ser           	4	748	58.971	59.601	59.103	0.905	57.696	67.544	748


Loading drawing commands from file: /home/marlin/mapbench/bin/../maps/dc_shp_alllayers_2013-00-30-07-00-43.ser
Loaded DrawingCommands: DrawingCommands{width=1400, height=800, commands=568}
drawing[dc_shp_alllayers_2013-00-30-07-00-43.ser][width = 1400, height = 800] ...
cleanup (explicit Full GC): 1,996,225,080 / 2,109,892,520 bytes free.
Initial test: 46.776751 ms.

Warming up with 2 threads and 67 loops on /home/marlin/mapbench/bin/../maps/dc_shp_alllayers_2013-00-30-07-00-43.ser
cleanup (explicit Full GC): 2,103,702,416 / 2,109,899,080 bytes free.
Warm up took 3056.989288 ms
dc_shp_alllayers_2013-00-30-07-00-43.ser     	2	134	45.587	45.795	45.603	0.119	45.334	45.939	134
cleanup (explicit Full GC): 2,072,833,360 / 2,109,896,864 bytes free.
Initial test: 44.720791 ms.
Testing file /home/marlin/mapbench/bin/../maps/dc_shp_alllayers_2013-00-30-07-00-43.ser for 235 loops ...
cleanup (explicit Full GC): 2,103,538,080 / 2,109,899,080 bytes free.
1 threads and 235 loops per thread, time: 10457.586647 ms
dc_shp_alllayers_2013-00-30-07-00-43.ser     	1	235	44.492	44.693	44.496	0.114	44.197	44.849	235
cleanup (explicit Full GC): 2,093,047,944 / 2,109,895,368 bytes free.
2 threads and 235 loops per thread, time: 10721.55163 ms
dc_shp_alllayers_2013-00-30-07-00-43.ser     	2	470	45.627	45.801	45.617	0.111	45.319	45.960	470
cleanup (explicit Full GC): 2,005,811,080 / 2,109,891,488 bytes free.
4 threads and 235 loops per thread, time: 10922.057777 ms
dc_shp_alllayers_2013-00-30-07-00-43.ser     	4	940	46.465	46.880	46.414	0.325	45.506	47.222	940


Loading drawing commands from file: /home/marlin/mapbench/bin/../maps/dc_shp_alllayers_2013-00-30-07-00-47.ser
Loaded DrawingCommands: DrawingCommands{width=1400, height=800, commands=135213}
drawing[dc_shp_alllayers_2013-00-30-07-00-47.ser][width = 1400, height = 800] ...
cleanup (explicit Full GC): 2,030,728,744 / 2,071,912,176 bytes free.
Initial test: 814.956588 ms.

Warming up with 2 threads and 10 loops on /home/marlin/mapbench/bin/../maps/dc_shp_alllayers_2013-00-30-07-00-47.ser
cleanup (explicit Full GC): 2,026,970,856 / 2,067,962,600 bytes free.
Warm up took 8874.580191 ms
dc_shp_alllayers_2013-00-30-07-00-47.ser     	2	20	885.863	891.573	886.673	2.499	883.549	891.727	20
cleanup (explicit Full GC): 2,048,698,368 / 2,067,962,200 bytes free.
Initial test: 813.945255 ms.
Testing file /home/marlin/mapbench/bin/../maps/dc_shp_alllayers_2013-00-30-07-00-47.ser for 25 loops ...
cleanup (explicit Full GC): 2,026,217,008 / 2,067,962,568 bytes free.
1 threads and 25 loops per thread, time: 20335.175044 ms
dc_shp_alllayers_2013-00-30-07-00-47.ser     	1	25	812.983	814.036	813.140	1.269	811.499	818.594	25
cleanup (explicit Full GC): 2,034,466,792 / 2,067,962,240 bytes free.
2 threads and 25 loops per thread, time: 22153.001793 ms
dc_shp_alllayers_2013-00-30-07-00-47.ser     	2	50	885.164	891.214	885.823	3.197	880.375	894.742	50
cleanup (explicit Full GC): 1,909,713,192 / 2,067,961,696 bytes free.
4 threads and 25 loops per thread, time: 22499.943578 ms
dc_shp_alllayers_2013-00-30-07-00-47.ser     	4	100	899.100	906.846	897.061	7.871	872.248	908.302	100


Loading drawing commands from file: /home/marlin/mapbench/bin/../maps/dc_spearfish_2013-11-30-06-11-15.ser
Loaded DrawingCommands: DrawingCommands{width=512, height=359, commands=1232}
drawing[dc_spearfish_2013-11-30-06-11-15.ser][width = 512, height = 359] ...
cleanup (explicit Full GC): 1,831,497,728 / 2,109,803,984 bytes free.
Initial test: 13.753727 ms.

Warming up with 2 threads and 229 loops on /home/marlin/mapbench/bin/../maps/dc_spearfish_2013-11-30-06-11-15.ser
cleanup (explicit Full GC): 2,107,708,280 / 2,109,765,456 bytes free.
Warm up took 3120.09663 ms
dc_spearfish_2013-11-30-06-11-15.ser         	2	458	13.579	13.708	13.618	0.182	13.511	15.000	458
cleanup (explicit Full GC): 1,954,808,272 / 2,109,756,136 bytes free.
Initial test: 13.035402 ms.
Testing file /home/marlin/mapbench/bin/../maps/dc_spearfish_2013-11-30-06-11-15.ser for 807 loops ...
cleanup (explicit Full GC): 2,107,427,808 / 2,109,763,536 bytes free.
1 threads and 807 loops per thread, time: 10550.451203 ms
dc_spearfish_2013-11-30-06-11-15.ser         	1	807	13.059	13.143	13.073	0.037	13.029	13.375	807
cleanup (explicit Full GC): 2,021,361,200 / 2,109,750,576 bytes free.
2 threads and 807 loops per thread, time: 10980.799681 ms
dc_spearfish_2013-11-30-06-11-15.ser         	2	1614	13.589	13.675	13.606	0.175	13.532	18.462	1614
cleanup (explicit Full GC): 1,840,443,136 / 2,109,737,536 bytes free.
4 threads and 807 loops per thread, time: 11009.760863 ms
dc_spearfish_2013-11-30-06-11-15.ser         	4	3228	13.572	13.696	13.622	0.525	13.062	22.221	3228


Loading drawing commands from file: /home/marlin/mapbench/bin/../maps/dc_spearfish_2013-11-30-06-11-19.ser
Loaded DrawingCommands: DrawingCommands{width=512, height=359, commands=349}
drawing[dc_spearfish_2013-11-30-06-11-19.ser][width = 512, height = 359] ...
cleanup (explicit Full GC): 2,076,394,744 / 2,110,028,232 bytes free.
Initial test: 6.686059 ms.

Warming up with 2 threads and 472 loops on /home/marlin/mapbench/bin/../maps/dc_spearfish_2013-11-30-06-11-19.ser
cleanup (explicit Full GC): 2,107,787,080 / 2,110,071,360 bytes free.
Warm up took 3222.084488 ms
dc_spearfish_2013-11-30-06-11-19.ser         	2	944	6.815	6.872	6.824	0.032	6.780	7.135	944
cleanup (explicit Full GC): 2,029,942,584 / 2,110,056,200 bytes free.
Initial test: 6.712697 ms.
Testing file /home/marlin/mapbench/bin/../maps/dc_spearfish_2013-11-30-06-11-19.ser for 1568 loops ...
cleanup (explicit Full GC): 2,107,888,240 / 2,110,071,400 bytes free.
1 threads and 1568 loops per thread, time: 10489.984576 ms
dc_spearfish_2013-11-30-06-11-19.ser         	1	1568	6.683	6.741	6.690	0.030	6.663	7.020	1568
cleanup (explicit Full GC): 2,059,925,344 / 2,110,046,352 bytes free.
2 threads and 1568 loops per thread, time: 10708.222106 ms
dc_spearfish_2013-11-30-06-11-19.ser         	2	3136	6.818	6.872	6.825	0.029	6.700	7.118	3136
cleanup (explicit Full GC): 1,855,567,112 / 2,110,021,144 bytes free.
4 threads and 1568 loops per thread, time: 10717.462694 ms
dc_spearfish_2013-11-30-06-11-19.ser         	4	6272	6.820	6.880	6.833	0.228	6.752	13.254	6272


Loading drawing commands from file: /home/marlin/mapbench/bin/../maps/dc_topp:states_2013-11-30-06-11-06.ser
Loaded DrawingCommands: DrawingCommands{width=780, height=330, commands=119}
drawing[dc_topp:states_2013-11-30-06-11-06.ser][width = 780, height = 330] ...
cleanup (explicit Full GC): 1,895,836,528 / 2,109,970,888 bytes free.
Initial test: 12.244308 ms.

Warming up with 2 threads and 257 loops on /home/marlin/mapbench/bin/../maps/dc_topp:states_2013-11-30-06-11-06.ser
cleanup (explicit Full GC): 2,107,398,104 / 2,110,068,224 bytes free.
Warm up took 3168.297842 ms
dc_topp:states_2013-11-30-06-11-06.ser       	2	514	12.313	12.371	12.318	0.025	12.276	12.446	514
cleanup (explicit Full GC): 2,086,141,176 / 2,110,060,168 bytes free.
Initial test: 12.262226 ms.
Testing file /home/marlin/mapbench/bin/../maps/dc_topp:states_2013-11-30-06-11-06.ser for 858 loops ...
cleanup (explicit Full GC): 2,107,618,136 / 2,110,068,200 bytes free.
1 threads and 858 loops per thread, time: 10559.595439 ms
dc_topp:states_2013-11-30-06-11-06.ser       	1	858	12.298	12.360	12.306	0.025	12.264	12.430	858
cleanup (explicit Full GC): 2,099,913,824 / 2,110,054,520 bytes free.
2 threads and 858 loops per thread, time: 10561.497498 ms
dc_topp:states_2013-11-30-06-11-06.ser       	2	1716	12.299	12.354	12.304	0.025	12.261	12.466	1716
cleanup (explicit Full GC): 2,039,405,224 / 2,110,040,784 bytes free.
4 threads and 858 loops per thread, time: 10565.628139 ms
dc_topp:states_2013-11-30-06-11-06.ser       	4	3432	12.296	12.379	12.308	0.056	12.228	14.509	3432


Loading drawing commands from file: /home/marlin/mapbench/bin/../maps/dc_topp:states_2013-11-30-06-11-07.ser
Loaded DrawingCommands: DrawingCommands{width=780, height=330, commands=144}
drawing[dc_topp:states_2013-11-30-06-11-07.ser][width = 780, height = 330] ...
cleanup (explicit Full GC): 1,924,433,376 / 2,110,031,064 bytes free.
Initial test: 7.429875 ms.

Warming up with 2 threads and 425 loops on /home/marlin/mapbench/bin/../maps/dc_topp:states_2013-11-30-06-11-07.ser
cleanup (explicit Full GC): 2,107,498,648 / 2,110,082,296 bytes free.
Warm up took 3151.057725 ms
dc_topp:states_2013-11-30-06-11-07.ser       	2	850	7.401	7.445	7.404	0.022	7.340	7.539	850
cleanup (explicit Full GC): 2,072,295,536 / 2,110,068,640 bytes free.
Initial test: 7.368969 ms.
Testing file /home/marlin/mapbench/bin/../maps/dc_topp:states_2013-11-30-06-11-07.ser for 1428 loops ...
cleanup (explicit Full GC): 2,107,528,728 / 2,110,082,312 bytes free.
1 threads and 1428 loops per thread, time: 10470.114153 ms
dc_topp:states_2013-11-30-06-11-07.ser       	1	1428	7.325	7.380	7.331	0.021	7.306	7.482	1428
cleanup (explicit Full GC): 2,090,332,224 / 2,110,059,504 bytes free.
2 threads and 1428 loops per thread, time: 10586.617711 ms
dc_topp:states_2013-11-30-06-11-07.ser       	2	2856	7.404	7.448	7.408	0.020	7.326	7.546	2856
cleanup (explicit Full GC): 1,988,602,664 / 2,110,036,536 bytes free.
4 threads and 1428 loops per thread, time: 10583.977413 ms
dc_topp:states_2013-11-30-06-11-07.ser       	4	5712	7.395	7.447	7.404	0.176	7.343	13.981	5712


Loading drawing commands from file: /home/marlin/mapbench/bin/../maps/test_z_625k.ser
Loaded DrawingCommands: DrawingCommands{width=1272, height=1261, commands=23345}
drawing[test_z_625k.ser][width = 1272, height = 1261] ...
cleanup (explicit Full GC): 2,019,571,072 / 2,103,503,272 bytes free.
Initial test: 177.912558 ms.

Warming up with 2 threads and 17 loops on /home/marlin/mapbench/bin/../maps/test_z_625k.ser
cleanup (explicit Full GC): 2,089,989,952 / 2,102,787,088 bytes free.
Warm up took 3182.785105 ms
test_z_625k.ser                              	2	34	186.892	189.489	187.060	1.702	185.715	193.631	34
cleanup (explicit Full GC): 2,031,101,728 / 2,102,786,464 bytes free.
Initial test: 174.685676 ms.
Testing file /home/marlin/mapbench/bin/../maps/test_z_625k.ser for 60 loops ...
cleanup (explicit Full GC): 2,089,427,664 / 2,102,787,056 bytes free.
1 threads and 60 loops per thread, time: 10466.238813 ms
test_z_625k.ser                              	1	60	174.391	174.604	174.404	0.142	174.110	174.857	60
cleanup (explicit Full GC): 1,971,206,592 / 2,102,786,144 bytes free.
2 threads and 60 loops per thread, time: 11213.925942 ms
test_z_625k.ser                              	2	120	186.866	191.478	186.851	1.831	183.859	193.518	120
cleanup (explicit Full GC): 2,074,143,056 / 2,102,785,056 bytes free.
4 threads and 60 loops per thread, time: 11383.814388 ms
test_z_625k.ser                              	4	240	188.690	193.638	189.608	2.831	186.256	204.570	240


WARMUP results:
Test                                         	Threads	Ops	Med	Pct95	Avg	StdDev	Min	Max	TotalOps	[ms/op]
<<< Calib 1
[calibration]                                	4	12000	0.350	0.358	0.354	0.124	0.327	10.430	12000
>>> Calib 1
<<< Warmup 1
dc_boulder_2013-13-30-06-13-17.ser           	4	320	116.412	125.619	130.155	101.468	113.195	1048.135	320
>>> Warmup 1
<<< Warmup 2
dc_boulder_2013-13-30-06-13-17.ser           	4	640	117.173	117.758	117.384	1.298	116.123	126.819	640
>>> Warmup 2
dc_boulder_2013-13-30-06-13-17.ser           	2	54	116.358	116.552	116.360	0.115	116.111	116.594	54
dc_boulder_2013-13-30-06-13-20.ser           	2	108	58.744	58.868	58.782	0.308	58.349	61.250	108
dc_shp_alllayers_2013-00-30-07-00-43.ser     	2	134	45.587	45.795	45.603	0.119	45.334	45.939	134
dc_shp_alllayers_2013-00-30-07-00-47.ser     	2	20	885.863	891.573	886.673	2.499	883.549	891.727	20
dc_spearfish_2013-11-30-06-11-15.ser         	2	458	13.579	13.708	13.618	0.182	13.511	15.000	458
dc_spearfish_2013-11-30-06-11-19.ser         	2	944	6.815	6.872	6.824	0.032	6.780	7.135	944
dc_topp:states_2013-11-30-06-11-06.ser       	2	514	12.313	12.371	12.318	0.025	12.276	12.446	514
dc_topp:states_2013-11-30-06-11-07.ser       	2	850	7.401	7.445	7.404	0.022	7.340	7.539	850
test_z_625k.ser                              	2	34	186.892	189.489	187.060	1.702	185.715	193.631	34

TEST results:
Test                                         	Threads	Ops	Med	Pct95	Avg	StdDev	Min	Max	TotalOps	[ms/op]
dc_boulder_2013-13-30-06-13-17.ser           	1	93	112.979	113.194	112.991	0.121	112.771	113.466	93
dc_boulder_2013-13-30-06-13-17.ser           	2	186	116.390	116.564	116.403	0.104	116.163	116.810	186
dc_boulder_2013-13-30-06-13-17.ser           	4	372	117.038	117.616	117.186	1.114	116.196	125.426	372
dc_boulder_2013-13-30-06-13-20.ser           	1	187	56.140	56.275	56.144	0.076	55.952	56.391	187
dc_boulder_2013-13-30-06-13-20.ser           	2	374	58.596	58.749	58.636	0.456	58.395	64.793	374
dc_boulder_2013-13-30-06-13-20.ser           	4	748	58.971	59.601	59.103	0.905	57.696	67.544	748
dc_shp_alllayers_2013-00-30-07-00-43.ser     	1	235	44.492	44.693	44.496	0.114	44.197	44.849	235
dc_shp_alllayers_2013-00-30-07-00-43.ser     	2	470	45.627	45.801	45.617	0.111	45.319	45.960	470
dc_shp_alllayers_2013-00-30-07-00-43.ser     	4	940	46.465	46.880	46.414	0.325	45.506	47.222	940
dc_shp_alllayers_2013-00-30-07-00-47.ser     	1	25	812.983	814.036	813.140	1.269	811.499	818.594	25
dc_shp_alllayers_2013-00-30-07-00-47.ser     	2	50	885.164	891.214	885.823	3.197	880.375	894.742	50
dc_shp_alllayers_2013-00-30-07-00-47.ser     	4	100	899.100	906.846	897.061	7.871	872.248	908.302	100
dc_spearfish_2013-11-30-06-11-15.ser         	1	807	13.059	13.143	13.073	0.037	13.029	13.375	807
dc_spearfish_2013-11-30-06-11-15.ser         	2	1614	13.589	13.675	13.606	0.175	13.532	18.462	1614
dc_spearfish_2013-11-30-06-11-15.ser         	4	3228	13.572	13.696	13.622	0.525	13.062	22.221	3228
dc_spearfish_2013-11-30-06-11-19.ser         	1	1568	6.683	6.741	6.690	0.030	6.663	7.020	1568
dc_spearfish_2013-11-30-06-11-19.ser         	2	3136	6.818	6.872	6.825	0.029	6.700	7.118	3136
dc_spearfish_2013-11-30-06-11-19.ser         	4	6272	6.820	6.880	6.833	0.228	6.752	13.254	6272
dc_topp:states_2013-11-30-06-11-06.ser       	1	858	12.298	12.360	12.306	0.025	12.264	12.430	858
dc_topp:states_2013-11-30-06-11-06.ser       	2	1716	12.299	12.354	12.304	0.025	12.261	12.466	1716
dc_topp:states_2013-11-30-06-11-06.ser       	4	3432	12.296	12.379	12.308	0.056	12.228	14.509	3432
dc_topp:states_2013-11-30-06-11-07.ser       	1	1428	7.325	7.380	7.331	0.021	7.306	7.482	1428
dc_topp:states_2013-11-30-06-11-07.ser       	2	2856	7.404	7.448	7.408	0.020	7.326	7.546	2856
dc_topp:states_2013-11-30-06-11-07.ser       	4	5712	7.395	7.447	7.404	0.176	7.343	13.981	5712
test_z_625k.ser                              	1	60	174.391	174.604	174.404	0.142	174.110	174.857	60
test_z_625k.ser                              	2	120	186.866	191.478	186.851	1.831	183.859	193.518	120
test_z_625k.ser                              	4	240	188.690	193.638	189.608	2.831	186.256	204.570	240

Scores:

Tests	27	9	9	9	
Threads	4	1	2	4	
Pct95	146.354	138.047	149.351	151.665	
