
date:
vendredi 3 novembre 2017, 16:02:15 (UTC+0100)
JAVA_HOME: /home/graphics-rasterizer/jdk10/client/build/linux-x86_64-normal-server-release/images/jdk/
CLASSPATH:   ../lib/mapbench-0.4.0.jar
Boot CP:     
Java opts:   -Dsun.java2d.renderer=sun.java2d.marlin.DMarlinRenderingEngine -Dsun.java2d.renderer.clip=false -Dsun.java2d.renderer.verbose=false -Dsun.java2d.renderer.log=false -Dsun.java2d.renderer.logCreateContext=false -Dsun.java2d.renderer.logUnsafeMalloc=false -Dsun.java2d.renderer.subPixel_log2_X=3 -Dsun.java2d.renderer.subPixel_log2_Y=3 -Dsun.java2d.renderer.useThreadLocal=true -Dsun.java2d.renderer.useSimplifier=false -Dsun.java2d.renderer.useRef=soft -Dsun.java2d.renderer.pixelsize=2048 -Dsun.java2d.renderer.tileSize_log2=5 -Dsun.java2d.renderer.tileWidth_log2=7 -Dsun.java2d.renderer.cubic_dec_d2=2.5 -Dsun.java2d.renderer.cubic_inc_d1=1.0 -Dsun.java2d.renderer.quad_dec_d2=1.0 -DMapBench.skipDraw=false -DMapBench.clip.small=false -DMapBench.qualityMode=false -DMapBench.premultiplied=true -DMapBench.acceleration=false -DMapBench.volatile=false -server
Java tuning:  -Xms2g  -Xmx2g -XX:+UseConcMarkSweepGC
JVM path
/home/graphics-rasterizer/jdk10/client/build/linux-x86_64-normal-server-release/images/jdk//bin//java
Java version
openjdk version "10-internal"
OpenJDK Runtime Environment (build 10-internal+0-adhoc.bourgesl.client)
OpenJDK 64-Bit Server VM (build 10-internal+0-adhoc.bourgesl.client, mixed mode)
OpenJDK 64-Bit Server VM warning: Option UseConcMarkSweepGC was deprecated in version 9.0 and will likely be removed in a future release.
##############################################################
# Java: 10-internal+0-adhoc.bourgesl.client
#   VM: OpenJDK 64-Bit Server VM 10-internal+0-adhoc.bourgesl.client (mixed mode)
#   OS: Linux 4.10.0-38-generic (amd64)
# CPUs: 4 (virtual)
##############################################################
# Renderer: DMarlinRenderingEngine 
# Quality mode: DEFAULT...
# Filter shape on size: DISABLED...
# Using BufferedImage INT_ARGB_PRE...
##############################################################
profileName: shared_1T
Loading profile file: /home/marlin/mapbench/bin/../profiles/shared_1T.properties
Loading scale file: /home/marlin/mapbench/bin/../profiles/mapbench-scales.properties
Profile properties (merged with defaults):
  doClip=false
  doCreateStrokedShape=false
  doRotate=false
  doScale=false
  doShear=false
  doTranslate=false
  doUseDashedStroke=false
  doUseGradient=false
  doUseTexture=false
  doUseWingRuleEvenOdd=false
  iteration=1
  maxThreads=1
  minDuration=10000.0
  minLoops=25
  pass=1
  rotateAngle=17.333
  scaleX=4.0
  scaleY=4.0
  shearX=2.0
  shearY=2.0
  translateX=0.0
  translateY=0.0
  useSharedImage=true
  warmupLoopsMin=80
##############################################################
# Min duration per test = 10000.0 ms.
##############################################################
Loading maps from = /home/marlin/mapbench/bin/../maps
Results format: 
Test                                         	Threads	Ops	Med	Pct95	Avg	StdDev	Min	Max	FPS(med)	TotalOps	[ms/op]

Calibrating up with 1 threads and 3000 loops
cleanup (explicit Full GC): 2,095,867,280 / 2,100,393,488 bytes free.
Calibration up took 999.338405 ms
[calibration]                                	1	3000	0.289	0.296	0.293	0.135	0.287	7.672	3460.567	3000
Loading drawing commands from file: /home/marlin/mapbench/bin/../maps/CircleTests.ser
Loaded DrawingCommands: DrawingCommands{width=2048, height=2048, commands=2001}
drawing[CircleTests.ser][width = 2048, height = 2048] ...

Warming up with 1 threads and 80 loops on /home/marlin/mapbench/bin/../maps/CircleTests.ser
cleanup (explicit Full GC): 2,086,434,200 / 2,102,120,760 bytes free.
Warm up took 4994.650462 ms
CircleTests.ser                              	1	80	55.818	70.472	62.379	29.768	55.339	285.606	17.915	80

Warming up with 1 threads and 160 loops on /home/marlin/mapbench/bin/../maps/CircleTests.ser
cleanup (explicit Full GC): 2,065,800,536 / 2,110,280,384 bytes free.
Warm up took 8892.165904 ms
CircleTests.ser                              	1	160	55.433	56.412	55.563	0.440	55.316	59.316	18.040	160
cleanup (explicit Full GC): 2,076,751,976 / 2,110,279,248 bytes free.
Initial test: 55.789817 ms.

Warming up with 2 threads and 56 loops on /home/marlin/mapbench/bin/../maps/CircleTests.ser
cleanup (explicit Full GC): 2,085,126,432 / 2,110,281,632 bytes free.
Warm up took 6215.438859 ms
CircleTests.ser                              	2	112	55.417	55.867	55.469	0.276	55.240	57.113	18.045	112
cleanup (explicit Full GC): 2,062,767,856 / 2,110,279,792 bytes free.
Initial test: 55.906934 ms.
Testing file /home/marlin/mapbench/bin/../maps/CircleTests.ser for 188 loops ...
cleanup (explicit Full GC): 2,085,126,976 / 2,110,281,472 bytes free.
1 threads and 188 loops per thread, time: 10475.682973 ms
CircleTests.ser                              	1	188	55.460	56.887	55.712	0.625	55.221	58.632	18.031	188


Loading drawing commands from file: /home/marlin/mapbench/bin/../maps/EllipseTests-fill-false.ser
Loaded DrawingCommands: DrawingCommands{width=2000, height=2000, commands=198}
drawing[EllipseTests-fill-false.ser][width = 2000, height = 2000] ...
cleanup (explicit Full GC): 2,073,961,200 / 2,110,932,800 bytes free.
Initial test: 291.485284 ms.

Warming up with 2 threads and 10 loops on /home/marlin/mapbench/bin/../maps/EllipseTests-fill-false.ser
cleanup (explicit Full GC): 2,086,557,208 / 2,110,695,704 bytes free.
Warm up took 4754.112951 ms
EllipseTests-fill-false.ser                  	2	20	237.501	238.137	237.584	0.292	237.273	238.158	4.211	20
cleanup (explicit Full GC): 2,070,320,104 / 2,110,695,328 bytes free.
Initial test: 237.524833 ms.
Testing file /home/marlin/mapbench/bin/../maps/EllipseTests-fill-false.ser for 44 loops ...
cleanup (explicit Full GC): 2,086,319,744 / 2,110,695,696 bytes free.
1 threads and 44 loops per thread, time: 10447.408303 ms
EllipseTests-fill-false.ser                  	1	44	237.323	237.643	237.409	0.472	237.071	240.211	4.214	44


Loading drawing commands from file: /home/marlin/mapbench/bin/../maps/EllipseTests-fill-true.ser
Loaded DrawingCommands: DrawingCommands{width=2000, height=2000, commands=198}
drawing[EllipseTests-fill-true.ser][width = 2000, height = 2000] ...
cleanup (explicit Full GC): 2,086,320,112 / 2,110,935,088 bytes free.
Initial test: 367.387542 ms.

Warming up with 2 threads and 10 loops on /home/marlin/mapbench/bin/../maps/EllipseTests-fill-true.ser
cleanup (explicit Full GC): 2,086,559,432 / 2,110,695,680 bytes free.
Warm up took 6767.31445 ms
EllipseTests-fill-true.ser                   	2	20	338.166	338.694	338.241	0.264	337.935	338.981	2.957	20
cleanup (explicit Full GC): 2,070,320,112 / 2,105,111,624 bytes free.
Initial test: 338.275655 ms.
Testing file /home/marlin/mapbench/bin/../maps/EllipseTests-fill-true.ser for 31 loops ...
cleanup (explicit Full GC): 2,080,736,040 / 2,110,695,616 bytes free.
1 threads and 31 loops per thread, time: 10481.49231 ms
EllipseTests-fill-true.ser                   	1	31	338.084	338.513	338.069	0.291	337.532	338.689	2.958	31


Loading drawing commands from file: /home/marlin/mapbench/bin/../maps/dc_boulder_2013-13-30-06-13-17.ser
Loaded DrawingCommands: DrawingCommands{width=1400, height=800, commands=4398}
drawing[dc_boulder_2013-13-30-06-13-17.ser][width = 1400, height = 800] ...
cleanup (explicit Full GC): 2,086,320,032 / 2,109,410,560 bytes free.
Initial test: 179.92781 ms.

Warming up with 2 threads and 17 loops on /home/marlin/mapbench/bin/../maps/dc_boulder_2013-13-30-06-13-17.ser
cleanup (explicit Full GC): 2,095,451,232 / 2,104,524,632 bytes free.
Warm up took 2958.150664 ms
dc_boulder_2013-13-30-06-13-17.ser           	2	34	86.681	87.811	86.950	1.103	86.412	92.885	11.537	34
cleanup (explicit Full GC): 2,088,877,184 / 2,109,004,872 bytes free.
Initial test: 87.107607 ms.
Testing file /home/marlin/mapbench/bin/../maps/dc_boulder_2013-13-30-06-13-17.ser for 120 loops ...
cleanup (explicit Full GC): 2,100,629,304 / 2,109,005,560 bytes free.
1 threads and 120 loops per thread, time: 10444.812238 ms
dc_boulder_2013-13-30-06-13-17.ser           	1	120	86.858	87.429	87.027	1.142	86.677	99.274	11.513	120


Loading drawing commands from file: /home/marlin/mapbench/bin/../maps/dc_boulder_2013-13-30-06-13-20.ser
Loaded DrawingCommands: DrawingCommands{width=1400, height=800, commands=2425}
drawing[dc_boulder_2013-13-30-06-13-20.ser][width = 1400, height = 800] ...
cleanup (explicit Full GC): 2,078,294,992 / 2,110,144,304 bytes free.
Initial test: 256.085777 ms.

Warming up with 2 threads and 12 loops on /home/marlin/mapbench/bin/../maps/dc_boulder_2013-13-30-06-13-20.ser
cleanup (explicit Full GC): 2,101,768,664 / 2,109,879,984 bytes free.
Warm up took 1109.369793 ms
dc_boulder_2013-13-30-06-13-20.ser           	2	24	45.001	50.277	46.162	3.575	44.262	61.519	22.222	24
cleanup (explicit Full GC): 2,097,024,400 / 2,109,879,552 bytes free.
Initial test: 44.226225 ms.
Testing file /home/marlin/mapbench/bin/../maps/dc_boulder_2013-13-30-06-13-20.ser for 238 loops ...
cleanup (explicit Full GC): 2,101,503,984 / 2,109,879,984 bytes free.
1 threads and 238 loops per thread, time: 10466.312368 ms
dc_boulder_2013-13-30-06-13-20.ser           	1	238	43.918	44.262	43.971	0.134	43.861	44.708	22.770	238


Loading drawing commands from file: /home/marlin/mapbench/bin/../maps/dc_shp_alllayers_2013-00-30-07-00-43.ser
Loaded DrawingCommands: DrawingCommands{width=1400, height=800, commands=568}
drawing[dc_shp_alllayers_2013-00-30-07-00-43.ser][width = 1400, height = 800] ...
cleanup (explicit Full GC): 2,084,753,232 / 2,110,648,272 bytes free.
Initial test: 37.226987 ms.

Warming up with 2 threads and 84 loops on /home/marlin/mapbench/bin/../maps/dc_shp_alllayers_2013-00-30-07-00-43.ser
cleanup (explicit Full GC): 2,102,272,632 / 2,110,406,080 bytes free.
Warm up took 6143.782466 ms
dc_shp_alllayers_2013-00-30-07-00-43.ser     	2	168	36.512	36.780	36.562	0.157	36.450	37.812	27.388	168
cleanup (explicit Full GC): 2,094,758,632 / 2,110,403,344 bytes free.
Initial test: 36.751104 ms.
Testing file /home/marlin/mapbench/bin/../maps/dc_shp_alllayers_2013-00-30-07-00-43.ser for 286 loops ...
cleanup (explicit Full GC): 2,102,027,776 / 2,110,406,080 bytes free.
1 threads and 286 loops per thread, time: 10459.567401 ms
dc_shp_alllayers_2013-00-30-07-00-43.ser     	1	286	36.521	36.792	36.569	0.188	36.469	38.787	27.381	286


Loading drawing commands from file: /home/marlin/mapbench/bin/../maps/dc_shp_alllayers_2013-00-30-07-00-47.ser
Loaded DrawingCommands: DrawingCommands{width=1400, height=800, commands=135213}
drawing[dc_shp_alllayers_2013-00-30-07-00-47.ser][width = 1400, height = 800] ...
cleanup (explicit Full GC): 1,963,604,592 / 2,071,592,600 bytes free.
Initial test: 780.66827 ms.

Warming up with 2 threads and 10 loops on /home/marlin/mapbench/bin/../maps/dc_shp_alllayers_2013-00-30-07-00-47.ser
cleanup (explicit Full GC): 2,046,678,400 / 2,067,392,512 bytes free.
Warm up took 15674.915885 ms
dc_shp_alllayers_2013-00-30-07-00-47.ser     	2	20	782.209	792.346	783.391	3.095	781.843	792.626	1.278	20
cleanup (explicit Full GC): 1,968,201,784 / 2,067,392,040 bytes free.
Initial test: 777.617277 ms.
Testing file /home/marlin/mapbench/bin/../maps/dc_shp_alllayers_2013-00-30-07-00-47.ser for 25 loops ...
cleanup (explicit Full GC): 2,048,061,656 / 2,067,392,408 bytes free.
1 threads and 25 loops per thread, time: 19434.055688 ms
dc_shp_alllayers_2013-00-30-07-00-47.ser     	1	25	777.090	777.500	777.114	0.422	776.433	778.356	1.287	25


Loading drawing commands from file: /home/marlin/mapbench/bin/../maps/dc_spearfish_2013-11-30-06-11-15.ser
Loaded DrawingCommands: DrawingCommands{width=512, height=359, commands=1232}
drawing[dc_spearfish_2013-11-30-06-11-15.ser][width = 512, height = 359] ...
cleanup (explicit Full GC): 1,947,767,584 / 2,110,547,472 bytes free.
Initial test: 12.124351 ms.

Warming up with 2 threads and 260 loops on /home/marlin/mapbench/bin/../maps/dc_spearfish_2013-11-30-06-11-15.ser
cleanup (explicit Full GC): 2,102,384,536 / 2,110,267,144 bytes free.
Warm up took 6104.401797 ms
dc_spearfish_2013-11-30-06-11-15.ser         	2	520	11.701	11.747	11.738	0.249	11.677	14.018	85.460	520
cleanup (explicit Full GC): 2,082,561,168 / 2,110,258,328 bytes free.
Initial test: 11.679327 ms.
Testing file /home/marlin/mapbench/bin/../maps/dc_spearfish_2013-11-30-06-11-15.ser for 901 loops ...
cleanup (explicit Full GC): 2,102,095,400 / 2,104,683,008 bytes free.
1 threads and 901 loops per thread, time: 10562.262531 ms
dc_spearfish_2013-11-30-06-11-15.ser         	1	901	11.664	11.917	11.722	0.246	11.632	14.118	85.734	901


Loading drawing commands from file: /home/marlin/mapbench/bin/../maps/dc_spearfish_2013-11-30-06-11-19.ser
Loaded DrawingCommands: DrawingCommands{width=512, height=359, commands=349}
drawing[dc_spearfish_2013-11-30-06-11-19.ser][width = 512, height = 359] ...
cleanup (explicit Full GC): 2,063,017,712 / 2,110,817,584 bytes free.
Initial test: 5.840127 ms.

Warming up with 2 threads and 540 loops on /home/marlin/mapbench/bin/../maps/dc_spearfish_2013-11-30-06-11-19.ser
cleanup (explicit Full GC): 2,102,654,648 / 2,110,581,616 bytes free.
Warm up took 6284.517173 ms
dc_spearfish_2013-11-30-06-11-19.ser         	2	1080	5.811	5.840	5.818	0.055	5.794	6.617	172.094	1080
cleanup (explicit Full GC): 2,091,251,232 / 2,110,564,288 bytes free.
Initial test: 5.827688 ms.
Testing file /home/marlin/mapbench/bin/../maps/dc_spearfish_2013-11-30-06-11-19.ser for 1806 loops ...
cleanup (explicit Full GC): 2,102,401,360 / 2,110,581,616 bytes free.
1 threads and 1806 loops per thread, time: 10505.5839 ms
dc_spearfish_2013-11-30-06-11-19.ser         	1	1806	5.811	5.832	5.816	0.044	5.793	6.553	172.080	1806


Loading drawing commands from file: /home/marlin/mapbench/bin/../maps/dc_topp:states_2013-11-30-06-11-06.ser
Loaded DrawingCommands: DrawingCommands{width=780, height=330, commands=119}
drawing[dc_topp:states_2013-11-30-06-11-06.ser][width = 780, height = 330] ...
cleanup (explicit Full GC): 2,077,291,952 / 2,110,796,760 bytes free.
Initial test: 10.914867 ms.

Warming up with 2 threads and 289 loops on /home/marlin/mapbench/bin/../maps/dc_topp:states_2013-11-30-06-11-06.ser
cleanup (explicit Full GC): 2,102,633,840 / 2,110,582,024 bytes free.
Warm up took 6304.065805 ms
dc_topp:states_2013-11-30-06-11-06.ser       	2	578	10.896	10.928	10.906	0.067	10.862	11.645	91.778	578
cleanup (explicit Full GC): 2,102,419,096 / 2,110,572,728 bytes free.
Initial test: 10.958565 ms.
Testing file /home/marlin/mapbench/bin/../maps/dc_topp:states_2013-11-30-06-11-06.ser for 960 loops ...
cleanup (explicit Full GC): 2,102,409,800 / 2,110,582,024 bytes free.
1 threads and 960 loops per thread, time: 10529.69636 ms
dc_topp:states_2013-11-30-06-11-06.ser       	1	960	10.950	10.979	10.968	0.164	10.914	13.101	91.326	960


Loading drawing commands from file: /home/marlin/mapbench/bin/../maps/dc_topp:states_2013-11-30-06-11-07.ser
Loaded DrawingCommands: DrawingCommands{width=780, height=330, commands=144}
drawing[dc_topp:states_2013-11-30-06-11-07.ser][width = 780, height = 330] ...
cleanup (explicit Full GC): 2,099,627,232 / 2,110,823,480 bytes free.
Initial test: 6.920351 ms.

Warming up with 2 threads and 456 loops on /home/marlin/mapbench/bin/../maps/dc_topp:states_2013-11-30-06-11-07.ser
cleanup (explicit Full GC): 2,102,660,560 / 2,110,594,128 bytes free.
Warm up took 6344.226336 ms
dc_topp:states_2013-11-30-06-11-07.ser       	2	912	6.949	6.966	6.955	0.082	6.934	9.162	143.898	912
cleanup (explicit Full GC): 2,099,639,336 / 2,110,579,488 bytes free.
Initial test: 6.913095 ms.
Testing file /home/marlin/mapbench/bin/../maps/dc_topp:states_2013-11-30-06-11-07.ser for 1522 loops ...
cleanup (explicit Full GC): 2,102,416,560 / 2,110,594,128 bytes free.
1 threads and 1522 loops per thread, time: 10510.342146 ms
dc_topp:states_2013-11-30-06-11-07.ser       	1	1522	6.903	6.919	6.905	0.016	6.883	7.229	144.862	1522


Loading drawing commands from file: /home/marlin/mapbench/bin/../maps/spiralTest-dash-false.ser
Loaded DrawingCommands: DrawingCommands{width=4096, height=4096, commands=1}
drawing[spiralTest-dash-false.ser][width = 4096, height = 4096] ...
cleanup (explicit Full GC): 2,090,158,928 / 2,103,409,368 bytes free.
Initial test: 1101.546901 ms.

Warming up with 2 threads and 10 loops on /home/marlin/mapbench/bin/../maps/spiralTest-dash-false.ser
cleanup (explicit Full GC): 1,911,745,520 / 2,103,191,672 bytes free.
Warm up took 21715.667843 ms
spiralTest-dash-false.ser                    	2	20	1085.146	1088.430	1085.384	2.632	1083.091	1095.604	0.922	20
cleanup (explicit Full GC): 1,846,363,640 / 2,103,190,656 bytes free.
Initial test: 1087.803738 ms.
Testing file /home/marlin/mapbench/bin/../maps/spiralTest-dash-false.ser for 25 loops ...
cleanup (explicit Full GC): 1,914,115,920 / 2,103,191,024 bytes free.
1 threads and 25 loops per thread, time: 27269.974618 ms
spiralTest-dash-false.ser                    	1	25	1090.322	1092.017	1090.628	1.843	1088.960	1098.750	0.917	25


Loading drawing commands from file: /home/marlin/mapbench/bin/../maps/spiralTest-fill.ser
Loaded DrawingCommands: DrawingCommands{width=4096, height=4096, commands=1}
drawing[spiralTest-fill.ser][width = 4096, height = 4096] ...
cleanup (explicit Full GC): 1,900,887,016 / 2,095,586,568 bytes free.
Initial test: 732.671024 ms.

Warming up with 2 threads and 10 loops on /home/marlin/mapbench/bin/../maps/spiralTest-fill.ser
cleanup (explicit Full GC): 2,022,876,416 / 2,095,346,856 bytes free.
Warm up took 14740.457553 ms
spiralTest-fill.ser                          	2	20	735.652	747.742	736.601	3.965	733.160	748.256	1.359	20
cleanup (explicit Full GC): 1,955,527,896 / 2,095,346,488 bytes free.
Initial test: 734.111958 ms.
Testing file /home/marlin/mapbench/bin/../maps/spiralTest-fill.ser for 25 loops ...
cleanup (explicit Full GC): 2,023,139,592 / 2,095,346,856 bytes free.
1 threads and 25 loops per thread, time: 18362.321422 ms
spiralTest-fill.ser                          	1	25	733.845	735.346	734.321	2.267	732.001	744.520	1.363	25


Loading drawing commands from file: /home/marlin/mapbench/bin/../maps/test_z_625k.ser
Loaded DrawingCommands: DrawingCommands{width=1272, height=1261, commands=23345}
drawing[test_z_625k.ser][width = 1272, height = 1261] ...
cleanup (explicit Full GC): 1,999,305,496 / 2,104,160,072 bytes free.
Initial test: 148.515373 ms.

Warming up with 2 threads and 21 loops on /home/marlin/mapbench/bin/../maps/test_z_625k.ser
cleanup (explicit Full GC): 2,088,458,216 / 2,103,112,312 bytes free.
Warm up took 6134.141248 ms
test_z_625k.ser                              	2	42	145.939	146.545	146.002	0.325	145.601	146.990	6.852	42
cleanup (explicit Full GC): 2,053,075,904 / 2,097,527,856 bytes free.
Initial test: 145.692342 ms.
Testing file /home/marlin/mapbench/bin/../maps/test_z_625k.ser for 72 loops ...
cleanup (explicit Full GC): 2,084,617,936 / 2,103,112,112 bytes free.
1 threads and 72 loops per thread, time: 10487.349309 ms
test_z_625k.ser                              	1	72	145.499	146.187	145.636	0.334	145.196	147.411	6.873	72


WARMUP results:
Test                                         	Threads	Ops	Med	Pct95	Avg	StdDev	Min	Max	FPS(med)	TotalOps	[ms/op]
<<< Calib 1
[calibration]                                	1	3000	0.289	0.296	0.293	0.135	0.287	7.672	3460.567	3000
>>> Calib 1
<<< Warmup 1
CircleTests.ser                              	1	80	55.818	70.472	62.379	29.768	55.339	285.606	17.915	80
>>> Warmup 1
<<< Warmup 2
CircleTests.ser                              	1	160	55.433	56.412	55.563	0.440	55.316	59.316	18.040	160
>>> Warmup 2
CircleTests.ser                              	2	112	55.417	55.867	55.469	0.276	55.240	57.113	18.045	112
EllipseTests-fill-false.ser                  	2	20	237.501	238.137	237.584	0.292	237.273	238.158	4.211	20
EllipseTests-fill-true.ser                   	2	20	338.166	338.694	338.241	0.264	337.935	338.981	2.957	20
dc_boulder_2013-13-30-06-13-17.ser           	2	34	86.681	87.811	86.950	1.103	86.412	92.885	11.537	34
dc_boulder_2013-13-30-06-13-20.ser           	2	24	45.001	50.277	46.162	3.575	44.262	61.519	22.222	24
dc_shp_alllayers_2013-00-30-07-00-43.ser     	2	168	36.512	36.780	36.562	0.157	36.450	37.812	27.388	168
dc_shp_alllayers_2013-00-30-07-00-47.ser     	2	20	782.209	792.346	783.391	3.095	781.843	792.626	1.278	20
dc_spearfish_2013-11-30-06-11-15.ser         	2	520	11.701	11.747	11.738	0.249	11.677	14.018	85.460	520
dc_spearfish_2013-11-30-06-11-19.ser         	2	1080	5.811	5.840	5.818	0.055	5.794	6.617	172.094	1080
dc_topp:states_2013-11-30-06-11-06.ser       	2	578	10.896	10.928	10.906	0.067	10.862	11.645	91.778	578
dc_topp:states_2013-11-30-06-11-07.ser       	2	912	6.949	6.966	6.955	0.082	6.934	9.162	143.898	912
spiralTest-dash-false.ser                    	2	20	1085.146	1088.430	1085.384	2.632	1083.091	1095.604	0.922	20
spiralTest-fill.ser                          	2	20	735.652	747.742	736.601	3.965	733.160	748.256	1.359	20
test_z_625k.ser                              	2	42	145.939	146.545	146.002	0.325	145.601	146.990	6.852	42

TEST results:
Test                                         	Threads	Ops	Med	Pct95	Avg	StdDev	Min	Max	FPS(med)	TotalOps	[ms/op]
CircleTests.ser                              	1	188	55.460	56.887	55.712	0.625	55.221	58.632	18.031	188
EllipseTests-fill-false.ser                  	1	44	237.323	237.643	237.409	0.472	237.071	240.211	4.214	44
EllipseTests-fill-true.ser                   	1	31	338.084	338.513	338.069	0.291	337.532	338.689	2.958	31
dc_boulder_2013-13-30-06-13-17.ser           	1	120	86.858	87.429	87.027	1.142	86.677	99.274	11.513	120
dc_boulder_2013-13-30-06-13-20.ser           	1	238	43.918	44.262	43.971	0.134	43.861	44.708	22.770	238
dc_shp_alllayers_2013-00-30-07-00-43.ser     	1	286	36.521	36.792	36.569	0.188	36.469	38.787	27.381	286
dc_shp_alllayers_2013-00-30-07-00-47.ser     	1	25	777.090	777.500	777.114	0.422	776.433	778.356	1.287	25
dc_spearfish_2013-11-30-06-11-15.ser         	1	901	11.664	11.917	11.722	0.246	11.632	14.118	85.734	901
dc_spearfish_2013-11-30-06-11-19.ser         	1	1806	5.811	5.832	5.816	0.044	5.793	6.553	172.080	1806
dc_topp:states_2013-11-30-06-11-06.ser       	1	960	10.950	10.979	10.968	0.164	10.914	13.101	91.326	960
dc_topp:states_2013-11-30-06-11-07.ser       	1	1522	6.903	6.919	6.905	0.016	6.883	7.229	144.862	1522
spiralTest-dash-false.ser                    	1	25	1090.322	1092.017	1090.628	1.843	1088.960	1098.750	0.917	25
spiralTest-fill.ser                          	1	25	733.845	735.346	734.321	2.267	732.001	744.520	1.363	25
test_z_625k.ser                              	1	72	145.499	146.187	145.636	0.334	145.196	147.411	6.873	72

Scores:
Tests	14	14	
Threads	1	1	
Med	255.732	255.732	
Pct95	256.302	256.302	
FPS	42.236	42.236	


