
date:
vendredi 3 novembre 2017, 15:12:29 (UTC+0100)
JAVA_HOME: /home/graphics-rasterizer/jdk10/client/build/linux-x86_64-normal-server-release/images/jdk/
CLASSPATH:   ../lib/mapbench-0.4.0.jar
Boot CP:     
Java opts:   -Dsun.java2d.renderer=sun.java2d.marlin.DMarlinRenderingEngine -Dsun.java2d.renderer.clip=false -Dsun.java2d.renderer.verbose=false -Dsun.java2d.renderer.log=false -Dsun.java2d.renderer.logCreateContext=false -Dsun.java2d.renderer.logUnsafeMalloc=false -Dsun.java2d.renderer.subPixel_log2_X=3 -Dsun.java2d.renderer.subPixel_log2_Y=3 -Dsun.java2d.renderer.useThreadLocal=true -Dsun.java2d.renderer.useSimplifier=false -Dsun.java2d.renderer.useRef=soft -Dsun.java2d.renderer.pixelsize=2048 -Dsun.java2d.renderer.tileSize_log2=7 -Dsun.java2d.renderer.cubic_dec_d2=2.5 -Dsun.java2d.renderer.cubic_inc_d1=1.0 -Dsun.java2d.renderer.quad_dec_d2=1.0 -DMapBench.skipDraw=false -DMapBench.clip.small=false -DMapBench.qualityMode=false -DMapBench.premultiplied=true -DMapBench.acceleration=true -DMapBench.volatile=true -server
Java tuning:  -Xms2g  -Xmx2g -XX:+UseConcMarkSweepGC
JVM path
/home/graphics-rasterizer/jdk10/client/build/linux-x86_64-normal-server-release/images/jdk//bin//java
Java version
openjdk version "10-internal"
OpenJDK Runtime Environment (build 10-internal+0-adhoc.bourgesl.client)
OpenJDK 64-Bit Server VM (build 10-internal+0-adhoc.bourgesl.client, mixed mode)
OpenJDK 64-Bit Server VM warning: Option UseConcMarkSweepGC was deprecated in version 9.0 and will likely be removed in a future release.
##############################################################
# Java: 10-internal+0-adhoc.bourgesl.client
#   VM: OpenJDK 64-Bit Server VM 10-internal+0-adhoc.bourgesl.client (mixed mode)
#   OS: Linux 4.10.0-38-generic (amd64)
# CPUs: 4 (virtual)
##############################################################
# Renderer: DMarlinRenderingEngine 
# Quality mode: DEFAULT...
# Filter shape on size: DISABLED...
# Using VolatileImage ...
##############################################################
profileName: shared_1T
Loading profile file: /home/marlin/mapbench/bin/../profiles/shared_1T.properties
Loading scale file: /home/marlin/mapbench/bin/../profiles/mapbench-scales.properties
Profile properties (merged with defaults):
  doClip=false
  doCreateStrokedShape=false
  doRotate=false
  doScale=false
  doShear=false
  doTranslate=false
  doUseDashedStroke=false
  doUseGradient=false
  doUseTexture=false
  doUseWingRuleEvenOdd=false
  iteration=1
  maxThreads=1
  minDuration=10000.0
  minLoops=25
  pass=1
  rotateAngle=17.333
  scaleX=4.0
  scaleY=4.0
  shearX=2.0
  shearY=2.0
  translateX=0.0
  translateY=0.0
  useSharedImage=true
  warmupLoopsMin=80
##############################################################
# Min duration per test = 10000.0 ms.
##############################################################
Loading maps from = /home/marlin/mapbench/bin/../maps
Results format: 
Test                                         	Threads	Ops	Med	Pct95	Avg	StdDev	Min	Max	FPS(med)	TotalOps	[ms/op]

Calibrating up with 1 threads and 3000 loops
cleanup (explicit Full GC): 2,095,867,280 / 2,099,918,120 bytes free.
Calibration up took 83.302144 ms
[calibration]                                	1	3000	0.007	0.021	0.009	0.011	0.003	0.433	151080.224	3000
Loading drawing commands from file: /home/marlin/mapbench/bin/../maps/CircleTests.ser
Loaded DrawingCommands: DrawingCommands{width=2048, height=2048, commands=2001}
drawing[CircleTests.ser][width = 2048, height = 2048] ...

Warming up with 1 threads and 80 loops on /home/marlin/mapbench/bin/../maps/CircleTests.ser
cleanup (explicit Full GC): 2,088,750,672 / 2,104,773,120 bytes free.
Warm up took 4242.630905 ms
CircleTests.ser                              	1	80	46.280	63.433	52.997	28.095	45.608	258.007	21.607	80

Warming up with 1 threads and 160 loops on /home/marlin/mapbench/bin/../maps/CircleTests.ser
cleanup (explicit Full GC): 2,085,230,080 / 2,104,554,624 bytes free.
Warm up took 7459.096403 ms
CircleTests.ser                              	1	160	46.096	48.869	46.613	2.200	45.604	58.718	21.694	160
cleanup (explicit Full GC): 2,087,803,400 / 2,110,137,056 bytes free.
Initial test: 46.835067 ms.

Warming up with 2 threads and 67 loops on /home/marlin/mapbench/bin/../maps/CircleTests.ser
cleanup (explicit Full GC): 2,101,761,488 / 2,110,139,440 bytes free.
Warm up took 6220.472428 ms
CircleTests.ser                              	2	134	46.213	47.990	46.413	0.666	45.745	49.921	21.639	134
cleanup (explicit Full GC): 2,093,387,992 / 2,110,137,384 bytes free.
Initial test: 46.794143 ms.
Testing file /home/marlin/mapbench/bin/../maps/CircleTests.ser for 224 loops ...
cleanup (explicit Full GC): 2,101,761,784 / 2,110,139,360 bytes free.
1 threads and 224 loops per thread, time: 10282.96286 ms
CircleTests.ser                              	1	224	45.723	46.808	45.903	0.526	45.455	48.032	21.871	224


Loading drawing commands from file: /home/marlin/mapbench/bin/../maps/EllipseTests-fill-false.ser
Loaded DrawingCommands: DrawingCommands{width=2000, height=2000, commands=198}
drawing[EllipseTests-fill-false.ser][width = 2000, height = 2000] ...
cleanup (explicit Full GC): 2,087,803,864 / 2,110,806,472 bytes free.
Initial test: 202.21587 ms.

Warming up with 2 threads and 15 loops on /home/marlin/mapbench/bin/../maps/EllipseTests-fill-false.ser
cleanup (explicit Full GC): 2,102,430,848 / 2,110,552,944 bytes free.
Warm up took 5262.140803 ms
EllipseTests-fill-false.ser                  	2	30	173.564	180.054	175.385	7.178	171.355	211.355	5.762	30
cleanup (explicit Full GC): 2,102,177,328 / 2,110,552,336 bytes free.
Initial test: 171.498633 ms.
Testing file /home/marlin/mapbench/bin/../maps/EllipseTests-fill-false.ser for 61 loops ...
cleanup (explicit Full GC): 2,102,176,784 / 2,110,552,936 bytes free.
1 threads and 61 loops per thread, time: 10475.61121 ms
EllipseTests-fill-false.ser                  	1	61	171.538	173.410	171.726	0.996	170.703	176.963	5.830	61


Loading drawing commands from file: /home/marlin/mapbench/bin/../maps/EllipseTests-fill-true.ser
Loaded DrawingCommands: DrawingCommands{width=2000, height=2000, commands=198}
drawing[EllipseTests-fill-true.ser][width = 2000, height = 2000] ...
cleanup (explicit Full GC): 2,102,177,352 / 2,110,807,768 bytes free.
Initial test: 203.943882 ms.

Warming up with 2 threads and 15 loops on /home/marlin/mapbench/bin/../maps/EllipseTests-fill-true.ser
cleanup (explicit Full GC): 2,102,432,144 / 2,110,552,984 bytes free.
Warm up took 4604.874581 ms
EllipseTests-fill-true.ser                   	2	30	153.309	154.749	153.479	1.086	152.327	158.102	6.523	30
cleanup (explicit Full GC): 2,096,593,584 / 2,110,551,032 bytes free.
Initial test: 153.345197 ms.
Testing file /home/marlin/mapbench/bin/../maps/EllipseTests-fill-true.ser for 68 loops ...
cleanup (explicit Full GC): 2,102,175,480 / 2,110,551,600 bytes free.
1 threads and 68 loops per thread, time: 10393.308694 ms
EllipseTests-fill-true.ser                   	1	68	152.565	154.330	152.837	0.879	151.995	158.111	6.555	68


Loading drawing commands from file: /home/marlin/mapbench/bin/../maps/dc_boulder_2013-13-30-06-13-17.ser
Loaded DrawingCommands: DrawingCommands{width=1400, height=800, commands=4398}
drawing[dc_boulder_2013-13-30-06-13-17.ser][width = 1400, height = 800] ...
cleanup (explicit Full GC): 2,102,175,792 / 2,109,281,664 bytes free.
Initial test: 201.74422 ms.

Warming up with 2 threads and 15 loops on /home/marlin/mapbench/bin/../maps/dc_boulder_2013-13-30-06-13-17.ser
cleanup (explicit Full GC): 2,095,322,288 / 2,108,862,304 bytes free.
Warm up took 2735.752881 ms
dc_boulder_2013-13-30-06-13-17.ser           	2	30	80.808	178.339	91.145	30.802	80.580	193.925	12.375	30
cleanup (explicit Full GC): 2,097,694,856 / 2,108,859,520 bytes free.
Initial test: 82.249362 ms.
Testing file /home/marlin/mapbench/bin/../maps/dc_boulder_2013-13-30-06-13-17.ser for 127 loops ...
cleanup (explicit Full GC): 2,100,483,936 / 2,108,861,696 bytes free.
1 threads and 127 loops per thread, time: 10405.22154 ms
dc_boulder_2013-13-30-06-13-17.ser           	1	127	80.817	84.322	81.921	2.428	80.551	102.887	12.374	127


Loading drawing commands from file: /home/marlin/mapbench/bin/../maps/dc_boulder_2013-13-30-06-13-20.ser
Loaded DrawingCommands: DrawingCommands{width=1400, height=800, commands=2425}
drawing[dc_boulder_2013-13-30-06-13-20.ser][width = 1400, height = 800] ...
cleanup (explicit Full GC): 2,083,734,896 / 2,110,017,472 bytes free.
Initial test: 83.236475 ms.

Warming up with 2 threads and 37 loops on /home/marlin/mapbench/bin/../maps/dc_boulder_2013-13-30-06-13-20.ser
cleanup (explicit Full GC): 2,101,641,848 / 2,109,736,256 bytes free.
Warm up took 2992.442786 ms
dc_boulder_2013-13-30-06-13-20.ser           	2	74	39.870	43.100	40.425	2.132	39.582	56.059	25.081	74
cleanup (explicit Full GC): 2,095,776,912 / 2,109,734,984 bytes free.
Initial test: 40.593026 ms.
Testing file /home/marlin/mapbench/bin/../maps/dc_boulder_2013-13-30-06-13-20.ser for 259 loops ...
cleanup (explicit Full GC): 2,101,359,432 / 2,109,736,256 bytes free.
1 threads and 259 loops per thread, time: 10459.497047 ms
dc_boulder_2013-13-30-06-13-20.ser           	1	259	40.213	41.889	40.380	0.619	39.931	43.926	24.868	259


Loading drawing commands from file: /home/marlin/mapbench/bin/../maps/dc_shp_alllayers_2013-00-30-07-00-43.ser
Loaded DrawingCommands: DrawingCommands{width=1400, height=800, commands=568}
drawing[dc_shp_alllayers_2013-00-30-07-00-43.ser][width = 1400, height = 800] ...
cleanup (explicit Full GC): 2,076,233,904 / 2,110,519,632 bytes free.
Initial test: 35.84058 ms.

Warming up with 2 threads and 88 loops on /home/marlin/mapbench/bin/../maps/dc_shp_alllayers_2013-00-30-07-00-43.ser
cleanup (explicit Full GC): 2,102,144,008 / 2,110,262,064 bytes free.
Warm up took 6045.198743 ms
dc_shp_alllayers_2013-00-30-07-00-43.ser     	2	176	33.810	37.781	34.344	1.832	33.187	44.995	29.577	176
cleanup (explicit Full GC): 2,099,094,584 / 2,110,259,160 bytes free.
Initial test: 39.429884 ms.
Testing file /home/marlin/mapbench/bin/../maps/dc_shp_alllayers_2013-00-30-07-00-43.ser for 266 loops ...
cleanup (explicit Full GC): 2,101,883,608 / 2,110,262,064 bytes free.
1 threads and 266 loops per thread, time: 9011.671917 ms
dc_shp_alllayers_2013-00-30-07-00-43.ser     	1	266	33.542	35.377	33.876	1.641	33.091	53.916	29.813	266


Loading drawing commands from file: /home/marlin/mapbench/bin/../maps/dc_shp_alllayers_2013-00-30-07-00-47.ser
Loaded DrawingCommands: DrawingCommands{width=1400, height=800, commands=135213}
drawing[dc_shp_alllayers_2013-00-30-07-00-47.ser][width = 1400, height = 800] ...
cleanup (explicit Full GC): 1,967,422,152 / 2,071,465,816 bytes free.
Initial test: 837.002964 ms.

Warming up with 2 threads and 10 loops on /home/marlin/mapbench/bin/../maps/dc_shp_alllayers_2013-00-30-07-00-47.ser
cleanup (explicit Full GC): 2,046,557,200 / 2,067,248,368 bytes free.
Warm up took 16560.088115 ms
dc_shp_alllayers_2013-00-30-07-00-47.ser     	2	20	826.798	829.647	827.686	2.995	825.203	839.805	1.209	20
cleanup (explicit Full GC): 1,969,751,568 / 2,061,664,320 bytes free.
Initial test: 832.024926 ms.
Testing file /home/marlin/mapbench/bin/../maps/dc_shp_alllayers_2013-00-30-07-00-47.ser for 25 loops ...
cleanup (explicit Full GC): 2,039,548,008 / 2,067,248,392 bytes free.
1 threads and 25 loops per thread, time: 20702.105289 ms
dc_shp_alllayers_2013-00-30-07-00-47.ser     	1	25	827.343	830.683	827.870	2.134	825.281	836.135	1.209	25


Loading drawing commands from file: /home/marlin/mapbench/bin/../maps/dc_spearfish_2013-11-30-06-11-15.ser
Loaded DrawingCommands: DrawingCommands{width=512, height=359, commands=1232}
drawing[dc_spearfish_2013-11-30-06-11-15.ser][width = 512, height = 359] ...
cleanup (explicit Full GC): 1,950,208,704 / 2,110,419,168 bytes free.
Initial test: 13.948375 ms.

Warming up with 2 threads and 226 loops on /home/marlin/mapbench/bin/../maps/dc_spearfish_2013-11-30-06-11-15.ser
cleanup (explicit Full GC): 2,103,192,752 / 2,110,123,128 bytes free.
Warm up took 4921.487908 ms
dc_spearfish_2013-11-30-06-11-15.ser         	2	452	10.659	11.233	10.887	1.366	10.634	27.479	93.818	452
cleanup (explicit Full GC): 2,083,353,624 / 2,110,115,816 bytes free.
Initial test: 10.911902 ms.
Testing file /home/marlin/mapbench/bin/../maps/dc_spearfish_2013-11-30-06-11-15.ser for 964 loops ...
cleanup (explicit Full GC): 2,102,889,408 / 2,110,123,136 bytes free.
1 threads and 964 loops per thread, time: 10454.531977 ms
dc_spearfish_2013-11-30-06-11-15.ser         	1	964	10.808	11.141	10.844	0.136	10.780	12.411	92.526	964


Loading drawing commands from file: /home/marlin/mapbench/bin/../maps/dc_spearfish_2013-11-30-06-11-19.ser
Loaded DrawingCommands: DrawingCommands{width=512, height=359, commands=349}
drawing[dc_spearfish_2013-11-30-06-11-19.ser][width = 512, height = 359] ...
cleanup (explicit Full GC): 2,062,879,904 / 2,110,687,344 bytes free.
Initial test: 4.819104 ms.

Warming up with 2 threads and 655 loops on /home/marlin/mapbench/bin/../maps/dc_spearfish_2013-11-30-06-11-19.ser
cleanup (explicit Full GC): 2,102,530,312 / 2,110,437,968 bytes free.
Warm up took 6475.517339 ms
dc_spearfish_2013-11-30-06-11-19.ser         	2	1310	4.928	4.962	4.942	0.098	4.914	7.300	202.904	1310
cleanup (explicit Full GC): 2,085,529,760 / 2,110,416,920 bytes free.
Initial test: 4.896208 ms.
Testing file /home/marlin/mapbench/bin/../maps/dc_spearfish_2013-11-30-06-11-19.ser for 2149 loops ...
cleanup (explicit Full GC): 2,102,259,896 / 2,110,437,968 bytes free.
1 threads and 2149 loops per thread, time: 10355.734599 ms
dc_spearfish_2013-11-30-06-11-19.ser         	1	2149	4.806	4.838	4.818	0.098	4.790	7.940	208.086	2149


Loading drawing commands from file: /home/marlin/mapbench/bin/../maps/dc_topp:states_2013-11-30-06-11-06.ser
Loaded DrawingCommands: DrawingCommands{width=780, height=330, commands=119}
drawing[dc_topp:states_2013-11-30-06-11-06.ser][width = 780, height = 330] ...
cleanup (explicit Full GC): 2,077,154,168 / 2,110,663,400 bytes free.
Initial test: 8.747021 ms.

Warming up with 2 threads and 361 loops on /home/marlin/mapbench/bin/../maps/dc_topp:states_2013-11-30-06-11-06.ser
cleanup (explicit Full GC): 2,102,506,384 / 2,110,438,440 bytes free.
Warm up took 6377.161653 ms
dc_topp:states_2013-11-30-06-11-06.ser       	2	722	8.712	9.049	8.832	0.600	8.687	13.718	114.782	722
cleanup (explicit Full GC): 2,099,489,552 / 2,110,426,800 bytes free.
Initial test: 11.677948 ms.
Testing file /home/marlin/mapbench/bin/../maps/dc_topp:states_2013-11-30-06-11-06.ser for 901 loops ...
cleanup (explicit Full GC): 2,102,269,776 / 2,110,438,440 bytes free.
1 threads and 901 loops per thread, time: 7947.823325 ms
dc_topp:states_2013-11-30-06-11-06.ser       	1	901	8.722	8.819	8.820	0.769	8.692	24.641	114.650	901


Loading drawing commands from file: /home/marlin/mapbench/bin/../maps/dc_topp:states_2013-11-30-06-11-07.ser
Loaded DrawingCommands: DrawingCommands{width=780, height=330, commands=144}
drawing[dc_topp:states_2013-11-30-06-11-07.ser][width = 780, height = 330] ...
cleanup (explicit Full GC): 2,096,697,688 / 2,110,696,168 bytes free.
Initial test: 6.219658 ms.

Warming up with 2 threads and 507 loops on /home/marlin/mapbench/bin/../maps/dc_topp:states_2013-11-30-06-11-07.ser
cleanup (explicit Full GC): 2,102,539,152 / 2,110,450,592 bytes free.
Warm up took 6244.789842 ms
dc_topp:states_2013-11-30-06-11-07.ser       	2	1014	6.001	6.533	6.158	0.743	5.981	15.282	166.638	1014
cleanup (explicit Full GC): 2,096,709,840 / 2,110,434,280 bytes free.
Initial test: 6.114856 ms.
Testing file /home/marlin/mapbench/bin/../maps/dc_topp:states_2013-11-30-06-11-07.ser for 1721 loops ...
cleanup (explicit Full GC): 2,102,277,256 / 2,110,450,592 bytes free.
1 threads and 1721 loops per thread, time: 10436.899687 ms
dc_topp:states_2013-11-30-06-11-07.ser       	1	1721	6.017	6.053	6.064	0.438	5.995	17.923	166.200	1721


Loading drawing commands from file: /home/marlin/mapbench/bin/../maps/spiralTest-dash-false.ser
Loaded DrawingCommands: DrawingCommands{width=4096, height=4096, commands=1}
drawing[spiralTest-dash-false.ser][width = 4096, height = 4096] ...
cleanup (explicit Full GC): 2,087,229,432 / 2,103,278,152 bytes free.
Initial test: 1098.349925 ms.

Warming up with 2 threads and 10 loops on /home/marlin/mapbench/bin/../maps/spiralTest-dash-false.ser
cleanup (explicit Full GC): 1,978,729,088 / 2,103,048,136 bytes free.
Warm up took 21596.654834 ms
spiralTest-dash-false.ser                    	2	20	1079.469	1092.227	1079.811	6.415	1070.178	1092.958	0.926	20
cleanup (explicit Full GC): 1,976,755,840 / 2,103,047,080 bytes free.
Initial test: 1101.312593 ms.
Testing file /home/marlin/mapbench/bin/../maps/spiralTest-dash-false.ser for 25 loops ...
cleanup (explicit Full GC): 1,976,754,784 / 2,103,047,488 bytes free.
1 threads and 25 loops per thread, time: 27277.517181 ms
spiralTest-dash-false.ser                    	1	25	1090.447	1105.139	1091.087	8.805	1081.486	1119.424	0.917	25


Loading drawing commands from file: /home/marlin/mapbench/bin/../maps/spiralTest-fill.ser
Loaded DrawingCommands: DrawingCommands{width=4096, height=4096, commands=1}
drawing[spiralTest-fill.ser][width = 4096, height = 4096] ...
cleanup (explicit Full GC): 1,963,093,920 / 2,095,459,832 bytes free.
Initial test: 739.328259 ms.

Warming up with 2 threads and 10 loops on /home/marlin/mapbench/bin/../maps/spiralTest-fill.ser
cleanup (explicit Full GC): 2,089,920,384 / 2,095,203,320 bytes free.
Warm up took 14670.546243 ms
spiralTest-fill.ser                          	2	20	733.932	740.327	733.504	6.332	720.142	742.369	1.363	20
cleanup (explicit Full GC): 2,088,268,000 / 2,095,202,912 bytes free.
Initial test: 730.388659 ms.
Testing file /home/marlin/mapbench/bin/../maps/spiralTest-fill.ser for 25 loops ...
cleanup (explicit Full GC): 2,089,663,536 / 2,095,203,320 bytes free.
1 threads and 25 loops per thread, time: 18434.604374 ms
spiralTest-fill.ser                          	1	25	738.962	744.586	737.367	5.986	724.778	744.770	1.353	25


Loading drawing commands from file: /home/marlin/mapbench/bin/../maps/test_z_625k.ser
Loaded DrawingCommands: DrawingCommands{width=1272, height=1261, commands=23345}
drawing[test_z_625k.ser][width = 1272, height = 1261] ...
cleanup (explicit Full GC): 2,066,199,128 / 2,104,032,248 bytes free.
Initial test: 178.323435 ms.

Warming up with 2 threads and 17 loops on /home/marlin/mapbench/bin/../maps/test_z_625k.ser
cleanup (explicit Full GC): 2,093,374,376 / 2,102,968,776 bytes free.
Warm up took 5891.364639 ms
test_z_625k.ser                              	2	34	172.864	176.125	173.236	1.601	171.473	179.502	5.785	34
cleanup (explicit Full GC): 2,069,976,064 / 2,097,382,680 bytes free.
Initial test: 173.960603 ms.
Testing file /home/marlin/mapbench/bin/../maps/test_z_625k.ser for 60 loops ...
cleanup (explicit Full GC): 2,089,516,744 / 2,102,968,440 bytes free.
1 threads and 60 loops per thread, time: 10382.259959 ms
test_z_625k.ser                              	1	60	172.805	175.013	173.017	1.071	171.702	176.924	5.787	60


WARMUP results:
Test                                         	Threads	Ops	Med	Pct95	Avg	StdDev	Min	Max	FPS(med)	TotalOps	[ms/op]
<<< Calib 1
[calibration]                                	1	3000	0.007	0.021	0.009	0.011	0.003	0.433	151080.224	3000
>>> Calib 1
<<< Warmup 1
CircleTests.ser                              	1	80	46.280	63.433	52.997	28.095	45.608	258.007	21.607	80
>>> Warmup 1
<<< Warmup 2
CircleTests.ser                              	1	160	46.096	48.869	46.613	2.200	45.604	58.718	21.694	160
>>> Warmup 2
CircleTests.ser                              	2	134	46.213	47.990	46.413	0.666	45.745	49.921	21.639	134
EllipseTests-fill-false.ser                  	2	30	173.564	180.054	175.385	7.178	171.355	211.355	5.762	30
EllipseTests-fill-true.ser                   	2	30	153.309	154.749	153.479	1.086	152.327	158.102	6.523	30
dc_boulder_2013-13-30-06-13-17.ser           	2	30	80.808	178.339	91.145	30.802	80.580	193.925	12.375	30
dc_boulder_2013-13-30-06-13-20.ser           	2	74	39.870	43.100	40.425	2.132	39.582	56.059	25.081	74
dc_shp_alllayers_2013-00-30-07-00-43.ser     	2	176	33.810	37.781	34.344	1.832	33.187	44.995	29.577	176
dc_shp_alllayers_2013-00-30-07-00-47.ser     	2	20	826.798	829.647	827.686	2.995	825.203	839.805	1.209	20
dc_spearfish_2013-11-30-06-11-15.ser         	2	452	10.659	11.233	10.887	1.366	10.634	27.479	93.818	452
dc_spearfish_2013-11-30-06-11-19.ser         	2	1310	4.928	4.962	4.942	0.098	4.914	7.300	202.904	1310
dc_topp:states_2013-11-30-06-11-06.ser       	2	722	8.712	9.049	8.832	0.600	8.687	13.718	114.782	722
dc_topp:states_2013-11-30-06-11-07.ser       	2	1014	6.001	6.533	6.158	0.743	5.981	15.282	166.638	1014
spiralTest-dash-false.ser                    	2	20	1079.469	1092.227	1079.811	6.415	1070.178	1092.958	0.926	20
spiralTest-fill.ser                          	2	20	733.932	740.327	733.504	6.332	720.142	742.369	1.363	20
test_z_625k.ser                              	2	34	172.864	176.125	173.236	1.601	171.473	179.502	5.785	34

TEST results:
Test                                         	Threads	Ops	Med	Pct95	Avg	StdDev	Min	Max	FPS(med)	TotalOps	[ms/op]
CircleTests.ser                              	1	224	45.723	46.808	45.903	0.526	45.455	48.032	21.871	224
EllipseTests-fill-false.ser                  	1	61	171.538	173.410	171.726	0.996	170.703	176.963	5.830	61
EllipseTests-fill-true.ser                   	1	68	152.565	154.330	152.837	0.879	151.995	158.111	6.555	68
dc_boulder_2013-13-30-06-13-17.ser           	1	127	80.817	84.322	81.921	2.428	80.551	102.887	12.374	127
dc_boulder_2013-13-30-06-13-20.ser           	1	259	40.213	41.889	40.380	0.619	39.931	43.926	24.868	259
dc_shp_alllayers_2013-00-30-07-00-43.ser     	1	266	33.542	35.377	33.876	1.641	33.091	53.916	29.813	266
dc_shp_alllayers_2013-00-30-07-00-47.ser     	1	25	827.343	830.683	827.870	2.134	825.281	836.135	1.209	25
dc_spearfish_2013-11-30-06-11-15.ser         	1	964	10.808	11.141	10.844	0.136	10.780	12.411	92.526	964
dc_spearfish_2013-11-30-06-11-19.ser         	1	2149	4.806	4.838	4.818	0.098	4.790	7.940	208.086	2149
dc_topp:states_2013-11-30-06-11-06.ser       	1	901	8.722	8.819	8.820	0.769	8.692	24.641	114.650	901
dc_topp:states_2013-11-30-06-11-07.ser       	1	1721	6.017	6.053	6.064	0.438	5.995	17.923	166.200	1721
spiralTest-dash-false.ser                    	1	25	1090.447	1105.139	1091.087	8.805	1081.486	1119.424	0.917	25
spiralTest-fill.ser                          	1	25	738.962	744.586	737.367	5.986	724.778	744.770	1.353	25
test_z_625k.ser                              	1	60	172.805	175.013	173.017	1.071	171.702	176.924	5.787	60

Scores:
Tests	14	14	
Threads	1	1	
Med	241.736	241.736	
Pct95	244.458	244.458	
FPS	49.431	49.431	


