
date:
vendredi 3 novembre 2017, 15:49:32 (UTC+0100)
JAVA_HOME: /home/graphics-rasterizer/jdk10/client/build/linux-x86_64-normal-server-release/images/jdk/
CLASSPATH:   ../lib/mapbench-0.4.0.jar
Boot CP:     
Java opts:   -Dsun.java2d.renderer=sun.java2d.marlin.DMarlinRenderingEngine -Dsun.java2d.renderer.clip=false -Dsun.java2d.renderer.verbose=false -Dsun.java2d.renderer.log=false -Dsun.java2d.renderer.logCreateContext=false -Dsun.java2d.renderer.logUnsafeMalloc=false -Dsun.java2d.renderer.subPixel_log2_X=3 -Dsun.java2d.renderer.subPixel_log2_Y=3 -Dsun.java2d.renderer.useThreadLocal=true -Dsun.java2d.renderer.useSimplifier=false -Dsun.java2d.renderer.useRef=soft -Dsun.java2d.renderer.pixelsize=2048 -Dsun.java2d.renderer.tileSize_log2=5 -Dsun.java2d.renderer.tileWidth_log2=5 -Dsun.java2d.renderer.cubic_dec_d2=2.5 -Dsun.java2d.renderer.cubic_inc_d1=1.0 -Dsun.java2d.renderer.quad_dec_d2=1.0 -DMapBench.skipDraw=false -DMapBench.clip.small=false -DMapBench.qualityMode=false -DMapBench.premultiplied=true -DMapBench.acceleration=false -DMapBench.volatile=false -server
Java tuning:  -Xms2g  -Xmx2g -XX:+UseConcMarkSweepGC
JVM path
/home/graphics-rasterizer/jdk10/client/build/linux-x86_64-normal-server-release/images/jdk//bin//java
Java version
openjdk version "10-internal"
OpenJDK Runtime Environment (build 10-internal+0-adhoc.bourgesl.client)
OpenJDK 64-Bit Server VM (build 10-internal+0-adhoc.bourgesl.client, mixed mode)
OpenJDK 64-Bit Server VM warning: Option UseConcMarkSweepGC was deprecated in version 9.0 and will likely be removed in a future release.
##############################################################
# Java: 10-internal+0-adhoc.bourgesl.client
#   VM: OpenJDK 64-Bit Server VM 10-internal+0-adhoc.bourgesl.client (mixed mode)
#   OS: Linux 4.10.0-38-generic (amd64)
# CPUs: 4 (virtual)
##############################################################
# Renderer: DMarlinRenderingEngine 
# Quality mode: DEFAULT...
# Filter shape on size: DISABLED...
# Using BufferedImage INT_ARGB_PRE...
##############################################################
profileName: shared_1T
Loading profile file: /home/marlin/mapbench/bin/../profiles/shared_1T.properties
Loading scale file: /home/marlin/mapbench/bin/../profiles/mapbench-scales.properties
Profile properties (merged with defaults):
  doClip=false
  doCreateStrokedShape=false
  doRotate=false
  doScale=false
  doShear=false
  doTranslate=false
  doUseDashedStroke=false
  doUseGradient=false
  doUseTexture=false
  doUseWingRuleEvenOdd=false
  iteration=1
  maxThreads=1
  minDuration=10000.0
  minLoops=25
  pass=1
  rotateAngle=17.333
  scaleX=4.0
  scaleY=4.0
  shearX=2.0
  shearY=2.0
  translateX=0.0
  translateY=0.0
  useSharedImage=true
  warmupLoopsMin=80
##############################################################
# Min duration per test = 10000.0 ms.
##############################################################
Loading maps from = /home/marlin/mapbench/bin/../maps
Results format: 
Test                                         	Threads	Ops	Med	Pct95	Avg	StdDev	Min	Max	FPS(med)	TotalOps	[ms/op]

Calibrating up with 1 threads and 3000 loops
cleanup (explicit Full GC): 2,101,451,128 / 2,100,394,256 bytes free.
Calibration up took 1005.533097 ms
[calibration]                                	1	3000	0.289	0.297	0.291	0.012	0.288	0.864	3458.939	3000
Loading drawing commands from file: /home/marlin/mapbench/bin/../maps/CircleTests.ser
Loaded DrawingCommands: DrawingCommands{width=2048, height=2048, commands=2001}
drawing[CircleTests.ser][width = 2048, height = 2048] ...

Warming up with 1 threads and 80 loops on /home/marlin/mapbench/bin/../maps/CircleTests.ser
cleanup (explicit Full GC): 2,083,643,168 / 2,110,516,240 bytes free.
Warm up took 4971.277266 ms
CircleTests.ser                              	1	80	56.193	70.632	62.090	26.264	55.916	263.324	17.796	80

Warming up with 1 threads and 160 loops on /home/marlin/mapbench/bin/../maps/CircleTests.ser
cleanup (explicit Full GC): 2,071,404,216 / 2,110,284,008 bytes free.
Warm up took 9019.678291 ms
CircleTests.ser                              	1	160	56.304	56.677	56.359	0.165	56.140	57.002	17.761	160
cleanup (explicit Full GC): 2,076,755,664 / 2,110,282,968 bytes free.
Initial test: 56.550247 ms.

Warming up with 2 threads and 55 loops on /home/marlin/mapbench/bin/../maps/CircleTests.ser
cleanup (explicit Full GC): 2,082,338,320 / 2,110,285,256 bytes free.
Warm up took 6194.236974 ms
CircleTests.ser                              	2	110	56.228	56.637	56.282	0.178	56.087	57.100	17.785	110
cleanup (explicit Full GC): 2,059,979,680 / 2,110,283,448 bytes free.
Initial test: 56.738005 ms.
Testing file /home/marlin/mapbench/bin/../maps/CircleTests.ser for 185 loops ...
cleanup (explicit Full GC): 2,082,338,800 / 2,110,285,096 bytes free.
1 threads and 185 loops per thread, time: 10406.651561 ms
CircleTests.ser                              	1	185	56.180	56.615	56.242	0.179	56.054	57.265	17.800	185


Loading drawing commands from file: /home/marlin/mapbench/bin/../maps/EllipseTests-fill-false.ser
Loaded DrawingCommands: DrawingCommands{width=2000, height=2000, commands=198}
drawing[EllipseTests-fill-false.ser][width = 2000, height = 2000] ...
cleanup (explicit Full GC): 2,071,173,056 / 2,110,933,400 bytes free.
Initial test: 216.053596 ms.

Warming up with 2 threads and 14 loops on /home/marlin/mapbench/bin/../maps/EllipseTests-fill-false.ser
cleanup (explicit Full GC): 2,086,557,808 / 2,110,699,328 bytes free.
Warm up took 6032.319937 ms
EllipseTests-fill-false.ser                  	2	28	215.263	215.857	215.349	0.370	214.844	216.715	4.645	28
cleanup (explicit Full GC): 2,070,323,728 / 2,110,698,824 bytes free.
Initial test: 214.925531 ms.
Testing file /home/marlin/mapbench/bin/../maps/EllipseTests-fill-false.ser for 48 loops ...
cleanup (explicit Full GC): 2,086,323,240 / 2,110,699,320 bytes free.
1 threads and 48 loops per thread, time: 10314.22106 ms
EllipseTests-fill-false.ser                  	1	48	214.808	215.032	214.850	0.165	214.651	215.694	4.655	48


Loading drawing commands from file: /home/marlin/mapbench/bin/../maps/EllipseTests-fill-true.ser
Loaded DrawingCommands: DrawingCommands{width=2000, height=2000, commands=198}
drawing[EllipseTests-fill-true.ser][width = 2000, height = 2000] ...
cleanup (explicit Full GC): 2,086,323,736 / 2,110,935,576 bytes free.
Initial test: 425.745958 ms.

Warming up with 2 threads and 10 loops on /home/marlin/mapbench/bin/../maps/EllipseTests-fill-true.ser
cleanup (explicit Full GC): 2,086,559,920 / 2,110,699,304 bytes free.
Warm up took 8523.265963 ms
EllipseTests-fill-true.ser                   	2	20	425.998	426.525	426.044	0.326	425.566	426.550	2.347	20
cleanup (explicit Full GC): 2,064,740,048 / 2,094,697,416 bytes free.
Initial test: 426.12348 ms.
Testing file /home/marlin/mapbench/bin/../maps/EllipseTests-fill-true.ser for 25 loops ...
cleanup (explicit Full GC): 2,070,321,832 / 2,110,699,144 bytes free.
1 threads and 25 loops per thread, time: 10636.024745 ms
EllipseTests-fill-true.ser                   	1	25	425.378	425.754	425.386	0.260	424.918	425.982	2.351	25


Loading drawing commands from file: /home/marlin/mapbench/bin/../maps/dc_boulder_2013-13-30-06-13-17.ser
Loaded DrawingCommands: DrawingCommands{width=1400, height=800, commands=4398}
drawing[dc_boulder_2013-13-30-06-13-17.ser][width = 1400, height = 800] ...
cleanup (explicit Full GC): 2,086,323,560 / 2,109,411,640 bytes free.
Initial test: 192.996409 ms.

Warming up with 2 threads and 16 loops on /home/marlin/mapbench/bin/../maps/dc_boulder_2013-13-30-06-13-17.ser
cleanup (explicit Full GC): 2,095,452,312 / 2,104,527,992 bytes free.
Warm up took 2882.413835 ms
dc_boulder_2013-13-30-06-13-17.ser           	2	32	87.314	88.555	90.019	14.715	86.996	171.919	11.453	32
cleanup (explicit Full GC): 2,088,880,544 / 2,109,008,168 bytes free.
Initial test: 87.461291 ms.
Testing file /home/marlin/mapbench/bin/../maps/dc_boulder_2013-13-30-06-13-17.ser for 120 loops ...
cleanup (explicit Full GC): 2,100,632,600 / 2,109,008,824 bytes free.
1 threads and 120 loops per thread, time: 10471.419356 ms
dc_boulder_2013-13-30-06-13-17.ser           	1	120	87.121	87.752	87.249	0.340	87.007	90.016	11.478	120


Loading drawing commands from file: /home/marlin/mapbench/bin/../maps/dc_boulder_2013-13-30-06-13-20.ser
Loaded DrawingCommands: DrawingCommands{width=1400, height=800, commands=2425}
drawing[dc_boulder_2013-13-30-06-13-20.ser][width = 1400, height = 800] ...
cleanup (explicit Full GC): 2,078,298,256 / 2,110,144,496 bytes free.
Initial test: 79.893359 ms.

Warming up with 2 threads and 39 loops on /home/marlin/mapbench/bin/../maps/dc_boulder_2013-13-30-06-13-20.ser
cleanup (explicit Full GC): 2,101,768,856 / 2,109,883,248 bytes free.
Warm up took 3565.343861 ms
dc_boulder_2013-13-30-06-13-20.ser           	2	78	45.592	47.115	45.690	0.644	45.049	48.201	21.934	78
cleanup (explicit Full GC): 2,091,443,936 / 2,109,881,952 bytes free.
Initial test: 46.144139 ms.
Testing file /home/marlin/mapbench/bin/../maps/dc_boulder_2013-13-30-06-13-20.ser for 228 loops ...
cleanup (explicit Full GC): 2,101,506,384 / 2,109,883,248 bytes free.
1 threads and 228 loops per thread, time: 10425.805929 ms
dc_boulder_2013-13-30-06-13-20.ser           	1	228	45.543	46.800	45.722	0.550	45.163	48.059	21.957	228


Loading drawing commands from file: /home/marlin/mapbench/bin/../maps/dc_shp_alllayers_2013-00-30-07-00-43.ser
Loaded DrawingCommands: DrawingCommands{width=1400, height=800, commands=568}
drawing[dc_shp_alllayers_2013-00-30-07-00-43.ser][width = 1400, height = 800] ...
cleanup (explicit Full GC): 2,084,756,496 / 2,110,648,624 bytes free.
Initial test: 36.746985 ms.

Warming up with 2 threads and 85 loops on /home/marlin/mapbench/bin/../maps/dc_shp_alllayers_2013-00-30-07-00-43.ser
cleanup (explicit Full GC): 2,102,272,984 / 2,110,409,344 bytes free.
Warm up took 6216.989152 ms
dc_shp_alllayers_2013-00-30-07-00-43.ser     	2	170	36.523	36.797	36.563	0.120	36.473	37.272	27.380	170
cleanup (explicit Full GC): 2,094,761,896 / 2,110,406,576 bytes free.
Initial test: 36.725291 ms.
Testing file /home/marlin/mapbench/bin/../maps/dc_shp_alllayers_2013-00-30-07-00-43.ser for 286 loops ...
cleanup (explicit Full GC): 2,102,031,008 / 2,110,409,344 bytes free.
1 threads and 286 loops per thread, time: 10457.435233 ms
dc_shp_alllayers_2013-00-30-07-00-43.ser     	1	286	36.519	36.793	36.561	0.165	36.478	38.418	27.383	286


Loading drawing commands from file: /home/marlin/mapbench/bin/../maps/dc_shp_alllayers_2013-00-30-07-00-47.ser
Loaded DrawingCommands: DrawingCommands{width=1400, height=800, commands=135213}
drawing[dc_shp_alllayers_2013-00-30-07-00-47.ser][width = 1400, height = 800] ...
cleanup (explicit Full GC): 1,963,607,856 / 2,071,592,792 bytes free.
Initial test: 770.873992 ms.

Warming up with 2 threads and 10 loops on /home/marlin/mapbench/bin/../maps/dc_shp_alllayers_2013-00-30-07-00-47.ser
cleanup (explicit Full GC): 2,046,678,584 / 2,067,395,776 bytes free.
Warm up took 15532.721121 ms
dc_shp_alllayers_2013-00-30-07-00-47.ser     	2	20	774.152	783.045	776.135	4.895	771.071	784.279	1.292	20
cleanup (explicit Full GC): 1,968,205,048 / 2,067,395,496 bytes free.
Initial test: 773.74536 ms.
Testing file /home/marlin/mapbench/bin/../maps/dc_shp_alllayers_2013-00-30-07-00-47.ser for 25 loops ...
cleanup (explicit Full GC): 2,048,065,112 / 2,067,395,768 bytes free.
1 threads and 25 loops per thread, time: 19315.743618 ms
dc_shp_alllayers_2013-00-30-07-00-47.ser     	1	25	772.431	772.877	772.405	0.289	771.644	772.910	1.295	25


Loading drawing commands from file: /home/marlin/mapbench/bin/../maps/dc_spearfish_2013-11-30-06-11-15.ser
Loaded DrawingCommands: DrawingCommands{width=512, height=359, commands=1232}
drawing[dc_spearfish_2013-11-30-06-11-15.ser][width = 512, height = 359] ...
cleanup (explicit Full GC): 1,947,770,944 / 2,110,548,960 bytes free.
Initial test: 12.201206 ms.

Warming up with 2 threads and 258 loops on /home/marlin/mapbench/bin/../maps/dc_spearfish_2013-11-30-06-11-15.ser
cleanup (explicit Full GC): 2,102,386,024 / 2,110,270,408 bytes free.
Warm up took 6160.185674 ms
dc_spearfish_2013-11-30-06-11-15.ser         	2	516	11.883	12.530	11.937	0.261	11.779	14.529	84.156	516
cleanup (explicit Full GC): 2,082,564,432 / 2,110,261,952 bytes free.
Initial test: 11.862711 ms.
Testing file /home/marlin/mapbench/bin/../maps/dc_spearfish_2013-11-30-06-11-15.ser for 887 loops ...
cleanup (explicit Full GC): 2,102,099,024 / 2,110,270,256 bytes free.
1 threads and 887 loops per thread, time: 10517.798998 ms
dc_spearfish_2013-11-30-06-11-15.ser         	1	887	11.854	11.878	11.857	0.018	11.831	12.011	84.358	887


Loading drawing commands from file: /home/marlin/mapbench/bin/../maps/dc_spearfish_2013-11-30-06-11-19.ser
Loaded DrawingCommands: DrawingCommands{width=512, height=359, commands=349}
drawing[dc_spearfish_2013-11-30-06-11-19.ser][width = 512, height = 359] ...
cleanup (explicit Full GC): 2,063,021,272 / 2,110,817,000 bytes free.
Initial test: 5.818248 ms.

Warming up with 2 threads and 542 loops on /home/marlin/mapbench/bin/../maps/dc_spearfish_2013-11-30-06-11-19.ser
cleanup (explicit Full GC): 2,102,654,064 / 2,110,585,176 bytes free.
Warm up took 6334.519155 ms
dc_spearfish_2013-11-30-06-11-19.ser         	2	1084	5.841	5.854	5.843	0.015	5.825	6.042	171.204	1084
cleanup (explicit Full GC): 2,091,254,792 / 2,110,567,784 bytes free.
Initial test: 5.823186 ms.
Testing file /home/marlin/mapbench/bin/../maps/dc_spearfish_2013-11-30-06-11-19.ser for 1807 loops ...
cleanup (explicit Full GC): 2,102,404,856 / 2,110,585,176 bytes free.
1 threads and 1807 loops per thread, time: 10511.167198 ms
dc_spearfish_2013-11-30-06-11-19.ser         	1	1807	5.815	5.828	5.816	0.013	5.793	5.972	171.975	1807


Loading drawing commands from file: /home/marlin/mapbench/bin/../maps/dc_topp:states_2013-11-30-06-11-06.ser
Loaded DrawingCommands: DrawingCommands{width=780, height=330, commands=119}
drawing[dc_topp:states_2013-11-30-06-11-06.ser][width = 780, height = 330] ...
cleanup (explicit Full GC): 2,082,879,200 / 2,105,213,608 bytes free.
Initial test: 11.38971 ms.

Warming up with 2 threads and 277 loops on /home/marlin/mapbench/bin/../maps/dc_topp:states_2013-11-30-06-11-06.ser
cleanup (explicit Full GC): 2,097,050,688 / 2,110,585,584 bytes free.
Warm up took 6284.593694 ms
dc_topp:states_2013-11-30-06-11-06.ser       	2	554	11.334	11.357	11.343	0.071	11.306	12.122	88.230	554
cleanup (explicit Full GC): 2,102,422,656 / 2,110,576,672 bytes free.
Initial test: 11.354806 ms.
Testing file /home/marlin/mapbench/bin/../maps/dc_topp:states_2013-11-30-06-11-06.ser for 927 loops ...
cleanup (explicit Full GC): 2,102,413,744 / 2,110,585,584 bytes free.
1 threads and 927 loops per thread, time: 10518.577979 ms
dc_topp:states_2013-11-30-06-11-06.ser       	1	927	11.338	11.360	11.346	0.072	11.315	12.679	88.203	927


Loading drawing commands from file: /home/marlin/mapbench/bin/../maps/dc_topp:states_2013-11-30-06-11-07.ser
Loaded DrawingCommands: DrawingCommands{width=780, height=330, commands=144}
drawing[dc_topp:states_2013-11-30-06-11-07.ser][width = 780, height = 330] ...
cleanup (explicit Full GC): 2,099,630,792 / 2,110,824,064 bytes free.
Initial test: 7.169998 ms.

Warming up with 2 threads and 440 loops on /home/marlin/mapbench/bin/../maps/dc_topp:states_2013-11-30-06-11-07.ser
cleanup (explicit Full GC): 2,102,661,144 / 2,110,597,688 bytes free.
Warm up took 6308.158142 ms
dc_topp:states_2013-11-30-06-11-07.ser       	2	880	7.162	7.179	7.167	0.053	7.139	7.921	139.635	880
cleanup (explicit Full GC): 2,099,642,896 / 2,110,583,560 bytes free.
Initial test: 7.170295 ms.
Testing file /home/marlin/mapbench/bin/../maps/dc_topp:states_2013-11-30-06-11-07.ser for 1468 loops ...
cleanup (explicit Full GC): 2,102,420,632 / 2,110,597,688 bytes free.
1 threads and 1468 loops per thread, time: 10527.210455 ms
dc_topp:states_2013-11-30-06-11-07.ser       	1	1468	7.166	7.182	7.171	0.049	7.145	7.954	139.550	1468


Loading drawing commands from file: /home/marlin/mapbench/bin/../maps/spiralTest-dash-false.ser
Loaded DrawingCommands: DrawingCommands{width=4096, height=4096, commands=1}
drawing[spiralTest-dash-false.ser][width = 4096, height = 4096] ...
cleanup (explicit Full GC): 2,090,162,488 / 2,103,410,720 bytes free.
Initial test: 1127.884098 ms.

Warming up with 2 threads and 10 loops on /home/marlin/mapbench/bin/../maps/spiralTest-dash-false.ser
cleanup (explicit Full GC): 1,911,746,872 / 2,103,195,232 bytes free.
Warm up took 22638.747989 ms
spiralTest-dash-false.ser                    	2	20	1130.574	1146.541	1131.538	9.112	1125.732	1166.265	0.885	20
cleanup (explicit Full GC): 1,846,367,200 / 2,103,194,216 bytes free.
Initial test: 1129.462212 ms.
Testing file /home/marlin/mapbench/bin/../maps/spiralTest-dash-false.ser for 25 loops ...
cleanup (explicit Full GC): 1,914,119,480 / 2,103,194,584 bytes free.
1 threads and 25 loops per thread, time: 28112.079682 ms
spiralTest-dash-false.ser                    	1	25	1123.938	1126.106	1124.313	2.139	1122.542	1133.905	0.890	25


Loading drawing commands from file: /home/marlin/mapbench/bin/../maps/spiralTest-fill.ser
Loaded DrawingCommands: DrawingCommands{width=4096, height=4096, commands=1}
drawing[spiralTest-fill.ser][width = 4096, height = 4096] ...
cleanup (explicit Full GC): 1,900,890,576 / 2,095,587,056 bytes free.
Initial test: 767.066079 ms.

Warming up with 2 threads and 10 loops on /home/marlin/mapbench/bin/../maps/spiralTest-fill.ser
cleanup (explicit Full GC): 2,022,876,904 / 2,095,350,416 bytes free.
Warm up took 15344.112751 ms
spiralTest-fill.ser                          	2	20	766.301	770.580	766.789	1.789	765.421	773.144	1.305	20
cleanup (explicit Full GC): 1,955,531,456 / 2,095,350,048 bytes free.
Initial test: 772.48743 ms.
Testing file /home/marlin/mapbench/bin/../maps/spiralTest-fill.ser for 25 loops ...
cleanup (explicit Full GC): 2,023,143,152 / 2,095,350,416 bytes free.
1 threads and 25 loops per thread, time: 19256.446519 ms
spiralTest-fill.ser                          	1	25	772.080	772.779	770.084	2.651	766.549	773.175	1.295	25


Loading drawing commands from file: /home/marlin/mapbench/bin/../maps/test_z_625k.ser
Loaded DrawingCommands: DrawingCommands{width=1272, height=1261, commands=23345}
drawing[test_z_625k.ser][width = 1272, height = 1261] ...
cleanup (explicit Full GC): 1,999,309,056 / 2,104,161,856 bytes free.
Initial test: 147.486423 ms.

Warming up with 2 threads and 21 loops on /home/marlin/mapbench/bin/../maps/test_z_625k.ser
cleanup (explicit Full GC): 2,088,460,000 / 2,103,115,872 bytes free.
Warm up took 6043.041166 ms
test_z_625k.ser                              	2	42	143.765	144.261	143.830	0.270	143.520	144.900	6.956	42
cleanup (explicit Full GC): 2,053,079,464 / 2,097,531,464 bytes free.
Initial test: 143.84786 ms.
Testing file /home/marlin/mapbench/bin/../maps/test_z_625k.ser for 73 loops ...
cleanup (explicit Full GC): 2,084,621,544 / 2,103,115,672 bytes free.
1 threads and 73 loops per thread, time: 10506.115833 ms
test_z_625k.ser                              	1	73	143.815	144.313	143.897	0.216	143.654	144.682	6.953	73


WARMUP results:
Test                                         	Threads	Ops	Med	Pct95	Avg	StdDev	Min	Max	FPS(med)	TotalOps	[ms/op]
<<< Calib 1
[calibration]                                	1	3000	0.289	0.297	0.291	0.012	0.288	0.864	3458.939	3000
>>> Calib 1
<<< Warmup 1
CircleTests.ser                              	1	80	56.193	70.632	62.090	26.264	55.916	263.324	17.796	80
>>> Warmup 1
<<< Warmup 2
CircleTests.ser                              	1	160	56.304	56.677	56.359	0.165	56.140	57.002	17.761	160
>>> Warmup 2
CircleTests.ser                              	2	110	56.228	56.637	56.282	0.178	56.087	57.100	17.785	110
EllipseTests-fill-false.ser                  	2	28	215.263	215.857	215.349	0.370	214.844	216.715	4.645	28
EllipseTests-fill-true.ser                   	2	20	425.998	426.525	426.044	0.326	425.566	426.550	2.347	20
dc_boulder_2013-13-30-06-13-17.ser           	2	32	87.314	88.555	90.019	14.715	86.996	171.919	11.453	32
dc_boulder_2013-13-30-06-13-20.ser           	2	78	45.592	47.115	45.690	0.644	45.049	48.201	21.934	78
dc_shp_alllayers_2013-00-30-07-00-43.ser     	2	170	36.523	36.797	36.563	0.120	36.473	37.272	27.380	170
dc_shp_alllayers_2013-00-30-07-00-47.ser     	2	20	774.152	783.045	776.135	4.895	771.071	784.279	1.292	20
dc_spearfish_2013-11-30-06-11-15.ser         	2	516	11.883	12.530	11.937	0.261	11.779	14.529	84.156	516
dc_spearfish_2013-11-30-06-11-19.ser         	2	1084	5.841	5.854	5.843	0.015	5.825	6.042	171.204	1084
dc_topp:states_2013-11-30-06-11-06.ser       	2	554	11.334	11.357	11.343	0.071	11.306	12.122	88.230	554
dc_topp:states_2013-11-30-06-11-07.ser       	2	880	7.162	7.179	7.167	0.053	7.139	7.921	139.635	880
spiralTest-dash-false.ser                    	2	20	1130.574	1146.541	1131.538	9.112	1125.732	1166.265	0.885	20
spiralTest-fill.ser                          	2	20	766.301	770.580	766.789	1.789	765.421	773.144	1.305	20
test_z_625k.ser                              	2	42	143.765	144.261	143.830	0.270	143.520	144.900	6.956	42

TEST results:
Test                                         	Threads	Ops	Med	Pct95	Avg	StdDev	Min	Max	FPS(med)	TotalOps	[ms/op]
CircleTests.ser                              	1	185	56.180	56.615	56.242	0.179	56.054	57.265	17.800	185
EllipseTests-fill-false.ser                  	1	48	214.808	215.032	214.850	0.165	214.651	215.694	4.655	48
EllipseTests-fill-true.ser                   	1	25	425.378	425.754	425.386	0.260	424.918	425.982	2.351	25
dc_boulder_2013-13-30-06-13-17.ser           	1	120	87.121	87.752	87.249	0.340	87.007	90.016	11.478	120
dc_boulder_2013-13-30-06-13-20.ser           	1	228	45.543	46.800	45.722	0.550	45.163	48.059	21.957	228
dc_shp_alllayers_2013-00-30-07-00-43.ser     	1	286	36.519	36.793	36.561	0.165	36.478	38.418	27.383	286
dc_shp_alllayers_2013-00-30-07-00-47.ser     	1	25	772.431	772.877	772.405	0.289	771.644	772.910	1.295	25
dc_spearfish_2013-11-30-06-11-15.ser         	1	887	11.854	11.878	11.857	0.018	11.831	12.011	84.358	887
dc_spearfish_2013-11-30-06-11-19.ser         	1	1807	5.815	5.828	5.816	0.013	5.793	5.972	171.975	1807
dc_topp:states_2013-11-30-06-11-06.ser       	1	927	11.338	11.360	11.346	0.072	11.315	12.679	88.203	927
dc_topp:states_2013-11-30-06-11-07.ser       	1	1468	7.166	7.182	7.171	0.049	7.145	7.954	139.550	1468
spiralTest-dash-false.ser                    	1	25	1123.938	1126.106	1124.313	2.139	1122.542	1133.905	0.890	25
spiralTest-fill.ser                          	1	25	772.080	772.779	770.084	2.651	766.549	773.175	1.295	25
test_z_625k.ser                              	1	73	143.815	144.313	143.897	0.216	143.654	144.682	6.953	73

Scores:
Tests	14	14	
Threads	1	1	
Med	265.285	265.285	
Pct95	265.791	265.791	
FPS	41.439	41.439	


